SELECT userid, adminid, user_name, user_rank, discount, email, data, expiry FROM `db_fresh_shop`.`cy_sessions` WHERE sesskey = 'b9c93bacf8268d69fcecf587d42ae3e9'

SELECT data, expiry FROM `db_fresh_shop`.`cy_sessions_data` WHERE sesskey = 'b9c93bacf8268d69fcecf587d42ae3e9'

SELECT code, value FROM `db_fresh_shop`.`cy_shop_config` WHERE parent_id > 0

UPDATE `db_fresh_shop`.`cy_sessions` SET expiry = '1519070673', ip = '127.0.0.1', userid = '0', adminid = '0', user_name='0', user_rank='0', discount='0', email='0', data = 'a:1:{s:10:\"last_check\";i:1519041873;}' WHERE sesskey = 'b9c93bacf8268d69fcecf587d42ae3e9' LIMIT 1

SELECT userid, adminid, user_name, user_rank, discount, email, data, expiry FROM `db_fresh_shop`.`cy_sessions` WHERE sesskey = 'b9c93bacf8268d69fcecf587d42ae3e9'

SELECT data, expiry FROM `db_fresh_shop`.`cy_sessions_data` WHERE sesskey = 'b9c93bacf8268d69fcecf587d42ae3e9'

SELECT code, value FROM `db_fresh_shop`.`cy_shop_config` WHERE parent_id > 0

UPDATE `db_fresh_shop`.`cy_sessions` SET expiry = '1519082789', ip = '127.0.0.1', userid = '0', adminid = '0', user_name='0', user_rank='0', discount='0', email='0', data = 'a:1:{s:10:\"last_check\";i:1519053989;}' WHERE sesskey = 'b9c93bacf8268d69fcecf587d42ae3e9' LIMIT 1

SELECT userid, adminid, user_name, user_rank, discount, email, data, expiry FROM `db_fresh_shop`.`cy_sessions` WHERE sesskey = 'b9c93bacf8268d69fcecf587d42ae3e9'

SELECT code, value FROM `db_fresh_shop`.`cy_shop_config` WHERE parent_id > 0

SELECT COUNT(*) FROM `db_fresh_shop`.`cy_order_info` WHERE add_time >= '1519053989'

SELECT COUNT(*) FROM `db_fresh_shop`.`cy_order_info` WHERE pay_time >= 1519053989

UPDATE `db_fresh_shop`.`cy_sessions` SET expiry = '1519082989', ip = '127.0.0.1', userid = '0', adminid = '0', user_name='0', user_rank='0', discount='0', email='0', data = 'a:1:{s:10:\"last_check\";i:1519054189;}' WHERE sesskey = 'b9c93bacf8268d69fcecf587d42ae3e9' LIMIT 1

DELETE FROM `db_fresh_shop`.`cy_sessions_data` WHERE expiry < 1519081189

SELECT userid, adminid, user_name, user_rank, discount, email, data, expiry FROM `db_fresh_shop`.`cy_sessions` WHERE sesskey = 'b9c93bacf8268d69fcecf587d42ae3e9'

SELECT code, value FROM `db_fresh_shop`.`cy_shop_config` WHERE parent_id > 0

SELECT COUNT(*) FROM `db_fresh_shop`.`cy_order_info` WHERE add_time >= '1519054189'

SELECT COUNT(*) FROM `db_fresh_shop`.`cy_order_info` WHERE pay_time >= 1519054189

UPDATE `db_fresh_shop`.`cy_sessions` SET expiry = '1519083189', ip = '127.0.0.1', userid = '0', adminid = '0', user_name='0', user_rank='0', discount='0', email='0', data = 'a:1:{s:10:\"last_check\";i:1519054389;}' WHERE sesskey = 'b9c93bacf8268d69fcecf587d42ae3e9' LIMIT 1

SELECT userid, adminid, user_name, user_rank, discount, email, data, expiry FROM `db_fresh_shop`.`cy_sessions` WHERE sesskey = 'b9c93bacf8268d69fcecf587d42ae3e9'

SELECT code, value FROM `db_fresh_shop`.`cy_shop_config` WHERE parent_id > 0

SELECT COUNT(*) FROM `db_fresh_shop`.`cy_order_info` WHERE add_time >= '1519054389'

SELECT COUNT(*) FROM `db_fresh_shop`.`cy_order_info` WHERE pay_time >= 1519054389

UPDATE `db_fresh_shop`.`cy_sessions` SET expiry = '1519083389', ip = '127.0.0.1', userid = '0', adminid = '0', user_name='0', user_rank='0', discount='0', email='0', data = 'a:1:{s:10:\"last_check\";i:1519054589;}' WHERE sesskey = 'b9c93bacf8268d69fcecf587d42ae3e9' LIMIT 1

SELECT userid, adminid, user_name, user_rank, discount, email, data, expiry FROM `db_fresh_shop`.`cy_sessions` WHERE sesskey = 'b9c93bacf8268d69fcecf587d42ae3e9'

SELECT code, value FROM `db_fresh_shop`.`cy_shop_config` WHERE parent_id > 0

SELECT COUNT(*) FROM `db_fresh_shop`.`cy_order_info` WHERE add_time >= '1519054589'

SELECT COUNT(*) FROM `db_fresh_shop`.`cy_order_info` WHERE pay_time >= 1519054589

UPDATE `db_fresh_shop`.`cy_sessions` SET expiry = '1519083599', ip = '127.0.0.1', userid = '0', adminid = '0', user_name='0', user_rank='0', discount='0', email='0', data = 'a:1:{s:10:\"last_check\";i:1519054799;}' WHERE sesskey = 'b9c93bacf8268d69fcecf587d42ae3e9' LIMIT 1

SELECT userid, adminid, user_name, user_rank, discount, email, data, expiry FROM `db_fresh_shop`.`cy_sessions` WHERE sesskey = 'b9c93bacf8268d69fcecf587d42ae3e9'

SELECT data, expiry FROM `db_fresh_shop`.`cy_sessions_data` WHERE sesskey = 'b9c93bacf8268d69fcecf587d42ae3e9'

SELECT code, value FROM `db_fresh_shop`.`cy_shop_config` WHERE parent_id > 0

UPDATE `db_fresh_shop`.`cy_sessions` SET expiry = '1519086699', ip = '127.0.0.1', userid = '0', adminid = '0', user_name='0', user_rank='0', discount='0', email='0', data = 'a:1:{s:10:\"last_check\";i:1519057899;}' WHERE sesskey = 'b9c93bacf8268d69fcecf587d42ae3e9' LIMIT 1

SELECT userid, adminid, user_name, user_rank, discount, email, data, expiry FROM `db_fresh_shop`.`cy_sessions` WHERE sesskey = 'b9c93bacf8268d69fcecf587d42ae3e9'

SELECT code, value FROM `db_fresh_shop`.`cy_shop_config` WHERE parent_id > 0

SELECT COUNT(*) FROM `db_fresh_shop`.`cy_order_info` WHERE add_time >= '1519057899'

SELECT COUNT(*) FROM `db_fresh_shop`.`cy_order_info` WHERE pay_time >= 1519057899

UPDATE `db_fresh_shop`.`cy_sessions` SET expiry = '1519086932', ip = '127.0.0.1', userid = '0', adminid = '0', user_name='0', user_rank='0', discount='0', email='0', data = 'a:1:{s:10:\"last_check\";i:1519058132;}' WHERE sesskey = 'b9c93bacf8268d69fcecf587d42ae3e9' LIMIT 1

DELETE FROM `db_fresh_shop`.`cy_sessions_data` WHERE expiry < 1519085132

DELETE FROM `db_fresh_shop`.`cy_sessions` WHERE expiry < 1519085132

SELECT userid, adminid, user_name, user_rank, discount, email, data, expiry FROM `db_fresh_shop`.`cy_sessions` WHERE sesskey = 'b9c93bacf8268d69fcecf587d42ae3e9'

SELECT code, value FROM `db_fresh_shop`.`cy_shop_config` WHERE parent_id > 0

SELECT COUNT(*) FROM `db_fresh_shop`.`cy_order_info` WHERE add_time >= '1519058132'

SELECT COUNT(*) FROM `db_fresh_shop`.`cy_order_info` WHERE pay_time >= 1519058132

UPDATE `db_fresh_shop`.`cy_sessions` SET expiry = '1519087139', ip = '127.0.0.1', userid = '0', adminid = '0', user_name='0', user_rank='0', discount='0', email='0', data = 'a:1:{s:10:\"last_check\";i:1519058339;}' WHERE sesskey = 'b9c93bacf8268d69fcecf587d42ae3e9' LIMIT 1

SELECT userid, adminid, user_name, user_rank, discount, email, data, expiry FROM `db_fresh_shop`.`cy_sessions` WHERE sesskey = 'b9c93bacf8268d69fcecf587d42ae3e9'

SELECT code, value FROM `db_fresh_shop`.`cy_shop_config` WHERE parent_id > 0

SELECT COUNT(*) FROM `db_fresh_shop`.`cy_order_info` WHERE add_time >= '1519058339'

SELECT COUNT(*) FROM `db_fresh_shop`.`cy_order_info` WHERE pay_time >= 1519058339

UPDATE `db_fresh_shop`.`cy_sessions` SET expiry = '1519087379', ip = '127.0.0.1', userid = '0', adminid = '0', user_name='0', user_rank='0', discount='0', email='0', data = 'a:1:{s:10:\"last_check\";i:1519058579;}' WHERE sesskey = 'b9c93bacf8268d69fcecf587d42ae3e9' LIMIT 1

DELETE FROM `db_fresh_shop`.`cy_sessions_data` WHERE expiry < 1519085579

SELECT userid, adminid, user_name, user_rank, discount, email, data, expiry FROM `db_fresh_shop`.`cy_sessions` WHERE sesskey = 'b9c93bacf8268d69fcecf587d42ae3e9'

SELECT code, value FROM `db_fresh_shop`.`cy_shop_config` WHERE parent_id > 0

SELECT COUNT(*) FROM `db_fresh_shop`.`cy_order_info` WHERE add_time >= '1519058579'

SELECT COUNT(*) FROM `db_fresh_shop`.`cy_order_info` WHERE pay_time >= 1519058579

UPDATE `db_fresh_shop`.`cy_sessions` SET expiry = '1519087619', ip = '127.0.0.1', userid = '0', adminid = '0', user_name='0', user_rank='0', discount='0', email='0', data = 'a:1:{s:10:\"last_check\";i:1519058819;}' WHERE sesskey = 'b9c93bacf8268d69fcecf587d42ae3e9' LIMIT 1

SELECT userid, adminid, user_name, user_rank, discount, email, data, expiry FROM `db_fresh_shop`.`cy_sessions` WHERE sesskey = 'b9c93bacf8268d69fcecf587d42ae3e9'

SELECT code, value FROM `db_fresh_shop`.`cy_shop_config` WHERE parent_id > 0

SELECT COUNT(*) FROM `db_fresh_shop`.`cy_order_info` WHERE add_time >= '1519058819'

SELECT COUNT(*) FROM `db_fresh_shop`.`cy_order_info` WHERE pay_time >= 1519058819

UPDATE `db_fresh_shop`.`cy_sessions` SET expiry = '1519087859', ip = '127.0.0.1', userid = '0', adminid = '0', user_name='0', user_rank='0', discount='0', email='0', data = 'a:1:{s:10:\"last_check\";i:1519059059;}' WHERE sesskey = 'b9c93bacf8268d69fcecf587d42ae3e9' LIMIT 1

SELECT userid, adminid, user_name, user_rank, discount, email, data, expiry FROM `db_fresh_shop`.`cy_sessions` WHERE sesskey = 'b9c93bacf8268d69fcecf587d42ae3e9'

SELECT code, value FROM `db_fresh_shop`.`cy_shop_config` WHERE parent_id > 0

SELECT COUNT(*) FROM `db_fresh_shop`.`cy_order_info` WHERE add_time >= '1519059059'

SELECT COUNT(*) FROM `db_fresh_shop`.`cy_order_info` WHERE pay_time >= 1519059059

UPDATE `db_fresh_shop`.`cy_sessions` SET expiry = '1519088099', ip = '127.0.0.1', userid = '0', adminid = '0', user_name='0', user_rank='0', discount='0', email='0', data = 'a:1:{s:10:\"last_check\";i:1519059299;}' WHERE sesskey = 'b9c93bacf8268d69fcecf587d42ae3e9' LIMIT 1

DELETE FROM `db_fresh_shop`.`cy_sessions_data` WHERE expiry < 1519086299

SELECT userid, adminid, user_name, user_rank, discount, email, data, expiry FROM `db_fresh_shop`.`cy_sessions` WHERE sesskey = 'b9c93bacf8268d69fcecf587d42ae3e9'

SELECT code, value FROM `db_fresh_shop`.`cy_shop_config` WHERE parent_id > 0

SELECT COUNT(*) FROM `db_fresh_shop`.`cy_order_info` WHERE add_time >= '1519059299'

SELECT COUNT(*) FROM `db_fresh_shop`.`cy_order_info` WHERE pay_time >= 1519059299

UPDATE `db_fresh_shop`.`cy_sessions` SET expiry = '1519088339', ip = '127.0.0.1', userid = '0', adminid = '0', user_name='0', user_rank='0', discount='0', email='0', data = 'a:1:{s:10:\"last_check\";i:1519059539;}' WHERE sesskey = 'b9c93bacf8268d69fcecf587d42ae3e9' LIMIT 1

SELECT userid, adminid, user_name, user_rank, discount, email, data, expiry FROM `db_fresh_shop`.`cy_sessions` WHERE sesskey = 'b9c93bacf8268d69fcecf587d42ae3e9'

SELECT code, value FROM `db_fresh_shop`.`cy_shop_config` WHERE parent_id > 0

SELECT COUNT(*) FROM `db_fresh_shop`.`cy_order_info` WHERE add_time >= '1519059539'

SELECT COUNT(*) FROM `db_fresh_shop`.`cy_order_info` WHERE pay_time >= 1519059539

UPDATE `db_fresh_shop`.`cy_sessions` SET expiry = '1519088953', ip = '127.0.0.1', userid = '0', adminid = '0', user_name='0', user_rank='0', discount='0', email='0', data = 'a:1:{s:10:\"last_check\";i:1519060153;}' WHERE sesskey = 'b9c93bacf8268d69fcecf587d42ae3e9' LIMIT 1

SELECT userid, adminid, user_name, user_rank, discount, email, data, expiry FROM `db_fresh_shop`.`cy_sessions` WHERE sesskey = 'b9c93bacf8268d69fcecf587d42ae3e9'

SELECT code, value FROM `db_fresh_shop`.`cy_shop_config` WHERE parent_id > 0

SELECT COUNT(*) FROM `db_fresh_shop`.`cy_order_info` WHERE add_time >= '1519060153'

SELECT COUNT(*) FROM `db_fresh_shop`.`cy_order_info` WHERE pay_time >= 1519060153

UPDATE `db_fresh_shop`.`cy_sessions` SET expiry = '1519089163', ip = '127.0.0.1', userid = '0', adminid = '0', user_name='0', user_rank='0', discount='0', email='0', data = 'a:1:{s:10:\"last_check\";i:1519060363;}' WHERE sesskey = 'b9c93bacf8268d69fcecf587d42ae3e9' LIMIT 1

DELETE FROM `db_fresh_shop`.`cy_sessions_data` WHERE expiry < 1519087363

SELECT userid, adminid, user_name, user_rank, discount, email, data, expiry FROM `db_fresh_shop`.`cy_sessions` WHERE sesskey = 'b9c93bacf8268d69fcecf587d42ae3e9'

SELECT code, value FROM `db_fresh_shop`.`cy_shop_config` WHERE parent_id > 0

SELECT COUNT(*) FROM `db_fresh_shop`.`cy_order_info` WHERE add_time >= '1519060363'

SELECT COUNT(*) FROM `db_fresh_shop`.`cy_order_info` WHERE pay_time >= 1519060363

UPDATE `db_fresh_shop`.`cy_sessions` SET expiry = '1519089360', ip = '127.0.0.1', userid = '0', adminid = '0', user_name='0', user_rank='0', discount='0', email='0', data = 'a:1:{s:10:\"last_check\";i:1519060560;}' WHERE sesskey = 'b9c93bacf8268d69fcecf587d42ae3e9' LIMIT 1

DELETE FROM `db_fresh_shop`.`cy_sessions_data` WHERE expiry < 1519087560

DELETE FROM `db_fresh_shop`.`cy_sessions` WHERE expiry < 1519087560

SELECT userid, adminid, user_name, user_rank, discount, email, data, expiry FROM `db_fresh_shop`.`cy_sessions` WHERE sesskey = 'b9c93bacf8268d69fcecf587d42ae3e9'

SELECT code, value FROM `db_fresh_shop`.`cy_shop_config` WHERE parent_id > 0

SELECT COUNT(*) FROM `db_fresh_shop`.`cy_order_info` WHERE add_time >= '1519060560'

SELECT COUNT(*) FROM `db_fresh_shop`.`cy_order_info` WHERE pay_time >= 1519060560

UPDATE `db_fresh_shop`.`cy_sessions` SET expiry = '1519089554', ip = '127.0.0.1', userid = '0', adminid = '0', user_name='0', user_rank='0', discount='0', email='0', data = 'a:1:{s:10:\"last_check\";i:1519060754;}' WHERE sesskey = 'b9c93bacf8268d69fcecf587d42ae3e9' LIMIT 1

DELETE FROM `db_fresh_shop`.`cy_sessions` WHERE expiry < 1519087754

SELECT userid, adminid, user_name, user_rank, discount, email, data, expiry FROM `db_fresh_shop`.`cy_sessions` WHERE sesskey = 'b9c93bacf8268d69fcecf587d42ae3e9'

SELECT code, value FROM `db_fresh_shop`.`cy_shop_config` WHERE parent_id > 0

SELECT COUNT(*) FROM `db_fresh_shop`.`cy_order_info` WHERE add_time >= '1519060754'

SELECT COUNT(*) FROM `db_fresh_shop`.`cy_order_info` WHERE pay_time >= 1519060754

UPDATE `db_fresh_shop`.`cy_sessions` SET expiry = '1519089753', ip = '127.0.0.1', userid = '0', adminid = '0', user_name='0', user_rank='0', discount='0', email='0', data = 'a:1:{s:10:\"last_check\";i:1519060953;}' WHERE sesskey = 'b9c93bacf8268d69fcecf587d42ae3e9' LIMIT 1

SELECT userid, adminid, user_name, user_rank, discount, email, data, expiry FROM `db_fresh_shop`.`cy_sessions` WHERE sesskey = 'b9c93bacf8268d69fcecf587d42ae3e9'

SELECT code, value FROM `db_fresh_shop`.`cy_shop_config` WHERE parent_id > 0

SELECT COUNT(*) FROM `db_fresh_shop`.`cy_order_info` WHERE add_time >= '1519060953'

SELECT COUNT(*) FROM `db_fresh_shop`.`cy_order_info` WHERE pay_time >= 1519060953

UPDATE `db_fresh_shop`.`cy_sessions` SET expiry = '1519089960', ip = '127.0.0.1', userid = '0', adminid = '0', user_name='0', user_rank='0', discount='0', email='0', data = 'a:1:{s:10:\"last_check\";i:1519061160;}' WHERE sesskey = 'b9c93bacf8268d69fcecf587d42ae3e9' LIMIT 1

DELETE FROM `db_fresh_shop`.`cy_sessions_data` WHERE expiry < 1519088160

DELETE FROM `db_fresh_shop`.`cy_sessions` WHERE expiry < 1519088160

SELECT userid, adminid, user_name, user_rank, discount, email, data, expiry FROM `db_fresh_shop`.`cy_sessions` WHERE sesskey = 'b9c93bacf8268d69fcecf587d42ae3e9'

SELECT code, value FROM `db_fresh_shop`.`cy_shop_config` WHERE parent_id > 0

SELECT COUNT(*) FROM `db_fresh_shop`.`cy_order_info` WHERE add_time >= '1519061160'

SELECT COUNT(*) FROM `db_fresh_shop`.`cy_order_info` WHERE pay_time >= 1519061160

UPDATE `db_fresh_shop`.`cy_sessions` SET expiry = '1519090163', ip = '127.0.0.1', userid = '0', adminid = '0', user_name='0', user_rank='0', discount='0', email='0', data = 'a:1:{s:10:\"last_check\";i:1519061363;}' WHERE sesskey = 'b9c93bacf8268d69fcecf587d42ae3e9' LIMIT 1

SELECT userid, adminid, user_name, user_rank, discount, email, data, expiry FROM `db_fresh_shop`.`cy_sessions` WHERE sesskey = 'b9c93bacf8268d69fcecf587d42ae3e9'

SELECT code, value FROM `db_fresh_shop`.`cy_shop_config` WHERE parent_id > 0

SELECT COUNT(*) FROM `db_fresh_shop`.`cy_order_info` WHERE add_time >= '1519061363'

SELECT COUNT(*) FROM `db_fresh_shop`.`cy_order_info` WHERE pay_time >= 1519061363

UPDATE `db_fresh_shop`.`cy_sessions` SET expiry = '1519090356', ip = '127.0.0.1', userid = '0', adminid = '0', user_name='0', user_rank='0', discount='0', email='0', data = 'a:1:{s:10:\"last_check\";i:1519061556;}' WHERE sesskey = 'b9c93bacf8268d69fcecf587d42ae3e9' LIMIT 1

DELETE FROM `db_fresh_shop`.`cy_sessions_data` WHERE expiry < 1519088556

DELETE FROM `db_fresh_shop`.`cy_sessions` WHERE expiry < 1519088556

SELECT userid, adminid, user_name, user_rank, discount, email, data, expiry FROM `db_fresh_shop`.`cy_sessions` WHERE sesskey = 'b9c93bacf8268d69fcecf587d42ae3e9'

SELECT code, value FROM `db_fresh_shop`.`cy_shop_config` WHERE parent_id > 0

SELECT COUNT(*) FROM `db_fresh_shop`.`cy_order_info` WHERE add_time >= '1519061556'

SELECT COUNT(*) FROM `db_fresh_shop`.`cy_order_info` WHERE pay_time >= 1519061556

UPDATE `db_fresh_shop`.`cy_sessions` SET expiry = '1519090560', ip = '127.0.0.1', userid = '0', adminid = '0', user_name='0', user_rank='0', discount='0', email='0', data = 'a:1:{s:10:\"last_check\";i:1519061760;}' WHERE sesskey = 'b9c93bacf8268d69fcecf587d42ae3e9' LIMIT 1

DELETE FROM `db_fresh_shop`.`cy_sessions_data` WHERE expiry < 1519088760

DELETE FROM `db_fresh_shop`.`cy_sessions` WHERE expiry < 1519088760

SELECT userid, adminid, user_name, user_rank, discount, email, data, expiry FROM `db_fresh_shop`.`cy_sessions` WHERE sesskey = 'b9c93bacf8268d69fcecf587d42ae3e9'

SELECT code, value FROM `db_fresh_shop`.`cy_shop_config` WHERE parent_id > 0

SELECT COUNT(*) FROM `db_fresh_shop`.`cy_order_info` WHERE add_time >= '1519061760'

SELECT COUNT(*) FROM `db_fresh_shop`.`cy_order_info` WHERE pay_time >= 1519061760

UPDATE `db_fresh_shop`.`cy_sessions` SET expiry = '1519090762', ip = '127.0.0.1', userid = '0', adminid = '0', user_name='0', user_rank='0', discount='0', email='0', data = 'a:1:{s:10:\"last_check\";i:1519061962;}' WHERE sesskey = 'b9c93bacf8268d69fcecf587d42ae3e9' LIMIT 1

DELETE FROM `db_fresh_shop`.`cy_sessions` WHERE expiry < 1519088962

SELECT userid, adminid, user_name, user_rank, discount, email, data, expiry FROM `db_fresh_shop`.`cy_sessions` WHERE sesskey = 'b9c93bacf8268d69fcecf587d42ae3e9'

SELECT code, value FROM `db_fresh_shop`.`cy_shop_config` WHERE parent_id > 0

SELECT COUNT(*) FROM `db_fresh_shop`.`cy_order_info` WHERE add_time >= '1519061962'

SELECT COUNT(*) FROM `db_fresh_shop`.`cy_order_info` WHERE pay_time >= 1519061962

UPDATE `db_fresh_shop`.`cy_sessions` SET expiry = '1519090963', ip = '127.0.0.1', userid = '0', adminid = '0', user_name='0', user_rank='0', discount='0', email='0', data = 'a:1:{s:10:\"last_check\";i:1519062163;}' WHERE sesskey = 'b9c93bacf8268d69fcecf587d42ae3e9' LIMIT 1

SELECT userid, adminid, user_name, user_rank, discount, email, data, expiry FROM `db_fresh_shop`.`cy_sessions` WHERE sesskey = 'b9c93bacf8268d69fcecf587d42ae3e9'

SELECT code, value FROM `db_fresh_shop`.`cy_shop_config` WHERE parent_id > 0

SELECT COUNT(*) FROM `db_fresh_shop`.`cy_order_info` WHERE add_time >= '1519062163'

SELECT COUNT(*) FROM `db_fresh_shop`.`cy_order_info` WHERE pay_time >= 1519062163

UPDATE `db_fresh_shop`.`cy_sessions` SET expiry = '1519091160', ip = '127.0.0.1', userid = '0', adminid = '0', user_name='0', user_rank='0', discount='0', email='0', data = 'a:1:{s:10:\"last_check\";i:1519062360;}' WHERE sesskey = 'b9c93bacf8268d69fcecf587d42ae3e9' LIMIT 1

DELETE FROM `db_fresh_shop`.`cy_sessions` WHERE expiry < 1519089360

SELECT userid, adminid, user_name, user_rank, discount, email, data, expiry FROM `db_fresh_shop`.`cy_sessions` WHERE sesskey = 'b9c93bacf8268d69fcecf587d42ae3e9'

SELECT code, value FROM `db_fresh_shop`.`cy_shop_config` WHERE parent_id > 0

SELECT COUNT(*) FROM `db_fresh_shop`.`cy_order_info` WHERE add_time >= '1519062360'

SELECT COUNT(*) FROM `db_fresh_shop`.`cy_order_info` WHERE pay_time >= 1519062360

UPDATE `db_fresh_shop`.`cy_sessions` SET expiry = '1519091361', ip = '127.0.0.1', userid = '0', adminid = '0', user_name='0', user_rank='0', discount='0', email='0', data = 'a:1:{s:10:\"last_check\";i:1519062561;}' WHERE sesskey = 'b9c93bacf8268d69fcecf587d42ae3e9' LIMIT 1

SELECT userid, adminid, user_name, user_rank, discount, email, data, expiry FROM `db_fresh_shop`.`cy_sessions` WHERE sesskey = 'b9c93bacf8268d69fcecf587d42ae3e9'

SELECT code, value FROM `db_fresh_shop`.`cy_shop_config` WHERE parent_id > 0

SELECT COUNT(*) FROM `db_fresh_shop`.`cy_order_info` WHERE add_time >= '1519062561'

SELECT COUNT(*) FROM `db_fresh_shop`.`cy_order_info` WHERE pay_time >= 1519062561

UPDATE `db_fresh_shop`.`cy_sessions` SET expiry = '1519091557', ip = '127.0.0.1', userid = '0', adminid = '0', user_name='0', user_rank='0', discount='0', email='0', data = 'a:1:{s:10:\"last_check\";i:1519062757;}' WHERE sesskey = 'b9c93bacf8268d69fcecf587d42ae3e9' LIMIT 1

DELETE FROM `db_fresh_shop`.`cy_sessions_data` WHERE expiry < 1519089757

SELECT userid, adminid, user_name, user_rank, discount, email, data, expiry FROM `db_fresh_shop`.`cy_sessions` WHERE sesskey = 'b9c93bacf8268d69fcecf587d42ae3e9'

SELECT code, value FROM `db_fresh_shop`.`cy_shop_config` WHERE parent_id > 0

SELECT COUNT(*) FROM `db_fresh_shop`.`cy_order_info` WHERE add_time >= '1519062757'

SELECT COUNT(*) FROM `db_fresh_shop`.`cy_order_info` WHERE pay_time >= 1519062757

UPDATE `db_fresh_shop`.`cy_sessions` SET expiry = '1519091760', ip = '127.0.0.1', userid = '0', adminid = '0', user_name='0', user_rank='0', discount='0', email='0', data = 'a:1:{s:10:\"last_check\";i:1519062960;}' WHERE sesskey = 'b9c93bacf8268d69fcecf587d42ae3e9' LIMIT 1

DELETE FROM `db_fresh_shop`.`cy_sessions_data` WHERE expiry < 1519089960

DELETE FROM `db_fresh_shop`.`cy_sessions` WHERE expiry < 1519089960

SELECT userid, adminid, user_name, user_rank, discount, email, data, expiry FROM `db_fresh_shop`.`cy_sessions` WHERE sesskey = 'b9c93bacf8268d69fcecf587d42ae3e9'

SELECT code, value FROM `db_fresh_shop`.`cy_shop_config` WHERE parent_id > 0

SELECT COUNT(*) FROM `db_fresh_shop`.`cy_order_info` WHERE add_time >= '1519062960'

SELECT COUNT(*) FROM `db_fresh_shop`.`cy_order_info` WHERE pay_time >= 1519062960

UPDATE `db_fresh_shop`.`cy_sessions` SET expiry = '1519091963', ip = '127.0.0.1', userid = '0', adminid = '0', user_name='0', user_rank='0', discount='0', email='0', data = 'a:1:{s:10:\"last_check\";i:1519063163;}' WHERE sesskey = 'b9c93bacf8268d69fcecf587d42ae3e9' LIMIT 1

DELETE FROM `db_fresh_shop`.`cy_sessions_data` WHERE expiry < 1519090163

SELECT userid, adminid, user_name, user_rank, discount, email, data, expiry FROM `db_fresh_shop`.`cy_sessions` WHERE sesskey = 'b9c93bacf8268d69fcecf587d42ae3e9'

SELECT code, value FROM `db_fresh_shop`.`cy_shop_config` WHERE parent_id > 0

SELECT COUNT(*) FROM `db_fresh_shop`.`cy_order_info` WHERE add_time >= '1519063163'

SELECT COUNT(*) FROM `db_fresh_shop`.`cy_order_info` WHERE pay_time >= 1519063163

UPDATE `db_fresh_shop`.`cy_sessions` SET expiry = '1519092173', ip = '127.0.0.1', userid = '0', adminid = '0', user_name='0', user_rank='0', discount='0', email='0', data = 'a:1:{s:10:\"last_check\";i:1519063373;}' WHERE sesskey = 'b9c93bacf8268d69fcecf587d42ae3e9' LIMIT 1

DELETE FROM `db_fresh_shop`.`cy_sessions_data` WHERE expiry < 1519090373

SELECT userid, adminid, user_name, user_rank, discount, email, data, expiry FROM `db_fresh_shop`.`cy_sessions` WHERE sesskey = 'b9c93bacf8268d69fcecf587d42ae3e9'

SELECT code, value FROM `db_fresh_shop`.`cy_shop_config` WHERE parent_id > 0

SELECT COUNT(*) FROM `db_fresh_shop`.`cy_order_info` WHERE add_time >= '1519063373'

SELECT COUNT(*) FROM `db_fresh_shop`.`cy_order_info` WHERE pay_time >= 1519063373

UPDATE `db_fresh_shop`.`cy_sessions` SET expiry = '1519092403', ip = '127.0.0.1', userid = '0', adminid = '0', user_name='0', user_rank='0', discount='0', email='0', data = 'a:1:{s:10:\"last_check\";i:1519063603;}' WHERE sesskey = 'b9c93bacf8268d69fcecf587d42ae3e9' LIMIT 1

SELECT userid, adminid, user_name, user_rank, discount, email, data, expiry FROM `db_fresh_shop`.`cy_sessions` WHERE sesskey = 'b9c93bacf8268d69fcecf587d42ae3e9'

SELECT code, value FROM `db_fresh_shop`.`cy_shop_config` WHERE parent_id > 0

SELECT COUNT(*) FROM `db_fresh_shop`.`cy_order_info` WHERE add_time >= '1519063603'

SELECT COUNT(*) FROM `db_fresh_shop`.`cy_order_info` WHERE pay_time >= 1519063603

UPDATE `db_fresh_shop`.`cy_sessions` SET expiry = '1519092595', ip = '127.0.0.1', userid = '0', adminid = '0', user_name='0', user_rank='0', discount='0', email='0', data = 'a:1:{s:10:\"last_check\";i:1519063795;}' WHERE sesskey = 'b9c93bacf8268d69fcecf587d42ae3e9' LIMIT 1

SELECT userid, adminid, user_name, user_rank, discount, email, data, expiry FROM `db_fresh_shop`.`cy_sessions` WHERE sesskey = 'b9c93bacf8268d69fcecf587d42ae3e9'

SELECT code, value FROM `db_fresh_shop`.`cy_shop_config` WHERE parent_id > 0

SELECT COUNT(*) FROM `db_fresh_shop`.`cy_order_info` WHERE add_time >= '1519063795'

SELECT COUNT(*) FROM `db_fresh_shop`.`cy_order_info` WHERE pay_time >= 1519063795

UPDATE `db_fresh_shop`.`cy_sessions` SET expiry = '1519092801', ip = '127.0.0.1', userid = '0', adminid = '0', user_name='0', user_rank='0', discount='0', email='0', data = 'a:1:{s:10:\"last_check\";i:1519064001;}' WHERE sesskey = 'b9c93bacf8268d69fcecf587d42ae3e9' LIMIT 1

SELECT userid, adminid, user_name, user_rank, discount, email, data, expiry FROM `db_fresh_shop`.`cy_sessions` WHERE sesskey = 'b9c93bacf8268d69fcecf587d42ae3e9'

SELECT code, value FROM `db_fresh_shop`.`cy_shop_config` WHERE parent_id > 0

SELECT COUNT(*) FROM `db_fresh_shop`.`cy_order_info` WHERE add_time >= '1519064001'

SELECT COUNT(*) FROM `db_fresh_shop`.`cy_order_info` WHERE pay_time >= 1519064001

UPDATE `db_fresh_shop`.`cy_sessions` SET expiry = '1519093002', ip = '127.0.0.1', userid = '0', adminid = '0', user_name='0', user_rank='0', discount='0', email='0', data = 'a:1:{s:10:\"last_check\";i:1519064202;}' WHERE sesskey = 'b9c93bacf8268d69fcecf587d42ae3e9' LIMIT 1

DELETE FROM `db_fresh_shop`.`cy_sessions` WHERE expiry < 1519091202

SELECT userid, adminid, user_name, user_rank, discount, email, data, expiry FROM `db_fresh_shop`.`cy_sessions` WHERE sesskey = 'b9c93bacf8268d69fcecf587d42ae3e9'

SELECT code, value FROM `db_fresh_shop`.`cy_shop_config` WHERE parent_id > 0

SELECT COUNT(*) FROM `db_fresh_shop`.`cy_order_info` WHERE add_time >= '1519064202'

SELECT COUNT(*) FROM `db_fresh_shop`.`cy_order_info` WHERE pay_time >= 1519064202

UPDATE `db_fresh_shop`.`cy_sessions` SET expiry = '1519093200', ip = '127.0.0.1', userid = '0', adminid = '0', user_name='0', user_rank='0', discount='0', email='0', data = 'a:1:{s:10:\"last_check\";i:1519064400;}' WHERE sesskey = 'b9c93bacf8268d69fcecf587d42ae3e9' LIMIT 1

DELETE FROM `db_fresh_shop`.`cy_sessions` WHERE expiry < 1519091400

SELECT userid, adminid, user_name, user_rank, discount, email, data, expiry FROM `db_fresh_shop`.`cy_sessions` WHERE sesskey = 'b9c93bacf8268d69fcecf587d42ae3e9'

SELECT code, value FROM `db_fresh_shop`.`cy_shop_config` WHERE parent_id > 0

SELECT COUNT(*) FROM `db_fresh_shop`.`cy_order_info` WHERE add_time >= '1519064400'

SELECT COUNT(*) FROM `db_fresh_shop`.`cy_order_info` WHERE pay_time >= 1519064400

UPDATE `db_fresh_shop`.`cy_sessions` SET expiry = '1519093413', ip = '127.0.0.1', userid = '0', adminid = '0', user_name='0', user_rank='0', discount='0', email='0', data = 'a:1:{s:10:\"last_check\";i:1519064613;}' WHERE sesskey = 'b9c93bacf8268d69fcecf587d42ae3e9' LIMIT 1

DELETE FROM `db_fresh_shop`.`cy_sessions_data` WHERE expiry < 1519091613

SELECT userid, adminid, user_name, user_rank, discount, email, data, expiry FROM `db_fresh_shop`.`cy_sessions` WHERE sesskey = 'b9c93bacf8268d69fcecf587d42ae3e9'

SELECT code, value FROM `db_fresh_shop`.`cy_shop_config` WHERE parent_id > 0

SELECT COUNT(*) FROM `db_fresh_shop`.`cy_order_info` WHERE add_time >= '1519064613'

SELECT COUNT(*) FROM `db_fresh_shop`.`cy_order_info` WHERE pay_time >= 1519064613

UPDATE `db_fresh_shop`.`cy_sessions` SET expiry = '1519093633', ip = '127.0.0.1', userid = '0', adminid = '0', user_name='0', user_rank='0', discount='0', email='0', data = 'a:1:{s:10:\"last_check\";i:1519064833;}' WHERE sesskey = 'b9c93bacf8268d69fcecf587d42ae3e9' LIMIT 1

DELETE FROM `db_fresh_shop`.`cy_sessions_data` WHERE expiry < 1519091833

SELECT userid, adminid, user_name, user_rank, discount, email, data, expiry FROM `db_fresh_shop`.`cy_sessions` WHERE sesskey = 'b9c93bacf8268d69fcecf587d42ae3e9'

SELECT code, value FROM `db_fresh_shop`.`cy_shop_config` WHERE parent_id > 0

SELECT COUNT(*) FROM `db_fresh_shop`.`cy_order_info` WHERE add_time >= '1519064833'

SELECT COUNT(*) FROM `db_fresh_shop`.`cy_order_info` WHERE pay_time >= 1519064833

UPDATE `db_fresh_shop`.`cy_sessions` SET expiry = '1519093843', ip = '127.0.0.1', userid = '0', adminid = '0', user_name='0', user_rank='0', discount='0', email='0', data = 'a:1:{s:10:\"last_check\";i:1519065043;}' WHERE sesskey = 'b9c93bacf8268d69fcecf587d42ae3e9' LIMIT 1

SELECT userid, adminid, user_name, user_rank, discount, email, data, expiry FROM `db_fresh_shop`.`cy_sessions` WHERE sesskey = 'b9c93bacf8268d69fcecf587d42ae3e9'

SELECT code, value FROM `db_fresh_shop`.`cy_shop_config` WHERE parent_id > 0

SELECT COUNT(*) FROM `db_fresh_shop`.`cy_order_info` WHERE add_time >= '1519065043'

SELECT COUNT(*) FROM `db_fresh_shop`.`cy_order_info` WHERE pay_time >= 1519065043

UPDATE `db_fresh_shop`.`cy_sessions` SET expiry = '1519094040', ip = '127.0.0.1', userid = '0', adminid = '0', user_name='0', user_rank='0', discount='0', email='0', data = 'a:1:{s:10:\"last_check\";i:1519065240;}' WHERE sesskey = 'b9c93bacf8268d69fcecf587d42ae3e9' LIMIT 1

DELETE FROM `db_fresh_shop`.`cy_sessions` WHERE expiry < 1519092240

SELECT userid, adminid, user_name, user_rank, discount, email, data, expiry FROM `db_fresh_shop`.`cy_sessions` WHERE sesskey = 'b9c93bacf8268d69fcecf587d42ae3e9'

SELECT code, value FROM `db_fresh_shop`.`cy_shop_config` WHERE parent_id > 0

SELECT COUNT(*) FROM `db_fresh_shop`.`cy_order_info` WHERE add_time >= '1519065240'

SELECT COUNT(*) FROM `db_fresh_shop`.`cy_order_info` WHERE pay_time >= 1519065240

UPDATE `db_fresh_shop`.`cy_sessions` SET expiry = '1519094238', ip = '127.0.0.1', userid = '0', adminid = '0', user_name='0', user_rank='0', discount='0', email='0', data = 'a:1:{s:10:\"last_check\";i:1519065438;}' WHERE sesskey = 'b9c93bacf8268d69fcecf587d42ae3e9' LIMIT 1

DELETE FROM `db_fresh_shop`.`cy_sessions_data` WHERE expiry < 1519092438

DELETE FROM `db_fresh_shop`.`cy_sessions` WHERE expiry < 1519092438

SELECT userid, adminid, user_name, user_rank, discount, email, data, expiry FROM `db_fresh_shop`.`cy_sessions` WHERE sesskey = 'b9c93bacf8268d69fcecf587d42ae3e9'

SELECT code, value FROM `db_fresh_shop`.`cy_shop_config` WHERE parent_id > 0

SELECT COUNT(*) FROM `db_fresh_shop`.`cy_order_info` WHERE add_time >= '1519065438'

SELECT COUNT(*) FROM `db_fresh_shop`.`cy_order_info` WHERE pay_time >= 1519065438

UPDATE `db_fresh_shop`.`cy_sessions` SET expiry = '1519094478', ip = '127.0.0.1', userid = '0', adminid = '0', user_name='0', user_rank='0', discount='0', email='0', data = 'a:1:{s:10:\"last_check\";i:1519065678;}' WHERE sesskey = 'b9c93bacf8268d69fcecf587d42ae3e9' LIMIT 1

DELETE FROM `db_fresh_shop`.`cy_sessions` WHERE expiry < 1519092678

SELECT userid, adminid, user_name, user_rank, discount, email, data, expiry FROM `db_fresh_shop`.`cy_sessions` WHERE sesskey = 'b9c93bacf8268d69fcecf587d42ae3e9'

SELECT code, value FROM `db_fresh_shop`.`cy_shop_config` WHERE parent_id > 0

SELECT COUNT(*) FROM `db_fresh_shop`.`cy_order_info` WHERE add_time >= '1519065678'

SELECT COUNT(*) FROM `db_fresh_shop`.`cy_order_info` WHERE pay_time >= 1519065678

UPDATE `db_fresh_shop`.`cy_sessions` SET expiry = '1519094658', ip = '127.0.0.1', userid = '0', adminid = '0', user_name='0', user_rank='0', discount='0', email='0', data = 'a:1:{s:10:\"last_check\";i:1519065858;}' WHERE sesskey = 'b9c93bacf8268d69fcecf587d42ae3e9' LIMIT 1

DELETE FROM `db_fresh_shop`.`cy_sessions_data` WHERE expiry < 1519092858

DELETE FROM `db_fresh_shop`.`cy_sessions` WHERE expiry < 1519092858

SELECT userid, adminid, user_name, user_rank, discount, email, data, expiry FROM `db_fresh_shop`.`cy_sessions` WHERE sesskey = 'b9c93bacf8268d69fcecf587d42ae3e9'

SELECT code, value FROM `db_fresh_shop`.`cy_shop_config` WHERE parent_id > 0

SELECT COUNT(*) FROM `db_fresh_shop`.`cy_order_info` WHERE add_time >= '1519065858'

SELECT COUNT(*) FROM `db_fresh_shop`.`cy_order_info` WHERE pay_time >= 1519065858

UPDATE `db_fresh_shop`.`cy_sessions` SET expiry = '1519094880', ip = '127.0.0.1', userid = '0', adminid = '0', user_name='0', user_rank='0', discount='0', email='0', data = 'a:1:{s:10:\"last_check\";i:1519066080;}' WHERE sesskey = 'b9c93bacf8268d69fcecf587d42ae3e9' LIMIT 1

DELETE FROM `db_fresh_shop`.`cy_sessions_data` WHERE expiry < 1519093080

DELETE FROM `db_fresh_shop`.`cy_sessions` WHERE expiry < 1519093080

SELECT userid, adminid, user_name, user_rank, discount, email, data, expiry FROM `db_fresh_shop`.`cy_sessions` WHERE sesskey = 'b9c93bacf8268d69fcecf587d42ae3e9'

SELECT code, value FROM `db_fresh_shop`.`cy_shop_config` WHERE parent_id > 0

SELECT COUNT(*) FROM `db_fresh_shop`.`cy_order_info` WHERE add_time >= '1519066080'

SELECT COUNT(*) FROM `db_fresh_shop`.`cy_order_info` WHERE pay_time >= 1519066080

UPDATE `db_fresh_shop`.`cy_sessions` SET expiry = '1519095073', ip = '127.0.0.1', userid = '0', adminid = '0', user_name='0', user_rank='0', discount='0', email='0', data = 'a:1:{s:10:\"last_check\";i:1519066273;}' WHERE sesskey = 'b9c93bacf8268d69fcecf587d42ae3e9' LIMIT 1

SELECT userid, adminid, user_name, user_rank, discount, email, data, expiry FROM `db_fresh_shop`.`cy_sessions` WHERE sesskey = 'b9c93bacf8268d69fcecf587d42ae3e9'

SELECT code, value FROM `db_fresh_shop`.`cy_shop_config` WHERE parent_id > 0

SELECT COUNT(*) FROM `db_fresh_shop`.`cy_order_info` WHERE add_time >= '1519066273'

SELECT COUNT(*) FROM `db_fresh_shop`.`cy_order_info` WHERE pay_time >= 1519066273

UPDATE `db_fresh_shop`.`cy_sessions` SET expiry = '1519095273', ip = '127.0.0.1', userid = '0', adminid = '0', user_name='0', user_rank='0', discount='0', email='0', data = 'a:1:{s:10:\"last_check\";i:1519066473;}' WHERE sesskey = 'b9c93bacf8268d69fcecf587d42ae3e9' LIMIT 1

DELETE FROM `db_fresh_shop`.`cy_sessions_data` WHERE expiry < 1519093473

SELECT userid, adminid, user_name, user_rank, discount, email, data, expiry FROM `db_fresh_shop`.`cy_sessions` WHERE sesskey = 'b9c93bacf8268d69fcecf587d42ae3e9'

SELECT code, value FROM `db_fresh_shop`.`cy_shop_config` WHERE parent_id > 0

SELECT COUNT(*) FROM `db_fresh_shop`.`cy_order_info` WHERE add_time >= '1519066473'

SELECT COUNT(*) FROM `db_fresh_shop`.`cy_order_info` WHERE pay_time >= 1519066473

UPDATE `db_fresh_shop`.`cy_sessions` SET expiry = '1519095474', ip = '127.0.0.1', userid = '0', adminid = '0', user_name='0', user_rank='0', discount='0', email='0', data = 'a:1:{s:10:\"last_check\";i:1519066674;}' WHERE sesskey = 'b9c93bacf8268d69fcecf587d42ae3e9' LIMIT 1

DELETE FROM `db_fresh_shop`.`cy_sessions_data` WHERE expiry < 1519093674

DELETE FROM `db_fresh_shop`.`cy_sessions` WHERE expiry < 1519093674

SELECT userid, adminid, user_name, user_rank, discount, email, data, expiry FROM `db_fresh_shop`.`cy_sessions` WHERE sesskey = 'b9c93bacf8268d69fcecf587d42ae3e9'

SELECT code, value FROM `db_fresh_shop`.`cy_shop_config` WHERE parent_id > 0

SELECT COUNT(*) FROM `db_fresh_shop`.`cy_order_info` WHERE add_time >= '1519066674'

SELECT COUNT(*) FROM `db_fresh_shop`.`cy_order_info` WHERE pay_time >= 1519066674

UPDATE `db_fresh_shop`.`cy_sessions` SET expiry = '1519095682', ip = '127.0.0.1', userid = '0', adminid = '0', user_name='0', user_rank='0', discount='0', email='0', data = 'a:1:{s:10:\"last_check\";i:1519066882;}' WHERE sesskey = 'b9c93bacf8268d69fcecf587d42ae3e9' LIMIT 1

DELETE FROM `db_fresh_shop`.`cy_sessions` WHERE expiry < 1519093882

SELECT userid, adminid, user_name, user_rank, discount, email, data, expiry FROM `db_fresh_shop`.`cy_sessions` WHERE sesskey = 'b9c93bacf8268d69fcecf587d42ae3e9'

SELECT code, value FROM `db_fresh_shop`.`cy_shop_config` WHERE parent_id > 0

SELECT COUNT(*) FROM `db_fresh_shop`.`cy_order_info` WHERE add_time >= '1519066882'

SELECT COUNT(*) FROM `db_fresh_shop`.`cy_order_info` WHERE pay_time >= 1519066882

UPDATE `db_fresh_shop`.`cy_sessions` SET expiry = '1519095877', ip = '127.0.0.1', userid = '0', adminid = '0', user_name='0', user_rank='0', discount='0', email='0', data = 'a:1:{s:10:\"last_check\";i:1519067077;}' WHERE sesskey = 'b9c93bacf8268d69fcecf587d42ae3e9' LIMIT 1

SELECT userid, adminid, user_name, user_rank, discount, email, data, expiry FROM `db_fresh_shop`.`cy_sessions` WHERE sesskey = 'b9c93bacf8268d69fcecf587d42ae3e9'

SELECT code, value FROM `db_fresh_shop`.`cy_shop_config` WHERE parent_id > 0

SELECT COUNT(*) FROM `db_fresh_shop`.`cy_order_info` WHERE add_time >= '1519067077'

SELECT COUNT(*) FROM `db_fresh_shop`.`cy_order_info` WHERE pay_time >= 1519067077

UPDATE `db_fresh_shop`.`cy_sessions` SET expiry = '1519096080', ip = '127.0.0.1', userid = '0', adminid = '0', user_name='0', user_rank='0', discount='0', email='0', data = 'a:1:{s:10:\"last_check\";i:1519067280;}' WHERE sesskey = 'b9c93bacf8268d69fcecf587d42ae3e9' LIMIT 1

DELETE FROM `db_fresh_shop`.`cy_sessions` WHERE expiry < 1519094280

SELECT userid, adminid, user_name, user_rank, discount, email, data, expiry FROM `db_fresh_shop`.`cy_sessions` WHERE sesskey = 'b9c93bacf8268d69fcecf587d42ae3e9'

SELECT code, value FROM `db_fresh_shop`.`cy_shop_config` WHERE parent_id > 0

SELECT COUNT(*) FROM `db_fresh_shop`.`cy_order_info` WHERE add_time >= '1519067280'

SELECT COUNT(*) FROM `db_fresh_shop`.`cy_order_info` WHERE pay_time >= 1519067280

UPDATE `db_fresh_shop`.`cy_sessions` SET expiry = '1519096273', ip = '127.0.0.1', userid = '0', adminid = '0', user_name='0', user_rank='0', discount='0', email='0', data = 'a:1:{s:10:\"last_check\";i:1519067473;}' WHERE sesskey = 'b9c93bacf8268d69fcecf587d42ae3e9' LIMIT 1

SELECT userid, adminid, user_name, user_rank, discount, email, data, expiry FROM `db_fresh_shop`.`cy_sessions` WHERE sesskey = 'b9c93bacf8268d69fcecf587d42ae3e9'

SELECT code, value FROM `db_fresh_shop`.`cy_shop_config` WHERE parent_id > 0

SELECT COUNT(*) FROM `db_fresh_shop`.`cy_order_info` WHERE add_time >= '1519067473'

SELECT COUNT(*) FROM `db_fresh_shop`.`cy_order_info` WHERE pay_time >= 1519067473

UPDATE `db_fresh_shop`.`cy_sessions` SET expiry = '1519096473', ip = '127.0.0.1', userid = '0', adminid = '0', user_name='0', user_rank='0', discount='0', email='0', data = 'a:1:{s:10:\"last_check\";i:1519067673;}' WHERE sesskey = 'b9c93bacf8268d69fcecf587d42ae3e9' LIMIT 1

SELECT userid, adminid, user_name, user_rank, discount, email, data, expiry FROM `db_fresh_shop`.`cy_sessions` WHERE sesskey = 'b9c93bacf8268d69fcecf587d42ae3e9'

SELECT code, value FROM `db_fresh_shop`.`cy_shop_config` WHERE parent_id > 0

SELECT COUNT(*) FROM `db_fresh_shop`.`cy_order_info` WHERE add_time >= '1519067673'

SELECT COUNT(*) FROM `db_fresh_shop`.`cy_order_info` WHERE pay_time >= 1519067673

UPDATE `db_fresh_shop`.`cy_sessions` SET expiry = '1519096666', ip = '127.0.0.1', userid = '0', adminid = '0', user_name='0', user_rank='0', discount='0', email='0', data = 'a:1:{s:10:\"last_check\";i:1519067866;}' WHERE sesskey = 'b9c93bacf8268d69fcecf587d42ae3e9' LIMIT 1

DELETE FROM `db_fresh_shop`.`cy_sessions` WHERE expiry < 1519094866

SELECT userid, adminid, user_name, user_rank, discount, email, data, expiry FROM `db_fresh_shop`.`cy_sessions` WHERE sesskey = 'b9c93bacf8268d69fcecf587d42ae3e9'

SELECT code, value FROM `db_fresh_shop`.`cy_shop_config` WHERE parent_id > 0

SELECT COUNT(*) FROM `db_fresh_shop`.`cy_order_info` WHERE add_time >= '1519067866'

SELECT COUNT(*) FROM `db_fresh_shop`.`cy_order_info` WHERE pay_time >= 1519067866

UPDATE `db_fresh_shop`.`cy_sessions` SET expiry = '1519096865', ip = '127.0.0.1', userid = '0', adminid = '0', user_name='0', user_rank='0', discount='0', email='0', data = 'a:1:{s:10:\"last_check\";i:1519068065;}' WHERE sesskey = 'b9c93bacf8268d69fcecf587d42ae3e9' LIMIT 1

SELECT userid, adminid, user_name, user_rank, discount, email, data, expiry FROM `db_fresh_shop`.`cy_sessions` WHERE sesskey = 'b9c93bacf8268d69fcecf587d42ae3e9'

SELECT code, value FROM `db_fresh_shop`.`cy_shop_config` WHERE parent_id > 0

SELECT COUNT(*) FROM `db_fresh_shop`.`cy_order_info` WHERE add_time >= '1519068065'

SELECT COUNT(*) FROM `db_fresh_shop`.`cy_order_info` WHERE pay_time >= 1519068065

UPDATE `db_fresh_shop`.`cy_sessions` SET expiry = '1519097075', ip = '127.0.0.1', userid = '0', adminid = '0', user_name='0', user_rank='0', discount='0', email='0', data = 'a:1:{s:10:\"last_check\";i:1519068275;}' WHERE sesskey = 'b9c93bacf8268d69fcecf587d42ae3e9' LIMIT 1

DELETE FROM `db_fresh_shop`.`cy_sessions_data` WHERE expiry < 1519095275

DELETE FROM `db_fresh_shop`.`cy_sessions` WHERE expiry < 1519095275

SELECT userid, adminid, user_name, user_rank, discount, email, data, expiry FROM `db_fresh_shop`.`cy_sessions` WHERE sesskey = 'b9c93bacf8268d69fcecf587d42ae3e9'

SELECT code, value FROM `db_fresh_shop`.`cy_shop_config` WHERE parent_id > 0

SELECT COUNT(*) FROM `db_fresh_shop`.`cy_order_info` WHERE add_time >= '1519068275'

SELECT COUNT(*) FROM `db_fresh_shop`.`cy_order_info` WHERE pay_time >= 1519068275

UPDATE `db_fresh_shop`.`cy_sessions` SET expiry = '1519097275', ip = '127.0.0.1', userid = '0', adminid = '0', user_name='0', user_rank='0', discount='0', email='0', data = 'a:1:{s:10:\"last_check\";i:1519068475;}' WHERE sesskey = 'b9c93bacf8268d69fcecf587d42ae3e9' LIMIT 1

SELECT userid, adminid, user_name, user_rank, discount, email, data, expiry FROM `db_fresh_shop`.`cy_sessions` WHERE sesskey = 'b9c93bacf8268d69fcecf587d42ae3e9'

SELECT code, value FROM `db_fresh_shop`.`cy_shop_config` WHERE parent_id > 0

SELECT COUNT(*) FROM `db_fresh_shop`.`cy_order_info` WHERE add_time >= '1519068475'

SELECT COUNT(*) FROM `db_fresh_shop`.`cy_order_info` WHERE pay_time >= 1519068475

UPDATE `db_fresh_shop`.`cy_sessions` SET expiry = '1519097466', ip = '127.0.0.1', userid = '0', adminid = '0', user_name='0', user_rank='0', discount='0', email='0', data = 'a:1:{s:10:\"last_check\";i:1519068666;}' WHERE sesskey = 'b9c93bacf8268d69fcecf587d42ae3e9' LIMIT 1

DELETE FROM `db_fresh_shop`.`cy_sessions_data` WHERE expiry < 1519095666

DELETE FROM `db_fresh_shop`.`cy_sessions` WHERE expiry < 1519095666

SELECT userid, adminid, user_name, user_rank, discount, email, data, expiry FROM `db_fresh_shop`.`cy_sessions` WHERE sesskey = 'b9c93bacf8268d69fcecf587d42ae3e9'

SELECT code, value FROM `db_fresh_shop`.`cy_shop_config` WHERE parent_id > 0

SELECT COUNT(*) FROM `db_fresh_shop`.`cy_order_info` WHERE add_time >= '1519068666'

SELECT COUNT(*) FROM `db_fresh_shop`.`cy_order_info` WHERE pay_time >= 1519068666

UPDATE `db_fresh_shop`.`cy_sessions` SET expiry = '1519097654', ip = '127.0.0.1', userid = '0', adminid = '0', user_name='0', user_rank='0', discount='0', email='0', data = 'a:1:{s:10:\"last_check\";i:1519068854;}' WHERE sesskey = 'b9c93bacf8268d69fcecf587d42ae3e9' LIMIT 1

DELETE FROM `db_fresh_shop`.`cy_sessions` WHERE expiry < 1519095854

SELECT userid, adminid, user_name, user_rank, discount, email, data, expiry FROM `db_fresh_shop`.`cy_sessions` WHERE sesskey = 'b9c93bacf8268d69fcecf587d42ae3e9'

SELECT code, value FROM `db_fresh_shop`.`cy_shop_config` WHERE parent_id > 0

SELECT COUNT(*) FROM `db_fresh_shop`.`cy_order_info` WHERE add_time >= '1519068854'

SELECT COUNT(*) FROM `db_fresh_shop`.`cy_order_info` WHERE pay_time >= 1519068854

UPDATE `db_fresh_shop`.`cy_sessions` SET expiry = '1519097890', ip = '127.0.0.1', userid = '0', adminid = '0', user_name='0', user_rank='0', discount='0', email='0', data = 'a:1:{s:10:\"last_check\";i:1519069090;}' WHERE sesskey = 'b9c93bacf8268d69fcecf587d42ae3e9' LIMIT 1

DELETE FROM `db_fresh_shop`.`cy_sessions` WHERE expiry < 1519096090

SELECT userid, adminid, user_name, user_rank, discount, email, data, expiry FROM `db_fresh_shop`.`cy_sessions` WHERE sesskey = 'b9c93bacf8268d69fcecf587d42ae3e9'

SELECT code, value FROM `db_fresh_shop`.`cy_shop_config` WHERE parent_id > 0

SELECT COUNT(*) FROM `db_fresh_shop`.`cy_order_info` WHERE add_time >= '1519069090'

SELECT COUNT(*) FROM `db_fresh_shop`.`cy_order_info` WHERE pay_time >= 1519069090

UPDATE `db_fresh_shop`.`cy_sessions` SET expiry = '1519098130', ip = '127.0.0.1', userid = '0', adminid = '0', user_name='0', user_rank='0', discount='0', email='0', data = 'a:1:{s:10:\"last_check\";i:1519069330;}' WHERE sesskey = 'b9c93bacf8268d69fcecf587d42ae3e9' LIMIT 1

DELETE FROM `db_fresh_shop`.`cy_sessions_data` WHERE expiry < 1519096330

DELETE FROM `db_fresh_shop`.`cy_sessions` WHERE expiry < 1519096330

SELECT userid, adminid, user_name, user_rank, discount, email, data, expiry FROM `db_fresh_shop`.`cy_sessions` WHERE sesskey = 'b9c93bacf8268d69fcecf587d42ae3e9'

SELECT code, value FROM `db_fresh_shop`.`cy_shop_config` WHERE parent_id > 0

SELECT COUNT(*) FROM `db_fresh_shop`.`cy_order_info` WHERE add_time >= '1519069330'

SELECT COUNT(*) FROM `db_fresh_shop`.`cy_order_info` WHERE pay_time >= 1519069330

UPDATE `db_fresh_shop`.`cy_sessions` SET expiry = '1519098370', ip = '127.0.0.1', userid = '0', adminid = '0', user_name='0', user_rank='0', discount='0', email='0', data = 'a:1:{s:10:\"last_check\";i:1519069570;}' WHERE sesskey = 'b9c93bacf8268d69fcecf587d42ae3e9' LIMIT 1

DELETE FROM `db_fresh_shop`.`cy_sessions` WHERE expiry < 1519096570

SELECT userid, adminid, user_name, user_rank, discount, email, data, expiry FROM `db_fresh_shop`.`cy_sessions` WHERE sesskey = 'b9c93bacf8268d69fcecf587d42ae3e9'

SELECT code, value FROM `db_fresh_shop`.`cy_shop_config` WHERE parent_id > 0

SELECT COUNT(*) FROM `db_fresh_shop`.`cy_order_info` WHERE add_time >= '1519069570'

SELECT COUNT(*) FROM `db_fresh_shop`.`cy_order_info` WHERE pay_time >= 1519069570

UPDATE `db_fresh_shop`.`cy_sessions` SET expiry = '1519098610', ip = '127.0.0.1', userid = '0', adminid = '0', user_name='0', user_rank='0', discount='0', email='0', data = 'a:1:{s:10:\"last_check\";i:1519069810;}' WHERE sesskey = 'b9c93bacf8268d69fcecf587d42ae3e9' LIMIT 1

DELETE FROM `db_fresh_shop`.`cy_sessions` WHERE expiry < 1519096810

SELECT userid, adminid, user_name, user_rank, discount, email, data, expiry FROM `db_fresh_shop`.`cy_sessions` WHERE sesskey = 'b9c93bacf8268d69fcecf587d42ae3e9'

SELECT code, value FROM `db_fresh_shop`.`cy_shop_config` WHERE parent_id > 0

SELECT COUNT(*) FROM `db_fresh_shop`.`cy_order_info` WHERE add_time >= '1519069810'

SELECT COUNT(*) FROM `db_fresh_shop`.`cy_order_info` WHERE pay_time >= 1519069810

UPDATE `db_fresh_shop`.`cy_sessions` SET expiry = '1519098859', ip = '127.0.0.1', userid = '0', adminid = '0', user_name='0', user_rank='0', discount='0', email='0', data = 'a:1:{s:10:\"last_check\";i:1519070059;}' WHERE sesskey = 'b9c93bacf8268d69fcecf587d42ae3e9' LIMIT 1

DELETE FROM `db_fresh_shop`.`cy_sessions_data` WHERE expiry < 1519097059

SELECT userid, adminid, user_name, user_rank, discount, email, data, expiry FROM `db_fresh_shop`.`cy_sessions` WHERE sesskey = 'b9c93bacf8268d69fcecf587d42ae3e9'

SELECT code, value FROM `db_fresh_shop`.`cy_shop_config` WHERE parent_id > 0

SELECT COUNT(*) FROM `db_fresh_shop`.`cy_order_info` WHERE add_time >= '1519070059'

SELECT COUNT(*) FROM `db_fresh_shop`.`cy_order_info` WHERE pay_time >= 1519070059

UPDATE `db_fresh_shop`.`cy_sessions` SET expiry = '1519099090', ip = '127.0.0.1', userid = '0', adminid = '0', user_name='0', user_rank='0', discount='0', email='0', data = 'a:1:{s:10:\"last_check\";i:1519070290;}' WHERE sesskey = 'b9c93bacf8268d69fcecf587d42ae3e9' LIMIT 1

DELETE FROM `db_fresh_shop`.`cy_sessions` WHERE expiry < 1519097290

SELECT userid, adminid, user_name, user_rank, discount, email, data, expiry FROM `db_fresh_shop`.`cy_sessions` WHERE sesskey = 'b9c93bacf8268d69fcecf587d42ae3e9'

SELECT code, value FROM `db_fresh_shop`.`cy_shop_config` WHERE parent_id > 0

SELECT COUNT(*) FROM `db_fresh_shop`.`cy_order_info` WHERE add_time >= '1519070290'

SELECT COUNT(*) FROM `db_fresh_shop`.`cy_order_info` WHERE pay_time >= 1519070290

UPDATE `db_fresh_shop`.`cy_sessions` SET expiry = '1519099330', ip = '127.0.0.1', userid = '0', adminid = '0', user_name='0', user_rank='0', discount='0', email='0', data = 'a:1:{s:10:\"last_check\";i:1519070530;}' WHERE sesskey = 'b9c93bacf8268d69fcecf587d42ae3e9' LIMIT 1

DELETE FROM `db_fresh_shop`.`cy_sessions_data` WHERE expiry < 1519097530

DELETE FROM `db_fresh_shop`.`cy_sessions` WHERE expiry < 1519097530

SELECT userid, adminid, user_name, user_rank, discount, email, data, expiry FROM `db_fresh_shop`.`cy_sessions` WHERE sesskey = 'b9c93bacf8268d69fcecf587d42ae3e9'

SELECT code, value FROM `db_fresh_shop`.`cy_shop_config` WHERE parent_id > 0

SELECT COUNT(*) FROM `db_fresh_shop`.`cy_order_info` WHERE add_time >= '1519070530'

SELECT COUNT(*) FROM `db_fresh_shop`.`cy_order_info` WHERE pay_time >= 1519070530

UPDATE `db_fresh_shop`.`cy_sessions` SET expiry = '1519099555', ip = '127.0.0.1', userid = '0', adminid = '0', user_name='0', user_rank='0', discount='0', email='0', data = 'a:1:{s:10:\"last_check\";i:1519070755;}' WHERE sesskey = 'b9c93bacf8268d69fcecf587d42ae3e9' LIMIT 1

DELETE FROM `db_fresh_shop`.`cy_sessions_data` WHERE expiry < 1519097755

SELECT userid, adminid, user_name, user_rank, discount, email, data, expiry FROM `db_fresh_shop`.`cy_sessions` WHERE sesskey = 'b9c93bacf8268d69fcecf587d42ae3e9'

SELECT code, value FROM `db_fresh_shop`.`cy_shop_config` WHERE parent_id > 0

SELECT COUNT(*) FROM `db_fresh_shop`.`cy_order_info` WHERE add_time >= '1519070755'

SELECT COUNT(*) FROM `db_fresh_shop`.`cy_order_info` WHERE pay_time >= 1519070755

UPDATE `db_fresh_shop`.`cy_sessions` SET expiry = '1519099824', ip = '127.0.0.1', userid = '0', adminid = '0', user_name='0', user_rank='0', discount='0', email='0', data = 'a:1:{s:10:\"last_check\";i:1519071024;}' WHERE sesskey = 'b9c93bacf8268d69fcecf587d42ae3e9' LIMIT 1

DELETE FROM `db_fresh_shop`.`cy_sessions` WHERE expiry < 1519098024

SELECT userid, adminid, user_name, user_rank, discount, email, data, expiry FROM `db_fresh_shop`.`cy_sessions` WHERE sesskey = 'b9c93bacf8268d69fcecf587d42ae3e9'

SELECT code, value FROM `db_fresh_shop`.`cy_shop_config` WHERE parent_id > 0

SELECT COUNT(*) FROM `db_fresh_shop`.`cy_order_info` WHERE add_time >= '1519071024'

SELECT COUNT(*) FROM `db_fresh_shop`.`cy_order_info` WHERE pay_time >= 1519071024

UPDATE `db_fresh_shop`.`cy_sessions` SET expiry = '1519100029', ip = '127.0.0.1', userid = '0', adminid = '0', user_name='0', user_rank='0', discount='0', email='0', data = 'a:1:{s:10:\"last_check\";i:1519071229;}' WHERE sesskey = 'b9c93bacf8268d69fcecf587d42ae3e9' LIMIT 1

SELECT userid, adminid, user_name, user_rank, discount, email, data, expiry FROM `db_fresh_shop`.`cy_sessions` WHERE sesskey = 'b9c93bacf8268d69fcecf587d42ae3e9'

SELECT code, value FROM `db_fresh_shop`.`cy_shop_config` WHERE parent_id > 0

SELECT COUNT(*) FROM `db_fresh_shop`.`cy_order_info` WHERE add_time >= '1519071229'

SELECT COUNT(*) FROM `db_fresh_shop`.`cy_order_info` WHERE pay_time >= 1519071229

UPDATE `db_fresh_shop`.`cy_sessions` SET expiry = '1519100220', ip = '127.0.0.1', userid = '0', adminid = '0', user_name='0', user_rank='0', discount='0', email='0', data = 'a:1:{s:10:\"last_check\";i:1519071420;}' WHERE sesskey = 'b9c93bacf8268d69fcecf587d42ae3e9' LIMIT 1

DELETE FROM `db_fresh_shop`.`cy_sessions` WHERE expiry < 1519098420

SELECT userid, adminid, user_name, user_rank, discount, email, data, expiry FROM `db_fresh_shop`.`cy_sessions` WHERE sesskey = 'b9c93bacf8268d69fcecf587d42ae3e9'

SELECT code, value FROM `db_fresh_shop`.`cy_shop_config` WHERE parent_id > 0

SELECT COUNT(*) FROM `db_fresh_shop`.`cy_order_info` WHERE add_time >= '1519071420'

SELECT COUNT(*) FROM `db_fresh_shop`.`cy_order_info` WHERE pay_time >= 1519071420

UPDATE `db_fresh_shop`.`cy_sessions` SET expiry = '1519100434', ip = '127.0.0.1', userid = '0', adminid = '0', user_name='0', user_rank='0', discount='0', email='0', data = 'a:1:{s:10:\"last_check\";i:1519071634;}' WHERE sesskey = 'b9c93bacf8268d69fcecf587d42ae3e9' LIMIT 1

DELETE FROM `db_fresh_shop`.`cy_sessions` WHERE expiry < 1519098634

SELECT userid, adminid, user_name, user_rank, discount, email, data, expiry FROM `db_fresh_shop`.`cy_sessions` WHERE sesskey = 'b9c93bacf8268d69fcecf587d42ae3e9'

SELECT code, value FROM `db_fresh_shop`.`cy_shop_config` WHERE parent_id > 0

SELECT COUNT(*) FROM `db_fresh_shop`.`cy_order_info` WHERE add_time >= '1519071634'

SELECT COUNT(*) FROM `db_fresh_shop`.`cy_order_info` WHERE pay_time >= 1519071634

UPDATE `db_fresh_shop`.`cy_sessions` SET expiry = '1519100639', ip = '127.0.0.1', userid = '0', adminid = '0', user_name='0', user_rank='0', discount='0', email='0', data = 'a:1:{s:10:\"last_check\";i:1519071839;}' WHERE sesskey = 'b9c93bacf8268d69fcecf587d42ae3e9' LIMIT 1

SELECT userid, adminid, user_name, user_rank, discount, email, data, expiry FROM `db_fresh_shop`.`cy_sessions` WHERE sesskey = 'b9c93bacf8268d69fcecf587d42ae3e9'

SELECT code, value FROM `db_fresh_shop`.`cy_shop_config` WHERE parent_id > 0

SELECT COUNT(*) FROM `db_fresh_shop`.`cy_order_info` WHERE add_time >= '1519071839'

SELECT COUNT(*) FROM `db_fresh_shop`.`cy_order_info` WHERE pay_time >= 1519071839

UPDATE `db_fresh_shop`.`cy_sessions` SET expiry = '1519100939', ip = '127.0.0.1', userid = '0', adminid = '0', user_name='0', user_rank='0', discount='0', email='0', data = 'a:1:{s:10:\"last_check\";i:1519072139;}' WHERE sesskey = 'b9c93bacf8268d69fcecf587d42ae3e9' LIMIT 1

SELECT userid, adminid, user_name, user_rank, discount, email, data, expiry FROM `db_fresh_shop`.`cy_sessions` WHERE sesskey = 'b9c93bacf8268d69fcecf587d42ae3e9'

SELECT code, value FROM `db_fresh_shop`.`cy_shop_config` WHERE parent_id > 0

SELECT COUNT(*) FROM `db_fresh_shop`.`cy_order_info` WHERE add_time >= '1519072139'

SELECT COUNT(*) FROM `db_fresh_shop`.`cy_order_info` WHERE pay_time >= 1519072139

UPDATE `db_fresh_shop`.`cy_sessions` SET expiry = '1519101220', ip = '127.0.0.1', userid = '0', adminid = '0', user_name='0', user_rank='0', discount='0', email='0', data = 'a:1:{s:10:\"last_check\";i:1519072420;}' WHERE sesskey = 'b9c93bacf8268d69fcecf587d42ae3e9' LIMIT 1

DELETE FROM `db_fresh_shop`.`cy_sessions_data` WHERE expiry < 1519099420

DELETE FROM `db_fresh_shop`.`cy_sessions` WHERE expiry < 1519099420

SELECT userid, adminid, user_name, user_rank, discount, email, data, expiry FROM `db_fresh_shop`.`cy_sessions` WHERE sesskey = 'b9c93bacf8268d69fcecf587d42ae3e9'

SELECT code, value FROM `db_fresh_shop`.`cy_shop_config` WHERE parent_id > 0

SELECT COUNT(*) FROM `db_fresh_shop`.`cy_order_info` WHERE add_time >= '1519072420'

SELECT COUNT(*) FROM `db_fresh_shop`.`cy_order_info` WHERE pay_time >= 1519072420

UPDATE `db_fresh_shop`.`cy_sessions` SET expiry = '1519101420', ip = '127.0.0.1', userid = '0', adminid = '0', user_name='0', user_rank='0', discount='0', email='0', data = 'a:1:{s:10:\"last_check\";i:1519072620;}' WHERE sesskey = 'b9c93bacf8268d69fcecf587d42ae3e9' LIMIT 1

DELETE FROM `db_fresh_shop`.`cy_sessions` WHERE expiry < 1519099620

SELECT userid, adminid, user_name, user_rank, discount, email, data, expiry FROM `db_fresh_shop`.`cy_sessions` WHERE sesskey = 'b9c93bacf8268d69fcecf587d42ae3e9'

SELECT code, value FROM `db_fresh_shop`.`cy_shop_config` WHERE parent_id > 0

SELECT COUNT(*) FROM `db_fresh_shop`.`cy_order_info` WHERE add_time >= '1519072620'

SELECT COUNT(*) FROM `db_fresh_shop`.`cy_order_info` WHERE pay_time >= 1519072620

UPDATE `db_fresh_shop`.`cy_sessions` SET expiry = '1519101620', ip = '127.0.0.1', userid = '0', adminid = '0', user_name='0', user_rank='0', discount='0', email='0', data = 'a:1:{s:10:\"last_check\";i:1519072820;}' WHERE sesskey = 'b9c93bacf8268d69fcecf587d42ae3e9' LIMIT 1

DELETE FROM `db_fresh_shop`.`cy_sessions` WHERE expiry < 1519099820

SELECT userid, adminid, user_name, user_rank, discount, email, data, expiry FROM `db_fresh_shop`.`cy_sessions` WHERE sesskey = 'b9c93bacf8268d69fcecf587d42ae3e9'

SELECT code, value FROM `db_fresh_shop`.`cy_shop_config` WHERE parent_id > 0

SELECT COUNT(*) FROM `db_fresh_shop`.`cy_order_info` WHERE add_time >= '1519072820'

SELECT COUNT(*) FROM `db_fresh_shop`.`cy_order_info` WHERE pay_time >= 1519072820

UPDATE `db_fresh_shop`.`cy_sessions` SET expiry = '1519101820', ip = '127.0.0.1', userid = '0', adminid = '0', user_name='0', user_rank='0', discount='0', email='0', data = 'a:1:{s:10:\"last_check\";i:1519073020;}' WHERE sesskey = 'b9c93bacf8268d69fcecf587d42ae3e9' LIMIT 1

DELETE FROM `db_fresh_shop`.`cy_sessions` WHERE expiry < 1519100020

SELECT userid, adminid, user_name, user_rank, discount, email, data, expiry FROM `db_fresh_shop`.`cy_sessions` WHERE sesskey = 'b9c93bacf8268d69fcecf587d42ae3e9'

SELECT code, value FROM `db_fresh_shop`.`cy_shop_config` WHERE parent_id > 0

SELECT COUNT(*) FROM `db_fresh_shop`.`cy_order_info` WHERE add_time >= '1519073020'

SELECT COUNT(*) FROM `db_fresh_shop`.`cy_order_info` WHERE pay_time >= 1519073020

UPDATE `db_fresh_shop`.`cy_sessions` SET expiry = '1519102020', ip = '127.0.0.1', userid = '0', adminid = '0', user_name='0', user_rank='0', discount='0', email='0', data = 'a:1:{s:10:\"last_check\";i:1519073220;}' WHERE sesskey = 'b9c93bacf8268d69fcecf587d42ae3e9' LIMIT 1

DELETE FROM `db_fresh_shop`.`cy_sessions` WHERE expiry < 1519100220

SELECT userid, adminid, user_name, user_rank, discount, email, data, expiry FROM `db_fresh_shop`.`cy_sessions` WHERE sesskey = 'b9c93bacf8268d69fcecf587d42ae3e9'

SELECT code, value FROM `db_fresh_shop`.`cy_shop_config` WHERE parent_id > 0

SELECT COUNT(*) FROM `db_fresh_shop`.`cy_order_info` WHERE add_time >= '1519073220'

SELECT COUNT(*) FROM `db_fresh_shop`.`cy_order_info` WHERE pay_time >= 1519073220

UPDATE `db_fresh_shop`.`cy_sessions` SET expiry = '1519102220', ip = '127.0.0.1', userid = '0', adminid = '0', user_name='0', user_rank='0', discount='0', email='0', data = 'a:1:{s:10:\"last_check\";i:1519073420;}' WHERE sesskey = 'b9c93bacf8268d69fcecf587d42ae3e9' LIMIT 1

DELETE FROM `db_fresh_shop`.`cy_sessions_data` WHERE expiry < 1519100420

DELETE FROM `db_fresh_shop`.`cy_sessions` WHERE expiry < 1519100420

SELECT userid, adminid, user_name, user_rank, discount, email, data, expiry FROM `db_fresh_shop`.`cy_sessions` WHERE sesskey = 'b9c93bacf8268d69fcecf587d42ae3e9'

SELECT code, value FROM `db_fresh_shop`.`cy_shop_config` WHERE parent_id > 0

SELECT COUNT(*) FROM `db_fresh_shop`.`cy_order_info` WHERE add_time >= '1519073420'

SELECT COUNT(*) FROM `db_fresh_shop`.`cy_order_info` WHERE pay_time >= 1519073420

UPDATE `db_fresh_shop`.`cy_sessions` SET expiry = '1519102420', ip = '127.0.0.1', userid = '0', adminid = '0', user_name='0', user_rank='0', discount='0', email='0', data = 'a:1:{s:10:\"last_check\";i:1519073620;}' WHERE sesskey = 'b9c93bacf8268d69fcecf587d42ae3e9' LIMIT 1

DELETE FROM `db_fresh_shop`.`cy_sessions` WHERE expiry < 1519100620

SELECT userid, adminid, user_name, user_rank, discount, email, data, expiry FROM `db_fresh_shop`.`cy_sessions` WHERE sesskey = 'b9c93bacf8268d69fcecf587d42ae3e9'

SELECT code, value FROM `db_fresh_shop`.`cy_shop_config` WHERE parent_id > 0

SELECT COUNT(*) FROM `db_fresh_shop`.`cy_order_info` WHERE add_time >= '1519073620'

SELECT COUNT(*) FROM `db_fresh_shop`.`cy_order_info` WHERE pay_time >= 1519073620

UPDATE `db_fresh_shop`.`cy_sessions` SET expiry = '1519102619', ip = '127.0.0.1', userid = '0', adminid = '0', user_name='0', user_rank='0', discount='0', email='0', data = 'a:1:{s:10:\"last_check\";i:1519073819;}' WHERE sesskey = 'b9c93bacf8268d69fcecf587d42ae3e9' LIMIT 1

SELECT userid, adminid, user_name, user_rank, discount, email, data, expiry FROM `db_fresh_shop`.`cy_sessions` WHERE sesskey = 'b9c93bacf8268d69fcecf587d42ae3e9'

SELECT code, value FROM `db_fresh_shop`.`cy_shop_config` WHERE parent_id > 0

SELECT COUNT(*) FROM `db_fresh_shop`.`cy_order_info` WHERE add_time >= '1519073819'

SELECT COUNT(*) FROM `db_fresh_shop`.`cy_order_info` WHERE pay_time >= 1519073819

UPDATE `db_fresh_shop`.`cy_sessions` SET expiry = '1519102840', ip = '127.0.0.1', userid = '0', adminid = '0', user_name='0', user_rank='0', discount='0', email='0', data = 'a:1:{s:10:\"last_check\";i:1519074040;}' WHERE sesskey = 'b9c93bacf8268d69fcecf587d42ae3e9' LIMIT 1

DELETE FROM `db_fresh_shop`.`cy_sessions` WHERE expiry < 1519101040

SELECT userid, adminid, user_name, user_rank, discount, email, data, expiry FROM `db_fresh_shop`.`cy_sessions` WHERE sesskey = 'b9c93bacf8268d69fcecf587d42ae3e9'

SELECT code, value FROM `db_fresh_shop`.`cy_shop_config` WHERE parent_id > 0

SELECT COUNT(*) FROM `db_fresh_shop`.`cy_order_info` WHERE add_time >= '1519074040'

SELECT COUNT(*) FROM `db_fresh_shop`.`cy_order_info` WHERE pay_time >= 1519074040

UPDATE `db_fresh_shop`.`cy_sessions` SET expiry = '1519103019', ip = '127.0.0.1', userid = '0', adminid = '0', user_name='0', user_rank='0', discount='0', email='0', data = 'a:1:{s:10:\"last_check\";i:1519074219;}' WHERE sesskey = 'b9c93bacf8268d69fcecf587d42ae3e9' LIMIT 1

SELECT userid, adminid, user_name, user_rank, discount, email, data, expiry FROM `db_fresh_shop`.`cy_sessions` WHERE sesskey = 'b9c93bacf8268d69fcecf587d42ae3e9'

SELECT code, value FROM `db_fresh_shop`.`cy_shop_config` WHERE parent_id > 0

SELECT COUNT(*) FROM `db_fresh_shop`.`cy_order_info` WHERE add_time >= '1519074219'

SELECT COUNT(*) FROM `db_fresh_shop`.`cy_order_info` WHERE pay_time >= 1519074219

UPDATE `db_fresh_shop`.`cy_sessions` SET expiry = '1519103219', ip = '127.0.0.1', userid = '0', adminid = '0', user_name='0', user_rank='0', discount='0', email='0', data = 'a:1:{s:10:\"last_check\";i:1519074419;}' WHERE sesskey = 'b9c93bacf8268d69fcecf587d42ae3e9' LIMIT 1

SELECT userid, adminid, user_name, user_rank, discount, email, data, expiry FROM `db_fresh_shop`.`cy_sessions` WHERE sesskey = 'b9c93bacf8268d69fcecf587d42ae3e9'

SELECT code, value FROM `db_fresh_shop`.`cy_shop_config` WHERE parent_id > 0

SELECT COUNT(*) FROM `db_fresh_shop`.`cy_order_info` WHERE add_time >= '1519074419'

SELECT COUNT(*) FROM `db_fresh_shop`.`cy_order_info` WHERE pay_time >= 1519074419

UPDATE `db_fresh_shop`.`cy_sessions` SET expiry = '1519103420', ip = '127.0.0.1', userid = '0', adminid = '0', user_name='0', user_rank='0', discount='0', email='0', data = 'a:1:{s:10:\"last_check\";i:1519074620;}' WHERE sesskey = 'b9c93bacf8268d69fcecf587d42ae3e9' LIMIT 1

DELETE FROM `db_fresh_shop`.`cy_sessions` WHERE expiry < 1519101620

SELECT userid, adminid, user_name, user_rank, discount, email, data, expiry FROM `db_fresh_shop`.`cy_sessions` WHERE sesskey = 'b9c93bacf8268d69fcecf587d42ae3e9'

SELECT code, value FROM `db_fresh_shop`.`cy_shop_config` WHERE parent_id > 0

SELECT COUNT(*) FROM `db_fresh_shop`.`cy_order_info` WHERE add_time >= '1519074620'

SELECT COUNT(*) FROM `db_fresh_shop`.`cy_order_info` WHERE pay_time >= 1519074620

UPDATE `db_fresh_shop`.`cy_sessions` SET expiry = '1519103620', ip = '127.0.0.1', userid = '0', adminid = '0', user_name='0', user_rank='0', discount='0', email='0', data = 'a:1:{s:10:\"last_check\";i:1519074820;}' WHERE sesskey = 'b9c93bacf8268d69fcecf587d42ae3e9' LIMIT 1

DELETE FROM `db_fresh_shop`.`cy_sessions_data` WHERE expiry < 1519101820

DELETE FROM `db_fresh_shop`.`cy_sessions` WHERE expiry < 1519101820

SELECT userid, adminid, user_name, user_rank, discount, email, data, expiry FROM `db_fresh_shop`.`cy_sessions` WHERE sesskey = 'b9c93bacf8268d69fcecf587d42ae3e9'

SELECT code, value FROM `db_fresh_shop`.`cy_shop_config` WHERE parent_id > 0

SELECT COUNT(*) FROM `db_fresh_shop`.`cy_order_info` WHERE add_time >= '1519074820'

SELECT COUNT(*) FROM `db_fresh_shop`.`cy_order_info` WHERE pay_time >= 1519074820

UPDATE `db_fresh_shop`.`cy_sessions` SET expiry = '1519103820', ip = '127.0.0.1', userid = '0', adminid = '0', user_name='0', user_rank='0', discount='0', email='0', data = 'a:1:{s:10:\"last_check\";i:1519075020;}' WHERE sesskey = 'b9c93bacf8268d69fcecf587d42ae3e9' LIMIT 1

DELETE FROM `db_fresh_shop`.`cy_sessions` WHERE expiry < 1519102020

SELECT userid, adminid, user_name, user_rank, discount, email, data, expiry FROM `db_fresh_shop`.`cy_sessions` WHERE sesskey = 'b9c93bacf8268d69fcecf587d42ae3e9'

SELECT code, value FROM `db_fresh_shop`.`cy_shop_config` WHERE parent_id > 0

SELECT COUNT(*) FROM `db_fresh_shop`.`cy_order_info` WHERE add_time >= '1519075020'

SELECT COUNT(*) FROM `db_fresh_shop`.`cy_order_info` WHERE pay_time >= 1519075020

UPDATE `db_fresh_shop`.`cy_sessions` SET expiry = '1519104020', ip = '127.0.0.1', userid = '0', adminid = '0', user_name='0', user_rank='0', discount='0', email='0', data = 'a:1:{s:10:\"last_check\";i:1519075220;}' WHERE sesskey = 'b9c93bacf8268d69fcecf587d42ae3e9' LIMIT 1

DELETE FROM `db_fresh_shop`.`cy_sessions_data` WHERE expiry < 1519102220

DELETE FROM `db_fresh_shop`.`cy_sessions` WHERE expiry < 1519102220

SELECT userid, adminid, user_name, user_rank, discount, email, data, expiry FROM `db_fresh_shop`.`cy_sessions` WHERE sesskey = 'b9c93bacf8268d69fcecf587d42ae3e9'

SELECT code, value FROM `db_fresh_shop`.`cy_shop_config` WHERE parent_id > 0

SELECT COUNT(*) FROM `db_fresh_shop`.`cy_order_info` WHERE add_time >= '1519075220'

SELECT COUNT(*) FROM `db_fresh_shop`.`cy_order_info` WHERE pay_time >= 1519075220

UPDATE `db_fresh_shop`.`cy_sessions` SET expiry = '1519104219', ip = '127.0.0.1', userid = '0', adminid = '0', user_name='0', user_rank='0', discount='0', email='0', data = 'a:1:{s:10:\"last_check\";i:1519075419;}' WHERE sesskey = 'b9c93bacf8268d69fcecf587d42ae3e9' LIMIT 1

SELECT userid, adminid, user_name, user_rank, discount, email, data, expiry FROM `db_fresh_shop`.`cy_sessions` WHERE sesskey = 'b9c93bacf8268d69fcecf587d42ae3e9'

SELECT code, value FROM `db_fresh_shop`.`cy_shop_config` WHERE parent_id > 0

SELECT COUNT(*) FROM `db_fresh_shop`.`cy_order_info` WHERE add_time >= '1519075419'

SELECT COUNT(*) FROM `db_fresh_shop`.`cy_order_info` WHERE pay_time >= 1519075419

UPDATE `db_fresh_shop`.`cy_sessions` SET expiry = '1519104419', ip = '127.0.0.1', userid = '0', adminid = '0', user_name='0', user_rank='0', discount='0', email='0', data = 'a:1:{s:10:\"last_check\";i:1519075619;}' WHERE sesskey = 'b9c93bacf8268d69fcecf587d42ae3e9' LIMIT 1

SELECT userid, adminid, user_name, user_rank, discount, email, data, expiry FROM `db_fresh_shop`.`cy_sessions` WHERE sesskey = 'b9c93bacf8268d69fcecf587d42ae3e9'

SELECT code, value FROM `db_fresh_shop`.`cy_shop_config` WHERE parent_id > 0

SELECT COUNT(*) FROM `db_fresh_shop`.`cy_order_info` WHERE add_time >= '1519075619'

SELECT COUNT(*) FROM `db_fresh_shop`.`cy_order_info` WHERE pay_time >= 1519075619

UPDATE `db_fresh_shop`.`cy_sessions` SET expiry = '1519104620', ip = '127.0.0.1', userid = '0', adminid = '0', user_name='0', user_rank='0', discount='0', email='0', data = 'a:1:{s:10:\"last_check\";i:1519075820;}' WHERE sesskey = 'b9c93bacf8268d69fcecf587d42ae3e9' LIMIT 1

DELETE FROM `db_fresh_shop`.`cy_sessions_data` WHERE expiry < 1519102820

DELETE FROM `db_fresh_shop`.`cy_sessions` WHERE expiry < 1519102820

SELECT userid, adminid, user_name, user_rank, discount, email, data, expiry FROM `db_fresh_shop`.`cy_sessions` WHERE sesskey = 'b9c93bacf8268d69fcecf587d42ae3e9'

SELECT code, value FROM `db_fresh_shop`.`cy_shop_config` WHERE parent_id > 0

SELECT COUNT(*) FROM `db_fresh_shop`.`cy_order_info` WHERE add_time >= '1519075820'

SELECT COUNT(*) FROM `db_fresh_shop`.`cy_order_info` WHERE pay_time >= 1519075820

UPDATE `db_fresh_shop`.`cy_sessions` SET expiry = '1519104819', ip = '127.0.0.1', userid = '0', adminid = '0', user_name='0', user_rank='0', discount='0', email='0', data = 'a:1:{s:10:\"last_check\";i:1519076019;}' WHERE sesskey = 'b9c93bacf8268d69fcecf587d42ae3e9' LIMIT 1

DELETE FROM `db_fresh_shop`.`cy_sessions_data` WHERE expiry < 1519103019

SELECT userid, adminid, user_name, user_rank, discount, email, data, expiry FROM `db_fresh_shop`.`cy_sessions` WHERE sesskey = 'b9c93bacf8268d69fcecf587d42ae3e9'

SELECT code, value FROM `db_fresh_shop`.`cy_shop_config` WHERE parent_id > 0

SELECT COUNT(*) FROM `db_fresh_shop`.`cy_order_info` WHERE add_time >= '1519076019'

SELECT COUNT(*) FROM `db_fresh_shop`.`cy_order_info` WHERE pay_time >= 1519076019

UPDATE `db_fresh_shop`.`cy_sessions` SET expiry = '1519105020', ip = '127.0.0.1', userid = '0', adminid = '0', user_name='0', user_rank='0', discount='0', email='0', data = 'a:1:{s:10:\"last_check\";i:1519076220;}' WHERE sesskey = 'b9c93bacf8268d69fcecf587d42ae3e9' LIMIT 1

DELETE FROM `db_fresh_shop`.`cy_sessions_data` WHERE expiry < 1519103220

DELETE FROM `db_fresh_shop`.`cy_sessions` WHERE expiry < 1519103220

SELECT userid, adminid, user_name, user_rank, discount, email, data, expiry FROM `db_fresh_shop`.`cy_sessions` WHERE sesskey = 'b9c93bacf8268d69fcecf587d42ae3e9'

SELECT code, value FROM `db_fresh_shop`.`cy_shop_config` WHERE parent_id > 0

SELECT COUNT(*) FROM `db_fresh_shop`.`cy_order_info` WHERE add_time >= '1519076220'

SELECT COUNT(*) FROM `db_fresh_shop`.`cy_order_info` WHERE pay_time >= 1519076220

UPDATE `db_fresh_shop`.`cy_sessions` SET expiry = '1519105220', ip = '127.0.0.1', userid = '0', adminid = '0', user_name='0', user_rank='0', discount='0', email='0', data = 'a:1:{s:10:\"last_check\";i:1519076420;}' WHERE sesskey = 'b9c93bacf8268d69fcecf587d42ae3e9' LIMIT 1

DELETE FROM `db_fresh_shop`.`cy_sessions` WHERE expiry < 1519103420

SELECT userid, adminid, user_name, user_rank, discount, email, data, expiry FROM `db_fresh_shop`.`cy_sessions` WHERE sesskey = 'b9c93bacf8268d69fcecf587d42ae3e9'

SELECT data, expiry FROM `db_fresh_shop`.`cy_sessions_data` WHERE sesskey = 'b9c93bacf8268d69fcecf587d42ae3e9'

SELECT code, value FROM `db_fresh_shop`.`cy_shop_config` WHERE parent_id > 0

UPDATE `db_fresh_shop`.`cy_sessions` SET expiry = '1519123417', ip = '127.0.0.1', userid = '0', adminid = '0', user_name='0', user_rank='0', discount='0', email='0', data = 'a:1:{s:10:\"last_check\";i:1519094617;}' WHERE sesskey = 'b9c93bacf8268d69fcecf587d42ae3e9' LIMIT 1

SELECT userid, adminid, user_name, user_rank, discount, email, data, expiry FROM `db_fresh_shop`.`cy_sessions` WHERE sesskey = 'b9c93bacf8268d69fcecf587d42ae3e9'

SELECT data, expiry FROM `db_fresh_shop`.`cy_sessions_data` WHERE sesskey = 'b9c93bacf8268d69fcecf587d42ae3e9'

SELECT code, value FROM `db_fresh_shop`.`cy_shop_config` WHERE parent_id > 0

UPDATE `db_fresh_shop`.`cy_sessions` SET expiry = '1519129062', ip = '127.0.0.1', userid = '0', adminid = '0', user_name='0', user_rank='0', discount='0', email='0', data = 'a:1:{s:10:\"last_check\";i:1519100262;}' WHERE sesskey = 'b9c93bacf8268d69fcecf587d42ae3e9' LIMIT 1

DELETE FROM `db_fresh_shop`.`cy_sessions` WHERE expiry < 1519127262

SELECT userid, adminid, user_name, user_rank, discount, email, data, expiry FROM `db_fresh_shop`.`cy_sessions` WHERE sesskey = 'b9c93bacf8268d69fcecf587d42ae3e9'

SELECT code, value FROM `db_fresh_shop`.`cy_shop_config` WHERE parent_id > 0

SELECT COUNT(*) FROM `db_fresh_shop`.`cy_order_info` WHERE add_time >= '1519100262'

SELECT COUNT(*) FROM `db_fresh_shop`.`cy_order_info` WHERE pay_time >= 1519100262

UPDATE `db_fresh_shop`.`cy_sessions` SET expiry = '1519129260', ip = '127.0.0.1', userid = '0', adminid = '0', user_name='0', user_rank='0', discount='0', email='0', data = 'a:1:{s:10:\"last_check\";i:1519100460;}' WHERE sesskey = 'b9c93bacf8268d69fcecf587d42ae3e9' LIMIT 1

DELETE FROM `db_fresh_shop`.`cy_sessions` WHERE expiry < 1519127460

SELECT userid, adminid, user_name, user_rank, discount, email, data, expiry FROM `db_fresh_shop`.`cy_sessions` WHERE sesskey = 'b9c93bacf8268d69fcecf587d42ae3e9'

SELECT code, value FROM `db_fresh_shop`.`cy_shop_config` WHERE parent_id > 0

SELECT COUNT(*) FROM `db_fresh_shop`.`cy_order_info` WHERE add_time >= '1519100460'

SELECT COUNT(*) FROM `db_fresh_shop`.`cy_order_info` WHERE pay_time >= 1519100460

UPDATE `db_fresh_shop`.`cy_sessions` SET expiry = '1519129462', ip = '127.0.0.1', userid = '0', adminid = '0', user_name='0', user_rank='0', discount='0', email='0', data = 'a:1:{s:10:\"last_check\";i:1519100662;}' WHERE sesskey = 'b9c93bacf8268d69fcecf587d42ae3e9' LIMIT 1

DELETE FROM `db_fresh_shop`.`cy_sessions` WHERE expiry < 1519127662

SELECT userid, adminid, user_name, user_rank, discount, email, data, expiry FROM `db_fresh_shop`.`cy_sessions` WHERE sesskey = 'b9c93bacf8268d69fcecf587d42ae3e9'

SELECT code, value FROM `db_fresh_shop`.`cy_shop_config` WHERE parent_id > 0

SELECT COUNT(*) FROM `db_fresh_shop`.`cy_order_info` WHERE add_time >= '1519100662'

SELECT COUNT(*) FROM `db_fresh_shop`.`cy_order_info` WHERE pay_time >= 1519100662

UPDATE `db_fresh_shop`.`cy_sessions` SET expiry = '1519129652', ip = '127.0.0.1', userid = '0', adminid = '0', user_name='0', user_rank='0', discount='0', email='0', data = 'a:1:{s:10:\"last_check\";i:1519100852;}' WHERE sesskey = 'b9c93bacf8268d69fcecf587d42ae3e9' LIMIT 1

DELETE FROM `db_fresh_shop`.`cy_sessions` WHERE expiry < 1519127852

SELECT userid, adminid, user_name, user_rank, discount, email, data, expiry FROM `db_fresh_shop`.`cy_sessions` WHERE sesskey = 'b9c93bacf8268d69fcecf587d42ae3e9'

SELECT code, value FROM `db_fresh_shop`.`cy_shop_config` WHERE parent_id > 0

SELECT COUNT(*) FROM `db_fresh_shop`.`cy_order_info` WHERE add_time >= '1519100852'

SELECT COUNT(*) FROM `db_fresh_shop`.`cy_order_info` WHERE pay_time >= 1519100852

UPDATE `db_fresh_shop`.`cy_sessions` SET expiry = '1519129860', ip = '127.0.0.1', userid = '0', adminid = '0', user_name='0', user_rank='0', discount='0', email='0', data = 'a:1:{s:10:\"last_check\";i:1519101060;}' WHERE sesskey = 'b9c93bacf8268d69fcecf587d42ae3e9' LIMIT 1

DELETE FROM `db_fresh_shop`.`cy_sessions` WHERE expiry < 1519128060

SELECT userid, adminid, user_name, user_rank, discount, email, data, expiry FROM `db_fresh_shop`.`cy_sessions` WHERE sesskey = 'b9c93bacf8268d69fcecf587d42ae3e9'

SELECT code, value FROM `db_fresh_shop`.`cy_shop_config` WHERE parent_id > 0

SELECT COUNT(*) FROM `db_fresh_shop`.`cy_order_info` WHERE add_time >= '1519101060'

SELECT COUNT(*) FROM `db_fresh_shop`.`cy_order_info` WHERE pay_time >= 1519101060

UPDATE `db_fresh_shop`.`cy_sessions` SET expiry = '1519130062', ip = '127.0.0.1', userid = '0', adminid = '0', user_name='0', user_rank='0', discount='0', email='0', data = 'a:1:{s:10:\"last_check\";i:1519101262;}' WHERE sesskey = 'b9c93bacf8268d69fcecf587d42ae3e9' LIMIT 1

DELETE FROM `db_fresh_shop`.`cy_sessions` WHERE expiry < 1519128262

SELECT userid, adminid, user_name, user_rank, discount, email, data, expiry FROM `db_fresh_shop`.`cy_sessions` WHERE sesskey = 'b9c93bacf8268d69fcecf587d42ae3e9'

SELECT code, value FROM `db_fresh_shop`.`cy_shop_config` WHERE parent_id > 0

SELECT COUNT(*) FROM `db_fresh_shop`.`cy_order_info` WHERE add_time >= '1519101262'

SELECT COUNT(*) FROM `db_fresh_shop`.`cy_order_info` WHERE pay_time >= 1519101262

UPDATE `db_fresh_shop`.`cy_sessions` SET expiry = '1519130262', ip = '127.0.0.1', userid = '0', adminid = '0', user_name='0', user_rank='0', discount='0', email='0', data = 'a:1:{s:10:\"last_check\";i:1519101462;}' WHERE sesskey = 'b9c93bacf8268d69fcecf587d42ae3e9' LIMIT 1

DELETE FROM `db_fresh_shop`.`cy_sessions` WHERE expiry < 1519128462

SELECT userid, adminid, user_name, user_rank, discount, email, data, expiry FROM `db_fresh_shop`.`cy_sessions` WHERE sesskey = 'b9c93bacf8268d69fcecf587d42ae3e9'

SELECT code, value FROM `db_fresh_shop`.`cy_shop_config` WHERE parent_id > 0

SELECT COUNT(*) FROM `db_fresh_shop`.`cy_order_info` WHERE add_time >= '1519101462'

SELECT COUNT(*) FROM `db_fresh_shop`.`cy_order_info` WHERE pay_time >= 1519101462

UPDATE `db_fresh_shop`.`cy_sessions` SET expiry = '1519130460', ip = '127.0.0.1', userid = '0', adminid = '0', user_name='0', user_rank='0', discount='0', email='0', data = 'a:1:{s:10:\"last_check\";i:1519101660;}' WHERE sesskey = 'b9c93bacf8268d69fcecf587d42ae3e9' LIMIT 1

DELETE FROM `db_fresh_shop`.`cy_sessions_data` WHERE expiry < 1519128660

DELETE FROM `db_fresh_shop`.`cy_sessions` WHERE expiry < 1519128660

SELECT userid, adminid, user_name, user_rank, discount, email, data, expiry FROM `db_fresh_shop`.`cy_sessions` WHERE sesskey = 'b9c93bacf8268d69fcecf587d42ae3e9'

SELECT code, value FROM `db_fresh_shop`.`cy_shop_config` WHERE parent_id > 0

SELECT COUNT(*) FROM `db_fresh_shop`.`cy_order_info` WHERE add_time >= '1519101660'

SELECT COUNT(*) FROM `db_fresh_shop`.`cy_order_info` WHERE pay_time >= 1519101660

UPDATE `db_fresh_shop`.`cy_sessions` SET expiry = '1519130662', ip = '127.0.0.1', userid = '0', adminid = '0', user_name='0', user_rank='0', discount='0', email='0', data = 'a:1:{s:10:\"last_check\";i:1519101862;}' WHERE sesskey = 'b9c93bacf8268d69fcecf587d42ae3e9' LIMIT 1

DELETE FROM `db_fresh_shop`.`cy_sessions_data` WHERE expiry < 1519128862

DELETE FROM `db_fresh_shop`.`cy_sessions` WHERE expiry < 1519128862

SELECT userid, adminid, user_name, user_rank, discount, email, data, expiry FROM `db_fresh_shop`.`cy_sessions` WHERE sesskey = 'b9c93bacf8268d69fcecf587d42ae3e9'

SELECT code, value FROM `db_fresh_shop`.`cy_shop_config` WHERE parent_id > 0

SELECT COUNT(*) FROM `db_fresh_shop`.`cy_order_info` WHERE add_time >= '1519101862'

SELECT COUNT(*) FROM `db_fresh_shop`.`cy_order_info` WHERE pay_time >= 1519101862

UPDATE `db_fresh_shop`.`cy_sessions` SET expiry = '1519130862', ip = '127.0.0.1', userid = '0', adminid = '0', user_name='0', user_rank='0', discount='0', email='0', data = 'a:1:{s:10:\"last_check\";i:1519102062;}' WHERE sesskey = 'b9c93bacf8268d69fcecf587d42ae3e9' LIMIT 1

DELETE FROM `db_fresh_shop`.`cy_sessions_data` WHERE expiry < 1519129062

DELETE FROM `db_fresh_shop`.`cy_sessions` WHERE expiry < 1519129062

SELECT userid, adminid, user_name, user_rank, discount, email, data, expiry FROM `db_fresh_shop`.`cy_sessions` WHERE sesskey = 'b9c93bacf8268d69fcecf587d42ae3e9'

SELECT code, value FROM `db_fresh_shop`.`cy_shop_config` WHERE parent_id > 0

SELECT COUNT(*) FROM `db_fresh_shop`.`cy_order_info` WHERE add_time >= '1519102062'

SELECT COUNT(*) FROM `db_fresh_shop`.`cy_order_info` WHERE pay_time >= 1519102062

UPDATE `db_fresh_shop`.`cy_sessions` SET expiry = '1519131060', ip = '127.0.0.1', userid = '0', adminid = '0', user_name='0', user_rank='0', discount='0', email='0', data = 'a:1:{s:10:\"last_check\";i:1519102260;}' WHERE sesskey = 'b9c93bacf8268d69fcecf587d42ae3e9' LIMIT 1

DELETE FROM `db_fresh_shop`.`cy_sessions_data` WHERE expiry < 1519129260

DELETE FROM `db_fresh_shop`.`cy_sessions` WHERE expiry < 1519129260

SELECT userid, adminid, user_name, user_rank, discount, email, data, expiry FROM `db_fresh_shop`.`cy_sessions` WHERE sesskey = 'b9c93bacf8268d69fcecf587d42ae3e9'

SELECT code, value FROM `db_fresh_shop`.`cy_shop_config` WHERE parent_id > 0

SELECT COUNT(*) FROM `db_fresh_shop`.`cy_order_info` WHERE add_time >= '1519102260'

SELECT COUNT(*) FROM `db_fresh_shop`.`cy_order_info` WHERE pay_time >= 1519102260

UPDATE `db_fresh_shop`.`cy_sessions` SET expiry = '1519131272', ip = '127.0.0.1', userid = '0', adminid = '0', user_name='0', user_rank='0', discount='0', email='0', data = 'a:1:{s:10:\"last_check\";i:1519102472;}' WHERE sesskey = 'b9c93bacf8268d69fcecf587d42ae3e9' LIMIT 1

DELETE FROM `db_fresh_shop`.`cy_sessions` WHERE expiry < 1519129472

SELECT userid, adminid, user_name, user_rank, discount, email, data, expiry FROM `db_fresh_shop`.`cy_sessions` WHERE sesskey = 'b9c93bacf8268d69fcecf587d42ae3e9'

SELECT code, value FROM `db_fresh_shop`.`cy_shop_config` WHERE parent_id > 0

SELECT COUNT(*) FROM `db_fresh_shop`.`cy_order_info` WHERE add_time >= '1519102472'

SELECT COUNT(*) FROM `db_fresh_shop`.`cy_order_info` WHERE pay_time >= 1519102472

UPDATE `db_fresh_shop`.`cy_sessions` SET expiry = '1519131562', ip = '127.0.0.1', userid = '0', adminid = '0', user_name='0', user_rank='0', discount='0', email='0', data = 'a:1:{s:10:\"last_check\";i:1519102762;}' WHERE sesskey = 'b9c93bacf8268d69fcecf587d42ae3e9' LIMIT 1

DELETE FROM `db_fresh_shop`.`cy_sessions` WHERE expiry < 1519129762

SELECT userid, adminid, user_name, user_rank, discount, email, data, expiry FROM `db_fresh_shop`.`cy_sessions` WHERE sesskey = 'b9c93bacf8268d69fcecf587d42ae3e9'

SELECT code, value FROM `db_fresh_shop`.`cy_shop_config` WHERE parent_id > 0

SELECT COUNT(*) FROM `db_fresh_shop`.`cy_order_info` WHERE add_time >= '1519102762'

SELECT COUNT(*) FROM `db_fresh_shop`.`cy_order_info` WHERE pay_time >= 1519102762

UPDATE `db_fresh_shop`.`cy_sessions` SET expiry = '1519131752', ip = '127.0.0.1', userid = '0', adminid = '0', user_name='0', user_rank='0', discount='0', email='0', data = 'a:1:{s:10:\"last_check\";i:1519102952;}' WHERE sesskey = 'b9c93bacf8268d69fcecf587d42ae3e9' LIMIT 1

DELETE FROM `db_fresh_shop`.`cy_sessions` WHERE expiry < 1519129952

SELECT userid, adminid, user_name, user_rank, discount, email, data, expiry FROM `db_fresh_shop`.`cy_sessions` WHERE sesskey = 'b9c93bacf8268d69fcecf587d42ae3e9'

SELECT code, value FROM `db_fresh_shop`.`cy_shop_config` WHERE parent_id > 0

SELECT COUNT(*) FROM `db_fresh_shop`.`cy_order_info` WHERE add_time >= '1519102952'

SELECT COUNT(*) FROM `db_fresh_shop`.`cy_order_info` WHERE pay_time >= 1519102952

UPDATE `db_fresh_shop`.`cy_sessions` SET expiry = '1519131960', ip = '127.0.0.1', userid = '0', adminid = '0', user_name='0', user_rank='0', discount='0', email='0', data = 'a:1:{s:10:\"last_check\";i:1519103160;}' WHERE sesskey = 'b9c93bacf8268d69fcecf587d42ae3e9' LIMIT 1

DELETE FROM `db_fresh_shop`.`cy_sessions` WHERE expiry < 1519130160

SELECT userid, adminid, user_name, user_rank, discount, email, data, expiry FROM `db_fresh_shop`.`cy_sessions` WHERE sesskey = 'b9c93bacf8268d69fcecf587d42ae3e9'

SELECT code, value FROM `db_fresh_shop`.`cy_shop_config` WHERE parent_id > 0

SELECT COUNT(*) FROM `db_fresh_shop`.`cy_order_info` WHERE add_time >= '1519103160'

SELECT COUNT(*) FROM `db_fresh_shop`.`cy_order_info` WHERE pay_time >= 1519103160

UPDATE `db_fresh_shop`.`cy_sessions` SET expiry = '1519132152', ip = '127.0.0.1', userid = '0', adminid = '0', user_name='0', user_rank='0', discount='0', email='0', data = 'a:1:{s:10:\"last_check\";i:1519103352;}' WHERE sesskey = 'b9c93bacf8268d69fcecf587d42ae3e9' LIMIT 1

DELETE FROM `db_fresh_shop`.`cy_sessions` WHERE expiry < 1519130352

SELECT userid, adminid, user_name, user_rank, discount, email, data, expiry FROM `db_fresh_shop`.`cy_sessions` WHERE sesskey = 'b9c93bacf8268d69fcecf587d42ae3e9'

SELECT code, value FROM `db_fresh_shop`.`cy_shop_config` WHERE parent_id > 0

SELECT COUNT(*) FROM `db_fresh_shop`.`cy_order_info` WHERE add_time >= '1519103352'

SELECT COUNT(*) FROM `db_fresh_shop`.`cy_order_info` WHERE pay_time >= 1519103352

UPDATE `db_fresh_shop`.`cy_sessions` SET expiry = '1519132362', ip = '127.0.0.1', userid = '0', adminid = '0', user_name='0', user_rank='0', discount='0', email='0', data = 'a:1:{s:10:\"last_check\";i:1519103562;}' WHERE sesskey = 'b9c93bacf8268d69fcecf587d42ae3e9' LIMIT 1

DELETE FROM `db_fresh_shop`.`cy_sessions_data` WHERE expiry < 1519130562

DELETE FROM `db_fresh_shop`.`cy_sessions` WHERE expiry < 1519130562

SELECT userid, adminid, user_name, user_rank, discount, email, data, expiry FROM `db_fresh_shop`.`cy_sessions` WHERE sesskey = 'b9c93bacf8268d69fcecf587d42ae3e9'

SELECT code, value FROM `db_fresh_shop`.`cy_shop_config` WHERE parent_id > 0

SELECT COUNT(*) FROM `db_fresh_shop`.`cy_order_info` WHERE add_time >= '1519103562'

SELECT COUNT(*) FROM `db_fresh_shop`.`cy_order_info` WHERE pay_time >= 1519103562

UPDATE `db_fresh_shop`.`cy_sessions` SET expiry = '1519132560', ip = '127.0.0.1', userid = '0', adminid = '0', user_name='0', user_rank='0', discount='0', email='0', data = 'a:1:{s:10:\"last_check\";i:1519103760;}' WHERE sesskey = 'b9c93bacf8268d69fcecf587d42ae3e9' LIMIT 1

DELETE FROM `db_fresh_shop`.`cy_sessions` WHERE expiry < 1519130760

SELECT userid, adminid, user_name, user_rank, discount, email, data, expiry FROM `db_fresh_shop`.`cy_sessions` WHERE sesskey = 'b9c93bacf8268d69fcecf587d42ae3e9'

SELECT code, value FROM `db_fresh_shop`.`cy_shop_config` WHERE parent_id > 0

SELECT COUNT(*) FROM `db_fresh_shop`.`cy_order_info` WHERE add_time >= '1519103760'

SELECT COUNT(*) FROM `db_fresh_shop`.`cy_order_info` WHERE pay_time >= 1519103760

UPDATE `db_fresh_shop`.`cy_sessions` SET expiry = '1519132762', ip = '127.0.0.1', userid = '0', adminid = '0', user_name='0', user_rank='0', discount='0', email='0', data = 'a:1:{s:10:\"last_check\";i:1519103962;}' WHERE sesskey = 'b9c93bacf8268d69fcecf587d42ae3e9' LIMIT 1

DELETE FROM `db_fresh_shop`.`cy_sessions_data` WHERE expiry < 1519130962

DELETE FROM `db_fresh_shop`.`cy_sessions` WHERE expiry < 1519130962

SELECT userid, adminid, user_name, user_rank, discount, email, data, expiry FROM `db_fresh_shop`.`cy_sessions` WHERE sesskey = 'b9c93bacf8268d69fcecf587d42ae3e9'

SELECT code, value FROM `db_fresh_shop`.`cy_shop_config` WHERE parent_id > 0

SELECT COUNT(*) FROM `db_fresh_shop`.`cy_order_info` WHERE add_time >= '1519103962'

SELECT COUNT(*) FROM `db_fresh_shop`.`cy_order_info` WHERE pay_time >= 1519103962

UPDATE `db_fresh_shop`.`cy_sessions` SET expiry = '1519132962', ip = '127.0.0.1', userid = '0', adminid = '0', user_name='0', user_rank='0', discount='0', email='0', data = 'a:1:{s:10:\"last_check\";i:1519104162;}' WHERE sesskey = 'b9c93bacf8268d69fcecf587d42ae3e9' LIMIT 1

DELETE FROM `db_fresh_shop`.`cy_sessions` WHERE expiry < 1519131162

