INSERT INTO `db_fresh_shop`.`cy_sessions` (sesskey, expiry, ip, data) VALUES ('fe091c08703e4236108c4109cef128a8', '1518478981', '42.5.111.74', 'a:0:{}')

SELECT code, value FROM `db_fresh_shop`.`cy_shop_config` WHERE parent_id > 0

SELECT user_id, user_name, password, action_list, last_login  FROM `db_fresh_shop`.`cy_admin_user` WHERE user_id = '1'

UPDATE `db_fresh_shop`.`cy_admin_user` SET last_login = '1518450181', last_ip = '42.5.111.74' WHERE user_id = '1'

UPDATE `db_fresh_shop`.`cy_sessions` SET expiry = '1518478982', ip = '42.5.111.74', userid = '0', adminid = '1', user_name='0', user_rank='0', discount='0', email='0', data = 'a:3:{s:10:\"admin_name\";s:5:\"admin\";s:11:\"action_list\";s:3:\"all\";s:10:\"last_check\";s:0:\"\";}' WHERE sesskey = 'fe091c08703e4236108c4109cef128a8' LIMIT 1

DELETE FROM `db_fresh_shop`.`cy_sessions` WHERE expiry < 1518477182

SELECT userid, adminid, user_name, user_rank, discount, email, data, expiry FROM `db_fresh_shop`.`cy_sessions` WHERE sesskey = 'fe091c08703e4236108c4109cef128a8'

SELECT code, value FROM `db_fresh_shop`.`cy_shop_config` WHERE parent_id > 0

SELECT message_id, sender_id, receiver_id, sent_time, readed, deleted, title, message, user_name FROM `db_fresh_shop`.`cy_admin_message` AS a, `db_fresh_shop`.`cy_admin_user` AS b WHERE a.sender_id = b.user_id AND a.receiver_id = '1' AND a.readed = 0 AND deleted = 0 ORDER BY a.sent_time DESC

SELECT pay_id, is_cod FROM `db_fresh_shop`.`cy_payment` WHERE enabled = 1

SELECT COUNT(*) FROM `db_fresh_shop`.`cy_order_info` WHERE 1  AND order_status  IN ('1','5')  AND shipping_status  IN ('1','2')  AND pay_status  IN ('2','1')  

SELECT pay_id FROM `db_fresh_shop`.`cy_payment` WHERE is_cod = 1

SELECT COUNT(*) FROM `db_fresh_shop`.`cy_order_info` WHERE 1  AND   order_status  IN ('1','5','6')  AND   shipping_status  IN ('0','3','5')  AND ( pay_status  IN ('2','1')  OR pay_id  IN ('2') ) 

SELECT pay_id FROM `db_fresh_shop`.`cy_payment` WHERE is_cod = 0

SELECT COUNT(*) FROM `db_fresh_shop`.`cy_order_info` WHERE 1  AND   order_status  IN ('1','5')  AND   pay_status = '0' AND ( shipping_status  IN ('1','2')  OR pay_id  IN ('1') ) 

SELECT COUNT(*) FROM `db_fresh_shop`.`cy_order_info` WHERE 1  AND order_status = '0' 

SELECT COUNT(*) FROM `db_fresh_shop`.`cy_order_info` WHERE  shipping_status=4

SELECT COUNT(*) AS oCount, IFNULL(SUM(order_amount), 0) AS oAmount FROM `db_fresh_shop`.`cy_order_info`

SELECT COUNT(*) FROM `db_fresh_shop`.`cy_goods` WHERE is_delete = 0 AND is_alone_sale = 1 AND is_real = 1

SELECT COUNT(*) FROM `db_fresh_shop`.`cy_goods` WHERE is_delete = 0 AND is_alone_sale = 1 AND is_real=0 AND extension_code='virtual_card'

SELECT COUNT(*) FROM `db_fresh_shop`.`cy_goods` WHERE is_delete = 0 AND is_new = 1 AND is_real = 1

SELECT COUNT(*) FROM `db_fresh_shop`.`cy_goods` WHERE is_delete = 0 AND is_new = 1 AND is_real=0 AND extension_code='virtual_card'

SELECT COUNT(*) FROM `db_fresh_shop`.`cy_goods` WHERE is_delete = 0 AND is_best = 1 AND is_real = 1

SELECT COUNT(*) FROM `db_fresh_shop`.`cy_goods` WHERE is_delete = 0 AND is_best = 1 AND is_real=0 AND extension_code='virtual_card'

SELECT COUNT(*) FROM `db_fresh_shop`.`cy_goods` WHERE is_delete = 0 AND is_hot = 1 AND is_real = 1

SELECT COUNT(*) FROM `db_fresh_shop`.`cy_goods` WHERE is_delete = 0 AND is_hot = 1 AND is_real=0 AND extension_code='virtual_card'

SELECT COUNT(*) FROM `db_fresh_shop`.`cy_goods` WHERE is_delete = 0 AND promote_price>0 AND promote_start_date <= '1518450182' AND promote_end_date >= '1518450182' AND is_real = 1

SELECT COUNT(*) FROM `db_fresh_shop`.`cy_goods` WHERE is_delete = 0 AND promote_price>0 AND promote_start_date <= '1518450182' AND promote_end_date >= '1518450182' AND is_real=0 AND extension_code='virtual_card'

SELECT COUNT(*) FROM `db_fresh_shop`.`cy_goods` WHERE is_delete = 0 AND goods_number <= warn_number AND is_real = 1

SELECT COUNT(*) FROM `db_fresh_shop`.`cy_goods` WHERE is_delete = 0 AND goods_number <= warn_number AND is_real=0 AND extension_code='virtual_card'

SELECT COUNT(*) FROM `db_fresh_shop`.`cy_stats` WHERE access_time > 1518422400

SELECT count(*) FROM `db_fresh_shop`.`cy_sessions`

SELECT COUNT(f.msg_id) FROM `db_fresh_shop`.`cy_feedback` AS f LEFT JOIN `db_fresh_shop`.`cy_feedback` AS r ON r.parent_id=f.msg_id WHERE f.parent_id=0 AND ISNULL(r.msg_id) 

SELECT COUNT(*) FROM `db_fresh_shop`.`cy_comment` WHERE status = 0 AND parent_id = 0

SELECT COUNT(*) FROM `db_fresh_shop`.`cy_booking_goods` WHERE is_dispose = 0

SELECT COUNT(*) FROM `db_fresh_shop`.`cy_user_account` WHERE process_type = 1 AND is_paid = 0 

DELETE FROM `db_fresh_shop`.`cy_sessions` WHERE expiry < 1518477182

SELECT userid, adminid, user_name, user_rank, discount, email, data, expiry FROM `db_fresh_shop`.`cy_sessions` WHERE sesskey = 'fe091c08703e4236108c4109cef128a8'

SELECT code, value FROM `db_fresh_shop`.`cy_shop_config` WHERE parent_id > 0

SELECT userid, adminid, user_name, user_rank, discount, email, data, expiry FROM `db_fresh_shop`.`cy_sessions` WHERE sesskey = 'fe091c08703e4236108c4109cef128a8'

SELECT code, value FROM `db_fresh_shop`.`cy_shop_config` WHERE parent_id > 0

SELECT COUNT(*) AS oCount, IFNULL(SUM(order_amount), 0) AS oAmount FROM `db_fresh_shop`.`cy_order_info`

SELECT COUNT(*) FROM `db_fresh_shop`.`cy_goods` WHERE is_delete = 0 AND is_alone_sale = 1 AND is_real = 1

SELECT COUNT(*) FROM `db_fresh_shop`.`cy_users`

SELECT value FROM `db_fresh_shop`.`cy_shop_config` WHERE code = 'template'

SELECT value FROM `db_fresh_shop`.`cy_shop_config` WHERE code = 'stylename'

SELECT userid, adminid, user_name, user_rank, discount, email, data, expiry FROM `db_fresh_shop`.`cy_sessions` WHERE sesskey = 'fe091c08703e4236108c4109cef128a8'

SELECT code, value FROM `db_fresh_shop`.`cy_shop_config` WHERE parent_id > 0

UPDATE `db_fresh_shop`.`cy_sessions` SET expiry = '1518478983', ip = '42.5.111.74', userid = '0', adminid = '1', user_name='0', user_rank='0', discount='0', email='0', data = 'a:3:{s:10:\"admin_name\";s:5:\"admin\";s:11:\"action_list\";s:3:\"all\";s:10:\"last_check\";i:1518450183;}' WHERE sesskey = 'fe091c08703e4236108c4109cef128a8' LIMIT 1

INSERT INTO `db_fresh_shop`.`cy_sessions` (sesskey, expiry, ip, data) VALUES ('e041842df8ff525a4c675b45dcedfaf7', '1518479041', '120.204.17.71', 'a:0:{}')

SELECT code, value FROM `db_fresh_shop`.`cy_shop_config` WHERE parent_id > 0

UPDATE `db_fresh_shop`.`cy_sessions` SET expiry = '1518479041', ip = '120.204.17.71', userid = '0', adminid = '0', user_name='0', user_rank='0', discount='0', email='0', data = 'a:0:{}' WHERE sesskey = 'e041842df8ff525a4c675b45dcedfaf7' LIMIT 1

INSERT INTO `db_fresh_shop`.`cy_sessions` (sesskey, expiry, ip, data) VALUES ('c486ca8e1059c88ca0633b4be049f73c', '1518479193', '101.226.65.107', 'a:0:{}')

INSERT INTO `db_fresh_shop`.`cy_sessions` (sesskey, expiry, ip, data) VALUES ('aafdde2356ef5577bea13a6c1c7d8a21', '1518479193', '101.226.65.107', 'a:0:{}')

SELECT code, value FROM `db_fresh_shop`.`cy_shop_config` WHERE parent_id > 0

SELECT code, value FROM `db_fresh_shop`.`cy_shop_config` WHERE parent_id > 0

UPDATE `db_fresh_shop`.`cy_sessions` SET expiry = '1518479193', ip = '101.226.65.107', userid = '0', adminid = '0', user_name='0', user_rank='0', discount='0', email='0', data = 'a:0:{}' WHERE sesskey = 'c486ca8e1059c88ca0633b4be049f73c' LIMIT 1

UPDATE `db_fresh_shop`.`cy_sessions` SET expiry = '1518479193', ip = '101.226.65.107', userid = '0', adminid = '0', user_name='0', user_rank='0', discount='0', email='0', data = 'a:0:{}' WHERE sesskey = 'aafdde2356ef5577bea13a6c1c7d8a21' LIMIT 1

SELECT userid, adminid, user_name, user_rank, discount, email, data, expiry FROM `db_fresh_shop`.`cy_sessions` WHERE sesskey = 'aafdde2356ef5577bea13a6c1c7d8a21'

SELECT code, value FROM `db_fresh_shop`.`cy_shop_config` WHERE parent_id > 0

SELECT userid, adminid, user_name, user_rank, discount, email, data, expiry FROM `db_fresh_shop`.`cy_sessions` WHERE sesskey = 'c486ca8e1059c88ca0633b4be049f73c'

SELECT code, value FROM `db_fresh_shop`.`cy_shop_config` WHERE parent_id > 0

SELECT userid, adminid, user_name, user_rank, discount, email, data, expiry FROM `db_fresh_shop`.`cy_sessions` WHERE sesskey = 'fe091c08703e4236108c4109cef128a8'

SELECT data, expiry FROM `db_fresh_shop`.`cy_sessions_data` WHERE sesskey = 'fe091c08703e4236108c4109cef128a8'

SELECT code, value FROM `db_fresh_shop`.`cy_shop_config` WHERE parent_id > 0

UPDATE `db_fresh_shop`.`cy_sessions` SET expiry = '1518480968', ip = '42.5.111.74', userid = '0', adminid = '0', user_name='0', user_rank='0', discount='0', email='0', data = 'a:1:{s:10:\"last_check\";i:1518452168;}' WHERE sesskey = 'fe091c08703e4236108c4109cef128a8' LIMIT 1

DELETE FROM `db_fresh_shop`.`cy_sessions` WHERE expiry < 1518479168

INSERT INTO `db_fresh_shop`.`cy_sessions` (sesskey, expiry, ip, data) VALUES ('09b29932282f5fe146720690d51d93a4', '1518491477', '175.175.74.97', 'a:0:{}')

SELECT code, value FROM `db_fresh_shop`.`cy_shop_config` WHERE parent_id > 0

UPDATE `db_fresh_shop`.`cy_sessions` SET expiry = '1518491477', ip = '175.175.74.97', userid = '0', adminid = '0', user_name='0', user_rank='0', discount='0', email='0', data = 'a:1:{s:10:\"last_check\";i:1518462677;}' WHERE sesskey = '09b29932282f5fe146720690d51d93a4' LIMIT 1

DELETE FROM `db_fresh_shop`.`cy_sessions_data` WHERE expiry < 1518489677

INSERT INTO `db_fresh_shop`.`cy_sessions` (sesskey, expiry, ip, data) VALUES ('00e2f7c542000b30b068cbab4d1b2807', '1518494624', '223.104.176.12', 'a:0:{}')

SELECT code, value FROM `db_fresh_shop`.`cy_shop_config` WHERE parent_id > 0

UPDATE `db_fresh_shop`.`cy_sessions` SET expiry = '1518494624', ip = '223.104.176.12', userid = '0', adminid = '0', user_name='0', user_rank='0', discount='0', email='0', data = 'a:1:{s:10:\"last_check\";i:1518465824;}' WHERE sesskey = '00e2f7c542000b30b068cbab4d1b2807' LIMIT 1

DELETE FROM `db_fresh_shop`.`cy_sessions` WHERE expiry < 1518492824

SELECT userid, adminid, user_name, user_rank, discount, email, data, expiry FROM `db_fresh_shop`.`cy_sessions` WHERE sesskey = '00e2f7c542000b30b068cbab4d1b2807'

SELECT code, value FROM `db_fresh_shop`.`cy_shop_config` WHERE parent_id > 0

SELECT COUNT(*) FROM `db_fresh_shop`.`cy_order_info` WHERE add_time >= '1518465824'

SELECT COUNT(*) FROM `db_fresh_shop`.`cy_order_info` WHERE pay_time >= 1518465824

UPDATE `db_fresh_shop`.`cy_sessions` SET expiry = '1518495060', ip = '223.104.176.12', userid = '0', adminid = '0', user_name='0', user_rank='0', discount='0', email='0', data = 'a:1:{s:10:\"last_check\";i:1518466260;}' WHERE sesskey = '00e2f7c542000b30b068cbab4d1b2807' LIMIT 1

DELETE FROM `db_fresh_shop`.`cy_sessions` WHERE expiry < 1518493260

SELECT userid, adminid, user_name, user_rank, discount, email, data, expiry FROM `db_fresh_shop`.`cy_sessions` WHERE sesskey = '00e2f7c542000b30b068cbab4d1b2807'

SELECT code, value FROM `db_fresh_shop`.`cy_shop_config` WHERE parent_id > 0

SELECT COUNT(*) FROM `db_fresh_shop`.`cy_order_info` WHERE add_time >= '1518466260'

SELECT COUNT(*) FROM `db_fresh_shop`.`cy_order_info` WHERE pay_time >= 1518466260

UPDATE `db_fresh_shop`.`cy_sessions` SET expiry = '1518496233', ip = '223.104.176.12', userid = '0', adminid = '0', user_name='0', user_rank='0', discount='0', email='0', data = 'a:1:{s:10:\"last_check\";i:1518467433;}' WHERE sesskey = '00e2f7c542000b30b068cbab4d1b2807' LIMIT 1

DELETE FROM `db_fresh_shop`.`cy_sessions_data` WHERE expiry < 1518494433

SELECT userid, adminid, user_name, user_rank, discount, email, data, expiry FROM `db_fresh_shop`.`cy_sessions` WHERE sesskey = '00e2f7c542000b30b068cbab4d1b2807'

SELECT code, value FROM `db_fresh_shop`.`cy_shop_config` WHERE parent_id > 0

SELECT COUNT(*) FROM `db_fresh_shop`.`cy_order_info` WHERE add_time >= '1518467433'

SELECT COUNT(*) FROM `db_fresh_shop`.`cy_order_info` WHERE pay_time >= 1518467433

UPDATE `db_fresh_shop`.`cy_sessions` SET expiry = '1518496492', ip = '223.104.176.12', userid = '0', adminid = '0', user_name='0', user_rank='0', discount='0', email='0', data = 'a:1:{s:10:\"last_check\";i:1518467692;}' WHERE sesskey = '00e2f7c542000b30b068cbab4d1b2807' LIMIT 1

DELETE FROM `db_fresh_shop`.`cy_sessions_data` WHERE expiry < 1518494692

DELETE FROM `db_fresh_shop`.`cy_sessions` WHERE expiry < 1518494692

SELECT userid, adminid, user_name, user_rank, discount, email, data, expiry FROM `db_fresh_shop`.`cy_sessions` WHERE sesskey = '00e2f7c542000b30b068cbab4d1b2807'

SELECT code, value FROM `db_fresh_shop`.`cy_shop_config` WHERE parent_id > 0

SELECT COUNT(*) FROM `db_fresh_shop`.`cy_order_info` WHERE add_time >= '1518467692'

SELECT COUNT(*) FROM `db_fresh_shop`.`cy_order_info` WHERE pay_time >= 1518467692

UPDATE `db_fresh_shop`.`cy_sessions` SET expiry = '1518496709', ip = '223.104.176.12', userid = '0', adminid = '0', user_name='0', user_rank='0', discount='0', email='0', data = 'a:1:{s:10:\"last_check\";i:1518467909;}' WHERE sesskey = '00e2f7c542000b30b068cbab4d1b2807' LIMIT 1

SELECT userid, adminid, user_name, user_rank, discount, email, data, expiry FROM `db_fresh_shop`.`cy_sessions` WHERE sesskey = '00e2f7c542000b30b068cbab4d1b2807'

SELECT code, value FROM `db_fresh_shop`.`cy_shop_config` WHERE parent_id > 0

SELECT COUNT(*) FROM `db_fresh_shop`.`cy_order_info` WHERE add_time >= '1518467909'

SELECT COUNT(*) FROM `db_fresh_shop`.`cy_order_info` WHERE pay_time >= 1518467909

UPDATE `db_fresh_shop`.`cy_sessions` SET expiry = '1518496907', ip = '223.104.176.12', userid = '0', adminid = '0', user_name='0', user_rank='0', discount='0', email='0', data = 'a:1:{s:10:\"last_check\";i:1518468107;}' WHERE sesskey = '00e2f7c542000b30b068cbab4d1b2807' LIMIT 1

INSERT INTO `db_fresh_shop`.`cy_sessions` (sesskey, expiry, ip, data) VALUES ('d9a25fb2f15808b0052fc7eb57c9d632', '1518497145', '175.175.74.97', 'a:0:{}')

SELECT code, value FROM `db_fresh_shop`.`cy_shop_config` WHERE parent_id > 0

UPDATE `db_fresh_shop`.`cy_sessions` SET expiry = '1518497145', ip = '175.175.74.97', userid = '0', adminid = '0', user_name='0', user_rank='0', discount='0', email='0', data = 'a:1:{s:10:\"last_check\";i:1518468345;}' WHERE sesskey = 'd9a25fb2f15808b0052fc7eb57c9d632' LIMIT 1

SELECT userid, adminid, user_name, user_rank, discount, email, data, expiry FROM `db_fresh_shop`.`cy_sessions` WHERE sesskey = 'd9a25fb2f15808b0052fc7eb57c9d632'

SELECT code, value FROM `db_fresh_shop`.`cy_shop_config` WHERE parent_id > 0

SELECT COUNT(*) FROM `db_fresh_shop`.`cy_order_info` WHERE add_time >= '1518468345'

SELECT COUNT(*) FROM `db_fresh_shop`.`cy_order_info` WHERE pay_time >= 1518468345

UPDATE `db_fresh_shop`.`cy_sessions` SET expiry = '1518497344', ip = '175.175.74.97', userid = '0', adminid = '0', user_name='0', user_rank='0', discount='0', email='0', data = 'a:1:{s:10:\"last_check\";i:1518468544;}' WHERE sesskey = 'd9a25fb2f15808b0052fc7eb57c9d632' LIMIT 1

DELETE FROM `db_fresh_shop`.`cy_sessions` WHERE expiry < 1518495544

SELECT userid, adminid, user_name, user_rank, discount, email, data, expiry FROM `db_fresh_shop`.`cy_sessions` WHERE sesskey = 'd9a25fb2f15808b0052fc7eb57c9d632'

SELECT code, value FROM `db_fresh_shop`.`cy_shop_config` WHERE parent_id > 0

SELECT COUNT(*) FROM `db_fresh_shop`.`cy_order_info` WHERE add_time >= '1518468544'

SELECT COUNT(*) FROM `db_fresh_shop`.`cy_order_info` WHERE pay_time >= 1518468544

UPDATE `db_fresh_shop`.`cy_sessions` SET expiry = '1518497677', ip = '175.175.74.97', userid = '0', adminid = '0', user_name='0', user_rank='0', discount='0', email='0', data = 'a:1:{s:10:\"last_check\";i:1518468877;}' WHERE sesskey = 'd9a25fb2f15808b0052fc7eb57c9d632' LIMIT 1

SELECT userid, adminid, user_name, user_rank, discount, email, data, expiry FROM `db_fresh_shop`.`cy_sessions` WHERE sesskey = 'd9a25fb2f15808b0052fc7eb57c9d632'

SELECT data, expiry FROM `db_fresh_shop`.`cy_sessions_data` WHERE sesskey = 'd9a25fb2f15808b0052fc7eb57c9d632'

SELECT code, value FROM `db_fresh_shop`.`cy_shop_config` WHERE parent_id > 0

UPDATE `db_fresh_shop`.`cy_sessions` SET expiry = '1518499957', ip = '175.175.74.97', userid = '0', adminid = '0', user_name='0', user_rank='0', discount='0', email='0', data = 'a:1:{s:10:\"last_check\";i:1518471157;}' WHERE sesskey = 'd9a25fb2f15808b0052fc7eb57c9d632' LIMIT 1

DELETE FROM `db_fresh_shop`.`cy_sessions_data` WHERE expiry < 1518498157

INSERT INTO `db_fresh_shop`.`cy_sessions` (sesskey, expiry, ip, data) VALUES ('5cbbb5c24d947aff6dce45134231e6cb', '1518500969', '223.104.176.12', 'a:0:{}')

SELECT code, value FROM `db_fresh_shop`.`cy_shop_config` WHERE parent_id > 0

UPDATE `db_fresh_shop`.`cy_sessions` SET expiry = '1518500969', ip = '223.104.176.12', userid = '0', adminid = '0', user_name='0', user_rank='0', discount='0', email='0', data = 'a:1:{s:10:\"last_check\";i:1518472169;}' WHERE sesskey = '5cbbb5c24d947aff6dce45134231e6cb' LIMIT 1

DELETE FROM `db_fresh_shop`.`cy_sessions_data` WHERE expiry < 1518499169

INSERT INTO `db_fresh_shop`.`cy_sessions` (sesskey, expiry, ip, data) VALUES ('b946918eee58160417b8dfc61fc2eda3', '1518501162', '223.102.245.170', 'a:0:{}')

SELECT code, value FROM `db_fresh_shop`.`cy_shop_config` WHERE parent_id > 0

UPDATE `db_fresh_shop`.`cy_sessions` SET expiry = '1518501162', ip = '223.102.245.170', userid = '0', adminid = '0', user_name='0', user_rank='0', discount='0', email='0', data = 'a:1:{s:10:\"last_check\";i:1518472362;}' WHERE sesskey = 'b946918eee58160417b8dfc61fc2eda3' LIMIT 1

DELETE FROM `db_fresh_shop`.`cy_sessions_data` WHERE expiry < 1518499362

DELETE FROM `db_fresh_shop`.`cy_sessions` WHERE expiry < 1518499362

SELECT userid, adminid, user_name, user_rank, discount, email, data, expiry FROM `db_fresh_shop`.`cy_sessions` WHERE sesskey = 'b946918eee58160417b8dfc61fc2eda3'

SELECT code, value FROM `db_fresh_shop`.`cy_shop_config` WHERE parent_id > 0

SELECT COUNT(*) FROM `db_fresh_shop`.`cy_order_info` WHERE add_time >= '1518472362'

SELECT COUNT(*) FROM `db_fresh_shop`.`cy_order_info` WHERE pay_time >= 1518472362

UPDATE `db_fresh_shop`.`cy_sessions` SET expiry = '1518501459', ip = '223.102.245.170', userid = '0', adminid = '0', user_name='0', user_rank='0', discount='0', email='0', data = 'a:1:{s:10:\"last_check\";i:1518472659;}' WHERE sesskey = 'b946918eee58160417b8dfc61fc2eda3' LIMIT 1

SELECT userid, adminid, user_name, user_rank, discount, email, data, expiry FROM `db_fresh_shop`.`cy_sessions` WHERE sesskey = 'b946918eee58160417b8dfc61fc2eda3'

SELECT code, value FROM `db_fresh_shop`.`cy_shop_config` WHERE parent_id > 0

SELECT COUNT(*) FROM `db_fresh_shop`.`cy_order_info` WHERE add_time >= '1518472659'

SELECT COUNT(*) FROM `db_fresh_shop`.`cy_order_info` WHERE pay_time >= 1518472659

UPDATE `db_fresh_shop`.`cy_sessions` SET expiry = '1518502287', ip = '223.102.245.170', userid = '0', adminid = '0', user_name='0', user_rank='0', discount='0', email='0', data = 'a:1:{s:10:\"last_check\";i:1518473487;}' WHERE sesskey = 'b946918eee58160417b8dfc61fc2eda3' LIMIT 1

INSERT INTO `db_fresh_shop`.`cy_sessions` (sesskey, expiry, ip, data) VALUES ('bddae7e7c42da376231f39f5a34c5e4e', '1518509576', '39.104.29.35', 'a:0:{}')

SELECT code, value FROM `db_fresh_shop`.`cy_shop_config` WHERE parent_id > 0

UPDATE `db_fresh_shop`.`cy_sessions` SET expiry = '1518509576', ip = '39.104.29.35', userid = '0', adminid = '0', user_name='0', user_rank='0', discount='0', email='0', data = 'a:0:{}' WHERE sesskey = 'bddae7e7c42da376231f39f5a34c5e4e' LIMIT 1

DELETE FROM `db_fresh_shop`.`cy_sessions_data` WHERE expiry < 1518507776

DELETE FROM `db_fresh_shop`.`cy_sessions` WHERE expiry < 1518507776

INSERT INTO `db_fresh_shop`.`cy_sessions` (sesskey, expiry, ip, data) VALUES ('799c4da865f5dbd61573b1c33e611774', '1518509576', '39.104.29.35', 'a:0:{}')

SELECT code, value FROM `db_fresh_shop`.`cy_shop_config` WHERE parent_id > 0

UPDATE `db_fresh_shop`.`cy_sessions` SET expiry = '1518509576', ip = '39.104.29.35', userid = '0', adminid = '0', user_name='0', user_rank='0', discount='0', email='0', data = 'a:0:{}' WHERE sesskey = '799c4da865f5dbd61573b1c33e611774' LIMIT 1

INSERT INTO `db_fresh_shop`.`cy_sessions` (sesskey, expiry, ip, data) VALUES ('f48f4ee9943e73b4a7e193b408a89f7f', '1518509579', '47.93.110.177', 'a:0:{}')

SELECT code, value FROM `db_fresh_shop`.`cy_shop_config` WHERE parent_id > 0

UPDATE `db_fresh_shop`.`cy_sessions` SET expiry = '1518509579', ip = '47.93.110.177', userid = '0', adminid = '0', user_name='0', user_rank='0', discount='0', email='0', data = 'a:0:{}' WHERE sesskey = 'f48f4ee9943e73b4a7e193b408a89f7f' LIMIT 1

INSERT INTO `db_fresh_shop`.`cy_sessions` (sesskey, expiry, ip, data) VALUES ('b607c9803d5f41608ce8e7d2819c0765', '1518509579', '47.93.110.177', 'a:0:{}')

SELECT code, value FROM `db_fresh_shop`.`cy_shop_config` WHERE parent_id > 0

UPDATE `db_fresh_shop`.`cy_sessions` SET expiry = '1518509579', ip = '47.93.110.177', userid = '0', adminid = '0', user_name='0', user_rank='0', discount='0', email='0', data = 'a:0:{}' WHERE sesskey = 'b607c9803d5f41608ce8e7d2819c0765' LIMIT 1

INSERT INTO `db_fresh_shop`.`cy_sessions` (sesskey, expiry, ip, data) VALUES ('cc00eafce0ca9c60f57cc1899fa03ad2', '1518515743', '223.104.176.12', 'a:0:{}')

SELECT code, value FROM `db_fresh_shop`.`cy_shop_config` WHERE parent_id > 0

UPDATE `db_fresh_shop`.`cy_sessions` SET expiry = '1518515743', ip = '223.104.176.12', userid = '0', adminid = '0', user_name='0', user_rank='0', discount='0', email='0', data = 'a:1:{s:10:\"last_check\";i:1518486943;}' WHERE sesskey = 'cc00eafce0ca9c60f57cc1899fa03ad2' LIMIT 1

SELECT userid, adminid, user_name, user_rank, discount, email, data, expiry FROM `db_fresh_shop`.`cy_sessions` WHERE sesskey = 'cc00eafce0ca9c60f57cc1899fa03ad2'

SELECT data, expiry FROM `db_fresh_shop`.`cy_sessions_data` WHERE sesskey = 'cc00eafce0ca9c60f57cc1899fa03ad2'

SELECT code, value FROM `db_fresh_shop`.`cy_shop_config` WHERE parent_id > 0

UPDATE `db_fresh_shop`.`cy_sessions` SET expiry = '1518520472', ip = '223.104.176.12', userid = '0', adminid = '0', user_name='0', user_rank='0', discount='0', email='0', data = 'a:1:{s:10:\"last_check\";i:1518491672;}' WHERE sesskey = 'cc00eafce0ca9c60f57cc1899fa03ad2' LIMIT 1

DELETE FROM `db_fresh_shop`.`cy_sessions_data` WHERE expiry < 1518518672

DELETE FROM `db_fresh_shop`.`cy_sessions` WHERE expiry < 1518518672

SELECT userid, adminid, user_name, user_rank, discount, email, data, expiry FROM `db_fresh_shop`.`cy_sessions` WHERE sesskey = 'cc00eafce0ca9c60f57cc1899fa03ad2'

SELECT code, value FROM `db_fresh_shop`.`cy_shop_config` WHERE parent_id > 0

SELECT COUNT(*) FROM `db_fresh_shop`.`cy_order_info` WHERE add_time >= '1518491672'

SELECT COUNT(*) FROM `db_fresh_shop`.`cy_order_info` WHERE pay_time >= 1518491672

UPDATE `db_fresh_shop`.`cy_sessions` SET expiry = '1518521134', ip = '223.104.176.12', userid = '0', adminid = '0', user_name='0', user_rank='0', discount='0', email='0', data = 'a:1:{s:10:\"last_check\";i:1518492334;}' WHERE sesskey = 'cc00eafce0ca9c60f57cc1899fa03ad2' LIMIT 1

DELETE FROM `db_fresh_shop`.`cy_sessions_data` WHERE expiry < 1518519334

DELETE FROM `db_fresh_shop`.`cy_sessions` WHERE expiry < 1518519334

INSERT INTO `db_fresh_shop`.`cy_sessions` (sesskey, expiry, ip, data) VALUES ('e180eb27d0bb53090059853ba65d76cb', '1518521545', '120.200.212.207', 'a:0:{}')

SELECT code, value FROM `db_fresh_shop`.`cy_shop_config` WHERE parent_id > 0

UPDATE `db_fresh_shop`.`cy_sessions` SET expiry = '1518521545', ip = '120.200.212.207', userid = '0', adminid = '0', user_name='0', user_rank='0', discount='0', email='0', data = 'a:1:{s:10:\"last_check\";i:1518492745;}' WHERE sesskey = 'e180eb27d0bb53090059853ba65d76cb' LIMIT 1

INSERT INTO `db_fresh_shop`.`cy_sessions` (sesskey, expiry, ip, data) VALUES ('0b6593e509744e02e5aa71899fd9e5af', '1518521752', '42.249.58.120', 'a:0:{}')

SELECT code, value FROM `db_fresh_shop`.`cy_shop_config` WHERE parent_id > 0

UPDATE `db_fresh_shop`.`cy_sessions` SET expiry = '1518521752', ip = '42.249.58.120', userid = '0', adminid = '0', user_name='0', user_rank='0', discount='0', email='0', data = 'a:0:{}' WHERE sesskey = '0b6593e509744e02e5aa71899fd9e5af' LIMIT 1

DELETE FROM `db_fresh_shop`.`cy_sessions` WHERE expiry < 1518519952

INSERT INTO `db_fresh_shop`.`cy_sessions` (sesskey, expiry, ip, data) VALUES ('b669438f0d8c4c9d4c3761b232a0acc5', '1518521752', '42.249.58.120', 'a:0:{}')

SELECT code, value FROM `db_fresh_shop`.`cy_shop_config` WHERE parent_id > 0

UPDATE `db_fresh_shop`.`cy_sessions` SET expiry = '1518521752', ip = '42.249.58.120', userid = '0', adminid = '0', user_name='0', user_rank='0', discount='0', email='0', data = 'a:0:{}' WHERE sesskey = 'b669438f0d8c4c9d4c3761b232a0acc5' LIMIT 1

DELETE FROM `db_fresh_shop`.`cy_sessions` WHERE expiry < 1518519952

INSERT INTO `db_fresh_shop`.`cy_sessions` (sesskey, expiry, ip, data) VALUES ('076f797cb332c2e96166da6e46e14120', '1518521972', '223.104.176.12', 'a:0:{}')

SELECT code, value FROM `db_fresh_shop`.`cy_shop_config` WHERE parent_id > 0

UPDATE `db_fresh_shop`.`cy_sessions` SET expiry = '1518521972', ip = '223.104.176.12', userid = '0', adminid = '0', user_name='0', user_rank='0', discount='0', email='0', data = 'a:1:{s:10:\"last_check\";i:1518493172;}' WHERE sesskey = '076f797cb332c2e96166da6e46e14120' LIMIT 1

DELETE FROM `db_fresh_shop`.`cy_sessions_data` WHERE expiry < 1518520172

DELETE FROM `db_fresh_shop`.`cy_sessions` WHERE expiry < 1518520172

SELECT userid, adminid, user_name, user_rank, discount, email, data, expiry FROM `db_fresh_shop`.`cy_sessions` WHERE sesskey = '076f797cb332c2e96166da6e46e14120'

SELECT code, value FROM `db_fresh_shop`.`cy_shop_config` WHERE parent_id > 0

SELECT COUNT(*) FROM `db_fresh_shop`.`cy_order_info` WHERE add_time >= '1518493172'

SELECT COUNT(*) FROM `db_fresh_shop`.`cy_order_info` WHERE pay_time >= 1518493172

UPDATE `db_fresh_shop`.`cy_sessions` SET expiry = '1518522525', ip = '223.104.176.12', userid = '0', adminid = '0', user_name='0', user_rank='0', discount='0', email='0', data = 'a:1:{s:10:\"last_check\";i:1518493725;}' WHERE sesskey = '076f797cb332c2e96166da6e46e14120' LIMIT 1

DELETE FROM `db_fresh_shop`.`cy_sessions_data` WHERE expiry < 1518520725

SELECT userid, adminid, user_name, user_rank, discount, email, data, expiry FROM `db_fresh_shop`.`cy_sessions` WHERE sesskey = '076f797cb332c2e96166da6e46e14120'

SELECT code, value FROM `db_fresh_shop`.`cy_shop_config` WHERE parent_id > 0

SELECT COUNT(*) FROM `db_fresh_shop`.`cy_order_info` WHERE add_time >= '1518493725'

SELECT COUNT(*) FROM `db_fresh_shop`.`cy_order_info` WHERE pay_time >= 1518493725

UPDATE `db_fresh_shop`.`cy_sessions` SET expiry = '1518523029', ip = '223.104.176.12', userid = '0', adminid = '0', user_name='0', user_rank='0', discount='0', email='0', data = 'a:1:{s:10:\"last_check\";i:1518494229;}' WHERE sesskey = '076f797cb332c2e96166da6e46e14120' LIMIT 1

SELECT userid, adminid, user_name, user_rank, discount, email, data, expiry FROM `db_fresh_shop`.`cy_sessions` WHERE sesskey = '076f797cb332c2e96166da6e46e14120'

SELECT code, value FROM `db_fresh_shop`.`cy_shop_config` WHERE parent_id > 0

SELECT COUNT(*) FROM `db_fresh_shop`.`cy_order_info` WHERE add_time >= '1518494229'

SELECT COUNT(*) FROM `db_fresh_shop`.`cy_order_info` WHERE pay_time >= 1518494229

UPDATE `db_fresh_shop`.`cy_sessions` SET expiry = '1518523222', ip = '223.104.176.12', userid = '0', adminid = '0', user_name='0', user_rank='0', discount='0', email='0', data = 'a:1:{s:10:\"last_check\";i:1518494422;}' WHERE sesskey = '076f797cb332c2e96166da6e46e14120' LIMIT 1

DELETE FROM `db_fresh_shop`.`cy_sessions` WHERE expiry < 1518521422

SELECT userid, adminid, user_name, user_rank, discount, email, data, expiry FROM `db_fresh_shop`.`cy_sessions` WHERE sesskey = '076f797cb332c2e96166da6e46e14120'

SELECT code, value FROM `db_fresh_shop`.`cy_shop_config` WHERE parent_id > 0

SELECT COUNT(*) FROM `db_fresh_shop`.`cy_order_info` WHERE add_time >= '1518494422'

SELECT COUNT(*) FROM `db_fresh_shop`.`cy_order_info` WHERE pay_time >= 1518494422

UPDATE `db_fresh_shop`.`cy_sessions` SET expiry = '1518523403', ip = '223.104.176.12', userid = '0', adminid = '0', user_name='0', user_rank='0', discount='0', email='0', data = 'a:1:{s:10:\"last_check\";i:1518494603;}' WHERE sesskey = '076f797cb332c2e96166da6e46e14120' LIMIT 1

SELECT userid, adminid, user_name, user_rank, discount, email, data, expiry FROM `db_fresh_shop`.`cy_sessions` WHERE sesskey = '076f797cb332c2e96166da6e46e14120'

SELECT code, value FROM `db_fresh_shop`.`cy_shop_config` WHERE parent_id > 0

SELECT COUNT(*) FROM `db_fresh_shop`.`cy_order_info` WHERE add_time >= '1518494603'

SELECT COUNT(*) FROM `db_fresh_shop`.`cy_order_info` WHERE pay_time >= 1518494603

UPDATE `db_fresh_shop`.`cy_sessions` SET expiry = '1518523587', ip = '223.104.176.12', userid = '0', adminid = '0', user_name='0', user_rank='0', discount='0', email='0', data = 'a:1:{s:10:\"last_check\";i:1518494787;}' WHERE sesskey = '076f797cb332c2e96166da6e46e14120' LIMIT 1

SELECT userid, adminid, user_name, user_rank, discount, email, data, expiry FROM `db_fresh_shop`.`cy_sessions` WHERE sesskey = '076f797cb332c2e96166da6e46e14120'

SELECT code, value FROM `db_fresh_shop`.`cy_shop_config` WHERE parent_id > 0

SELECT COUNT(*) FROM `db_fresh_shop`.`cy_order_info` WHERE add_time >= '1518494787'

SELECT COUNT(*) FROM `db_fresh_shop`.`cy_order_info` WHERE pay_time >= 1518494787

UPDATE `db_fresh_shop`.`cy_sessions` SET expiry = '1518523803', ip = '223.104.176.12', userid = '0', adminid = '0', user_name='0', user_rank='0', discount='0', email='0', data = 'a:1:{s:10:\"last_check\";i:1518495003;}' WHERE sesskey = '076f797cb332c2e96166da6e46e14120' LIMIT 1

SELECT userid, adminid, user_name, user_rank, discount, email, data, expiry FROM `db_fresh_shop`.`cy_sessions` WHERE sesskey = '076f797cb332c2e96166da6e46e14120'

SELECT code, value FROM `db_fresh_shop`.`cy_shop_config` WHERE parent_id > 0

SELECT COUNT(*) FROM `db_fresh_shop`.`cy_order_info` WHERE add_time >= '1518495003'

SELECT COUNT(*) FROM `db_fresh_shop`.`cy_order_info` WHERE pay_time >= 1518495003

UPDATE `db_fresh_shop`.`cy_sessions` SET expiry = '1518524027', ip = '223.104.176.12', userid = '0', adminid = '0', user_name='0', user_rank='0', discount='0', email='0', data = 'a:1:{s:10:\"last_check\";i:1518495227;}' WHERE sesskey = '076f797cb332c2e96166da6e46e14120' LIMIT 1

DELETE FROM `db_fresh_shop`.`cy_sessions_data` WHERE expiry < 1518522227

INSERT INTO `db_fresh_shop`.`cy_sessions` (sesskey, expiry, ip, data) VALUES ('9fe7b03c3c2136a59f85037c35c46002', '1518526918', '42.5.111.74', 'a:0:{}')

SELECT code, value FROM `db_fresh_shop`.`cy_shop_config` WHERE parent_id > 0

UPDATE `db_fresh_shop`.`cy_sessions` SET expiry = '1518526918', ip = '42.5.111.74', userid = '0', adminid = '0', user_name='0', user_rank='0', discount='0', email='0', data = 'a:1:{s:10:\"last_check\";i:1518498118;}' WHERE sesskey = '9fe7b03c3c2136a59f85037c35c46002' LIMIT 1

DELETE FROM `db_fresh_shop`.`cy_sessions_data` WHERE expiry < 1518525118

DELETE FROM `db_fresh_shop`.`cy_sessions` WHERE expiry < 1518525118

SELECT userid, adminid, user_name, user_rank, discount, email, data, expiry FROM `db_fresh_shop`.`cy_sessions` WHERE sesskey = '9fe7b03c3c2136a59f85037c35c46002'

SELECT code, value FROM `db_fresh_shop`.`cy_shop_config` WHERE parent_id > 0

SELECT COUNT(*) FROM `db_fresh_shop`.`cy_order_info` WHERE add_time >= '1518498118'

SELECT COUNT(*) FROM `db_fresh_shop`.`cy_order_info` WHERE pay_time >= 1518498118

UPDATE `db_fresh_shop`.`cy_sessions` SET expiry = '1518527283', ip = '42.5.111.74', userid = '0', adminid = '0', user_name='0', user_rank='0', discount='0', email='0', data = 'a:1:{s:10:\"last_check\";i:1518498483;}' WHERE sesskey = '9fe7b03c3c2136a59f85037c35c46002' LIMIT 1

DELETE FROM `db_fresh_shop`.`cy_sessions_data` WHERE expiry < 1518525483

INSERT INTO `db_fresh_shop`.`cy_sessions` (sesskey, expiry, ip, data) VALUES ('07c6970f67f9023db95e82d3226c9e5e', '1518528412', '120.78.45.96', 'a:0:{}')

SELECT code, value FROM `db_fresh_shop`.`cy_shop_config` WHERE parent_id > 0

UPDATE `db_fresh_shop`.`cy_sessions` SET expiry = '1518528412', ip = '120.78.45.96', userid = '0', adminid = '0', user_name='0', user_rank='0', discount='0', email='0', data = 'a:0:{}' WHERE sesskey = '07c6970f67f9023db95e82d3226c9e5e' LIMIT 1

DELETE FROM `db_fresh_shop`.`cy_sessions_data` WHERE expiry < 1518526612

DELETE FROM `db_fresh_shop`.`cy_sessions` WHERE expiry < 1518526612

INSERT INTO `db_fresh_shop`.`cy_sessions` (sesskey, expiry, ip, data) VALUES ('68e77cae2626defa1ec859f9fa0868a2', '1518528413', '120.78.45.96', 'a:0:{}')

SELECT code, value FROM `db_fresh_shop`.`cy_shop_config` WHERE parent_id > 0

UPDATE `db_fresh_shop`.`cy_sessions` SET expiry = '1518528413', ip = '120.78.45.96', userid = '0', adminid = '0', user_name='0', user_rank='0', discount='0', email='0', data = 'a:0:{}' WHERE sesskey = '68e77cae2626defa1ec859f9fa0868a2' LIMIT 1

DELETE FROM `db_fresh_shop`.`cy_sessions_data` WHERE expiry < 1518526613

SELECT userid, adminid, user_name, user_rank, discount, email, data, expiry FROM `db_fresh_shop`.`cy_sessions` WHERE sesskey = '9fe7b03c3c2136a59f85037c35c46002'

SELECT data, expiry FROM `db_fresh_shop`.`cy_sessions_data` WHERE sesskey = '9fe7b03c3c2136a59f85037c35c46002'

SELECT code, value FROM `db_fresh_shop`.`cy_shop_config` WHERE parent_id > 0

UPDATE `db_fresh_shop`.`cy_sessions` SET expiry = '1518529948', ip = '42.5.111.74', userid = '0', adminid = '0', user_name='0', user_rank='0', discount='0', email='0', data = 'a:1:{s:10:\"last_check\";i:1518501148;}' WHERE sesskey = '9fe7b03c3c2136a59f85037c35c46002' LIMIT 1

DELETE FROM `db_fresh_shop`.`cy_sessions` WHERE expiry < 1518528148

