SELECT userid, adminid, user_name, user_rank, discount, email, data, expiry FROM `db_fresh_shop`.`cy_sessions` WHERE sesskey = 'b9c93bacf8268d69fcecf587d42ae3e9'

SELECT data, expiry FROM `db_fresh_shop`.`cy_sessions_data` WHERE sesskey = 'b9c93bacf8268d69fcecf587d42ae3e9'

SELECT code, value FROM `db_fresh_shop`.`cy_shop_config` WHERE parent_id > 0

UPDATE `db_fresh_shop`.`cy_sessions` SET expiry = '1519045142', ip = '127.0.0.1', userid = '0', adminid = '0', user_name='0', user_rank='0', discount='0', email='0', data = 'a:1:{s:10:\"last_check\";i:1519016342;}' WHERE sesskey = 'b9c93bacf8268d69fcecf587d42ae3e9' LIMIT 1

DELETE FROM `db_fresh_shop`.`cy_sessions_data` WHERE expiry < 1519043342

DELETE FROM `db_fresh_shop`.`cy_sessions` WHERE expiry < 1519043342

SELECT userid, adminid, user_name, user_rank, discount, email, data, expiry FROM `db_fresh_shop`.`cy_sessions` WHERE sesskey = 'b9c93bacf8268d69fcecf587d42ae3e9'

SELECT code, value FROM `db_fresh_shop`.`cy_shop_config` WHERE parent_id > 0

SELECT COUNT(*) FROM `db_fresh_shop`.`cy_order_info` WHERE add_time >= '1519016342'

SELECT COUNT(*) FROM `db_fresh_shop`.`cy_order_info` WHERE pay_time >= 1519016342

UPDATE `db_fresh_shop`.`cy_sessions` SET expiry = '1519045330', ip = '127.0.0.1', userid = '0', adminid = '0', user_name='0', user_rank='0', discount='0', email='0', data = 'a:1:{s:10:\"last_check\";i:1519016530;}' WHERE sesskey = 'b9c93bacf8268d69fcecf587d42ae3e9' LIMIT 1

DELETE FROM `db_fresh_shop`.`cy_sessions_data` WHERE expiry < 1519043530

DELETE FROM `db_fresh_shop`.`cy_sessions` WHERE expiry < 1519043530

SELECT userid, adminid, user_name, user_rank, discount, email, data, expiry FROM `db_fresh_shop`.`cy_sessions` WHERE sesskey = 'b9c93bacf8268d69fcecf587d42ae3e9'

SELECT code, value FROM `db_fresh_shop`.`cy_shop_config` WHERE parent_id > 0

SELECT COUNT(*) FROM `db_fresh_shop`.`cy_order_info` WHERE add_time >= '1519016530'

SELECT COUNT(*) FROM `db_fresh_shop`.`cy_order_info` WHERE pay_time >= 1519016530

UPDATE `db_fresh_shop`.`cy_sessions` SET expiry = '1519045540', ip = '127.0.0.1', userid = '0', adminid = '0', user_name='0', user_rank='0', discount='0', email='0', data = 'a:1:{s:10:\"last_check\";i:1519016740;}' WHERE sesskey = 'b9c93bacf8268d69fcecf587d42ae3e9' LIMIT 1

DELETE FROM `db_fresh_shop`.`cy_sessions` WHERE expiry < 1519043740

SELECT userid, adminid, user_name, user_rank, discount, email, data, expiry FROM `db_fresh_shop`.`cy_sessions` WHERE sesskey = 'b9c93bacf8268d69fcecf587d42ae3e9'

SELECT code, value FROM `db_fresh_shop`.`cy_shop_config` WHERE parent_id > 0

SELECT COUNT(*) FROM `db_fresh_shop`.`cy_order_info` WHERE add_time >= '1519016740'

SELECT COUNT(*) FROM `db_fresh_shop`.`cy_order_info` WHERE pay_time >= 1519016740

UPDATE `db_fresh_shop`.`cy_sessions` SET expiry = '1519045730', ip = '127.0.0.1', userid = '0', adminid = '0', user_name='0', user_rank='0', discount='0', email='0', data = 'a:1:{s:10:\"last_check\";i:1519016930;}' WHERE sesskey = 'b9c93bacf8268d69fcecf587d42ae3e9' LIMIT 1

DELETE FROM `db_fresh_shop`.`cy_sessions` WHERE expiry < 1519043930

SELECT userid, adminid, user_name, user_rank, discount, email, data, expiry FROM `db_fresh_shop`.`cy_sessions` WHERE sesskey = 'b9c93bacf8268d69fcecf587d42ae3e9'

SELECT code, value FROM `db_fresh_shop`.`cy_shop_config` WHERE parent_id > 0

SELECT COUNT(*) FROM `db_fresh_shop`.`cy_order_info` WHERE add_time >= '1519016930'

SELECT COUNT(*) FROM `db_fresh_shop`.`cy_order_info` WHERE pay_time >= 1519016930

UPDATE `db_fresh_shop`.`cy_sessions` SET expiry = '1519045930', ip = '127.0.0.1', userid = '0', adminid = '0', user_name='0', user_rank='0', discount='0', email='0', data = 'a:1:{s:10:\"last_check\";i:1519017130;}' WHERE sesskey = 'b9c93bacf8268d69fcecf587d42ae3e9' LIMIT 1

DELETE FROM `db_fresh_shop`.`cy_sessions_data` WHERE expiry < 1519044130

DELETE FROM `db_fresh_shop`.`cy_sessions` WHERE expiry < 1519044130

SELECT userid, adminid, user_name, user_rank, discount, email, data, expiry FROM `db_fresh_shop`.`cy_sessions` WHERE sesskey = 'b9c93bacf8268d69fcecf587d42ae3e9'

SELECT code, value FROM `db_fresh_shop`.`cy_shop_config` WHERE parent_id > 0

SELECT COUNT(*) FROM `db_fresh_shop`.`cy_order_info` WHERE add_time >= '1519017130'

SELECT COUNT(*) FROM `db_fresh_shop`.`cy_order_info` WHERE pay_time >= 1519017130

UPDATE `db_fresh_shop`.`cy_sessions` SET expiry = '1519046141', ip = '127.0.0.1', userid = '0', adminid = '0', user_name='0', user_rank='0', discount='0', email='0', data = 'a:1:{s:10:\"last_check\";i:1519017341;}' WHERE sesskey = 'b9c93bacf8268d69fcecf587d42ae3e9' LIMIT 1

SELECT userid, adminid, user_name, user_rank, discount, email, data, expiry FROM `db_fresh_shop`.`cy_sessions` WHERE sesskey = 'b9c93bacf8268d69fcecf587d42ae3e9'

SELECT code, value FROM `db_fresh_shop`.`cy_shop_config` WHERE parent_id > 0

SELECT COUNT(*) FROM `db_fresh_shop`.`cy_order_info` WHERE add_time >= '1519017341'

SELECT COUNT(*) FROM `db_fresh_shop`.`cy_order_info` WHERE pay_time >= 1519017341

UPDATE `db_fresh_shop`.`cy_sessions` SET expiry = '1519046340', ip = '127.0.0.1', userid = '0', adminid = '0', user_name='0', user_rank='0', discount='0', email='0', data = 'a:1:{s:10:\"last_check\";i:1519017540;}' WHERE sesskey = 'b9c93bacf8268d69fcecf587d42ae3e9' LIMIT 1

DELETE FROM `db_fresh_shop`.`cy_sessions` WHERE expiry < 1519044540

SELECT userid, adminid, user_name, user_rank, discount, email, data, expiry FROM `db_fresh_shop`.`cy_sessions` WHERE sesskey = 'b9c93bacf8268d69fcecf587d42ae3e9'

SELECT code, value FROM `db_fresh_shop`.`cy_shop_config` WHERE parent_id > 0

SELECT COUNT(*) FROM `db_fresh_shop`.`cy_order_info` WHERE add_time >= '1519017540'

SELECT COUNT(*) FROM `db_fresh_shop`.`cy_order_info` WHERE pay_time >= 1519017540

UPDATE `db_fresh_shop`.`cy_sessions` SET expiry = '1519046550', ip = '127.0.0.1', userid = '0', adminid = '0', user_name='0', user_rank='0', discount='0', email='0', data = 'a:1:{s:10:\"last_check\";i:1519017750;}' WHERE sesskey = 'b9c93bacf8268d69fcecf587d42ae3e9' LIMIT 1

DELETE FROM `db_fresh_shop`.`cy_sessions` WHERE expiry < 1519044750

SELECT userid, adminid, user_name, user_rank, discount, email, data, expiry FROM `db_fresh_shop`.`cy_sessions` WHERE sesskey = 'b9c93bacf8268d69fcecf587d42ae3e9'

SELECT code, value FROM `db_fresh_shop`.`cy_shop_config` WHERE parent_id > 0

SELECT COUNT(*) FROM `db_fresh_shop`.`cy_order_info` WHERE add_time >= '1519017750'

SELECT COUNT(*) FROM `db_fresh_shop`.`cy_order_info` WHERE pay_time >= 1519017750

UPDATE `db_fresh_shop`.`cy_sessions` SET expiry = '1519046780', ip = '127.0.0.1', userid = '0', adminid = '0', user_name='0', user_rank='0', discount='0', email='0', data = 'a:1:{s:10:\"last_check\";i:1519017980;}' WHERE sesskey = 'b9c93bacf8268d69fcecf587d42ae3e9' LIMIT 1

DELETE FROM `db_fresh_shop`.`cy_sessions` WHERE expiry < 1519044980

SELECT userid, adminid, user_name, user_rank, discount, email, data, expiry FROM `db_fresh_shop`.`cy_sessions` WHERE sesskey = 'b9c93bacf8268d69fcecf587d42ae3e9'

SELECT code, value FROM `db_fresh_shop`.`cy_shop_config` WHERE parent_id > 0

SELECT COUNT(*) FROM `db_fresh_shop`.`cy_order_info` WHERE add_time >= '1519017980'

SELECT COUNT(*) FROM `db_fresh_shop`.`cy_order_info` WHERE pay_time >= 1519017980

UPDATE `db_fresh_shop`.`cy_sessions` SET expiry = '1519046979', ip = '127.0.0.1', userid = '0', adminid = '0', user_name='0', user_rank='0', discount='0', email='0', data = 'a:1:{s:10:\"last_check\";i:1519018179;}' WHERE sesskey = 'b9c93bacf8268d69fcecf587d42ae3e9' LIMIT 1

SELECT userid, adminid, user_name, user_rank, discount, email, data, expiry FROM `db_fresh_shop`.`cy_sessions` WHERE sesskey = 'b9c93bacf8268d69fcecf587d42ae3e9'

SELECT code, value FROM `db_fresh_shop`.`cy_shop_config` WHERE parent_id > 0

SELECT COUNT(*) FROM `db_fresh_shop`.`cy_order_info` WHERE add_time >= '1519018179'

SELECT COUNT(*) FROM `db_fresh_shop`.`cy_order_info` WHERE pay_time >= 1519018179

UPDATE `db_fresh_shop`.`cy_sessions` SET expiry = '1519047170', ip = '127.0.0.1', userid = '0', adminid = '0', user_name='0', user_rank='0', discount='0', email='0', data = 'a:1:{s:10:\"last_check\";i:1519018370;}' WHERE sesskey = 'b9c93bacf8268d69fcecf587d42ae3e9' LIMIT 1

DELETE FROM `db_fresh_shop`.`cy_sessions` WHERE expiry < 1519045370

SELECT userid, adminid, user_name, user_rank, discount, email, data, expiry FROM `db_fresh_shop`.`cy_sessions` WHERE sesskey = 'b9c93bacf8268d69fcecf587d42ae3e9'

SELECT code, value FROM `db_fresh_shop`.`cy_shop_config` WHERE parent_id > 0

SELECT COUNT(*) FROM `db_fresh_shop`.`cy_order_info` WHERE add_time >= '1519018370'

SELECT COUNT(*) FROM `db_fresh_shop`.`cy_order_info` WHERE pay_time >= 1519018370

UPDATE `db_fresh_shop`.`cy_sessions` SET expiry = '1519047383', ip = '127.0.0.1', userid = '0', adminid = '0', user_name='0', user_rank='0', discount='0', email='0', data = 'a:1:{s:10:\"last_check\";i:1519018583;}' WHERE sesskey = 'b9c93bacf8268d69fcecf587d42ae3e9' LIMIT 1

SELECT userid, adminid, user_name, user_rank, discount, email, data, expiry FROM `db_fresh_shop`.`cy_sessions` WHERE sesskey = 'b9c93bacf8268d69fcecf587d42ae3e9'

SELECT code, value FROM `db_fresh_shop`.`cy_shop_config` WHERE parent_id > 0

SELECT COUNT(*) FROM `db_fresh_shop`.`cy_order_info` WHERE add_time >= '1519018583'

SELECT COUNT(*) FROM `db_fresh_shop`.`cy_order_info` WHERE pay_time >= 1519018583

UPDATE `db_fresh_shop`.`cy_sessions` SET expiry = '1519047587', ip = '127.0.0.1', userid = '0', adminid = '0', user_name='0', user_rank='0', discount='0', email='0', data = 'a:1:{s:10:\"last_check\";i:1519018787;}' WHERE sesskey = 'b9c93bacf8268d69fcecf587d42ae3e9' LIMIT 1

SELECT userid, adminid, user_name, user_rank, discount, email, data, expiry FROM `db_fresh_shop`.`cy_sessions` WHERE sesskey = 'b9c93bacf8268d69fcecf587d42ae3e9'

SELECT code, value FROM `db_fresh_shop`.`cy_shop_config` WHERE parent_id > 0

SELECT COUNT(*) FROM `db_fresh_shop`.`cy_order_info` WHERE add_time >= '1519018787'

SELECT COUNT(*) FROM `db_fresh_shop`.`cy_order_info` WHERE pay_time >= 1519018787

UPDATE `db_fresh_shop`.`cy_sessions` SET expiry = '1519047780', ip = '127.0.0.1', userid = '0', adminid = '0', user_name='0', user_rank='0', discount='0', email='0', data = 'a:1:{s:10:\"last_check\";i:1519018980;}' WHERE sesskey = 'b9c93bacf8268d69fcecf587d42ae3e9' LIMIT 1

DELETE FROM `db_fresh_shop`.`cy_sessions_data` WHERE expiry < 1519045980

DELETE FROM `db_fresh_shop`.`cy_sessions` WHERE expiry < 1519045980

SELECT userid, adminid, user_name, user_rank, discount, email, data, expiry FROM `db_fresh_shop`.`cy_sessions` WHERE sesskey = 'b9c93bacf8268d69fcecf587d42ae3e9'

SELECT code, value FROM `db_fresh_shop`.`cy_shop_config` WHERE parent_id > 0

SELECT COUNT(*) FROM `db_fresh_shop`.`cy_order_info` WHERE add_time >= '1519018980'

SELECT COUNT(*) FROM `db_fresh_shop`.`cy_order_info` WHERE pay_time >= 1519018980

UPDATE `db_fresh_shop`.`cy_sessions` SET expiry = '1519047980', ip = '127.0.0.1', userid = '0', adminid = '0', user_name='0', user_rank='0', discount='0', email='0', data = 'a:1:{s:10:\"last_check\";i:1519019180;}' WHERE sesskey = 'b9c93bacf8268d69fcecf587d42ae3e9' LIMIT 1

DELETE FROM `db_fresh_shop`.`cy_sessions` WHERE expiry < 1519046180

