INSERT INTO `db_fresh_shop`.`cy_sessions` (sesskey, expiry, ip, data) VALUES ('009ed861b5218078c577a1f2d458a945', '1507977625', '118.206.64.22', 'a:0:{}')

SELECT code, value FROM `db_fresh_shop`.`cy_shop_config` WHERE parent_id > 0

SELECT user_id, user_name, password, action_list, last_login  FROM `db_fresh_shop`.`cy_admin_user` WHERE user_id = '1'

UPDATE `db_fresh_shop`.`cy_sessions` SET expiry = '1507977625', ip = '118.206.64.22', userid = '0', adminid = '0', user_name='0', user_rank='0', discount='0', email='0', data = 'a:0:{}' WHERE sesskey = '009ed861b5218078c577a1f2d458a945' LIMIT 1

SELECT userid, adminid, user_name, user_rank, discount, email, data, expiry FROM `db_fresh_shop`.`cy_sessions` WHERE sesskey = '009ed861b5218078c577a1f2d458a945'

SELECT code, value FROM `db_fresh_shop`.`cy_shop_config` WHERE parent_id > 0

SELECT userid, adminid, user_name, user_rank, discount, email, data, expiry FROM `db_fresh_shop`.`cy_sessions` WHERE sesskey = '009ed861b5218078c577a1f2d458a945'

SELECT code, value FROM `db_fresh_shop`.`cy_shop_config` WHERE parent_id > 0

SELECT `ec_salt` FROM `db_fresh_shop`.`cy_admin_user`WHERE user_name = 'admin'

SELECT user_id, user_name, password, last_login, action_list, last_login,suppliers_id,ec_salt FROM `db_fresh_shop`.`cy_admin_user` WHERE user_name = 'admin' AND password = 'a24719e63488128586f6a29c128f530b'

UPDATE `db_fresh_shop`.`cy_admin_user` SET last_login='1507948833', last_ip='118.206.64.22' WHERE user_id='1'

SELECT DISTINCT session_id FROM `db_fresh_shop`.`cy_cart` AS c, `db_fresh_shop`.`cy_sessions` AS s WHERE c.session_id = s.sesskey 

DELETE FROM `db_fresh_shop`.`cy_cart` WHERE session_id NOT  IN ('') 

UPDATE `db_fresh_shop`.`cy_sessions` SET expiry = '1507977633', ip = '118.206.64.22', userid = '0', adminid = '1', user_name='0', user_rank='0', discount='0', email='0', data = 'a:4:{s:10:\"admin_name\";s:5:\"admin\";s:11:\"action_list\";s:3:\"all\";s:10:\"last_check\";s:10:\"1506830737\";s:12:\"suppliers_id\";s:1:\"0\";}' WHERE sesskey = '009ed861b5218078c577a1f2d458a945' LIMIT 1

DELETE FROM `db_fresh_shop`.`cy_sessions_data` WHERE expiry < 1507975833

SELECT userid, adminid, user_name, user_rank, discount, email, data, expiry FROM `db_fresh_shop`.`cy_sessions` WHERE sesskey = '009ed861b5218078c577a1f2d458a945'

SELECT code, value FROM `db_fresh_shop`.`cy_shop_config` WHERE parent_id > 0

SELECT userid, adminid, user_name, user_rank, discount, email, data, expiry FROM `db_fresh_shop`.`cy_sessions` WHERE sesskey = '009ed861b5218078c577a1f2d458a945'

SELECT code, value FROM `db_fresh_shop`.`cy_shop_config` WHERE parent_id > 0

SELECT message_id, sender_id, receiver_id, sent_time, readed, deleted, title, message, user_name FROM `db_fresh_shop`.`cy_admin_message` AS a, `db_fresh_shop`.`cy_admin_user` AS b WHERE a.sender_id = b.user_id AND a.receiver_id = '1' AND a.readed = 0 AND deleted = 0 ORDER BY a.sent_time DESC

SELECT pay_id, is_cod FROM `db_fresh_shop`.`cy_payment` WHERE enabled = 1

SELECT COUNT(*) FROM `db_fresh_shop`.`cy_order_info` WHERE 1  AND order_status  IN ('1','5')  AND shipping_status  IN ('1','2')  AND pay_status  IN ('2','1')  

SELECT pay_id FROM `db_fresh_shop`.`cy_payment` WHERE is_cod = 1

SELECT COUNT(*) FROM `db_fresh_shop`.`cy_order_info` WHERE 1  AND   order_status  IN ('1','5','6')  AND   shipping_status  IN ('0','3','5')  AND ( pay_status  IN ('2','1')  OR pay_id  IN ('2') ) 

SELECT pay_id FROM `db_fresh_shop`.`cy_payment` WHERE is_cod = 0

SELECT COUNT(*) FROM `db_fresh_shop`.`cy_order_info` WHERE 1  AND   order_status  IN ('1','5')  AND   pay_status = '0' AND ( shipping_status  IN ('1','2')  OR pay_id  IN ('1') ) 

SELECT COUNT(*) FROM `db_fresh_shop`.`cy_order_info` WHERE 1  AND order_status = '0' 

SELECT COUNT(*) FROM `db_fresh_shop`.`cy_order_info` WHERE  shipping_status=4

SELECT COUNT(*) AS oCount, IFNULL(SUM(order_amount), 0) AS oAmount FROM `db_fresh_shop`.`cy_order_info`

SELECT COUNT(*) FROM `db_fresh_shop`.`cy_goods` WHERE is_delete = 0 AND is_alone_sale = 1 AND is_real = 1

SELECT COUNT(*) FROM `db_fresh_shop`.`cy_goods` WHERE is_delete = 0 AND is_alone_sale = 1 AND is_real=0 AND extension_code='virtual_card'

SELECT COUNT(*) FROM `db_fresh_shop`.`cy_goods` WHERE is_delete = 0 AND is_new = 1 AND is_real = 1

SELECT COUNT(*) FROM `db_fresh_shop`.`cy_goods` WHERE is_delete = 0 AND is_new = 1 AND is_real=0 AND extension_code='virtual_card'

SELECT COUNT(*) FROM `db_fresh_shop`.`cy_goods` WHERE is_delete = 0 AND is_best = 1 AND is_real = 1

SELECT COUNT(*) FROM `db_fresh_shop`.`cy_goods` WHERE is_delete = 0 AND is_best = 1 AND is_real=0 AND extension_code='virtual_card'

SELECT COUNT(*) FROM `db_fresh_shop`.`cy_goods` WHERE is_delete = 0 AND is_hot = 1 AND is_real = 1

SELECT COUNT(*) FROM `db_fresh_shop`.`cy_goods` WHERE is_delete = 0 AND is_hot = 1 AND is_real=0 AND extension_code='virtual_card'

SELECT COUNT(*) FROM `db_fresh_shop`.`cy_goods` WHERE is_delete = 0 AND promote_price>0 AND promote_start_date <= '1507948834' AND promote_end_date >= '1507948834' AND is_real = 1

SELECT COUNT(*) FROM `db_fresh_shop`.`cy_goods` WHERE is_delete = 0 AND promote_price>0 AND promote_start_date <= '1507948834' AND promote_end_date >= '1507948834' AND is_real=0 AND extension_code='virtual_card'

SELECT COUNT(*) FROM `db_fresh_shop`.`cy_goods` WHERE is_delete = 0 AND goods_number <= warn_number AND is_real = 1

SELECT COUNT(*) FROM `db_fresh_shop`.`cy_goods` WHERE is_delete = 0 AND goods_number <= warn_number AND is_real=0 AND extension_code='virtual_card'

SELECT COUNT(*) FROM `db_fresh_shop`.`cy_stats` WHERE access_time > 1507881600

SELECT count(*) FROM `db_fresh_shop`.`cy_sessions`

SELECT COUNT(f.msg_id) FROM `db_fresh_shop`.`cy_feedback` AS f LEFT JOIN `db_fresh_shop`.`cy_feedback` AS r ON r.parent_id=f.msg_id WHERE f.parent_id=0 AND ISNULL(r.msg_id) 

SELECT COUNT(*) FROM `db_fresh_shop`.`cy_comment` WHERE status = 0 AND parent_id = 0

SELECT COUNT(*) FROM `db_fresh_shop`.`cy_booking_goods` WHERE is_dispose = 0

SELECT COUNT(*) FROM `db_fresh_shop`.`cy_user_account` WHERE process_type = 1 AND is_paid = 0 

DELETE FROM `db_fresh_shop`.`cy_sessions` WHERE expiry < 1507975834

SELECT userid, adminid, user_name, user_rank, discount, email, data, expiry FROM `db_fresh_shop`.`cy_sessions` WHERE sesskey = '009ed861b5218078c577a1f2d458a945'

SELECT userid, adminid, user_name, user_rank, discount, email, data, expiry FROM `db_fresh_shop`.`cy_sessions` WHERE sesskey = '009ed861b5218078c577a1f2d458a945'

SELECT code, value FROM `db_fresh_shop`.`cy_shop_config` WHERE parent_id > 0

SELECT code, value FROM `db_fresh_shop`.`cy_shop_config` WHERE parent_id > 0

SELECT COUNT(*) AS oCount, IFNULL(SUM(order_amount), 0) AS oAmount FROM `db_fresh_shop`.`cy_order_info`

SELECT COUNT(*) FROM `db_fresh_shop`.`cy_goods` WHERE is_delete = 0 AND is_alone_sale = 1 AND is_real = 1

SELECT COUNT(*) FROM `db_fresh_shop`.`cy_users`

SELECT value FROM `db_fresh_shop`.`cy_shop_config` WHERE code = 'template'

SELECT value FROM `db_fresh_shop`.`cy_shop_config` WHERE code = 'stylename'

SELECT userid, adminid, user_name, user_rank, discount, email, data, expiry FROM `db_fresh_shop`.`cy_sessions` WHERE sesskey = '009ed861b5218078c577a1f2d458a945'

SELECT code, value FROM `db_fresh_shop`.`cy_shop_config` WHERE parent_id > 0

SELECT COUNT(*) FROM `db_fresh_shop`.`cy_order_info` WHERE add_time >= '1506830737'

SELECT COUNT(*) FROM `db_fresh_shop`.`cy_order_info` WHERE pay_time >= 1506830737

UPDATE `db_fresh_shop`.`cy_sessions` SET expiry = '1507977635', ip = '118.206.64.22', userid = '0', adminid = '1', user_name='0', user_rank='0', discount='0', email='0', data = 'a:4:{s:10:\"admin_name\";s:5:\"admin\";s:11:\"action_list\";s:3:\"all\";s:10:\"last_check\";i:1507948835;s:12:\"suppliers_id\";s:1:\"0\";}' WHERE sesskey = '009ed861b5218078c577a1f2d458a945' LIMIT 1

DELETE FROM `db_fresh_shop`.`cy_sessions` WHERE expiry < 1507975836

SELECT userid, adminid, user_name, user_rank, discount, email, data, expiry FROM `db_fresh_shop`.`cy_sessions` WHERE sesskey = '009ed861b5218078c577a1f2d458a945'

SELECT code, value FROM `db_fresh_shop`.`cy_shop_config` WHERE parent_id > 0

SELECT suppliers_id, suppliers_name, suppliers_desc
            FROM `db_fresh_shop`.`cy_suppliers`
            WHERE  is_check = 1 

SELECT c.cat_id, c.cat_name, c.measure_unit, c.parent_id, c.is_show, c.show_in_nav, c.grade, c.sort_order, COUNT(s.cat_id) AS has_children FROM `db_fresh_shop`.`cy_category` AS c LEFT JOIN `db_fresh_shop`.`cy_category` AS s ON s.parent_id=c.cat_id GROUP BY c.cat_id ORDER BY c.parent_id, c.sort_order ASC

SELECT cat_id, COUNT(*) AS goods_num  FROM `db_fresh_shop`.`cy_goods` WHERE is_delete = 0 AND is_on_sale = 1  GROUP BY cat_id

SELECT gc.cat_id, COUNT(*) AS goods_num  FROM `db_fresh_shop`.`cy_goods_cat` AS gc , `db_fresh_shop`.`cy_goods` AS g  WHERE g.goods_id = gc.goods_id AND g.is_delete = 0 AND g.is_on_sale = 1  GROUP BY gc.cat_id

SELECT brand_id, brand_name FROM `db_fresh_shop`.`cy_brand` ORDER BY sort_order

SELECT suppliers_id, suppliers_name, suppliers_desc
            FROM `db_fresh_shop`.`cy_suppliers`
            WHERE  is_check = 1 

SELECT COUNT(*) FROM `db_fresh_shop`.`cy_goods` AS g WHERE is_delete='0'  AND is_real='1'

SELECT goods_id, goods_name, goods_type, goods_sn, shop_price, is_on_sale, is_best, is_new, is_hot, sort_order, goods_number, integral,  (promote_price > 0 AND promote_start_date <= '1507967999' AND promote_end_date >= '1507967999') AS is_promote  FROM `db_fresh_shop`.`cy_goods` AS g WHERE is_delete='0'  AND is_real='1' ORDER BY goods_id DESC  LIMIT 0,15

SELECT DISTINCT cat_id
            FROM `db_fresh_shop`.`cy_attribute`
            WHERE attr_type = 1

UPDATE `db_fresh_shop`.`cy_sessions` SET expiry = '1507977650', ip = '118.206.64.22', userid = '0', adminid = '1', user_name='0', user_rank='0', discount='0', email='0', data = 'a:4:{s:10:\"admin_name\";s:5:\"admin\";s:11:\"action_list\";s:3:\"all\";s:10:\"last_check\";i:1507948835;s:12:\"suppliers_id\";s:1:\"0\";}' WHERE sesskey = '009ed861b5218078c577a1f2d458a945' LIMIT 1

DELETE FROM `db_fresh_shop`.`cy_sessions_data` WHERE expiry < 1507975850

DELETE FROM `db_fresh_shop`.`cy_sessions` WHERE expiry < 1507975850

SELECT userid, adminid, user_name, user_rank, discount, email, data, expiry FROM `db_fresh_shop`.`cy_sessions` WHERE sesskey = '009ed861b5218078c577a1f2d458a945'

SELECT code, value FROM `db_fresh_shop`.`cy_shop_config` WHERE parent_id > 0

SELECT * FROM `db_fresh_shop`.`cy_shop_config` WHERE type<>'hidden'   AND (parent_id<>'5' AND id<>'5') ORDER BY parent_id, sort_order, id

SELECT region_id, region_name FROM `db_fresh_shop`.`cy_region` WHERE region_type = '0' AND parent_id = '0'

SELECT region_id, region_name FROM `db_fresh_shop`.`cy_region` WHERE region_type = '1' AND parent_id = '1'

SELECT region_id, region_name FROM `db_fresh_shop`.`cy_region` WHERE region_type = '2' AND parent_id = '18'

UPDATE `db_fresh_shop`.`cy_sessions` SET expiry = '1507977663', ip = '118.206.64.22', userid = '0', adminid = '1', user_name='0', user_rank='0', discount='0', email='0', data = 'a:4:{s:10:\"admin_name\";s:5:\"admin\";s:11:\"action_list\";s:3:\"all\";s:10:\"last_check\";i:1507948835;s:12:\"suppliers_id\";s:1:\"0\";}' WHERE sesskey = '009ed861b5218078c577a1f2d458a945' LIMIT 1

SELECT userid, adminid, user_name, user_rank, discount, email, data, expiry FROM `db_fresh_shop`.`cy_sessions` WHERE sesskey = '009ed861b5218078c577a1f2d458a945'

SELECT code, value FROM `db_fresh_shop`.`cy_shop_config` WHERE parent_id > 0

SELECT suppliers_id, suppliers_name, suppliers_desc
            FROM `db_fresh_shop`.`cy_suppliers`
            WHERE  is_check = 1 

SELECT c.cat_id, c.cat_name, c.measure_unit, c.parent_id, c.is_show, c.show_in_nav, c.grade, c.sort_order, COUNT(s.cat_id) AS has_children FROM `db_fresh_shop`.`cy_category` AS c LEFT JOIN `db_fresh_shop`.`cy_category` AS s ON s.parent_id=c.cat_id GROUP BY c.cat_id ORDER BY c.parent_id, c.sort_order ASC

SELECT cat_id, COUNT(*) AS goods_num  FROM `db_fresh_shop`.`cy_goods` WHERE is_delete = 0 AND is_on_sale = 1  GROUP BY cat_id

SELECT gc.cat_id, COUNT(*) AS goods_num  FROM `db_fresh_shop`.`cy_goods_cat` AS gc , `db_fresh_shop`.`cy_goods` AS g  WHERE g.goods_id = gc.goods_id AND g.is_delete = 0 AND g.is_on_sale = 1  GROUP BY gc.cat_id

SELECT brand_id, brand_name FROM `db_fresh_shop`.`cy_brand` ORDER BY sort_order

SELECT suppliers_id, suppliers_name, suppliers_desc
            FROM `db_fresh_shop`.`cy_suppliers`
            WHERE  is_check = 1 

SELECT COUNT(*) FROM `db_fresh_shop`.`cy_goods` AS g WHERE is_delete='0'  AND is_real='1'

SELECT goods_id, goods_name, goods_type, goods_sn, shop_price, is_on_sale, is_best, is_new, is_hot, sort_order, goods_number, integral,  (promote_price > 0 AND promote_start_date <= '1507967999' AND promote_end_date >= '1507967999') AS is_promote  FROM `db_fresh_shop`.`cy_goods` AS g WHERE is_delete='0'  AND is_real='1' ORDER BY goods_id DESC  LIMIT 0,15

SELECT DISTINCT cat_id
            FROM `db_fresh_shop`.`cy_attribute`
            WHERE attr_type = 1

DELETE FROM `db_fresh_shop`.`cy_sessions_data` WHERE expiry < 1507975864

DELETE FROM `db_fresh_shop`.`cy_sessions` WHERE expiry < 1507975864

SELECT userid, adminid, user_name, user_rank, discount, email, data, expiry FROM `db_fresh_shop`.`cy_sessions` WHERE sesskey = '009ed861b5218078c577a1f2d458a945'

SELECT code, value FROM `db_fresh_shop`.`cy_shop_config` WHERE parent_id > 0

SELECT COUNT(*) FROM `db_fresh_shop`.`cy_goods` AS g WHERE is_delete='0'  AND is_real='1'

SELECT goods_id, goods_name, goods_type, goods_sn, shop_price, is_on_sale, is_best, is_new, is_hot, sort_order, goods_number, integral,  (promote_price > 0 AND promote_start_date <= '1507967999' AND promote_end_date >= '1507967999') AS is_promote  FROM `db_fresh_shop`.`cy_goods` AS g WHERE is_delete='0'  AND is_real='1' ORDER BY goods_id DESC  LIMIT 15,15

SELECT DISTINCT cat_id
            FROM `db_fresh_shop`.`cy_attribute`
            WHERE attr_type = 1

UPDATE `db_fresh_shop`.`cy_sessions` SET expiry = '1507977729', ip = '118.206.64.22', userid = '0', adminid = '1', user_name='0', user_rank='0', discount='0', email='0', data = 'a:4:{s:10:\"admin_name\";s:5:\"admin\";s:11:\"action_list\";s:3:\"all\";s:10:\"last_check\";i:1507948835;s:12:\"suppliers_id\";s:1:\"0\";}' WHERE sesskey = '009ed861b5218078c577a1f2d458a945' LIMIT 1

SELECT userid, adminid, user_name, user_rank, discount, email, data, expiry FROM `db_fresh_shop`.`cy_sessions` WHERE sesskey = '009ed861b5218078c577a1f2d458a945'

SELECT code, value FROM `db_fresh_shop`.`cy_shop_config` WHERE parent_id > 0

SELECT COUNT(*) FROM `db_fresh_shop`.`cy_goods` AS g WHERE is_delete='0'  AND is_real='1'

SELECT goods_id, goods_name, goods_type, goods_sn, shop_price, is_on_sale, is_best, is_new, is_hot, sort_order, goods_number, integral,  (promote_price > 0 AND promote_start_date <= '1507967999' AND promote_end_date >= '1507967999') AS is_promote  FROM `db_fresh_shop`.`cy_goods` AS g WHERE is_delete='0'  AND is_real='1' ORDER BY goods_id DESC  LIMIT 30,15

SELECT DISTINCT cat_id
            FROM `db_fresh_shop`.`cy_attribute`
            WHERE attr_type = 1

DELETE FROM `db_fresh_shop`.`cy_sessions` WHERE expiry < 1507975932

SELECT userid, adminid, user_name, user_rank, discount, email, data, expiry FROM `db_fresh_shop`.`cy_sessions` WHERE sesskey = '009ed861b5218078c577a1f2d458a945'

SELECT code, value FROM `db_fresh_shop`.`cy_shop_config` WHERE parent_id > 0

SELECT COUNT(*) FROM `db_fresh_shop`.`cy_goods` AS g WHERE is_delete='0'  AND is_real='1'

SELECT goods_id, goods_name, goods_type, goods_sn, shop_price, is_on_sale, is_best, is_new, is_hot, sort_order, goods_number, integral,  (promote_price > 0 AND promote_start_date <= '1507967999' AND promote_end_date >= '1507967999') AS is_promote  FROM `db_fresh_shop`.`cy_goods` AS g WHERE is_delete='0'  AND is_real='1' ORDER BY goods_id DESC  LIMIT 45,15

SELECT DISTINCT cat_id
            FROM `db_fresh_shop`.`cy_attribute`
            WHERE attr_type = 1

DELETE FROM `db_fresh_shop`.`cy_sessions_data` WHERE expiry < 1507975933

SELECT userid, adminid, user_name, user_rank, discount, email, data, expiry FROM `db_fresh_shop`.`cy_sessions` WHERE sesskey = '009ed861b5218078c577a1f2d458a945'

SELECT code, value FROM `db_fresh_shop`.`cy_shop_config` WHERE parent_id > 0

SELECT COUNT(*) FROM `db_fresh_shop`.`cy_goods` AS g WHERE is_delete='0'  AND is_real='1'

SELECT goods_id, goods_name, goods_type, goods_sn, shop_price, is_on_sale, is_best, is_new, is_hot, sort_order, goods_number, integral,  (promote_price > 0 AND promote_start_date <= '1507967999' AND promote_end_date >= '1507967999') AS is_promote  FROM `db_fresh_shop`.`cy_goods` AS g WHERE is_delete='0'  AND is_real='1' ORDER BY goods_id DESC  LIMIT 60,15

SELECT DISTINCT cat_id
            FROM `db_fresh_shop`.`cy_attribute`
            WHERE attr_type = 1

DELETE FROM `db_fresh_shop`.`cy_sessions_data` WHERE expiry < 1507975935

SELECT userid, adminid, user_name, user_rank, discount, email, data, expiry FROM `db_fresh_shop`.`cy_sessions` WHERE sesskey = '009ed861b5218078c577a1f2d458a945'

SELECT code, value FROM `db_fresh_shop`.`cy_shop_config` WHERE parent_id > 0

SELECT COUNT(*) FROM `db_fresh_shop`.`cy_goods` AS g WHERE is_delete='0'  AND is_real='1'

SELECT goods_id, goods_name, goods_type, goods_sn, shop_price, is_on_sale, is_best, is_new, is_hot, sort_order, goods_number, integral,  (promote_price > 0 AND promote_start_date <= '1507967999' AND promote_end_date >= '1507967999') AS is_promote  FROM `db_fresh_shop`.`cy_goods` AS g WHERE is_delete='0'  AND is_real='1' ORDER BY goods_id DESC  LIMIT 75,15

SELECT DISTINCT cat_id
            FROM `db_fresh_shop`.`cy_attribute`
            WHERE attr_type = 1

UPDATE `db_fresh_shop`.`cy_sessions` SET expiry = '1507977739', ip = '118.206.64.22', userid = '0', adminid = '1', user_name='0', user_rank='0', discount='0', email='0', data = 'a:4:{s:10:\"admin_name\";s:5:\"admin\";s:11:\"action_list\";s:3:\"all\";s:10:\"last_check\";i:1507948835;s:12:\"suppliers_id\";s:1:\"0\";}' WHERE sesskey = '009ed861b5218078c577a1f2d458a945' LIMIT 1

SELECT userid, adminid, user_name, user_rank, discount, email, data, expiry FROM `db_fresh_shop`.`cy_sessions` WHERE sesskey = '009ed861b5218078c577a1f2d458a945'

SELECT code, value FROM `db_fresh_shop`.`cy_shop_config` WHERE parent_id > 0

SELECT COUNT(*) FROM `db_fresh_shop`.`cy_goods` AS g WHERE is_delete='0'  AND is_real='1'

SELECT goods_id, goods_name, goods_type, goods_sn, shop_price, is_on_sale, is_best, is_new, is_hot, sort_order, goods_number, integral,  (promote_price > 0 AND promote_start_date <= '1507967999' AND promote_end_date >= '1507967999') AS is_promote  FROM `db_fresh_shop`.`cy_goods` AS g WHERE is_delete='0'  AND is_real='1' ORDER BY goods_id DESC  LIMIT 90,15

SELECT DISTINCT cat_id
            FROM `db_fresh_shop`.`cy_attribute`
            WHERE attr_type = 1

DELETE FROM `db_fresh_shop`.`cy_sessions` WHERE expiry < 1507975940

SELECT userid, adminid, user_name, user_rank, discount, email, data, expiry FROM `db_fresh_shop`.`cy_sessions` WHERE sesskey = '009ed861b5218078c577a1f2d458a945'

SELECT code, value FROM `db_fresh_shop`.`cy_shop_config` WHERE parent_id > 0

SELECT c.cat_id, c.cat_name, c.measure_unit, c.parent_id, c.is_show, c.show_in_nav, c.grade, c.sort_order, COUNT(s.cat_id) AS has_children FROM `db_fresh_shop`.`cy_category` AS c LEFT JOIN `db_fresh_shop`.`cy_category` AS s ON s.parent_id=c.cat_id GROUP BY c.cat_id ORDER BY c.parent_id, c.sort_order ASC

SELECT cat_id, COUNT(*) AS goods_num  FROM `db_fresh_shop`.`cy_goods` WHERE is_delete = 0 AND is_on_sale = 1  GROUP BY cat_id

SELECT gc.cat_id, COUNT(*) AS goods_num  FROM `db_fresh_shop`.`cy_goods_cat` AS gc , `db_fresh_shop`.`cy_goods` AS g  WHERE g.goods_id = gc.goods_id AND g.is_delete = 0 AND g.is_on_sale = 1  GROUP BY gc.cat_id

DELETE FROM `db_fresh_shop`.`cy_sessions` WHERE expiry < 1507975944

SELECT userid, adminid, user_name, user_rank, discount, email, data, expiry FROM `db_fresh_shop`.`cy_sessions` WHERE sesskey = '009ed861b5218078c577a1f2d458a945'

SELECT code, value FROM `db_fresh_shop`.`cy_shop_config` WHERE parent_id > 0

SELECT COUNT(*) FROM `db_fresh_shop`.`cy_order_info` WHERE add_time >= '1507948835'

SELECT COUNT(*) FROM `db_fresh_shop`.`cy_order_info` WHERE pay_time >= 1507948835

UPDATE `db_fresh_shop`.`cy_sessions` SET expiry = '1507977934', ip = '118.206.64.22', userid = '0', adminid = '1', user_name='0', user_rank='0', discount='0', email='0', data = 'a:4:{s:10:\"admin_name\";s:5:\"admin\";s:11:\"action_list\";s:3:\"all\";s:10:\"last_check\";i:1507949134;s:12:\"suppliers_id\";s:1:\"0\";}' WHERE sesskey = '009ed861b5218078c577a1f2d458a945' LIMIT 1

DELETE FROM `db_fresh_shop`.`cy_sessions` WHERE expiry < 1507976134

SELECT userid, adminid, user_name, user_rank, discount, email, data, expiry FROM `db_fresh_shop`.`cy_sessions` WHERE sesskey = '009ed861b5218078c577a1f2d458a945'

SELECT code, value FROM `db_fresh_shop`.`cy_shop_config` WHERE parent_id > 0

DESC `db_fresh_shop`.`cy_category`

UPDATE `db_fresh_shop`.`cy_category` SET is_show = '0' WHERE cat_id='13'

UPDATE `db_fresh_shop`.`cy_sessions` SET expiry = '1507978041', ip = '118.206.64.22', userid = '0', adminid = '1', user_name='0', user_rank='0', discount='0', email='0', data = 'a:4:{s:10:\"admin_name\";s:5:\"admin\";s:11:\"action_list\";s:3:\"all\";s:10:\"last_check\";i:1507949134;s:12:\"suppliers_id\";s:1:\"0\";}' WHERE sesskey = '009ed861b5218078c577a1f2d458a945' LIMIT 1

SELECT userid, adminid, user_name, user_rank, discount, email, data, expiry FROM `db_fresh_shop`.`cy_sessions` WHERE sesskey = '009ed861b5218078c577a1f2d458a945'

SELECT code, value FROM `db_fresh_shop`.`cy_shop_config` WHERE parent_id > 0

SELECT COUNT(*) FROM `db_fresh_shop`.`cy_order_info` WHERE add_time >= '1507949134'

SELECT COUNT(*) FROM `db_fresh_shop`.`cy_order_info` WHERE pay_time >= 1507949134

UPDATE `db_fresh_shop`.`cy_sessions` SET expiry = '1507978114', ip = '118.206.64.22', userid = '0', adminid = '1', user_name='0', user_rank='0', discount='0', email='0', data = 'a:4:{s:10:\"admin_name\";s:5:\"admin\";s:11:\"action_list\";s:3:\"all\";s:10:\"last_check\";i:1507949314;s:12:\"suppliers_id\";s:1:\"0\";}' WHERE sesskey = '009ed861b5218078c577a1f2d458a945' LIMIT 1

DELETE FROM `db_fresh_shop`.`cy_sessions_data` WHERE expiry < 1507976314

DELETE FROM `db_fresh_shop`.`cy_sessions` WHERE expiry < 1507976314

SELECT userid, adminid, user_name, user_rank, discount, email, data, expiry FROM `db_fresh_shop`.`cy_sessions` WHERE sesskey = '009ed861b5218078c577a1f2d458a945'

SELECT code, value FROM `db_fresh_shop`.`cy_shop_config` WHERE parent_id > 0

SELECT COUNT(*) FROM `db_fresh_shop`.`cy_order_info` WHERE add_time >= '1507949314'

SELECT COUNT(*) FROM `db_fresh_shop`.`cy_order_info` WHERE pay_time >= 1507949314

UPDATE `db_fresh_shop`.`cy_sessions` SET expiry = '1507978294', ip = '118.206.64.22', userid = '0', adminid = '1', user_name='0', user_rank='0', discount='0', email='0', data = 'a:4:{s:10:\"admin_name\";s:5:\"admin\";s:11:\"action_list\";s:3:\"all\";s:10:\"last_check\";i:1507949494;s:12:\"suppliers_id\";s:1:\"0\";}' WHERE sesskey = '009ed861b5218078c577a1f2d458a945' LIMIT 1

DELETE FROM `db_fresh_shop`.`cy_sessions` WHERE expiry < 1507976494

SELECT userid, adminid, user_name, user_rank, discount, email, data, expiry FROM `db_fresh_shop`.`cy_sessions` WHERE sesskey = '009ed861b5218078c577a1f2d458a945'

SELECT code, value FROM `db_fresh_shop`.`cy_shop_config` WHERE parent_id > 0

SELECT COUNT(*) FROM `db_fresh_shop`.`cy_order_info` WHERE add_time >= '1507949494'

SELECT COUNT(*) FROM `db_fresh_shop`.`cy_order_info` WHERE pay_time >= 1507949494

UPDATE `db_fresh_shop`.`cy_sessions` SET expiry = '1507978474', ip = '118.206.64.22', userid = '0', adminid = '1', user_name='0', user_rank='0', discount='0', email='0', data = 'a:4:{s:10:\"admin_name\";s:5:\"admin\";s:11:\"action_list\";s:3:\"all\";s:10:\"last_check\";i:1507949674;s:12:\"suppliers_id\";s:1:\"0\";}' WHERE sesskey = '009ed861b5218078c577a1f2d458a945' LIMIT 1

DELETE FROM `db_fresh_shop`.`cy_sessions` WHERE expiry < 1507976674

SELECT userid, adminid, user_name, user_rank, discount, email, data, expiry FROM `db_fresh_shop`.`cy_sessions` WHERE sesskey = '009ed861b5218078c577a1f2d458a945'

SELECT code, value FROM `db_fresh_shop`.`cy_shop_config` WHERE parent_id > 0

SELECT COUNT(*) FROM `db_fresh_shop`.`cy_order_info` WHERE add_time >= '1507949674'

SELECT COUNT(*) FROM `db_fresh_shop`.`cy_order_info` WHERE pay_time >= 1507949674

UPDATE `db_fresh_shop`.`cy_sessions` SET expiry = '1507978654', ip = '118.206.64.22', userid = '0', adminid = '1', user_name='0', user_rank='0', discount='0', email='0', data = 'a:4:{s:10:\"admin_name\";s:5:\"admin\";s:11:\"action_list\";s:3:\"all\";s:10:\"last_check\";i:1507949854;s:12:\"suppliers_id\";s:1:\"0\";}' WHERE sesskey = '009ed861b5218078c577a1f2d458a945' LIMIT 1

DELETE FROM `db_fresh_shop`.`cy_sessions_data` WHERE expiry < 1507976854

DELETE FROM `db_fresh_shop`.`cy_sessions` WHERE expiry < 1507976854

SELECT userid, adminid, user_name, user_rank, discount, email, data, expiry FROM `db_fresh_shop`.`cy_sessions` WHERE sesskey = '009ed861b5218078c577a1f2d458a945'

SELECT code, value FROM `db_fresh_shop`.`cy_shop_config` WHERE parent_id > 0

UPDATE `db_fresh_shop`.`cy_sessions` SET expiry = '1507979076', ip = '118.206.64.22', userid = '0', adminid = '1', user_name='0', user_rank='0', discount='0', email='0', data = 'a:4:{s:10:\"admin_name\";s:5:\"admin\";s:11:\"action_list\";s:3:\"all\";s:10:\"last_check\";i:1507949854;s:12:\"suppliers_id\";s:1:\"0\";}' WHERE sesskey = '009ed861b5218078c577a1f2d458a945' LIMIT 1

DELETE FROM `db_fresh_shop`.`cy_sessions_data` WHERE expiry < 1507977276

DELETE FROM `db_fresh_shop`.`cy_sessions` WHERE expiry < 1507977276

SELECT userid, adminid, user_name, user_rank, discount, email, data, expiry FROM `db_fresh_shop`.`cy_sessions` WHERE sesskey = '009ed861b5218078c577a1f2d458a945'

SELECT code, value FROM `db_fresh_shop`.`cy_shop_config` WHERE parent_id > 0

SELECT c.cat_id, c.cat_name, c.measure_unit, c.parent_id, c.is_show, c.show_in_nav, c.grade, c.sort_order, COUNT(s.cat_id) AS has_children FROM `db_fresh_shop`.`cy_category` AS c LEFT JOIN `db_fresh_shop`.`cy_category` AS s ON s.parent_id=c.cat_id GROUP BY c.cat_id ORDER BY c.parent_id, c.sort_order ASC

SELECT cat_id, COUNT(*) AS goods_num  FROM `db_fresh_shop`.`cy_goods` WHERE is_delete = 0 AND is_on_sale = 1  GROUP BY cat_id

SELECT gc.cat_id, COUNT(*) AS goods_num  FROM `db_fresh_shop`.`cy_goods_cat` AS gc , `db_fresh_shop`.`cy_goods` AS g  WHERE g.goods_id = gc.goods_id AND g.is_delete = 0 AND g.is_on_sale = 1  GROUP BY gc.cat_id

SELECT userid, adminid, user_name, user_rank, discount, email, data, expiry FROM `db_fresh_shop`.`cy_sessions` WHERE sesskey = '009ed861b5218078c577a1f2d458a945'

SELECT code, value FROM `db_fresh_shop`.`cy_shop_config` WHERE parent_id > 0

SELECT COUNT(*) FROM `db_fresh_shop`.`cy_order_info` WHERE add_time >= '1507949854'

SELECT COUNT(*) FROM `db_fresh_shop`.`cy_order_info` WHERE pay_time >= 1507949854

UPDATE `db_fresh_shop`.`cy_sessions` SET expiry = '1507979079', ip = '118.206.64.22', userid = '0', adminid = '1', user_name='0', user_rank='0', discount='0', email='0', data = 'a:4:{s:10:\"admin_name\";s:5:\"admin\";s:11:\"action_list\";s:3:\"all\";s:10:\"last_check\";i:1507950279;s:12:\"suppliers_id\";s:1:\"0\";}' WHERE sesskey = '009ed861b5218078c577a1f2d458a945' LIMIT 1

SELECT userid, adminid, user_name, user_rank, discount, email, data, expiry FROM `db_fresh_shop`.`cy_sessions` WHERE sesskey = '009ed861b5218078c577a1f2d458a945'

SELECT code, value FROM `db_fresh_shop`.`cy_shop_config` WHERE parent_id > 0

SELECT COUNT(*) FROM `db_fresh_shop`.`cy_order_info` WHERE add_time >= '1507950279'

SELECT COUNT(*) FROM `db_fresh_shop`.`cy_order_info` WHERE pay_time >= 1507950279

UPDATE `db_fresh_shop`.`cy_sessions` SET expiry = '1507979269', ip = '118.206.64.22', userid = '0', adminid = '1', user_name='0', user_rank='0', discount='0', email='0', data = 'a:4:{s:10:\"admin_name\";s:5:\"admin\";s:11:\"action_list\";s:3:\"all\";s:10:\"last_check\";i:1507950469;s:12:\"suppliers_id\";s:1:\"0\";}' WHERE sesskey = '009ed861b5218078c577a1f2d458a945' LIMIT 1

DELETE FROM `db_fresh_shop`.`cy_sessions_data` WHERE expiry < 1507977469

SELECT userid, adminid, user_name, user_rank, discount, email, data, expiry FROM `db_fresh_shop`.`cy_sessions` WHERE sesskey = '009ed861b5218078c577a1f2d458a945'

SELECT code, value FROM `db_fresh_shop`.`cy_shop_config` WHERE parent_id > 0

SELECT COUNT(*) FROM `db_fresh_shop`.`cy_order_info` WHERE add_time >= '1507950469'

SELECT COUNT(*) FROM `db_fresh_shop`.`cy_order_info` WHERE pay_time >= 1507950469

UPDATE `db_fresh_shop`.`cy_sessions` SET expiry = '1507979469', ip = '118.206.64.22', userid = '0', adminid = '1', user_name='0', user_rank='0', discount='0', email='0', data = 'a:4:{s:10:\"admin_name\";s:5:\"admin\";s:11:\"action_list\";s:3:\"all\";s:10:\"last_check\";i:1507950669;s:12:\"suppliers_id\";s:1:\"0\";}' WHERE sesskey = '009ed861b5218078c577a1f2d458a945' LIMIT 1

SELECT userid, adminid, user_name, user_rank, discount, email, data, expiry FROM `db_fresh_shop`.`cy_sessions` WHERE sesskey = '009ed861b5218078c577a1f2d458a945'

SELECT code, value FROM `db_fresh_shop`.`cy_shop_config` WHERE parent_id > 0

SELECT COUNT(*) FROM `db_fresh_shop`.`cy_order_info` WHERE add_time >= '1507950669'

SELECT COUNT(*) FROM `db_fresh_shop`.`cy_order_info` WHERE pay_time >= 1507950669

UPDATE `db_fresh_shop`.`cy_sessions` SET expiry = '1507979649', ip = '118.206.64.22', userid = '0', adminid = '1', user_name='0', user_rank='0', discount='0', email='0', data = 'a:4:{s:10:\"admin_name\";s:5:\"admin\";s:11:\"action_list\";s:3:\"all\";s:10:\"last_check\";i:1507950849;s:12:\"suppliers_id\";s:1:\"0\";}' WHERE sesskey = '009ed861b5218078c577a1f2d458a945' LIMIT 1

DELETE FROM `db_fresh_shop`.`cy_sessions_data` WHERE expiry < 1507977849

SELECT userid, adminid, user_name, user_rank, discount, email, data, expiry FROM `db_fresh_shop`.`cy_sessions` WHERE sesskey = '009ed861b5218078c577a1f2d458a945'

SELECT code, value FROM `db_fresh_shop`.`cy_shop_config` WHERE parent_id > 0

SELECT COUNT(*) FROM `db_fresh_shop`.`cy_order_info` WHERE add_time >= '1507950849'

SELECT COUNT(*) FROM `db_fresh_shop`.`cy_order_info` WHERE pay_time >= 1507950849

UPDATE `db_fresh_shop`.`cy_sessions` SET expiry = '1507979833', ip = '118.206.64.22', userid = '0', adminid = '1', user_name='0', user_rank='0', discount='0', email='0', data = 'a:4:{s:10:\"admin_name\";s:5:\"admin\";s:11:\"action_list\";s:3:\"all\";s:10:\"last_check\";i:1507951033;s:12:\"suppliers_id\";s:1:\"0\";}' WHERE sesskey = '009ed861b5218078c577a1f2d458a945' LIMIT 1

SELECT userid, adminid, user_name, user_rank, discount, email, data, expiry FROM `db_fresh_shop`.`cy_sessions` WHERE sesskey = '009ed861b5218078c577a1f2d458a945'

SELECT code, value FROM `db_fresh_shop`.`cy_shop_config` WHERE parent_id > 0

SELECT COUNT(*) FROM `db_fresh_shop`.`cy_order_info` WHERE add_time >= '1507951033'

SELECT COUNT(*) FROM `db_fresh_shop`.`cy_order_info` WHERE pay_time >= 1507951033

UPDATE `db_fresh_shop`.`cy_sessions` SET expiry = '1507980067', ip = '118.206.64.22', userid = '0', adminid = '1', user_name='0', user_rank='0', discount='0', email='0', data = 'a:4:{s:10:\"admin_name\";s:5:\"admin\";s:11:\"action_list\";s:3:\"all\";s:10:\"last_check\";i:1507951267;s:12:\"suppliers_id\";s:1:\"0\";}' WHERE sesskey = '009ed861b5218078c577a1f2d458a945' LIMIT 1

SELECT userid, adminid, user_name, user_rank, discount, email, data, expiry FROM `db_fresh_shop`.`cy_sessions` WHERE sesskey = '009ed861b5218078c577a1f2d458a945'

SELECT code, value FROM `db_fresh_shop`.`cy_shop_config` WHERE parent_id > 0

SELECT COUNT(*) FROM `db_fresh_shop`.`cy_order_info` WHERE add_time >= '1507951267'

SELECT COUNT(*) FROM `db_fresh_shop`.`cy_order_info` WHERE pay_time >= 1507951267

UPDATE `db_fresh_shop`.`cy_sessions` SET expiry = '1507980307', ip = '118.206.64.22', userid = '0', adminid = '1', user_name='0', user_rank='0', discount='0', email='0', data = 'a:4:{s:10:\"admin_name\";s:5:\"admin\";s:11:\"action_list\";s:3:\"all\";s:10:\"last_check\";i:1507951507;s:12:\"suppliers_id\";s:1:\"0\";}' WHERE sesskey = '009ed861b5218078c577a1f2d458a945' LIMIT 1

