SELECT userid, adminid, user_name, user_rank, discount, email, data, expiry FROM `db_fresh_shop`.`cy_sessions` WHERE sesskey = '009ed861b5218078c577a1f2d458a945'

SELECT data, expiry FROM `db_fresh_shop`.`cy_sessions_data` WHERE sesskey = '009ed861b5218078c577a1f2d458a945'

SELECT code, value FROM `db_fresh_shop`.`cy_shop_config` WHERE parent_id > 0

UPDATE `db_fresh_shop`.`cy_sessions` SET expiry = '1508040484', ip = '118.206.64.22', userid = '0', adminid = '0', user_name='0', user_rank='0', discount='0', email='0', data = 'a:1:{s:10:\"last_check\";i:1508011684;}' WHERE sesskey = '009ed861b5218078c577a1f2d458a945' LIMIT 1

DELETE FROM `db_fresh_shop`.`cy_sessions_data` WHERE expiry < 1508038684

DELETE FROM `db_fresh_shop`.`cy_sessions` WHERE expiry < 1508038684

INSERT INTO `db_fresh_shop`.`cy_sessions` (sesskey, expiry, ip, data) VALUES ('bbc4ae60a74ae602b11737b64e8aa8f9', '1508047357', '182.201.175.40', 'a:0:{}')

SELECT code, value FROM `db_fresh_shop`.`cy_shop_config` WHERE parent_id > 0

SELECT user_id, user_name, password, action_list, last_login  FROM `db_fresh_shop`.`cy_admin_user` WHERE user_id = '1'

UPDATE `db_fresh_shop`.`cy_admin_user` SET last_login = '1508018557', last_ip = '182.201.175.40' WHERE user_id = '1'

UPDATE `db_fresh_shop`.`cy_sessions` SET expiry = '1508047357', ip = '182.201.175.40', userid = '0', adminid = '1', user_name='0', user_rank='0', discount='0', email='0', data = 'a:3:{s:10:\"admin_name\";s:5:\"admin\";s:11:\"action_list\";s:3:\"all\";s:10:\"last_check\";s:0:\"\";}' WHERE sesskey = 'bbc4ae60a74ae602b11737b64e8aa8f9' LIMIT 1

DELETE FROM `db_fresh_shop`.`cy_sessions_data` WHERE expiry < 1508045557

INSERT INTO `db_fresh_shop`.`cy_sessions` (sesskey, expiry, ip, data) VALUES ('d591ee68657d2f355213faab1c6204fa', '1508047358', '182.201.175.40', 'a:0:{}')

SELECT code, value FROM `db_fresh_shop`.`cy_shop_config` WHERE parent_id > 0

SELECT user_id, user_name, password, action_list, last_login  FROM `db_fresh_shop`.`cy_admin_user` WHERE user_id = '1'

UPDATE `db_fresh_shop`.`cy_admin_user` SET last_login = '1508018558', last_ip = '182.201.175.40' WHERE user_id = '1'

UPDATE `db_fresh_shop`.`cy_sessions` SET expiry = '1508047358', ip = '182.201.175.40', userid = '0', adminid = '1', user_name='0', user_rank='0', discount='0', email='0', data = 'a:3:{s:10:\"admin_name\";s:5:\"admin\";s:11:\"action_list\";s:3:\"all\";s:10:\"last_check\";s:0:\"\";}' WHERE sesskey = 'd591ee68657d2f355213faab1c6204fa' LIMIT 1

DELETE FROM `db_fresh_shop`.`cy_sessions_data` WHERE expiry < 1508045558

DELETE FROM `db_fresh_shop`.`cy_sessions` WHERE expiry < 1508045558

SELECT userid, adminid, user_name, user_rank, discount, email, data, expiry FROM `db_fresh_shop`.`cy_sessions` WHERE sesskey = 'd591ee68657d2f355213faab1c6204fa'

SELECT code, value FROM `db_fresh_shop`.`cy_shop_config` WHERE parent_id > 0

SELECT message_id, sender_id, receiver_id, sent_time, readed, deleted, title, message, user_name FROM `db_fresh_shop`.`cy_admin_message` AS a, `db_fresh_shop`.`cy_admin_user` AS b WHERE a.sender_id = b.user_id AND a.receiver_id = '1' AND a.readed = 0 AND deleted = 0 ORDER BY a.sent_time DESC

SELECT pay_id, is_cod FROM `db_fresh_shop`.`cy_payment` WHERE enabled = 1

SELECT COUNT(*) FROM `db_fresh_shop`.`cy_order_info` WHERE 1  AND order_status  IN ('1','5')  AND shipping_status  IN ('1','2')  AND pay_status  IN ('2','1')  

SELECT pay_id FROM `db_fresh_shop`.`cy_payment` WHERE is_cod = 1

SELECT COUNT(*) FROM `db_fresh_shop`.`cy_order_info` WHERE 1  AND   order_status  IN ('1','5','6')  AND   shipping_status  IN ('0','3','5')  AND ( pay_status  IN ('2','1')  OR pay_id  IN ('2') ) 

SELECT pay_id FROM `db_fresh_shop`.`cy_payment` WHERE is_cod = 0

SELECT COUNT(*) FROM `db_fresh_shop`.`cy_order_info` WHERE 1  AND   order_status  IN ('1','5')  AND   pay_status = '0' AND ( shipping_status  IN ('1','2')  OR pay_id  IN ('1') ) 

SELECT COUNT(*) FROM `db_fresh_shop`.`cy_order_info` WHERE 1  AND order_status = '0' 

SELECT COUNT(*) FROM `db_fresh_shop`.`cy_order_info` WHERE  shipping_status=4

SELECT COUNT(*) AS oCount, IFNULL(SUM(order_amount), 0) AS oAmount FROM `db_fresh_shop`.`cy_order_info`

SELECT COUNT(*) FROM `db_fresh_shop`.`cy_goods` WHERE is_delete = 0 AND is_alone_sale = 1 AND is_real = 1

SELECT COUNT(*) FROM `db_fresh_shop`.`cy_goods` WHERE is_delete = 0 AND is_alone_sale = 1 AND is_real=0 AND extension_code='virtual_card'

SELECT COUNT(*) FROM `db_fresh_shop`.`cy_goods` WHERE is_delete = 0 AND is_new = 1 AND is_real = 1

SELECT COUNT(*) FROM `db_fresh_shop`.`cy_goods` WHERE is_delete = 0 AND is_new = 1 AND is_real=0 AND extension_code='virtual_card'

SELECT COUNT(*) FROM `db_fresh_shop`.`cy_goods` WHERE is_delete = 0 AND is_best = 1 AND is_real = 1

SELECT COUNT(*) FROM `db_fresh_shop`.`cy_goods` WHERE is_delete = 0 AND is_best = 1 AND is_real=0 AND extension_code='virtual_card'

SELECT COUNT(*) FROM `db_fresh_shop`.`cy_goods` WHERE is_delete = 0 AND is_hot = 1 AND is_real = 1

SELECT COUNT(*) FROM `db_fresh_shop`.`cy_goods` WHERE is_delete = 0 AND is_hot = 1 AND is_real=0 AND extension_code='virtual_card'

SELECT COUNT(*) FROM `db_fresh_shop`.`cy_goods` WHERE is_delete = 0 AND promote_price>0 AND promote_start_date <= '1508018558' AND promote_end_date >= '1508018558' AND is_real = 1

SELECT COUNT(*) FROM `db_fresh_shop`.`cy_goods` WHERE is_delete = 0 AND promote_price>0 AND promote_start_date <= '1508018558' AND promote_end_date >= '1508018558' AND is_real=0 AND extension_code='virtual_card'

SELECT COUNT(*) FROM `db_fresh_shop`.`cy_goods` WHERE is_delete = 0 AND goods_number <= warn_number AND is_real = 1

SELECT COUNT(*) FROM `db_fresh_shop`.`cy_goods` WHERE is_delete = 0 AND goods_number <= warn_number AND is_real=0 AND extension_code='virtual_card'

SELECT COUNT(*) FROM `db_fresh_shop`.`cy_stats` WHERE access_time > 1507968000

SELECT count(*) FROM `db_fresh_shop`.`cy_sessions`

SELECT COUNT(f.msg_id) FROM `db_fresh_shop`.`cy_feedback` AS f LEFT JOIN `db_fresh_shop`.`cy_feedback` AS r ON r.parent_id=f.msg_id WHERE f.parent_id=0 AND ISNULL(r.msg_id) 

SELECT COUNT(*) FROM `db_fresh_shop`.`cy_comment` WHERE status = 0 AND parent_id = 0

SELECT COUNT(*) FROM `db_fresh_shop`.`cy_booking_goods` WHERE is_dispose = 0

SELECT COUNT(*) FROM `db_fresh_shop`.`cy_user_account` WHERE process_type = 1 AND is_paid = 0 

DELETE FROM `db_fresh_shop`.`cy_sessions_data` WHERE expiry < 1508045558

DELETE FROM `db_fresh_shop`.`cy_sessions` WHERE expiry < 1508045558

SELECT userid, adminid, user_name, user_rank, discount, email, data, expiry FROM `db_fresh_shop`.`cy_sessions` WHERE sesskey = 'd591ee68657d2f355213faab1c6204fa'

SELECT code, value FROM `db_fresh_shop`.`cy_shop_config` WHERE parent_id > 0

SELECT COUNT(*) AS oCount, IFNULL(SUM(order_amount), 0) AS oAmount FROM `db_fresh_shop`.`cy_order_info`

SELECT COUNT(*) FROM `db_fresh_shop`.`cy_goods` WHERE is_delete = 0 AND is_alone_sale = 1 AND is_real = 1

SELECT COUNT(*) FROM `db_fresh_shop`.`cy_users`

SELECT value FROM `db_fresh_shop`.`cy_shop_config` WHERE code = 'template'

SELECT value FROM `db_fresh_shop`.`cy_shop_config` WHERE code = 'stylename'

SELECT userid, adminid, user_name, user_rank, discount, email, data, expiry FROM `db_fresh_shop`.`cy_sessions` WHERE sesskey = 'd591ee68657d2f355213faab1c6204fa'

SELECT code, value FROM `db_fresh_shop`.`cy_shop_config` WHERE parent_id > 0

DELETE FROM `db_fresh_shop`.`cy_sessions` WHERE expiry < 1508045560

DELETE FROM `db_fresh_shop`.`cy_sessions` WHERE expiry < 1508045560

SELECT userid, adminid, user_name, user_rank, discount, email, data, expiry FROM `db_fresh_shop`.`cy_sessions` WHERE sesskey = 'd591ee68657d2f355213faab1c6204fa'

SELECT code, value FROM `db_fresh_shop`.`cy_shop_config` WHERE parent_id > 0

UPDATE `db_fresh_shop`.`cy_sessions` SET expiry = '1508047360', ip = '182.201.175.40', userid = '0', adminid = '1', user_name='0', user_rank='0', discount='0', email='0', data = 'a:3:{s:10:\"admin_name\";s:5:\"admin\";s:11:\"action_list\";s:3:\"all\";s:10:\"last_check\";i:1508018560;}' WHERE sesskey = 'd591ee68657d2f355213faab1c6204fa' LIMIT 1

DELETE FROM `db_fresh_shop`.`cy_sessions` WHERE expiry < 1508045560

SELECT userid, adminid, user_name, user_rank, discount, email, data, expiry FROM `db_fresh_shop`.`cy_sessions` WHERE sesskey = 'd591ee68657d2f355213faab1c6204fa'

SELECT code, value FROM `db_fresh_shop`.`cy_shop_config` WHERE parent_id > 0

SELECT pay_id FROM `db_fresh_shop`.`cy_payment` WHERE is_cod = 0

SELECT agency_id FROM `db_fresh_shop`.`cy_admin_user` WHERE user_id = '1'

SELECT COUNT(*) FROM `db_fresh_shop`.`cy_order_info` AS o WHERE 1  AND   order_status  IN ('1','5')  AND   pay_status = '0' AND ( shipping_status  IN ('1','2')  OR pay_id  IN ('1') ) 

SELECT o.order_id, o.order_sn, o.add_time, o.order_status, o.shipping_status, o.order_amount, o.money_paid,o.pay_status, o.consignee, o.address, o.email, o.tel, o.extension_code, o.extension_id, (   o.goods_amount + o.tax + o.shipping_fee + o.insure_fee + o.pay_fee + o.pack_fee + o.card_fee ) AS total_fee, IFNULL(u.user_name, '匿名用户') AS buyer  FROM `db_fresh_shop`.`cy_order_info` AS o  LEFT JOIN `db_fresh_shop`.`cy_users` AS u ON u.user_id=o.user_id WHERE 1  AND   order_status  IN ('1','5')  AND   pay_status = '0' AND ( shipping_status  IN ('1','2')  OR pay_id  IN ('1') )  ORDER BY add_time DESC  LIMIT 0,15

SELECT userid, adminid, user_name, user_rank, discount, email, data, expiry FROM `db_fresh_shop`.`cy_sessions` WHERE sesskey = 'd591ee68657d2f355213faab1c6204fa'

SELECT code, value FROM `db_fresh_shop`.`cy_shop_config` WHERE parent_id > 0

SELECT userid, adminid, user_name, user_rank, discount, email, data, expiry FROM `db_fresh_shop`.`cy_sessions` WHERE sesskey = 'd591ee68657d2f355213faab1c6204fa'

SELECT code, value FROM `db_fresh_shop`.`cy_shop_config` WHERE parent_id > 0

SELECT COUNT(*) AS oCount, IFNULL(SUM(order_amount), 0) AS oAmount FROM `db_fresh_shop`.`cy_order_info`

SELECT COUNT(*) FROM `db_fresh_shop`.`cy_goods` WHERE is_delete = 0 AND is_alone_sale = 1 AND is_real = 1

SELECT COUNT(*) FROM `db_fresh_shop`.`cy_users`

SELECT value FROM `db_fresh_shop`.`cy_shop_config` WHERE code = 'template'

SELECT value FROM `db_fresh_shop`.`cy_shop_config` WHERE code = 'stylename'

UPDATE `db_fresh_shop`.`cy_sessions` SET expiry = '1508047370', ip = '182.201.175.40', userid = '0', adminid = '1', user_name='0', user_rank='0', discount='0', email='0', data = 'a:3:{s:10:\"admin_name\";s:5:\"admin\";s:11:\"action_list\";s:3:\"all\";s:10:\"last_check\";i:1508018560;}' WHERE sesskey = 'd591ee68657d2f355213faab1c6204fa' LIMIT 1

DELETE FROM `db_fresh_shop`.`cy_sessions_data` WHERE expiry < 1508045570

DELETE FROM `db_fresh_shop`.`cy_sessions` WHERE expiry < 1508045570

UPDATE `db_fresh_shop`.`cy_sessions` SET expiry = '1508047370', ip = '182.201.175.40', userid = '0', adminid = '1', user_name='0', user_rank='0', discount='0', email='0', data = 'a:3:{s:10:\"admin_name\";s:5:\"admin\";s:11:\"action_list\";s:3:\"all\";s:10:\"last_check\";i:1508018560;}' WHERE sesskey = 'd591ee68657d2f355213faab1c6204fa' LIMIT 1

DELETE FROM `db_fresh_shop`.`cy_sessions_data` WHERE expiry < 1508045570

DELETE FROM `db_fresh_shop`.`cy_sessions` WHERE expiry < 1508045570

SELECT userid, adminid, user_name, user_rank, discount, email, data, expiry FROM `db_fresh_shop`.`cy_sessions` WHERE sesskey = 'd591ee68657d2f355213faab1c6204fa'

SELECT code, value FROM `db_fresh_shop`.`cy_shop_config` WHERE parent_id > 0

SELECT userid, adminid, user_name, user_rank, discount, email, data, expiry FROM `db_fresh_shop`.`cy_sessions` WHERE sesskey = 'd591ee68657d2f355213faab1c6204fa'

SELECT code, value FROM `db_fresh_shop`.`cy_shop_config` WHERE parent_id > 0

SELECT userid, adminid, user_name, user_rank, discount, email, data, expiry FROM `db_fresh_shop`.`cy_sessions` WHERE sesskey = 'd591ee68657d2f355213faab1c6204fa'

SELECT message_id, sender_id, receiver_id, sent_time, readed, deleted, title, message, user_name FROM `db_fresh_shop`.`cy_admin_message` AS a, `db_fresh_shop`.`cy_admin_user` AS b WHERE a.sender_id = b.user_id AND a.receiver_id = '1' AND a.readed = 0 AND deleted = 0 ORDER BY a.sent_time DESC

SELECT pay_id, is_cod FROM `db_fresh_shop`.`cy_payment` WHERE enabled = 1

SELECT COUNT(*) FROM `db_fresh_shop`.`cy_order_info` WHERE 1  AND order_status  IN ('1','5')  AND shipping_status  IN ('1','2')  AND pay_status  IN ('2','1')  

SELECT pay_id FROM `db_fresh_shop`.`cy_payment` WHERE is_cod = 1

SELECT COUNT(*) FROM `db_fresh_shop`.`cy_order_info` WHERE 1  AND   order_status  IN ('1','5','6')  AND   shipping_status  IN ('0','3','5')  AND ( pay_status  IN ('2','1')  OR pay_id  IN ('2') ) 

SELECT userid, adminid, user_name, user_rank, discount, email, data, expiry FROM `db_fresh_shop`.`cy_sessions` WHERE sesskey = 'd591ee68657d2f355213faab1c6204fa'

SELECT pay_id FROM `db_fresh_shop`.`cy_payment` WHERE is_cod = 0

SELECT COUNT(*) FROM `db_fresh_shop`.`cy_order_info` WHERE 1  AND   order_status  IN ('1','5')  AND   pay_status = '0' AND ( shipping_status  IN ('1','2')  OR pay_id  IN ('1') ) 

SELECT COUNT(*) FROM `db_fresh_shop`.`cy_order_info` WHERE 1  AND order_status = '0' 

SELECT COUNT(*) FROM `db_fresh_shop`.`cy_order_info` WHERE  shipping_status=4

SELECT COUNT(*) AS oCount, IFNULL(SUM(order_amount), 0) AS oAmount FROM `db_fresh_shop`.`cy_order_info`

SELECT COUNT(*) FROM `db_fresh_shop`.`cy_goods` WHERE is_delete = 0 AND is_alone_sale = 1 AND is_real = 1

SELECT COUNT(*) FROM `db_fresh_shop`.`cy_goods` WHERE is_delete = 0 AND is_alone_sale = 1 AND is_real=0 AND extension_code='virtual_card'

SELECT COUNT(*) FROM `db_fresh_shop`.`cy_goods` WHERE is_delete = 0 AND is_new = 1 AND is_real = 1

SELECT COUNT(*) FROM `db_fresh_shop`.`cy_goods` WHERE is_delete = 0 AND is_new = 1 AND is_real=0 AND extension_code='virtual_card'

SELECT COUNT(*) FROM `db_fresh_shop`.`cy_goods` WHERE is_delete = 0 AND is_best = 1 AND is_real = 1

SELECT COUNT(*) FROM `db_fresh_shop`.`cy_goods` WHERE is_delete = 0 AND is_best = 1 AND is_real=0 AND extension_code='virtual_card'

SELECT COUNT(*) FROM `db_fresh_shop`.`cy_goods` WHERE is_delete = 0 AND is_hot = 1 AND is_real = 1

SELECT COUNT(*) FROM `db_fresh_shop`.`cy_goods` WHERE is_delete = 0 AND is_hot = 1 AND is_real=0 AND extension_code='virtual_card'

SELECT COUNT(*) FROM `db_fresh_shop`.`cy_goods` WHERE is_delete = 0 AND promote_price>0 AND promote_start_date <= '1508018576' AND promote_end_date >= '1508018576' AND is_real = 1

SELECT COUNT(*) FROM `db_fresh_shop`.`cy_goods` WHERE is_delete = 0 AND promote_price>0 AND promote_start_date <= '1508018576' AND promote_end_date >= '1508018576' AND is_real=0 AND extension_code='virtual_card'

SELECT COUNT(*) FROM `db_fresh_shop`.`cy_goods` WHERE is_delete = 0 AND goods_number <= warn_number AND is_real = 1

SELECT code, value FROM `db_fresh_shop`.`cy_shop_config` WHERE parent_id > 0

SELECT COUNT(*) FROM `db_fresh_shop`.`cy_goods` WHERE is_delete = 0 AND goods_number <= warn_number AND is_real=0 AND extension_code='virtual_card'

SELECT COUNT(*) FROM `db_fresh_shop`.`cy_stats` WHERE access_time > 1507968000

SELECT count(*) FROM `db_fresh_shop`.`cy_sessions`

SELECT COUNT(f.msg_id) FROM `db_fresh_shop`.`cy_feedback` AS f LEFT JOIN `db_fresh_shop`.`cy_feedback` AS r ON r.parent_id=f.msg_id WHERE f.parent_id=0 AND ISNULL(r.msg_id) 

SELECT COUNT(*) FROM `db_fresh_shop`.`cy_comment` WHERE status = 0 AND parent_id = 0

SELECT code, value FROM `db_fresh_shop`.`cy_shop_config` WHERE parent_id > 0

SELECT COUNT(*) FROM `db_fresh_shop`.`cy_booking_goods` WHERE is_dispose = 0

SELECT COUNT(*) FROM `db_fresh_shop`.`cy_user_account` WHERE process_type = 1 AND is_paid = 0 

DELETE FROM `db_fresh_shop`.`cy_sessions` WHERE expiry < 1508045576

DELETE FROM `db_fresh_shop`.`cy_sessions_data` WHERE expiry < 1508045576

DELETE FROM `db_fresh_shop`.`cy_sessions` WHERE expiry < 1508045576

SELECT COUNT(*) AS oCount, IFNULL(SUM(order_amount), 0) AS oAmount FROM `db_fresh_shop`.`cy_order_info`

SELECT COUNT(*) FROM `db_fresh_shop`.`cy_goods` WHERE is_delete = 0 AND is_alone_sale = 1 AND is_real = 1

SELECT COUNT(*) FROM `db_fresh_shop`.`cy_users`

SELECT value FROM `db_fresh_shop`.`cy_shop_config` WHERE code = 'template'

SELECT value FROM `db_fresh_shop`.`cy_shop_config` WHERE code = 'stylename'

SELECT COUNT(*) FROM `db_fresh_shop`.`cy_order_info` WHERE add_time >= '1508018560'

SELECT COUNT(*) FROM `db_fresh_shop`.`cy_order_info` WHERE pay_time >= 1508018560

DELETE FROM `db_fresh_shop`.`cy_sessions` WHERE expiry < 1508045576

UPDATE `db_fresh_shop`.`cy_sessions` SET expiry = '1508047376', ip = '182.201.175.40', userid = '0', adminid = '1', user_name='0', user_rank='0', discount='0', email='0', data = 'a:3:{s:10:\"admin_name\";s:5:\"admin\";s:11:\"action_list\";s:3:\"all\";s:10:\"last_check\";i:1508018576;}' WHERE sesskey = 'd591ee68657d2f355213faab1c6204fa' LIMIT 1

DELETE FROM `db_fresh_shop`.`cy_sessions` WHERE expiry < 1508045576

SELECT userid, adminid, user_name, user_rank, discount, email, data, expiry FROM `db_fresh_shop`.`cy_sessions` WHERE sesskey = 'd591ee68657d2f355213faab1c6204fa'

SELECT code, value FROM `db_fresh_shop`.`cy_shop_config` WHERE parent_id > 0

SELECT userid, adminid, user_name, user_rank, discount, email, data, expiry FROM `db_fresh_shop`.`cy_sessions` WHERE sesskey = 'd591ee68657d2f355213faab1c6204fa'

SELECT code, value FROM `db_fresh_shop`.`cy_shop_config` WHERE parent_id > 0

SELECT COUNT(*) AS oCount, IFNULL(SUM(order_amount), 0) AS oAmount FROM `db_fresh_shop`.`cy_order_info`

SELECT COUNT(*) FROM `db_fresh_shop`.`cy_goods` WHERE is_delete = 0 AND is_alone_sale = 1 AND is_real = 1

SELECT COUNT(*) FROM `db_fresh_shop`.`cy_users`

SELECT value FROM `db_fresh_shop`.`cy_shop_config` WHERE code = 'template'

SELECT value FROM `db_fresh_shop`.`cy_shop_config` WHERE code = 'stylename'

DELETE FROM `db_fresh_shop`.`cy_sessions` WHERE expiry < 1508045576

DELETE FROM `db_fresh_shop`.`cy_sessions` WHERE expiry < 1508045576

SELECT userid, adminid, user_name, user_rank, discount, email, data, expiry FROM `db_fresh_shop`.`cy_sessions` WHERE sesskey = 'd591ee68657d2f355213faab1c6204fa'

SELECT code, value FROM `db_fresh_shop`.`cy_shop_config` WHERE parent_id > 0

SELECT message_id, sender_id, receiver_id, sent_time, readed, deleted, title, message, user_name FROM `db_fresh_shop`.`cy_admin_message` AS a, `db_fresh_shop`.`cy_admin_user` AS b WHERE a.sender_id = b.user_id AND a.receiver_id = '1' AND a.readed = 0 AND deleted = 0 ORDER BY a.sent_time DESC

SELECT pay_id, is_cod FROM `db_fresh_shop`.`cy_payment` WHERE enabled = 1

SELECT COUNT(*) FROM `db_fresh_shop`.`cy_order_info` WHERE 1  AND order_status  IN ('1','5')  AND shipping_status  IN ('1','2')  AND pay_status  IN ('2','1')  

SELECT pay_id FROM `db_fresh_shop`.`cy_payment` WHERE is_cod = 1

SELECT COUNT(*) FROM `db_fresh_shop`.`cy_order_info` WHERE 1  AND   order_status  IN ('1','5','6')  AND   shipping_status  IN ('0','3','5')  AND ( pay_status  IN ('2','1')  OR pay_id  IN ('2') ) 

SELECT pay_id FROM `db_fresh_shop`.`cy_payment` WHERE is_cod = 0

SELECT COUNT(*) FROM `db_fresh_shop`.`cy_order_info` WHERE 1  AND   order_status  IN ('1','5')  AND   pay_status = '0' AND ( shipping_status  IN ('1','2')  OR pay_id  IN ('1') ) 

SELECT COUNT(*) FROM `db_fresh_shop`.`cy_order_info` WHERE 1  AND order_status = '0' 

SELECT COUNT(*) FROM `db_fresh_shop`.`cy_order_info` WHERE  shipping_status=4

SELECT COUNT(*) AS oCount, IFNULL(SUM(order_amount), 0) AS oAmount FROM `db_fresh_shop`.`cy_order_info`

SELECT COUNT(*) FROM `db_fresh_shop`.`cy_goods` WHERE is_delete = 0 AND is_alone_sale = 1 AND is_real = 1

SELECT COUNT(*) FROM `db_fresh_shop`.`cy_goods` WHERE is_delete = 0 AND is_alone_sale = 1 AND is_real=0 AND extension_code='virtual_card'

SELECT COUNT(*) FROM `db_fresh_shop`.`cy_goods` WHERE is_delete = 0 AND is_new = 1 AND is_real = 1

SELECT COUNT(*) FROM `db_fresh_shop`.`cy_goods` WHERE is_delete = 0 AND is_new = 1 AND is_real=0 AND extension_code='virtual_card'

SELECT COUNT(*) FROM `db_fresh_shop`.`cy_goods` WHERE is_delete = 0 AND is_best = 1 AND is_real = 1

SELECT COUNT(*) FROM `db_fresh_shop`.`cy_goods` WHERE is_delete = 0 AND is_best = 1 AND is_real=0 AND extension_code='virtual_card'

SELECT COUNT(*) FROM `db_fresh_shop`.`cy_goods` WHERE is_delete = 0 AND is_hot = 1 AND is_real = 1

SELECT COUNT(*) FROM `db_fresh_shop`.`cy_goods` WHERE is_delete = 0 AND is_hot = 1 AND is_real=0 AND extension_code='virtual_card'

SELECT COUNT(*) FROM `db_fresh_shop`.`cy_goods` WHERE is_delete = 0 AND promote_price>0 AND promote_start_date <= '1508018586' AND promote_end_date >= '1508018586' AND is_real = 1

SELECT COUNT(*) FROM `db_fresh_shop`.`cy_goods` WHERE is_delete = 0 AND promote_price>0 AND promote_start_date <= '1508018586' AND promote_end_date >= '1508018586' AND is_real=0 AND extension_code='virtual_card'

SELECT COUNT(*) FROM `db_fresh_shop`.`cy_goods` WHERE is_delete = 0 AND goods_number <= warn_number AND is_real = 1

SELECT COUNT(*) FROM `db_fresh_shop`.`cy_goods` WHERE is_delete = 0 AND goods_number <= warn_number AND is_real=0 AND extension_code='virtual_card'

SELECT COUNT(*) FROM `db_fresh_shop`.`cy_stats` WHERE access_time > 1507968000

SELECT count(*) FROM `db_fresh_shop`.`cy_sessions`

SELECT COUNT(f.msg_id) FROM `db_fresh_shop`.`cy_feedback` AS f LEFT JOIN `db_fresh_shop`.`cy_feedback` AS r ON r.parent_id=f.msg_id WHERE f.parent_id=0 AND ISNULL(r.msg_id) 

SELECT COUNT(*) FROM `db_fresh_shop`.`cy_comment` WHERE status = 0 AND parent_id = 0

SELECT COUNT(*) FROM `db_fresh_shop`.`cy_booking_goods` WHERE is_dispose = 0

SELECT COUNT(*) FROM `db_fresh_shop`.`cy_user_account` WHERE process_type = 1 AND is_paid = 0 

UPDATE `db_fresh_shop`.`cy_sessions` SET expiry = '1508047386', ip = '182.201.175.40', userid = '0', adminid = '1', user_name='0', user_rank='0', discount='0', email='0', data = 'a:3:{s:10:\"admin_name\";s:5:\"admin\";s:11:\"action_list\";s:3:\"all\";s:10:\"last_check\";i:1508018576;}' WHERE sesskey = 'd591ee68657d2f355213faab1c6204fa' LIMIT 1

DELETE FROM `db_fresh_shop`.`cy_sessions` WHERE expiry < 1508045586

SELECT userid, adminid, user_name, user_rank, discount, email, data, expiry FROM `db_fresh_shop`.`cy_sessions` WHERE sesskey = 'd591ee68657d2f355213faab1c6204fa'

SELECT code, value FROM `db_fresh_shop`.`cy_shop_config` WHERE parent_id > 0

SELECT userid, adminid, user_name, user_rank, discount, email, data, expiry FROM `db_fresh_shop`.`cy_sessions` WHERE sesskey = 'd591ee68657d2f355213faab1c6204fa'

SELECT code, value FROM `db_fresh_shop`.`cy_shop_config` WHERE parent_id > 0

SELECT COUNT(*) AS oCount, IFNULL(SUM(order_amount), 0) AS oAmount FROM `db_fresh_shop`.`cy_order_info`

SELECT COUNT(*) FROM `db_fresh_shop`.`cy_goods` WHERE is_delete = 0 AND is_alone_sale = 1 AND is_real = 1

SELECT COUNT(*) FROM `db_fresh_shop`.`cy_users`

SELECT value FROM `db_fresh_shop`.`cy_shop_config` WHERE code = 'template'

SELECT value FROM `db_fresh_shop`.`cy_shop_config` WHERE code = 'stylename'

DELETE FROM `db_fresh_shop`.`cy_sessions` WHERE expiry < 1508045586

DELETE FROM `db_fresh_shop`.`cy_sessions` WHERE expiry < 1508045586

SELECT userid, adminid, user_name, user_rank, discount, email, data, expiry FROM `db_fresh_shop`.`cy_sessions` WHERE sesskey = 'd591ee68657d2f355213faab1c6204fa'

SELECT code, value FROM `db_fresh_shop`.`cy_shop_config` WHERE parent_id > 0

UPDATE `db_fresh_shop`.`cy_sessions` SET expiry = '1508047407', ip = '182.201.175.40', userid = '0', adminid = '1', user_name='0', user_rank='0', discount='0', email='0', data = 'a:3:{s:10:\"admin_name\";s:5:\"admin\";s:11:\"action_list\";s:3:\"all\";s:10:\"last_check\";i:1508018576;}' WHERE sesskey = 'd591ee68657d2f355213faab1c6204fa' LIMIT 1

SELECT userid, adminid, user_name, user_rank, discount, email, data, expiry FROM `db_fresh_shop`.`cy_sessions` WHERE sesskey = 'd591ee68657d2f355213faab1c6204fa'

DELETE FROM `db_fresh_shop`.`cy_sessions_data` WHERE expiry < 1508045607

SELECT code, value FROM `db_fresh_shop`.`cy_shop_config` WHERE parent_id > 0

SELECT agency_id FROM `db_fresh_shop`.`cy_admin_user` WHERE user_id = '1'

SELECT COUNT(*) FROM `db_fresh_shop`.`cy_order_info` AS o WHERE 1 

SELECT o.order_id, o.order_sn, o.add_time, o.order_status, o.shipping_status, o.order_amount, o.money_paid,o.pay_status, o.consignee, o.address, o.email, o.tel, o.extension_code, o.extension_id, (   o.goods_amount + o.tax + o.shipping_fee + o.insure_fee + o.pay_fee + o.pack_fee + o.card_fee ) AS total_fee, IFNULL(u.user_name, '匿名用户') AS buyer  FROM `db_fresh_shop`.`cy_order_info` AS o  LEFT JOIN `db_fresh_shop`.`cy_users` AS u ON u.user_id=o.user_id WHERE 1  ORDER BY add_time DESC  LIMIT 0,15

SELECT userid, adminid, user_name, user_rank, discount, email, data, expiry FROM `db_fresh_shop`.`cy_sessions` WHERE sesskey = 'd591ee68657d2f355213faab1c6204fa'

SELECT code, value FROM `db_fresh_shop`.`cy_shop_config` WHERE parent_id > 0

SELECT message_id, sender_id, receiver_id, sent_time, readed, deleted, title, message, user_name FROM `db_fresh_shop`.`cy_admin_message` AS a, `db_fresh_shop`.`cy_admin_user` AS b WHERE a.sender_id = b.user_id AND a.receiver_id = '1' AND a.readed = 0 AND deleted = 0 ORDER BY a.sent_time DESC

SELECT pay_id, is_cod FROM `db_fresh_shop`.`cy_payment` WHERE enabled = 1

SELECT COUNT(*) FROM `db_fresh_shop`.`cy_order_info` WHERE 1  AND order_status  IN ('1','5')  AND shipping_status  IN ('1','2')  AND pay_status  IN ('2','1')  

SELECT pay_id FROM `db_fresh_shop`.`cy_payment` WHERE is_cod = 1

SELECT COUNT(*) FROM `db_fresh_shop`.`cy_order_info` WHERE 1  AND   order_status  IN ('1','5','6')  AND   shipping_status  IN ('0','3','5')  AND ( pay_status  IN ('2','1')  OR pay_id  IN ('2') ) 

SELECT pay_id FROM `db_fresh_shop`.`cy_payment` WHERE is_cod = 0

SELECT COUNT(*) FROM `db_fresh_shop`.`cy_order_info` WHERE 1  AND   order_status  IN ('1','5')  AND   pay_status = '0' AND ( shipping_status  IN ('1','2')  OR pay_id  IN ('1') ) 

SELECT COUNT(*) FROM `db_fresh_shop`.`cy_order_info` WHERE 1  AND order_status = '0' 

SELECT COUNT(*) FROM `db_fresh_shop`.`cy_order_info` WHERE  shipping_status=4

SELECT COUNT(*) AS oCount, IFNULL(SUM(order_amount), 0) AS oAmount FROM `db_fresh_shop`.`cy_order_info`

SELECT COUNT(*) FROM `db_fresh_shop`.`cy_goods` WHERE is_delete = 0 AND is_alone_sale = 1 AND is_real = 1

SELECT COUNT(*) FROM `db_fresh_shop`.`cy_goods` WHERE is_delete = 0 AND is_alone_sale = 1 AND is_real=0 AND extension_code='virtual_card'

SELECT COUNT(*) FROM `db_fresh_shop`.`cy_goods` WHERE is_delete = 0 AND is_new = 1 AND is_real = 1

SELECT COUNT(*) FROM `db_fresh_shop`.`cy_goods` WHERE is_delete = 0 AND is_new = 1 AND is_real=0 AND extension_code='virtual_card'

SELECT COUNT(*) FROM `db_fresh_shop`.`cy_goods` WHERE is_delete = 0 AND is_best = 1 AND is_real = 1

SELECT COUNT(*) FROM `db_fresh_shop`.`cy_goods` WHERE is_delete = 0 AND is_best = 1 AND is_real=0 AND extension_code='virtual_card'

SELECT COUNT(*) FROM `db_fresh_shop`.`cy_goods` WHERE is_delete = 0 AND is_hot = 1 AND is_real = 1

SELECT COUNT(*) FROM `db_fresh_shop`.`cy_goods` WHERE is_delete = 0 AND is_hot = 1 AND is_real=0 AND extension_code='virtual_card'

SELECT COUNT(*) FROM `db_fresh_shop`.`cy_goods` WHERE is_delete = 0 AND promote_price>0 AND promote_start_date <= '1508018608' AND promote_end_date >= '1508018608' AND is_real = 1

SELECT COUNT(*) FROM `db_fresh_shop`.`cy_goods` WHERE is_delete = 0 AND promote_price>0 AND promote_start_date <= '1508018608' AND promote_end_date >= '1508018608' AND is_real=0 AND extension_code='virtual_card'

SELECT COUNT(*) FROM `db_fresh_shop`.`cy_goods` WHERE is_delete = 0 AND goods_number <= warn_number AND is_real = 1

SELECT COUNT(*) FROM `db_fresh_shop`.`cy_goods` WHERE is_delete = 0 AND goods_number <= warn_number AND is_real=0 AND extension_code='virtual_card'

SELECT COUNT(*) FROM `db_fresh_shop`.`cy_stats` WHERE access_time > 1507968000

SELECT count(*) FROM `db_fresh_shop`.`cy_sessions`

SELECT COUNT(f.msg_id) FROM `db_fresh_shop`.`cy_feedback` AS f LEFT JOIN `db_fresh_shop`.`cy_feedback` AS r ON r.parent_id=f.msg_id WHERE f.parent_id=0 AND ISNULL(r.msg_id) 

SELECT COUNT(*) FROM `db_fresh_shop`.`cy_comment` WHERE status = 0 AND parent_id = 0

SELECT COUNT(*) FROM `db_fresh_shop`.`cy_booking_goods` WHERE is_dispose = 0

SELECT COUNT(*) FROM `db_fresh_shop`.`cy_user_account` WHERE process_type = 1 AND is_paid = 0 

DELETE FROM `db_fresh_shop`.`cy_sessions` WHERE expiry < 1508045608

SELECT userid, adminid, user_name, user_rank, discount, email, data, expiry FROM `db_fresh_shop`.`cy_sessions` WHERE sesskey = 'd591ee68657d2f355213faab1c6204fa'

SELECT code, value FROM `db_fresh_shop`.`cy_shop_config` WHERE parent_id > 0

SELECT userid, adminid, user_name, user_rank, discount, email, data, expiry FROM `db_fresh_shop`.`cy_sessions` WHERE sesskey = 'd591ee68657d2f355213faab1c6204fa'

SELECT code, value FROM `db_fresh_shop`.`cy_shop_config` WHERE parent_id > 0

SELECT COUNT(*) AS oCount, IFNULL(SUM(order_amount), 0) AS oAmount FROM `db_fresh_shop`.`cy_order_info`

SELECT COUNT(*) FROM `db_fresh_shop`.`cy_goods` WHERE is_delete = 0 AND is_alone_sale = 1 AND is_real = 1

SELECT COUNT(*) FROM `db_fresh_shop`.`cy_users`

SELECT value FROM `db_fresh_shop`.`cy_shop_config` WHERE code = 'template'

SELECT value FROM `db_fresh_shop`.`cy_shop_config` WHERE code = 'stylename'

DELETE FROM `db_fresh_shop`.`cy_sessions` WHERE expiry < 1508045608

DELETE FROM `db_fresh_shop`.`cy_sessions_data` WHERE expiry < 1508045608

DELETE FROM `db_fresh_shop`.`cy_sessions` WHERE expiry < 1508045608

SELECT userid, adminid, user_name, user_rank, discount, email, data, expiry FROM `db_fresh_shop`.`cy_sessions` WHERE sesskey = 'd591ee68657d2f355213faab1c6204fa'

SELECT code, value FROM `db_fresh_shop`.`cy_shop_config` WHERE parent_id > 0

SELECT agency_id FROM `db_fresh_shop`.`cy_admin_user` WHERE user_id = '1'

SELECT COUNT(*) FROM `db_fresh_shop`.`cy_order_info` AS o WHERE 1 

SELECT o.order_id, o.order_sn, o.add_time, o.order_status, o.shipping_status, o.order_amount, o.money_paid,o.pay_status, o.consignee, o.address, o.email, o.tel, o.extension_code, o.extension_id, (   o.goods_amount + o.tax + o.shipping_fee + o.insure_fee + o.pay_fee + o.pack_fee + o.card_fee ) AS total_fee, IFNULL(u.user_name, '匿名用户') AS buyer  FROM `db_fresh_shop`.`cy_order_info` AS o  LEFT JOIN `db_fresh_shop`.`cy_users` AS u ON u.user_id=o.user_id WHERE 1  ORDER BY add_time DESC  LIMIT 0,15

DELETE FROM `db_fresh_shop`.`cy_sessions` WHERE expiry < 1508045610

SELECT userid, adminid, user_name, user_rank, discount, email, data, expiry FROM `db_fresh_shop`.`cy_sessions` WHERE sesskey = 'd591ee68657d2f355213faab1c6204fa'

SELECT code, value FROM `db_fresh_shop`.`cy_shop_config` WHERE parent_id > 0

SELECT agency_id FROM `db_fresh_shop`.`cy_admin_user` WHERE user_id = '1'

SELECT COUNT(*) FROM `db_fresh_shop`.`cy_order_info` AS o WHERE 1  AND order_status  IN ('1','5')  AND shipping_status  IN ('1','2')  AND pay_status  IN ('2','1')  

SELECT o.order_id, o.order_sn, o.add_time, o.order_status, o.shipping_status, o.order_amount, o.money_paid,o.pay_status, o.consignee, o.address, o.email, o.tel, o.extension_code, o.extension_id, (   o.goods_amount + o.tax + o.shipping_fee + o.insure_fee + o.pay_fee + o.pack_fee + o.card_fee ) AS total_fee, IFNULL(u.user_name, '匿名用户') AS buyer  FROM `db_fresh_shop`.`cy_order_info` AS o  LEFT JOIN `db_fresh_shop`.`cy_users` AS u ON u.user_id=o.user_id WHERE 1  AND order_status  IN ('1','5')  AND shipping_status  IN ('1','2')  AND pay_status  IN ('2','1')   ORDER BY add_time DESC  LIMIT 0,15

UPDATE `db_fresh_shop`.`cy_sessions` SET expiry = '1508047428', ip = '182.201.175.40', userid = '0', adminid = '1', user_name='0', user_rank='0', discount='0', email='0', data = 'a:3:{s:10:\"admin_name\";s:5:\"admin\";s:11:\"action_list\";s:3:\"all\";s:10:\"last_check\";i:1508018576;}' WHERE sesskey = 'd591ee68657d2f355213faab1c6204fa' LIMIT 1

DELETE FROM `db_fresh_shop`.`cy_sessions` WHERE expiry < 1508045628

SELECT userid, adminid, user_name, user_rank, discount, email, data, expiry FROM `db_fresh_shop`.`cy_sessions` WHERE sesskey = 'd591ee68657d2f355213faab1c6204fa'

SELECT code, value FROM `db_fresh_shop`.`cy_shop_config` WHERE parent_id > 0

SELECT agency_id FROM `db_fresh_shop`.`cy_admin_user` WHERE user_id = '1'

SELECT COUNT(*) FROM `db_fresh_shop`.`cy_order_info` AS o WHERE 1  AND order_status  IN ('1','5')  AND shipping_status  IN ('1','2')  AND pay_status  IN ('2','1')  

SELECT o.order_id, o.order_sn, o.add_time, o.order_status, o.shipping_status, o.order_amount, o.money_paid,o.pay_status, o.consignee, o.address, o.email, o.tel, o.extension_code, o.extension_id, (   o.goods_amount + o.tax + o.shipping_fee + o.insure_fee + o.pay_fee + o.pack_fee + o.card_fee ) AS total_fee, IFNULL(u.user_name, '匿名用户') AS buyer  FROM `db_fresh_shop`.`cy_order_info` AS o  LEFT JOIN `db_fresh_shop`.`cy_users` AS u ON u.user_id=o.user_id WHERE 1  AND order_status  IN ('1','5')  AND shipping_status  IN ('1','2')  AND pay_status  IN ('2','1')   ORDER BY add_time DESC  LIMIT 0,15

DELETE FROM `db_fresh_shop`.`cy_sessions_data` WHERE expiry < 1508045629

SELECT userid, adminid, user_name, user_rank, discount, email, data, expiry FROM `db_fresh_shop`.`cy_sessions` WHERE sesskey = 'd591ee68657d2f355213faab1c6204fa'

SELECT code, value FROM `db_fresh_shop`.`cy_shop_config` WHERE parent_id > 0

SELECT suppliers_id, suppliers_name, suppliers_desc
            FROM `db_fresh_shop`.`cy_suppliers`
            WHERE  is_check = 1 

SELECT c.cat_id, c.cat_name, c.measure_unit, c.parent_id, c.is_show, c.show_in_nav, c.grade, c.sort_order, COUNT(s.cat_id) AS has_children FROM `db_fresh_shop`.`cy_category` AS c LEFT JOIN `db_fresh_shop`.`cy_category` AS s ON s.parent_id=c.cat_id GROUP BY c.cat_id ORDER BY c.parent_id, c.sort_order ASC

SELECT cat_id, COUNT(*) AS goods_num  FROM `db_fresh_shop`.`cy_goods` WHERE is_delete = 0 AND is_on_sale = 1  GROUP BY cat_id

SELECT gc.cat_id, COUNT(*) AS goods_num  FROM `db_fresh_shop`.`cy_goods_cat` AS gc , `db_fresh_shop`.`cy_goods` AS g  WHERE g.goods_id = gc.goods_id AND g.is_delete = 0 AND g.is_on_sale = 1  GROUP BY gc.cat_id

SELECT brand_id, brand_name FROM `db_fresh_shop`.`cy_brand` ORDER BY sort_order

SELECT suppliers_id, suppliers_name, suppliers_desc
            FROM `db_fresh_shop`.`cy_suppliers`
            WHERE  is_check = 1 

SELECT COUNT(*) FROM `db_fresh_shop`.`cy_goods` AS g WHERE is_delete='0'  AND is_real='1'

SELECT goods_id, goods_name, goods_type, goods_sn, shop_price, is_on_sale, is_best, is_new, is_hot, sort_order, goods_number, integral,  (promote_price > 0 AND promote_start_date <= '1508054399' AND promote_end_date >= '1508054399') AS is_promote  FROM `db_fresh_shop`.`cy_goods` AS g WHERE is_delete='0'  AND is_real='1' ORDER BY goods_id DESC  LIMIT 0,15

SELECT DISTINCT cat_id
            FROM `db_fresh_shop`.`cy_attribute`
            WHERE attr_type = 1

SELECT userid, adminid, user_name, user_rank, discount, email, data, expiry FROM `db_fresh_shop`.`cy_sessions` WHERE sesskey = 'd591ee68657d2f355213faab1c6204fa'

SELECT code, value FROM `db_fresh_shop`.`cy_shop_config` WHERE parent_id > 0

SELECT agency_id FROM `db_fresh_shop`.`cy_admin_user` WHERE user_id = '1'

SELECT COUNT(*) FROM `db_fresh_shop`.`cy_order_info` AS o WHERE 1 

SELECT o.order_id, o.order_sn, o.add_time, o.order_status, o.shipping_status, o.order_amount, o.money_paid,o.pay_status, o.consignee, o.address, o.email, o.tel, o.extension_code, o.extension_id, (   o.goods_amount + o.tax + o.shipping_fee + o.insure_fee + o.pay_fee + o.pack_fee + o.card_fee ) AS total_fee, IFNULL(u.user_name, '匿名用户') AS buyer  FROM `db_fresh_shop`.`cy_order_info` AS o  LEFT JOIN `db_fresh_shop`.`cy_users` AS u ON u.user_id=o.user_id WHERE 1  ORDER BY add_time DESC  LIMIT 0,15

UPDATE `db_fresh_shop`.`cy_sessions` SET expiry = '1508047438', ip = '182.201.175.40', userid = '0', adminid = '1', user_name='0', user_rank='0', discount='0', email='0', data = 'a:3:{s:10:\"admin_name\";s:5:\"admin\";s:11:\"action_list\";s:3:\"all\";s:10:\"last_check\";i:1508018576;}' WHERE sesskey = 'd591ee68657d2f355213faab1c6204fa' LIMIT 1

DELETE FROM `db_fresh_shop`.`cy_sessions` WHERE expiry < 1508045638

SELECT userid, adminid, user_name, user_rank, discount, email, data, expiry FROM `db_fresh_shop`.`cy_sessions` WHERE sesskey = 'd591ee68657d2f355213faab1c6204fa'

SELECT code, value FROM `db_fresh_shop`.`cy_shop_config` WHERE parent_id > 0

SELECT rank_id, rank_name, min_points FROM `db_fresh_shop`.`cy_user_rank` ORDER BY min_points ASC 

SELECT COUNT(*) FROM `db_fresh_shop`.`cy_users` WHERE 1 

SELECT user_id, user_name,sex,birthday,mobile_phone,email, is_validated, user_money, frozen_money, rank_points, pay_points, reg_time  FROM `db_fresh_shop`.`cy_users` WHERE 1  ORDER by user_id DESC LIMIT 0,15

DESC `db_fresh_shop`.`cy_sessions_data`

INSERT INTO `db_fresh_shop`.`cy_sessions_data` (sesskey, expiry, data) VALUES ('d591ee68657d2f355213faab1c6204fa', '1508047439', 'a:4:{s:10:\"admin_name\";s:5:\"admin\";s:11:\"action_list\";s:3:\"all\";s:10:\"last_check\";i:1508018576;s:9:\"user_list\";a:15:{i:0;a:12:{s:7:\"user_id\";s:2:\"96\";s:9:\"user_name\";s:15:\"wx_150512637551\";s:3:\"sex\";s:1:\"0\";s:8:\"birthday\";s:10:\"0000-00-00\";s:12:\"mobile_phone\";s:0:\"\";s:5:\"email\";s:30:\"wx_150512637551@disanqiche.com\";s:12:\"is_validated\";s:1:\"0\";s:10:\"user_money\";s:4:\"0.00\";s:12:\"frozen_money\";s:4:\"0.00\";s:11:\"rank_points\";s:1:\"0\";s:10:\"pay_points\";s:1:\"0\";s:8:\"reg_time\";s:10:\"2017-09-11\";}i:1;a:12:{s:7:\"user_id\";s:2:\"95\";s:9:\"user_name\";s:15:\"wx_150468681834\";s:3:\"sex\";s:1:\"0\";s:8:\"birthday\";s:10:\"0000-00-00\";s:12:\"mobile_phone\";s:0:\"\";s:5:\"email\";s:30:\"wx_150468681834@disanqiche.com\";s:12:\"is_validated\";s:1:\"0\";s:10:\"user_money\";s:4:\"0.00\";s:12:\"frozen_money\";s:4:\"0.00\";s:11:\"rank_points\";s:1:\"0\";s:10:\"pay_points\";s:1:\"0\";s:8:\"reg_time\";s:10:\"2017-09-06\";}i:2;a:12:{s:7:\"user_id\";s:2:\"94\";s:9:\"user_name\";s:15:\"wx_150451180914\";s:3:\"sex\";s:1:\"0\";s:8:\"birthday\";s:10:\"0000-00-00\";s:12:\"mobile_phone\";s:0:\"\";s:5:\"email\";s:30:\"wx_150451180914@disanqiche.com\";s:12:\"is_validated\";s:1:\"0\";s:10:\"user_money\";s:4:\"0.00\";s:12:\"frozen_money\";s:4:\"0.00\";s:11:\"rank_points\";s:1:\"0\";s:10:\"pay_points\";s:1:\"0\";s:8:\"reg_time\";s:10:\"2017-09-04\";}i:3;a:12:{s:7:\"user_id\";s:2:\"93\";s:9:\"user_name\";s:15:\"wx_150428292924\";s:3:\"sex\";s:1:\"0\";s:8:\"birthday\";s:10:\"0000-00-00\";s:12:\"mobile_phone\";s:0:\"\";s:5:\"email\";s:30:\"wx_150428292924@disanqiche.com\";s:12:\"is_validated\";s:1:\"0\";s:10:\"user_money\";s:4:\"0.00\";s:12:\"frozen_money\";s:4:\"0.00\";s:11:\"rank_points\";s:1:\"0\";s:10:\"pay_points\";s:1:\"0\";s:8:\"reg_time\";s:10:\"2017-09-02\";}i:4;a:12:{s:7:\"user_id\";s:2:\"92\";s:9:\"user_name\";s:15:\"wx_150416728756\";s:3:\"sex\";s:1:\"0\";s:8:\"birthday\";s:10:\"0000-00-00\";s:12:\"mobile_phone\";s:0:\"\";s:5:\"email\";s:30:\"wx_150416728756@disanqiche.com\";s:12:\"is_validated\";s:1:\"0\";s:10:\"user_money\";s:4:\"0.00\";s:12:\"frozen_money\";s:4:\"0.00\";s:11:\"rank_points\";s:1:\"0\";s:10:\"pay_points\";s:1:\"0\";s:8:\"reg_time\";s:10:\"2017-08-31\";}i:5;a:12:{s:7:\"user_id\";s:2:\"91\";s:9:\"user_name\";s:15:\"wx_150330194177\";s:3:\"sex\";s:1:\"0\";s:8:\"birthday\";s:10:\"0000-00-00\";s:12:\"mobile_phone\";s:0:\"\";s:5:\"email\";s:30:\"wx_150330194177@disanqiche.com\";s:12:\"is_validated\";s:1:\"0\";s:10:\"user_money\";s:4:\"0.00\";s:12:\"frozen_money\";s:4:\"0.00\";s:11:\"rank_points\";s:1:\"0\";s:10:\"pay_points\";s:1:\"0\";s:8:\"reg_time\";s:10:\"2017-08-21\";}i:6;a:12:{s:7:\"user_id\";s:2:\"90\";s:9:\"user_name\";s:14:\"wx_15032984554\";s:3:\"sex\";s:1:\"0\";s:8:\"birthday\";s:10:\"0000-00-00\";s:12:\"mobile_phone\";s:0:\"\";s:5:\"email\";s:29:\"wx_15032984554@disanqiche.com\";s:12:\"is_validated\";s:1:\"0\";s:10:\"user_money\";s:4:\"0.00\";s:12:\"frozen_money\";s:4:\"0.00\";s:11:\"rank_points\";s:1:\"2\";s:10:\"pay_points\";s:1:\"0\";s:8:\"reg_time\";s:10:\"2017-08-21\";}i:7;a:12:{s:7:\"user_id\";s:2:\"89\";s:9:\"user_name\";s:14:\"wx_15030226528\";s:3:\"sex\";s:1:\"0\";s:8:\"birthday\";s:10:\"0000-00-00\";s:12:\"mobile_phone\";s:0:\"\";s:5:\"email\";s:29:\"wx_15030226528@disanqiche.com\";s:12:\"is_validated\";s:1:\"0\";s:10:\"user_money\";s:4:\"0.00\";s:12:\"frozen_money\";s:4:\"0.00\";s:11:\"rank_points\";s:1:\"0\";s:10:\"pay_points\";s:1:\"0\";s:8:\"reg_time\";s:10:\"2017-08-18\";}i:8;a:12:{s:7:\"user_id\";s:2:\"88\";s:9:\"user_name\";s:15:\"wx_150295515081\";s:3:\"sex\";s:1:\"0\";s:8:\"birthday\";s:10:\"0000-00-00\";s:12:\"mobile_phone\";s:0:\"\";s:5:\"email\";s:30:\"wx_150295515081@disanqiche.com\";s:12:\"is_validated\";s:1:\"0\";s:10:\"user_money\";s:4:\"0.00\";s:12:\"frozen_money\";s:4:\"0.00\";s:11:\"rank_points\";s:1:\"0\";s:10:\"pay_points\";s:1:\"0\";s:8:\"reg_time\";s:10:\"2017-08-17\";}i:9;a:12:{s:7:\"user_id\";s:2:\"87\";s:9:\"user_name\";s:15:\"wx_150293710228\";s:3:\"sex\";s:1:\"0\";s:8:\"birthday\";s:10:\"0000-00-00\";s:12:\"mobile_phone\";s:0:\"\";s:5:\"email\";s:30:\"wx_150293710228@disanqiche.com\";s:12:\"is_validated\";s:1:\"0\";s:10:\"user_money\";s:4:\"0.00\";s:12:\"frozen_money\";s:4:\"0.00\";s:11:\"rank_points\";s:1:\"0\";s:10:\"pay_points\";s:1:\"0\";s:8:\"reg_time\";s:10:\"2017-08-17\";}i:10;a:12:{s:7:\"user_id\";s:2:\"86\";s:9:\"user_name\";s:15:\"wx_150288722917\";s:3:\"sex\";s:1:\"0\";s:8:\"birthday\";s:10:\"0000-00-00\";s:12:\"mobile_phone\";s:0:\"\";s:5:\"email\";s:30:\"wx_150288722917@disanqiche.com\";s:12:\"is_validated\";s:1:\"0\";s:10:\"user_money\";s:4:\"0.00\";s:12:\"frozen_money\";s:4:\"0.00\";s:11:\"rank_points\";s:1:\"0\";s:10:\"pay_points\";s:1:\"0\";s:8:\"reg_time\";s:10:\"2017-08-16\";}i:11;a:12:{s:7:\"user_id\";s:2:\"85\";s:9:\"user_name\";s:14:\"wx_15028805541\";s:3:\"sex\";s:1:\"0\";s:8:\"birthday\";s:10:\"0000-00-00\";s:12:\"mobile_phone\";s:0:\"\";s:5:\"email\";s:29:\"wx_15028805541@disanqiche.com\";s:12:\"is_validated\";s:1:\"0\";s:10:\"user_money\";s:4:\"0.00\";s:12:\"frozen_money\";s:4:\"0.00\";s:11:\"rank_points\";s:1:\"0\";s:10:\"pay_points\";s:1:\"0\";s:8:\"reg_time\";s:10:\"2017-08-16\";}i:12;a:12:{s:7:\"user_id\";s:2:\"84\";s:9:\"user_name\";s:15:\"wx_150287942667\";s:3:\"sex\";s:1:\"0\";s:8:\"birthday\";s:10:\"0000-00-00\";s:12:\"mobile_phone\";s:0:\"\";s:5:\"email\";s:30:\"wx_150287942667@disanqiche.com\";s:12:\"is_validated\";s:1:\"0\";s:10:\"user_money\";s:4:\"0.00\";s:12:\"frozen_money\";s:4:\"0.00\";s:11:\"rank_points\";s:1:\"0\";s:10:\"pay_points\";s:1:\"0\";s:8:\"reg_time\";s:10:\"2017-08-16\";}i:13;a:12:{s:7:\"user_id\";s:2:\"83\";s:9:\"user_name\";s:15:\"wx_150287824494\";s:3:\"sex\";s:1:\"0\";s:8:\"birthday\";s:10:\"0000-00-00\";s:12:\"mobile_phone\";s:0:\"\";s:5:\"email\";s:30:\"wx_150287824494@disanqiche.com\";s:12:\"is_validated\";s:1:\"0\";s:10:\"user_money\";s:4:\"0.00\";s:12:\"frozen_money\";s:4:\"0.00\";s:11:\"rank_points\";s:1:\"0\";s:10:\"pay_points\";s:1:\"0\";s:8:\"reg_time\";s:10:\"2017-08-16\";}i:14;a:12:{s:7:\"user_id\";s:2:\"82\";s:9:\"user_name\";s:15:\"wx_150287440113\";s:3:\"sex\";s:1:\"0\";s:8:\"birthday\";s:10:\"0000-00-00\";s:12:\"mobile_phone\";s:0:\"\";s:5:\"email\";s:30:\"wx_150287440113@disanqiche.com\";s:12:\"is_validated\";s:1:\"0\";s:10:\"user_money\";s:4:\"0.00\";s:12:\"frozen_money\";s:4:\"0.00\";s:11:\"rank_points\";s:1:\"0\";s:10:\"pay_points\";s:1:\"0\";s:8:\"reg_time\";s:10:\"2017-08-16\";}}}')ON DUPLICATE KEY UPDATE expiry = expiry + 1508047439, data = 'a:4:{s:10:\"admin_name\";s:5:\"admin\";s:11:\"action_list\";s:3:\"all\";s:10:\"last_check\";i:1508018576;s:9:\"user_list\";a:15:{i:0;a:12:{s:7:\"user_id\";s:2:\"96\";s:9:\"user_name\";s:15:\"wx_150512637551\";s:3:\"sex\";s:1:\"0\";s:8:\"birthday\";s:10:\"0000-00-00\";s:12:\"mobile_phone\";s:0:\"\";s:5:\"email\";s:30:\"wx_150512637551@disanqiche.com\";s:12:\"is_validated\";s:1:\"0\";s:10:\"user_money\";s:4:\"0.00\";s:12:\"frozen_money\";s:4:\"0.00\";s:11:\"rank_points\";s:1:\"0\";s:10:\"pay_points\";s:1:\"0\";s:8:\"reg_time\";s:10:\"2017-09-11\";}i:1;a:12:{s:7:\"user_id\";s:2:\"95\";s:9:\"user_name\";s:15:\"wx_150468681834\";s:3:\"sex\";s:1:\"0\";s:8:\"birthday\";s:10:\"0000-00-00\";s:12:\"mobile_phone\";s:0:\"\";s:5:\"email\";s:30:\"wx_150468681834@disanqiche.com\";s:12:\"is_validated\";s:1:\"0\";s:10:\"user_money\";s:4:\"0.00\";s:12:\"frozen_money\";s:4:\"0.00\";s:11:\"rank_points\";s:1:\"0\";s:10:\"pay_points\";s:1:\"0\";s:8:\"reg_time\";s:10:\"2017-09-06\";}i:2;a:12:{s:7:\"user_id\";s:2:\"94\";s:9:\"user_name\";s:15:\"wx_150451180914\";s:3:\"sex\";s:1:\"0\";s:8:\"birthday\";s:10:\"0000-00-00\";s:12:\"mobile_phone\";s:0:\"\";s:5:\"email\";s:30:\"wx_150451180914@disanqiche.com\";s:12:\"is_validated\";s:1:\"0\";s:10:\"user_money\";s:4:\"0.00\";s:12:\"frozen_money\";s:4:\"0.00\";s:11:\"rank_points\";s:1:\"0\";s:10:\"pay_points\";s:1:\"0\";s:8:\"reg_time\";s:10:\"2017-09-04\";}i:3;a:12:{s:7:\"user_id\";s:2:\"93\";s:9:\"user_name\";s:15:\"wx_150428292924\";s:3:\"sex\";s:1:\"0\";s:8:\"birthday\";s:10:\"0000-00-00\";s:12:\"mobile_phone\";s:0:\"\";s:5:\"email\";s:30:\"wx_150428292924@disanqiche.com\";s:12:\"is_validated\";s:1:\"0\";s:10:\"user_money\";s:4:\"0.00\";s:12:\"frozen_money\";s:4:\"0.00\";s:11:\"rank_points\";s:1:\"0\";s:10:\"pay_points\";s:1:\"0\";s:8:\"reg_time\";s:10:\"2017-09-02\";}i:4;a:12:{s:7:\"user_id\";s:2:\"92\";s:9:\"user_name\";s:15:\"wx_150416728756\";s:3:\"sex\";s:1:\"0\";s:8:\"birthday\";s:10:\"0000-00-00\";s:12:\"mobile_phone\";s:0:\"\";s:5:\"email\";s:30:\"wx_150416728756@disanqiche.com\";s:12:\"is_validated\";s:1:\"0\";s:10:\"user_money\";s:4:\"0.00\";s:12:\"frozen_money\";s:4:\"0.00\";s:11:\"rank_points\";s:1:\"0\";s:10:\"pay_points\";s:1:\"0\";s:8:\"reg_time\";s:10:\"2017-08-31\";}i:5;a:12:{s:7:\"user_id\";s:2:\"91\";s:9:\"user_name\";s:15:\"wx_150330194177\";s:3:\"sex\";s:1:\"0\";s:8:\"birthday\";s:10:\"0000-00-00\";s:12:\"mobile_phone\";s:0:\"\";s:5:\"email\";s:30:\"wx_150330194177@disanqiche.com\";s:12:\"is_validated\";s:1:\"0\";s:10:\"user_money\";s:4:\"0.00\";s:12:\"frozen_money\";s:4:\"0.00\";s:11:\"rank_points\";s:1:\"0\";s:10:\"pay_points\";s:1:\"0\";s:8:\"reg_time\";s:10:\"2017-08-21\";}i:6;a:12:{s:7:\"user_id\";s:2:\"90\";s:9:\"user_name\";s:14:\"wx_15032984554\";s:3:\"sex\";s:1:\"0\";s:8:\"birthday\";s:10:\"0000-00-00\";s:12:\"mobile_phone\";s:0:\"\";s:5:\"email\";s:29:\"wx_15032984554@disanqiche.com\";s:12:\"is_validated\";s:1:\"0\";s:10:\"user_money\";s:4:\"0.00\";s:12:\"frozen_money\";s:4:\"0.00\";s:11:\"rank_points\";s:1:\"2\";s:10:\"pay_points\";s:1:\"0\";s:8:\"reg_time\";s:10:\"2017-08-21\";}i:7;a:12:{s:7:\"user_id\";s:2:\"89\";s:9:\"user_name\";s:14:\"wx_15030226528\";s:3:\"sex\";s:1:\"0\";s:8:\"birthday\";s:10:\"0000-00-00\";s:12:\"mobile_phone\";s:0:\"\";s:5:\"email\";s:29:\"wx_15030226528@disanqiche.com\";s:12:\"is_validated\";s:1:\"0\";s:10:\"user_money\";s:4:\"0.00\";s:12:\"frozen_money\";s:4:\"0.00\";s:11:\"rank_points\";s:1:\"0\";s:10:\"pay_points\";s:1:\"0\";s:8:\"reg_time\";s:10:\"2017-08-18\";}i:8;a:12:{s:7:\"user_id\";s:2:\"88\";s:9:\"user_name\";s:15:\"wx_150295515081\";s:3:\"sex\";s:1:\"0\";s:8:\"birthday\";s:10:\"0000-00-00\";s:12:\"mobile_phone\";s:0:\"\";s:5:\"email\";s:30:\"wx_150295515081@disanqiche.com\";s:12:\"is_validated\";s:1:\"0\";s:10:\"user_money\";s:4:\"0.00\";s:12:\"frozen_money\";s:4:\"0.00\";s:11:\"rank_points\";s:1:\"0\";s:10:\"pay_points\";s:1:\"0\";s:8:\"reg_time\";s:10:\"2017-08-17\";}i:9;a:12:{s:7:\"user_id\";s:2:\"87\";s:9:\"user_name\";s:15:\"wx_150293710228\";s:3:\"sex\";s:1:\"0\";s:8:\"birthday\";s:10:\"0000-00-00\";s:12:\"mobile_phone\";s:0:\"\";s:5:\"email\";s:30:\"wx_150293710228@disanqiche.com\";s:12:\"is_validated\";s:1:\"0\";s:10:\"user_money\";s:4:\"0.00\";s:12:\"frozen_money\";s:4:\"0.00\";s:11:\"rank_points\";s:1:\"0\";s:10:\"pay_points\";s:1:\"0\";s:8:\"reg_time\";s:10:\"2017-08-17\";}i:10;a:12:{s:7:\"user_id\";s:2:\"86\";s:9:\"user_name\";s:15:\"wx_150288722917\";s:3:\"sex\";s:1:\"0\";s:8:\"birthday\";s:10:\"0000-00-00\";s:12:\"mobile_phone\";s:0:\"\";s:5:\"email\";s:30:\"wx_150288722917@disanqiche.com\";s:12:\"is_validated\";s:1:\"0\";s:10:\"user_money\";s:4:\"0.00\";s:12:\"frozen_money\";s:4:\"0.00\";s:11:\"rank_points\";s:1:\"0\";s:10:\"pay_points\";s:1:\"0\";s:8:\"reg_time\";s:10:\"2017-08-16\";}i:11;a:12:{s:7:\"user_id\";s:2:\"85\";s:9:\"user_name\";s:14:\"wx_15028805541\";s:3:\"sex\";s:1:\"0\";s:8:\"birthday\";s:10:\"0000-00-00\";s:12:\"mobile_phone\";s:0:\"\";s:5:\"email\";s:29:\"wx_15028805541@disanqiche.com\";s:12:\"is_validated\";s:1:\"0\";s:10:\"user_money\";s:4:\"0.00\";s:12:\"frozen_money\";s:4:\"0.00\";s:11:\"rank_points\";s:1:\"0\";s:10:\"pay_points\";s:1:\"0\";s:8:\"reg_time\";s:10:\"2017-08-16\";}i:12;a:12:{s:7:\"user_id\";s:2:\"84\";s:9:\"user_name\";s:15:\"wx_150287942667\";s:3:\"sex\";s:1:\"0\";s:8:\"birthday\";s:10:\"0000-00-00\";s:12:\"mobile_phone\";s:0:\"\";s:5:\"email\";s:30:\"wx_150287942667@disanqiche.com\";s:12:\"is_validated\";s:1:\"0\";s:10:\"user_money\";s:4:\"0.00\";s:12:\"frozen_money\";s:4:\"0.00\";s:11:\"rank_points\";s:1:\"0\";s:10:\"pay_points\";s:1:\"0\";s:8:\"reg_time\";s:10:\"2017-08-16\";}i:13;a:12:{s:7:\"user_id\";s:2:\"83\";s:9:\"user_name\";s:15:\"wx_150287824494\";s:3:\"sex\";s:1:\"0\";s:8:\"birthday\";s:10:\"0000-00-00\";s:12:\"mobile_phone\";s:0:\"\";s:5:\"email\";s:30:\"wx_150287824494@disanqiche.com\";s:12:\"is_validated\";s:1:\"0\";s:10:\"user_money\";s:4:\"0.00\";s:12:\"frozen_money\";s:4:\"0.00\";s:11:\"rank_points\";s:1:\"0\";s:10:\"pay_points\";s:1:\"0\";s:8:\"reg_time\";s:10:\"2017-08-16\";}i:14;a:12:{s:7:\"user_id\";s:2:\"82\";s:9:\"user_name\";s:15:\"wx_150287440113\";s:3:\"sex\";s:1:\"0\";s:8:\"birthday\";s:10:\"0000-00-00\";s:12:\"mobile_phone\";s:0:\"\";s:5:\"email\";s:30:\"wx_150287440113@disanqiche.com\";s:12:\"is_validated\";s:1:\"0\";s:10:\"user_money\";s:4:\"0.00\";s:12:\"frozen_money\";s:4:\"0.00\";s:11:\"rank_points\";s:1:\"0\";s:10:\"pay_points\";s:1:\"0\";s:8:\"reg_time\";s:10:\"2017-08-16\";}}}'

UPDATE `db_fresh_shop`.`cy_sessions` SET expiry = '1508047439', ip = '182.201.175.40', userid = '0', adminid = '1', user_name='0', user_rank='0', discount='0', email='0', data = '' WHERE sesskey = 'd591ee68657d2f355213faab1c6204fa' LIMIT 1

SELECT userid, adminid, user_name, user_rank, discount, email, data, expiry FROM `db_fresh_shop`.`cy_sessions` WHERE sesskey = 'd591ee68657d2f355213faab1c6204fa'

SELECT data, expiry FROM `db_fresh_shop`.`cy_sessions_data` WHERE sesskey = 'd591ee68657d2f355213faab1c6204fa'

SELECT code, value FROM `db_fresh_shop`.`cy_shop_config` WHERE parent_id > 0

SELECT c.*, COUNT(s.cat_id) AS has_children, COUNT(a.article_id) AS aricle_num  FROM `db_fresh_shop`.`cy_article_cat` AS c LEFT JOIN `db_fresh_shop`.`cy_article_cat` AS s ON s.parent_id=c.cat_id LEFT JOIN `db_fresh_shop`.`cy_article` AS a ON a.cat_id=c.cat_id GROUP BY c.cat_id  ORDER BY parent_id, sort_order ASC

DESC `db_fresh_shop`.`cy_sessions_data`

INSERT INTO `db_fresh_shop`.`cy_sessions_data` (sesskey, expiry, data) VALUES ('d591ee68657d2f355213faab1c6204fa', '1508047453', 'a:4:{s:10:\"admin_name\";s:5:\"admin\";s:11:\"action_list\";s:3:\"all\";s:10:\"last_check\";i:1508018576;s:9:\"user_list\";a:15:{i:0;a:12:{s:7:\"user_id\";s:2:\"96\";s:9:\"user_name\";s:15:\"wx_150512637551\";s:3:\"sex\";s:1:\"0\";s:8:\"birthday\";s:10:\"0000-00-00\";s:12:\"mobile_phone\";s:0:\"\";s:5:\"email\";s:30:\"wx_150512637551@disanqiche.com\";s:12:\"is_validated\";s:1:\"0\";s:10:\"user_money\";s:4:\"0.00\";s:12:\"frozen_money\";s:4:\"0.00\";s:11:\"rank_points\";s:1:\"0\";s:10:\"pay_points\";s:1:\"0\";s:8:\"reg_time\";s:10:\"2017-09-11\";}i:1;a:12:{s:7:\"user_id\";s:2:\"95\";s:9:\"user_name\";s:15:\"wx_150468681834\";s:3:\"sex\";s:1:\"0\";s:8:\"birthday\";s:10:\"0000-00-00\";s:12:\"mobile_phone\";s:0:\"\";s:5:\"email\";s:30:\"wx_150468681834@disanqiche.com\";s:12:\"is_validated\";s:1:\"0\";s:10:\"user_money\";s:4:\"0.00\";s:12:\"frozen_money\";s:4:\"0.00\";s:11:\"rank_points\";s:1:\"0\";s:10:\"pay_points\";s:1:\"0\";s:8:\"reg_time\";s:10:\"2017-09-06\";}i:2;a:12:{s:7:\"user_id\";s:2:\"94\";s:9:\"user_name\";s:15:\"wx_150451180914\";s:3:\"sex\";s:1:\"0\";s:8:\"birthday\";s:10:\"0000-00-00\";s:12:\"mobile_phone\";s:0:\"\";s:5:\"email\";s:30:\"wx_150451180914@disanqiche.com\";s:12:\"is_validated\";s:1:\"0\";s:10:\"user_money\";s:4:\"0.00\";s:12:\"frozen_money\";s:4:\"0.00\";s:11:\"rank_points\";s:1:\"0\";s:10:\"pay_points\";s:1:\"0\";s:8:\"reg_time\";s:10:\"2017-09-04\";}i:3;a:12:{s:7:\"user_id\";s:2:\"93\";s:9:\"user_name\";s:15:\"wx_150428292924\";s:3:\"sex\";s:1:\"0\";s:8:\"birthday\";s:10:\"0000-00-00\";s:12:\"mobile_phone\";s:0:\"\";s:5:\"email\";s:30:\"wx_150428292924@disanqiche.com\";s:12:\"is_validated\";s:1:\"0\";s:10:\"user_money\";s:4:\"0.00\";s:12:\"frozen_money\";s:4:\"0.00\";s:11:\"rank_points\";s:1:\"0\";s:10:\"pay_points\";s:1:\"0\";s:8:\"reg_time\";s:10:\"2017-09-02\";}i:4;a:12:{s:7:\"user_id\";s:2:\"92\";s:9:\"user_name\";s:15:\"wx_150416728756\";s:3:\"sex\";s:1:\"0\";s:8:\"birthday\";s:10:\"0000-00-00\";s:12:\"mobile_phone\";s:0:\"\";s:5:\"email\";s:30:\"wx_150416728756@disanqiche.com\";s:12:\"is_validated\";s:1:\"0\";s:10:\"user_money\";s:4:\"0.00\";s:12:\"frozen_money\";s:4:\"0.00\";s:11:\"rank_points\";s:1:\"0\";s:10:\"pay_points\";s:1:\"0\";s:8:\"reg_time\";s:10:\"2017-08-31\";}i:5;a:12:{s:7:\"user_id\";s:2:\"91\";s:9:\"user_name\";s:15:\"wx_150330194177\";s:3:\"sex\";s:1:\"0\";s:8:\"birthday\";s:10:\"0000-00-00\";s:12:\"mobile_phone\";s:0:\"\";s:5:\"email\";s:30:\"wx_150330194177@disanqiche.com\";s:12:\"is_validated\";s:1:\"0\";s:10:\"user_money\";s:4:\"0.00\";s:12:\"frozen_money\";s:4:\"0.00\";s:11:\"rank_points\";s:1:\"0\";s:10:\"pay_points\";s:1:\"0\";s:8:\"reg_time\";s:10:\"2017-08-21\";}i:6;a:12:{s:7:\"user_id\";s:2:\"90\";s:9:\"user_name\";s:14:\"wx_15032984554\";s:3:\"sex\";s:1:\"0\";s:8:\"birthday\";s:10:\"0000-00-00\";s:12:\"mobile_phone\";s:0:\"\";s:5:\"email\";s:29:\"wx_15032984554@disanqiche.com\";s:12:\"is_validated\";s:1:\"0\";s:10:\"user_money\";s:4:\"0.00\";s:12:\"frozen_money\";s:4:\"0.00\";s:11:\"rank_points\";s:1:\"2\";s:10:\"pay_points\";s:1:\"0\";s:8:\"reg_time\";s:10:\"2017-08-21\";}i:7;a:12:{s:7:\"user_id\";s:2:\"89\";s:9:\"user_name\";s:14:\"wx_15030226528\";s:3:\"sex\";s:1:\"0\";s:8:\"birthday\";s:10:\"0000-00-00\";s:12:\"mobile_phone\";s:0:\"\";s:5:\"email\";s:29:\"wx_15030226528@disanqiche.com\";s:12:\"is_validated\";s:1:\"0\";s:10:\"user_money\";s:4:\"0.00\";s:12:\"frozen_money\";s:4:\"0.00\";s:11:\"rank_points\";s:1:\"0\";s:10:\"pay_points\";s:1:\"0\";s:8:\"reg_time\";s:10:\"2017-08-18\";}i:8;a:12:{s:7:\"user_id\";s:2:\"88\";s:9:\"user_name\";s:15:\"wx_150295515081\";s:3:\"sex\";s:1:\"0\";s:8:\"birthday\";s:10:\"0000-00-00\";s:12:\"mobile_phone\";s:0:\"\";s:5:\"email\";s:30:\"wx_150295515081@disanqiche.com\";s:12:\"is_validated\";s:1:\"0\";s:10:\"user_money\";s:4:\"0.00\";s:12:\"frozen_money\";s:4:\"0.00\";s:11:\"rank_points\";s:1:\"0\";s:10:\"pay_points\";s:1:\"0\";s:8:\"reg_time\";s:10:\"2017-08-17\";}i:9;a:12:{s:7:\"user_id\";s:2:\"87\";s:9:\"user_name\";s:15:\"wx_150293710228\";s:3:\"sex\";s:1:\"0\";s:8:\"birthday\";s:10:\"0000-00-00\";s:12:\"mobile_phone\";s:0:\"\";s:5:\"email\";s:30:\"wx_150293710228@disanqiche.com\";s:12:\"is_validated\";s:1:\"0\";s:10:\"user_money\";s:4:\"0.00\";s:12:\"frozen_money\";s:4:\"0.00\";s:11:\"rank_points\";s:1:\"0\";s:10:\"pay_points\";s:1:\"0\";s:8:\"reg_time\";s:10:\"2017-08-17\";}i:10;a:12:{s:7:\"user_id\";s:2:\"86\";s:9:\"user_name\";s:15:\"wx_150288722917\";s:3:\"sex\";s:1:\"0\";s:8:\"birthday\";s:10:\"0000-00-00\";s:12:\"mobile_phone\";s:0:\"\";s:5:\"email\";s:30:\"wx_150288722917@disanqiche.com\";s:12:\"is_validated\";s:1:\"0\";s:10:\"user_money\";s:4:\"0.00\";s:12:\"frozen_money\";s:4:\"0.00\";s:11:\"rank_points\";s:1:\"0\";s:10:\"pay_points\";s:1:\"0\";s:8:\"reg_time\";s:10:\"2017-08-16\";}i:11;a:12:{s:7:\"user_id\";s:2:\"85\";s:9:\"user_name\";s:14:\"wx_15028805541\";s:3:\"sex\";s:1:\"0\";s:8:\"birthday\";s:10:\"0000-00-00\";s:12:\"mobile_phone\";s:0:\"\";s:5:\"email\";s:29:\"wx_15028805541@disanqiche.com\";s:12:\"is_validated\";s:1:\"0\";s:10:\"user_money\";s:4:\"0.00\";s:12:\"frozen_money\";s:4:\"0.00\";s:11:\"rank_points\";s:1:\"0\";s:10:\"pay_points\";s:1:\"0\";s:8:\"reg_time\";s:10:\"2017-08-16\";}i:12;a:12:{s:7:\"user_id\";s:2:\"84\";s:9:\"user_name\";s:15:\"wx_150287942667\";s:3:\"sex\";s:1:\"0\";s:8:\"birthday\";s:10:\"0000-00-00\";s:12:\"mobile_phone\";s:0:\"\";s:5:\"email\";s:30:\"wx_150287942667@disanqiche.com\";s:12:\"is_validated\";s:1:\"0\";s:10:\"user_money\";s:4:\"0.00\";s:12:\"frozen_money\";s:4:\"0.00\";s:11:\"rank_points\";s:1:\"0\";s:10:\"pay_points\";s:1:\"0\";s:8:\"reg_time\";s:10:\"2017-08-16\";}i:13;a:12:{s:7:\"user_id\";s:2:\"83\";s:9:\"user_name\";s:15:\"wx_150287824494\";s:3:\"sex\";s:1:\"0\";s:8:\"birthday\";s:10:\"0000-00-00\";s:12:\"mobile_phone\";s:0:\"\";s:5:\"email\";s:30:\"wx_150287824494@disanqiche.com\";s:12:\"is_validated\";s:1:\"0\";s:10:\"user_money\";s:4:\"0.00\";s:12:\"frozen_money\";s:4:\"0.00\";s:11:\"rank_points\";s:1:\"0\";s:10:\"pay_points\";s:1:\"0\";s:8:\"reg_time\";s:10:\"2017-08-16\";}i:14;a:12:{s:7:\"user_id\";s:2:\"82\";s:9:\"user_name\";s:15:\"wx_150287440113\";s:3:\"sex\";s:1:\"0\";s:8:\"birthday\";s:10:\"0000-00-00\";s:12:\"mobile_phone\";s:0:\"\";s:5:\"email\";s:30:\"wx_150287440113@disanqiche.com\";s:12:\"is_validated\";s:1:\"0\";s:10:\"user_money\";s:4:\"0.00\";s:12:\"frozen_money\";s:4:\"0.00\";s:11:\"rank_points\";s:1:\"0\";s:10:\"pay_points\";s:1:\"0\";s:8:\"reg_time\";s:10:\"2017-08-16\";}}}')ON DUPLICATE KEY UPDATE expiry = expiry + 1508047453, data = 'a:4:{s:10:\"admin_name\";s:5:\"admin\";s:11:\"action_list\";s:3:\"all\";s:10:\"last_check\";i:1508018576;s:9:\"user_list\";a:15:{i:0;a:12:{s:7:\"user_id\";s:2:\"96\";s:9:\"user_name\";s:15:\"wx_150512637551\";s:3:\"sex\";s:1:\"0\";s:8:\"birthday\";s:10:\"0000-00-00\";s:12:\"mobile_phone\";s:0:\"\";s:5:\"email\";s:30:\"wx_150512637551@disanqiche.com\";s:12:\"is_validated\";s:1:\"0\";s:10:\"user_money\";s:4:\"0.00\";s:12:\"frozen_money\";s:4:\"0.00\";s:11:\"rank_points\";s:1:\"0\";s:10:\"pay_points\";s:1:\"0\";s:8:\"reg_time\";s:10:\"2017-09-11\";}i:1;a:12:{s:7:\"user_id\";s:2:\"95\";s:9:\"user_name\";s:15:\"wx_150468681834\";s:3:\"sex\";s:1:\"0\";s:8:\"birthday\";s:10:\"0000-00-00\";s:12:\"mobile_phone\";s:0:\"\";s:5:\"email\";s:30:\"wx_150468681834@disanqiche.com\";s:12:\"is_validated\";s:1:\"0\";s:10:\"user_money\";s:4:\"0.00\";s:12:\"frozen_money\";s:4:\"0.00\";s:11:\"rank_points\";s:1:\"0\";s:10:\"pay_points\";s:1:\"0\";s:8:\"reg_time\";s:10:\"2017-09-06\";}i:2;a:12:{s:7:\"user_id\";s:2:\"94\";s:9:\"user_name\";s:15:\"wx_150451180914\";s:3:\"sex\";s:1:\"0\";s:8:\"birthday\";s:10:\"0000-00-00\";s:12:\"mobile_phone\";s:0:\"\";s:5:\"email\";s:30:\"wx_150451180914@disanqiche.com\";s:12:\"is_validated\";s:1:\"0\";s:10:\"user_money\";s:4:\"0.00\";s:12:\"frozen_money\";s:4:\"0.00\";s:11:\"rank_points\";s:1:\"0\";s:10:\"pay_points\";s:1:\"0\";s:8:\"reg_time\";s:10:\"2017-09-04\";}i:3;a:12:{s:7:\"user_id\";s:2:\"93\";s:9:\"user_name\";s:15:\"wx_150428292924\";s:3:\"sex\";s:1:\"0\";s:8:\"birthday\";s:10:\"0000-00-00\";s:12:\"mobile_phone\";s:0:\"\";s:5:\"email\";s:30:\"wx_150428292924@disanqiche.com\";s:12:\"is_validated\";s:1:\"0\";s:10:\"user_money\";s:4:\"0.00\";s:12:\"frozen_money\";s:4:\"0.00\";s:11:\"rank_points\";s:1:\"0\";s:10:\"pay_points\";s:1:\"0\";s:8:\"reg_time\";s:10:\"2017-09-02\";}i:4;a:12:{s:7:\"user_id\";s:2:\"92\";s:9:\"user_name\";s:15:\"wx_150416728756\";s:3:\"sex\";s:1:\"0\";s:8:\"birthday\";s:10:\"0000-00-00\";s:12:\"mobile_phone\";s:0:\"\";s:5:\"email\";s:30:\"wx_150416728756@disanqiche.com\";s:12:\"is_validated\";s:1:\"0\";s:10:\"user_money\";s:4:\"0.00\";s:12:\"frozen_money\";s:4:\"0.00\";s:11:\"rank_points\";s:1:\"0\";s:10:\"pay_points\";s:1:\"0\";s:8:\"reg_time\";s:10:\"2017-08-31\";}i:5;a:12:{s:7:\"user_id\";s:2:\"91\";s:9:\"user_name\";s:15:\"wx_150330194177\";s:3:\"sex\";s:1:\"0\";s:8:\"birthday\";s:10:\"0000-00-00\";s:12:\"mobile_phone\";s:0:\"\";s:5:\"email\";s:30:\"wx_150330194177@disanqiche.com\";s:12:\"is_validated\";s:1:\"0\";s:10:\"user_money\";s:4:\"0.00\";s:12:\"frozen_money\";s:4:\"0.00\";s:11:\"rank_points\";s:1:\"0\";s:10:\"pay_points\";s:1:\"0\";s:8:\"reg_time\";s:10:\"2017-08-21\";}i:6;a:12:{s:7:\"user_id\";s:2:\"90\";s:9:\"user_name\";s:14:\"wx_15032984554\";s:3:\"sex\";s:1:\"0\";s:8:\"birthday\";s:10:\"0000-00-00\";s:12:\"mobile_phone\";s:0:\"\";s:5:\"email\";s:29:\"wx_15032984554@disanqiche.com\";s:12:\"is_validated\";s:1:\"0\";s:10:\"user_money\";s:4:\"0.00\";s:12:\"frozen_money\";s:4:\"0.00\";s:11:\"rank_points\";s:1:\"2\";s:10:\"pay_points\";s:1:\"0\";s:8:\"reg_time\";s:10:\"2017-08-21\";}i:7;a:12:{s:7:\"user_id\";s:2:\"89\";s:9:\"user_name\";s:14:\"wx_15030226528\";s:3:\"sex\";s:1:\"0\";s:8:\"birthday\";s:10:\"0000-00-00\";s:12:\"mobile_phone\";s:0:\"\";s:5:\"email\";s:29:\"wx_15030226528@disanqiche.com\";s:12:\"is_validated\";s:1:\"0\";s:10:\"user_money\";s:4:\"0.00\";s:12:\"frozen_money\";s:4:\"0.00\";s:11:\"rank_points\";s:1:\"0\";s:10:\"pay_points\";s:1:\"0\";s:8:\"reg_time\";s:10:\"2017-08-18\";}i:8;a:12:{s:7:\"user_id\";s:2:\"88\";s:9:\"user_name\";s:15:\"wx_150295515081\";s:3:\"sex\";s:1:\"0\";s:8:\"birthday\";s:10:\"0000-00-00\";s:12:\"mobile_phone\";s:0:\"\";s:5:\"email\";s:30:\"wx_150295515081@disanqiche.com\";s:12:\"is_validated\";s:1:\"0\";s:10:\"user_money\";s:4:\"0.00\";s:12:\"frozen_money\";s:4:\"0.00\";s:11:\"rank_points\";s:1:\"0\";s:10:\"pay_points\";s:1:\"0\";s:8:\"reg_time\";s:10:\"2017-08-17\";}i:9;a:12:{s:7:\"user_id\";s:2:\"87\";s:9:\"user_name\";s:15:\"wx_150293710228\";s:3:\"sex\";s:1:\"0\";s:8:\"birthday\";s:10:\"0000-00-00\";s:12:\"mobile_phone\";s:0:\"\";s:5:\"email\";s:30:\"wx_150293710228@disanqiche.com\";s:12:\"is_validated\";s:1:\"0\";s:10:\"user_money\";s:4:\"0.00\";s:12:\"frozen_money\";s:4:\"0.00\";s:11:\"rank_points\";s:1:\"0\";s:10:\"pay_points\";s:1:\"0\";s:8:\"reg_time\";s:10:\"2017-08-17\";}i:10;a:12:{s:7:\"user_id\";s:2:\"86\";s:9:\"user_name\";s:15:\"wx_150288722917\";s:3:\"sex\";s:1:\"0\";s:8:\"birthday\";s:10:\"0000-00-00\";s:12:\"mobile_phone\";s:0:\"\";s:5:\"email\";s:30:\"wx_150288722917@disanqiche.com\";s:12:\"is_validated\";s:1:\"0\";s:10:\"user_money\";s:4:\"0.00\";s:12:\"frozen_money\";s:4:\"0.00\";s:11:\"rank_points\";s:1:\"0\";s:10:\"pay_points\";s:1:\"0\";s:8:\"reg_time\";s:10:\"2017-08-16\";}i:11;a:12:{s:7:\"user_id\";s:2:\"85\";s:9:\"user_name\";s:14:\"wx_15028805541\";s:3:\"sex\";s:1:\"0\";s:8:\"birthday\";s:10:\"0000-00-00\";s:12:\"mobile_phone\";s:0:\"\";s:5:\"email\";s:29:\"wx_15028805541@disanqiche.com\";s:12:\"is_validated\";s:1:\"0\";s:10:\"user_money\";s:4:\"0.00\";s:12:\"frozen_money\";s:4:\"0.00\";s:11:\"rank_points\";s:1:\"0\";s:10:\"pay_points\";s:1:\"0\";s:8:\"reg_time\";s:10:\"2017-08-16\";}i:12;a:12:{s:7:\"user_id\";s:2:\"84\";s:9:\"user_name\";s:15:\"wx_150287942667\";s:3:\"sex\";s:1:\"0\";s:8:\"birthday\";s:10:\"0000-00-00\";s:12:\"mobile_phone\";s:0:\"\";s:5:\"email\";s:30:\"wx_150287942667@disanqiche.com\";s:12:\"is_validated\";s:1:\"0\";s:10:\"user_money\";s:4:\"0.00\";s:12:\"frozen_money\";s:4:\"0.00\";s:11:\"rank_points\";s:1:\"0\";s:10:\"pay_points\";s:1:\"0\";s:8:\"reg_time\";s:10:\"2017-08-16\";}i:13;a:12:{s:7:\"user_id\";s:2:\"83\";s:9:\"user_name\";s:15:\"wx_150287824494\";s:3:\"sex\";s:1:\"0\";s:8:\"birthday\";s:10:\"0000-00-00\";s:12:\"mobile_phone\";s:0:\"\";s:5:\"email\";s:30:\"wx_150287824494@disanqiche.com\";s:12:\"is_validated\";s:1:\"0\";s:10:\"user_money\";s:4:\"0.00\";s:12:\"frozen_money\";s:4:\"0.00\";s:11:\"rank_points\";s:1:\"0\";s:10:\"pay_points\";s:1:\"0\";s:8:\"reg_time\";s:10:\"2017-08-16\";}i:14;a:12:{s:7:\"user_id\";s:2:\"82\";s:9:\"user_name\";s:15:\"wx_150287440113\";s:3:\"sex\";s:1:\"0\";s:8:\"birthday\";s:10:\"0000-00-00\";s:12:\"mobile_phone\";s:0:\"\";s:5:\"email\";s:30:\"wx_150287440113@disanqiche.com\";s:12:\"is_validated\";s:1:\"0\";s:10:\"user_money\";s:4:\"0.00\";s:12:\"frozen_money\";s:4:\"0.00\";s:11:\"rank_points\";s:1:\"0\";s:10:\"pay_points\";s:1:\"0\";s:8:\"reg_time\";s:10:\"2017-08-16\";}}}'

UPDATE `db_fresh_shop`.`cy_sessions` SET expiry = '1508047453', ip = '182.201.175.40', userid = '0', adminid = '1', user_name='0', user_rank='0', discount='0', email='0', data = '' WHERE sesskey = 'd591ee68657d2f355213faab1c6204fa' LIMIT 1

DELETE FROM `db_fresh_shop`.`cy_sessions_data` WHERE expiry < 1508045653

