SELECT userid, adminid, user_name, user_rank, discount, email, data, expiry FROM `db_fresh_shop`.`cy_sessions` WHERE sesskey = '0cdd4d5e23da84f2968fbfca49910d9b'

INSERT INTO `db_fresh_shop`.`cy_sessions` (sesskey, expiry, ip, data) VALUES ('0cdd4d5e23da84f2968fbfca49910d9b', '1505289247', '106.38.0.103', 'a:0:{}')

SELECT code, value FROM `db_fresh_shop`.`cy_shop_config` WHERE parent_id > 0

SELECT user_id, user_name, password, action_list, last_login  FROM `db_fresh_shop`.`cy_admin_user` WHERE user_id = '1'

UPDATE `db_fresh_shop`.`cy_admin_user` SET last_login = '1505260447', last_ip = '106.38.0.103' WHERE user_id = '1'

UPDATE `db_fresh_shop`.`cy_sessions` SET expiry = '1505289247', ip = '106.38.0.103', userid = '0', adminid = '1', user_name='0', user_rank='0', discount='0', email='0', data = 'a:3:{s:10:\"admin_name\";s:5:\"admin\";s:11:\"action_list\";s:3:\"all\";s:10:\"last_check\";s:0:\"\";}' WHERE sesskey = '0cdd4d5e23da84f2968fbfca49910d9b' LIMIT 1

SELECT userid, adminid, user_name, user_rank, discount, email, data, expiry FROM `db_fresh_shop`.`cy_sessions` WHERE sesskey = '0cdd4d5e23da84f2968fbfca49910d9b'

SELECT code, value FROM `db_fresh_shop`.`cy_shop_config` WHERE parent_id > 0

SELECT message_id, sender_id, receiver_id, sent_time, readed, deleted, title, message, user_name FROM `db_fresh_shop`.`cy_admin_message` AS a, `db_fresh_shop`.`cy_admin_user` AS b WHERE a.sender_id = b.user_id AND a.receiver_id = '1' AND a.readed = 0 AND deleted = 0 ORDER BY a.sent_time DESC

SELECT pay_id, is_cod FROM `db_fresh_shop`.`cy_payment` WHERE enabled = 1

SELECT COUNT(*) FROM `db_fresh_shop`.`cy_order_info` WHERE 1  AND order_status  IN ('1','5')  AND shipping_status  IN ('1','2')  AND pay_status  IN ('2','1')  

SELECT pay_id FROM `db_fresh_shop`.`cy_payment` WHERE is_cod = 1

SELECT COUNT(*) FROM `db_fresh_shop`.`cy_order_info` WHERE 1  AND   order_status  IN ('1','5','6')  AND   shipping_status  IN ('0','3','5')  AND ( pay_status  IN ('2','1')  OR pay_id  IN ('2') ) 

SELECT pay_id FROM `db_fresh_shop`.`cy_payment` WHERE is_cod = 0

SELECT COUNT(*) FROM `db_fresh_shop`.`cy_order_info` WHERE 1  AND   order_status  IN ('1','5')  AND   pay_status = '0' AND ( shipping_status  IN ('1','2')  OR pay_id  IN ('1') ) 

SELECT COUNT(*) FROM `db_fresh_shop`.`cy_order_info` WHERE 1  AND order_status = '0' 

SELECT COUNT(*) FROM `db_fresh_shop`.`cy_order_info` WHERE  shipping_status=4

SELECT COUNT(*) AS oCount, IFNULL(SUM(order_amount), 0) AS oAmount FROM `db_fresh_shop`.`cy_order_info`

SELECT COUNT(*) FROM `db_fresh_shop`.`cy_goods` WHERE is_delete = 0 AND is_alone_sale = 1 AND is_real = 1

SELECT COUNT(*) FROM `db_fresh_shop`.`cy_goods` WHERE is_delete = 0 AND is_alone_sale = 1 AND is_real=0 AND extension_code='virtual_card'

SELECT COUNT(*) FROM `db_fresh_shop`.`cy_goods` WHERE is_delete = 0 AND is_new = 1 AND is_real = 1

SELECT COUNT(*) FROM `db_fresh_shop`.`cy_goods` WHERE is_delete = 0 AND is_new = 1 AND is_real=0 AND extension_code='virtual_card'

SELECT COUNT(*) FROM `db_fresh_shop`.`cy_goods` WHERE is_delete = 0 AND is_best = 1 AND is_real = 1

SELECT COUNT(*) FROM `db_fresh_shop`.`cy_goods` WHERE is_delete = 0 AND is_best = 1 AND is_real=0 AND extension_code='virtual_card'

SELECT COUNT(*) FROM `db_fresh_shop`.`cy_goods` WHERE is_delete = 0 AND is_hot = 1 AND is_real = 1

SELECT COUNT(*) FROM `db_fresh_shop`.`cy_goods` WHERE is_delete = 0 AND is_hot = 1 AND is_real=0 AND extension_code='virtual_card'

SELECT COUNT(*) FROM `db_fresh_shop`.`cy_goods` WHERE is_delete = 0 AND promote_price>0 AND promote_start_date <= '1505260448' AND promote_end_date >= '1505260448' AND is_real = 1

SELECT COUNT(*) FROM `db_fresh_shop`.`cy_goods` WHERE is_delete = 0 AND promote_price>0 AND promote_start_date <= '1505260448' AND promote_end_date >= '1505260448' AND is_real=0 AND extension_code='virtual_card'

SELECT COUNT(*) FROM `db_fresh_shop`.`cy_goods` WHERE is_delete = 0 AND goods_number <= warn_number AND is_real = 1

SELECT COUNT(*) FROM `db_fresh_shop`.`cy_goods` WHERE is_delete = 0 AND goods_number <= warn_number AND is_real=0 AND extension_code='virtual_card'

SELECT COUNT(*) FROM `db_fresh_shop`.`cy_stats` WHERE access_time > 1505203200

SELECT count(*) FROM `db_fresh_shop`.`cy_sessions`

SELECT COUNT(f.msg_id) FROM `db_fresh_shop`.`cy_feedback` AS f LEFT JOIN `db_fresh_shop`.`cy_feedback` AS r ON r.parent_id=f.msg_id WHERE f.parent_id=0 AND ISNULL(r.msg_id) 

SELECT COUNT(*) FROM `db_fresh_shop`.`cy_comment` WHERE status = 0 AND parent_id = 0

SELECT COUNT(*) FROM `db_fresh_shop`.`cy_booking_goods` WHERE is_dispose = 0

SELECT COUNT(*) FROM `db_fresh_shop`.`cy_user_account` WHERE process_type = 1 AND is_paid = 0 

DELETE FROM `db_fresh_shop`.`cy_sessions` WHERE expiry < 1505287448

SELECT userid, adminid, user_name, user_rank, discount, email, data, expiry FROM `db_fresh_shop`.`cy_sessions` WHERE sesskey = '0cdd4d5e23da84f2968fbfca49910d9b'

SELECT userid, adminid, user_name, user_rank, discount, email, data, expiry FROM `db_fresh_shop`.`cy_sessions` WHERE sesskey = '0cdd4d5e23da84f2968fbfca49910d9b'

SELECT userid, adminid, user_name, user_rank, discount, email, data, expiry FROM `db_fresh_shop`.`cy_sessions` WHERE sesskey = '0cdd4d5e23da84f2968fbfca49910d9b'

SELECT code, value FROM `db_fresh_shop`.`cy_shop_config` WHERE parent_id > 0

SELECT code, value FROM `db_fresh_shop`.`cy_shop_config` WHERE parent_id > 0

SELECT code, value FROM `db_fresh_shop`.`cy_shop_config` WHERE parent_id > 0

SELECT COUNT(*) AS oCount, IFNULL(SUM(order_amount), 0) AS oAmount FROM `db_fresh_shop`.`cy_order_info`

SELECT COUNT(*) FROM `db_fresh_shop`.`cy_goods` WHERE is_delete = 0 AND is_alone_sale = 1 AND is_real = 1

SELECT COUNT(*) FROM `db_fresh_shop`.`cy_users`

SELECT value FROM `db_fresh_shop`.`cy_shop_config` WHERE code = 'template'

SELECT value FROM `db_fresh_shop`.`cy_shop_config` WHERE code = 'stylename'

UPDATE `db_fresh_shop`.`cy_sessions` SET expiry = '1505289248', ip = '106.38.0.103', userid = '0', adminid = '1', user_name='0', user_rank='0', discount='0', email='0', data = 'a:3:{s:10:\"admin_name\";s:5:\"admin\";s:11:\"action_list\";s:3:\"all\";s:10:\"last_check\";i:1505260448;}' WHERE sesskey = '0cdd4d5e23da84f2968fbfca49910d9b' LIMIT 1

DELETE FROM `db_fresh_shop`.`cy_sessions` WHERE expiry < 1505287448

DELETE FROM `db_fresh_shop`.`cy_sessions` WHERE expiry < 1505287448

DELETE FROM `db_fresh_shop`.`cy_sessions` WHERE expiry < 1505287448

SELECT userid, adminid, user_name, user_rank, discount, email, data, expiry FROM `db_fresh_shop`.`cy_sessions` WHERE sesskey = '0cdd4d5e23da84f2968fbfca49910d9b'

SELECT code, value FROM `db_fresh_shop`.`cy_shop_config` WHERE parent_id > 0

SELECT userid, adminid, user_name, user_rank, discount, email, data, expiry FROM `db_fresh_shop`.`cy_sessions` WHERE sesskey = '0cdd4d5e23da84f2968fbfca49910d9b'

SELECT code, value FROM `db_fresh_shop`.`cy_shop_config` WHERE parent_id > 0

SELECT COUNT(*) AS oCount, IFNULL(SUM(order_amount), 0) AS oAmount FROM `db_fresh_shop`.`cy_order_info`

SELECT COUNT(*) FROM `db_fresh_shop`.`cy_goods` WHERE is_delete = 0 AND is_alone_sale = 1 AND is_real = 1

SELECT COUNT(*) FROM `db_fresh_shop`.`cy_users`

SELECT value FROM `db_fresh_shop`.`cy_shop_config` WHERE code = 'template'

SELECT value FROM `db_fresh_shop`.`cy_shop_config` WHERE code = 'stylename'

DELETE FROM `db_fresh_shop`.`cy_sessions_data` WHERE expiry < 1505287450

DELETE FROM `db_fresh_shop`.`cy_sessions` WHERE expiry < 1505287450

DELETE FROM `db_fresh_shop`.`cy_sessions` WHERE expiry < 1505287450

SELECT userid, adminid, user_name, user_rank, discount, email, data, expiry FROM `db_fresh_shop`.`cy_sessions` WHERE sesskey = '0cdd4d5e23da84f2968fbfca49910d9b'

SELECT code, value FROM `db_fresh_shop`.`cy_shop_config` WHERE parent_id > 0

SELECT COUNT(*) FROM `db_fresh_shop`.`cy_order_info` WHERE add_time >= '1505260448'

SELECT COUNT(*) FROM `db_fresh_shop`.`cy_order_info` WHERE pay_time >= 1505260448

UPDATE `db_fresh_shop`.`cy_sessions` SET expiry = '1505289250', ip = '106.38.0.103', userid = '0', adminid = '1', user_name='0', user_rank='0', discount='0', email='0', data = 'a:3:{s:10:\"admin_name\";s:5:\"admin\";s:11:\"action_list\";s:3:\"all\";s:10:\"last_check\";i:1505260450;}' WHERE sesskey = '0cdd4d5e23da84f2968fbfca49910d9b' LIMIT 1

DELETE FROM `db_fresh_shop`.`cy_sessions` WHERE expiry < 1505287450

SELECT userid, adminid, user_name, user_rank, discount, email, data, expiry FROM `db_fresh_shop`.`cy_sessions` WHERE sesskey = '0cdd4d5e23da84f2968fbfca49910d9b'

SELECT code, value FROM `db_fresh_shop`.`cy_shop_config` WHERE parent_id > 0

SELECT rank_id, rank_name, min_points FROM `db_fresh_shop`.`cy_user_rank` ORDER BY min_points ASC 

SELECT COUNT(*) FROM `db_fresh_shop`.`cy_users` WHERE 1 

SELECT user_id, user_name,sex,birthday,mobile_phone,email, is_validated, user_money, frozen_money, rank_points, pay_points, reg_time  FROM `db_fresh_shop`.`cy_users` WHERE 1  ORDER by user_id DESC LIMIT 0,15

DESC `db_fresh_shop`.`cy_sessions_data`

INSERT INTO `db_fresh_shop`.`cy_sessions_data` (sesskey, expiry, data) VALUES ('0cdd4d5e23da84f2968fbfca49910d9b', '1505289254', 'a:4:{s:10:\"admin_name\";s:5:\"admin\";s:11:\"action_list\";s:3:\"all\";s:10:\"last_check\";i:1505260450;s:9:\"user_list\";a:15:{i:0;a:12:{s:7:\"user_id\";s:2:\"96\";s:9:\"user_name\";s:15:\"wx_150512637551\";s:3:\"sex\";s:1:\"0\";s:8:\"birthday\";s:10:\"0000-00-00\";s:12:\"mobile_phone\";s:0:\"\";s:5:\"email\";s:30:\"wx_150512637551@disanqiche.com\";s:12:\"is_validated\";s:1:\"0\";s:10:\"user_money\";s:4:\"0.00\";s:12:\"frozen_money\";s:4:\"0.00\";s:11:\"rank_points\";s:1:\"0\";s:10:\"pay_points\";s:1:\"0\";s:8:\"reg_time\";s:10:\"2017-09-11\";}i:1;a:12:{s:7:\"user_id\";s:2:\"95\";s:9:\"user_name\";s:15:\"wx_150468681834\";s:3:\"sex\";s:1:\"0\";s:8:\"birthday\";s:10:\"0000-00-00\";s:12:\"mobile_phone\";s:0:\"\";s:5:\"email\";s:30:\"wx_150468681834@disanqiche.com\";s:12:\"is_validated\";s:1:\"0\";s:10:\"user_money\";s:4:\"0.00\";s:12:\"frozen_money\";s:4:\"0.00\";s:11:\"rank_points\";s:1:\"0\";s:10:\"pay_points\";s:1:\"0\";s:8:\"reg_time\";s:10:\"2017-09-06\";}i:2;a:12:{s:7:\"user_id\";s:2:\"94\";s:9:\"user_name\";s:15:\"wx_150451180914\";s:3:\"sex\";s:1:\"0\";s:8:\"birthday\";s:10:\"0000-00-00\";s:12:\"mobile_phone\";s:0:\"\";s:5:\"email\";s:30:\"wx_150451180914@disanqiche.com\";s:12:\"is_validated\";s:1:\"0\";s:10:\"user_money\";s:4:\"0.00\";s:12:\"frozen_money\";s:4:\"0.00\";s:11:\"rank_points\";s:1:\"0\";s:10:\"pay_points\";s:1:\"0\";s:8:\"reg_time\";s:10:\"2017-09-04\";}i:3;a:12:{s:7:\"user_id\";s:2:\"93\";s:9:\"user_name\";s:15:\"wx_150428292924\";s:3:\"sex\";s:1:\"0\";s:8:\"birthday\";s:10:\"0000-00-00\";s:12:\"mobile_phone\";s:0:\"\";s:5:\"email\";s:30:\"wx_150428292924@disanqiche.com\";s:12:\"is_validated\";s:1:\"0\";s:10:\"user_money\";s:4:\"0.00\";s:12:\"frozen_money\";s:4:\"0.00\";s:11:\"rank_points\";s:1:\"0\";s:10:\"pay_points\";s:1:\"0\";s:8:\"reg_time\";s:10:\"2017-09-02\";}i:4;a:12:{s:7:\"user_id\";s:2:\"92\";s:9:\"user_name\";s:15:\"wx_150416728756\";s:3:\"sex\";s:1:\"0\";s:8:\"birthday\";s:10:\"0000-00-00\";s:12:\"mobile_phone\";s:0:\"\";s:5:\"email\";s:30:\"wx_150416728756@disanqiche.com\";s:12:\"is_validated\";s:1:\"0\";s:10:\"user_money\";s:4:\"0.00\";s:12:\"frozen_money\";s:4:\"0.00\";s:11:\"rank_points\";s:1:\"0\";s:10:\"pay_points\";s:1:\"0\";s:8:\"reg_time\";s:10:\"2017-08-31\";}i:5;a:12:{s:7:\"user_id\";s:2:\"91\";s:9:\"user_name\";s:15:\"wx_150330194177\";s:3:\"sex\";s:1:\"0\";s:8:\"birthday\";s:10:\"0000-00-00\";s:12:\"mobile_phone\";s:0:\"\";s:5:\"email\";s:30:\"wx_150330194177@disanqiche.com\";s:12:\"is_validated\";s:1:\"0\";s:10:\"user_money\";s:4:\"0.00\";s:12:\"frozen_money\";s:4:\"0.00\";s:11:\"rank_points\";s:1:\"0\";s:10:\"pay_points\";s:1:\"0\";s:8:\"reg_time\";s:10:\"2017-08-21\";}i:6;a:12:{s:7:\"user_id\";s:2:\"90\";s:9:\"user_name\";s:14:\"wx_15032984554\";s:3:\"sex\";s:1:\"0\";s:8:\"birthday\";s:10:\"0000-00-00\";s:12:\"mobile_phone\";s:0:\"\";s:5:\"email\";s:29:\"wx_15032984554@disanqiche.com\";s:12:\"is_validated\";s:1:\"0\";s:10:\"user_money\";s:4:\"0.00\";s:12:\"frozen_money\";s:4:\"0.00\";s:11:\"rank_points\";s:1:\"2\";s:10:\"pay_points\";s:1:\"0\";s:8:\"reg_time\";s:10:\"2017-08-21\";}i:7;a:12:{s:7:\"user_id\";s:2:\"89\";s:9:\"user_name\";s:14:\"wx_15030226528\";s:3:\"sex\";s:1:\"0\";s:8:\"birthday\";s:10:\"0000-00-00\";s:12:\"mobile_phone\";s:0:\"\";s:5:\"email\";s:29:\"wx_15030226528@disanqiche.com\";s:12:\"is_validated\";s:1:\"0\";s:10:\"user_money\";s:4:\"0.00\";s:12:\"frozen_money\";s:4:\"0.00\";s:11:\"rank_points\";s:1:\"0\";s:10:\"pay_points\";s:1:\"0\";s:8:\"reg_time\";s:10:\"2017-08-18\";}i:8;a:12:{s:7:\"user_id\";s:2:\"88\";s:9:\"user_name\";s:15:\"wx_150295515081\";s:3:\"sex\";s:1:\"0\";s:8:\"birthday\";s:10:\"0000-00-00\";s:12:\"mobile_phone\";s:0:\"\";s:5:\"email\";s:30:\"wx_150295515081@disanqiche.com\";s:12:\"is_validated\";s:1:\"0\";s:10:\"user_money\";s:4:\"0.00\";s:12:\"frozen_money\";s:4:\"0.00\";s:11:\"rank_points\";s:1:\"0\";s:10:\"pay_points\";s:1:\"0\";s:8:\"reg_time\";s:10:\"2017-08-17\";}i:9;a:12:{s:7:\"user_id\";s:2:\"87\";s:9:\"user_name\";s:15:\"wx_150293710228\";s:3:\"sex\";s:1:\"0\";s:8:\"birthday\";s:10:\"0000-00-00\";s:12:\"mobile_phone\";s:0:\"\";s:5:\"email\";s:30:\"wx_150293710228@disanqiche.com\";s:12:\"is_validated\";s:1:\"0\";s:10:\"user_money\";s:4:\"0.00\";s:12:\"frozen_money\";s:4:\"0.00\";s:11:\"rank_points\";s:1:\"0\";s:10:\"pay_points\";s:1:\"0\";s:8:\"reg_time\";s:10:\"2017-08-17\";}i:10;a:12:{s:7:\"user_id\";s:2:\"86\";s:9:\"user_name\";s:15:\"wx_150288722917\";s:3:\"sex\";s:1:\"0\";s:8:\"birthday\";s:10:\"0000-00-00\";s:12:\"mobile_phone\";s:0:\"\";s:5:\"email\";s:30:\"wx_150288722917@disanqiche.com\";s:12:\"is_validated\";s:1:\"0\";s:10:\"user_money\";s:4:\"0.00\";s:12:\"frozen_money\";s:4:\"0.00\";s:11:\"rank_points\";s:1:\"0\";s:10:\"pay_points\";s:1:\"0\";s:8:\"reg_time\";s:10:\"2017-08-16\";}i:11;a:12:{s:7:\"user_id\";s:2:\"85\";s:9:\"user_name\";s:14:\"wx_15028805541\";s:3:\"sex\";s:1:\"0\";s:8:\"birthday\";s:10:\"0000-00-00\";s:12:\"mobile_phone\";s:0:\"\";s:5:\"email\";s:29:\"wx_15028805541@disanqiche.com\";s:12:\"is_validated\";s:1:\"0\";s:10:\"user_money\";s:4:\"0.00\";s:12:\"frozen_money\";s:4:\"0.00\";s:11:\"rank_points\";s:1:\"0\";s:10:\"pay_points\";s:1:\"0\";s:8:\"reg_time\";s:10:\"2017-08-16\";}i:12;a:12:{s:7:\"user_id\";s:2:\"84\";s:9:\"user_name\";s:15:\"wx_150287942667\";s:3:\"sex\";s:1:\"0\";s:8:\"birthday\";s:10:\"0000-00-00\";s:12:\"mobile_phone\";s:0:\"\";s:5:\"email\";s:30:\"wx_150287942667@disanqiche.com\";s:12:\"is_validated\";s:1:\"0\";s:10:\"user_money\";s:4:\"0.00\";s:12:\"frozen_money\";s:4:\"0.00\";s:11:\"rank_points\";s:1:\"0\";s:10:\"pay_points\";s:1:\"0\";s:8:\"reg_time\";s:10:\"2017-08-16\";}i:13;a:12:{s:7:\"user_id\";s:2:\"83\";s:9:\"user_name\";s:15:\"wx_150287824494\";s:3:\"sex\";s:1:\"0\";s:8:\"birthday\";s:10:\"0000-00-00\";s:12:\"mobile_phone\";s:0:\"\";s:5:\"email\";s:30:\"wx_150287824494@disanqiche.com\";s:12:\"is_validated\";s:1:\"0\";s:10:\"user_money\";s:4:\"0.00\";s:12:\"frozen_money\";s:4:\"0.00\";s:11:\"rank_points\";s:1:\"0\";s:10:\"pay_points\";s:1:\"0\";s:8:\"reg_time\";s:10:\"2017-08-16\";}i:14;a:12:{s:7:\"user_id\";s:2:\"82\";s:9:\"user_name\";s:15:\"wx_150287440113\";s:3:\"sex\";s:1:\"0\";s:8:\"birthday\";s:10:\"0000-00-00\";s:12:\"mobile_phone\";s:0:\"\";s:5:\"email\";s:30:\"wx_150287440113@disanqiche.com\";s:12:\"is_validated\";s:1:\"0\";s:10:\"user_money\";s:4:\"0.00\";s:12:\"frozen_money\";s:4:\"0.00\";s:11:\"rank_points\";s:1:\"0\";s:10:\"pay_points\";s:1:\"0\";s:8:\"reg_time\";s:10:\"2017-08-16\";}}}')ON DUPLICATE KEY UPDATE expiry = expiry + 1505289254, data = 'a:4:{s:10:\"admin_name\";s:5:\"admin\";s:11:\"action_list\";s:3:\"all\";s:10:\"last_check\";i:1505260450;s:9:\"user_list\";a:15:{i:0;a:12:{s:7:\"user_id\";s:2:\"96\";s:9:\"user_name\";s:15:\"wx_150512637551\";s:3:\"sex\";s:1:\"0\";s:8:\"birthday\";s:10:\"0000-00-00\";s:12:\"mobile_phone\";s:0:\"\";s:5:\"email\";s:30:\"wx_150512637551@disanqiche.com\";s:12:\"is_validated\";s:1:\"0\";s:10:\"user_money\";s:4:\"0.00\";s:12:\"frozen_money\";s:4:\"0.00\";s:11:\"rank_points\";s:1:\"0\";s:10:\"pay_points\";s:1:\"0\";s:8:\"reg_time\";s:10:\"2017-09-11\";}i:1;a:12:{s:7:\"user_id\";s:2:\"95\";s:9:\"user_name\";s:15:\"wx_150468681834\";s:3:\"sex\";s:1:\"0\";s:8:\"birthday\";s:10:\"0000-00-00\";s:12:\"mobile_phone\";s:0:\"\";s:5:\"email\";s:30:\"wx_150468681834@disanqiche.com\";s:12:\"is_validated\";s:1:\"0\";s:10:\"user_money\";s:4:\"0.00\";s:12:\"frozen_money\";s:4:\"0.00\";s:11:\"rank_points\";s:1:\"0\";s:10:\"pay_points\";s:1:\"0\";s:8:\"reg_time\";s:10:\"2017-09-06\";}i:2;a:12:{s:7:\"user_id\";s:2:\"94\";s:9:\"user_name\";s:15:\"wx_150451180914\";s:3:\"sex\";s:1:\"0\";s:8:\"birthday\";s:10:\"0000-00-00\";s:12:\"mobile_phone\";s:0:\"\";s:5:\"email\";s:30:\"wx_150451180914@disanqiche.com\";s:12:\"is_validated\";s:1:\"0\";s:10:\"user_money\";s:4:\"0.00\";s:12:\"frozen_money\";s:4:\"0.00\";s:11:\"rank_points\";s:1:\"0\";s:10:\"pay_points\";s:1:\"0\";s:8:\"reg_time\";s:10:\"2017-09-04\";}i:3;a:12:{s:7:\"user_id\";s:2:\"93\";s:9:\"user_name\";s:15:\"wx_150428292924\";s:3:\"sex\";s:1:\"0\";s:8:\"birthday\";s:10:\"0000-00-00\";s:12:\"mobile_phone\";s:0:\"\";s:5:\"email\";s:30:\"wx_150428292924@disanqiche.com\";s:12:\"is_validated\";s:1:\"0\";s:10:\"user_money\";s:4:\"0.00\";s:12:\"frozen_money\";s:4:\"0.00\";s:11:\"rank_points\";s:1:\"0\";s:10:\"pay_points\";s:1:\"0\";s:8:\"reg_time\";s:10:\"2017-09-02\";}i:4;a:12:{s:7:\"user_id\";s:2:\"92\";s:9:\"user_name\";s:15:\"wx_150416728756\";s:3:\"sex\";s:1:\"0\";s:8:\"birthday\";s:10:\"0000-00-00\";s:12:\"mobile_phone\";s:0:\"\";s:5:\"email\";s:30:\"wx_150416728756@disanqiche.com\";s:12:\"is_validated\";s:1:\"0\";s:10:\"user_money\";s:4:\"0.00\";s:12:\"frozen_money\";s:4:\"0.00\";s:11:\"rank_points\";s:1:\"0\";s:10:\"pay_points\";s:1:\"0\";s:8:\"reg_time\";s:10:\"2017-08-31\";}i:5;a:12:{s:7:\"user_id\";s:2:\"91\";s:9:\"user_name\";s:15:\"wx_150330194177\";s:3:\"sex\";s:1:\"0\";s:8:\"birthday\";s:10:\"0000-00-00\";s:12:\"mobile_phone\";s:0:\"\";s:5:\"email\";s:30:\"wx_150330194177@disanqiche.com\";s:12:\"is_validated\";s:1:\"0\";s:10:\"user_money\";s:4:\"0.00\";s:12:\"frozen_money\";s:4:\"0.00\";s:11:\"rank_points\";s:1:\"0\";s:10:\"pay_points\";s:1:\"0\";s:8:\"reg_time\";s:10:\"2017-08-21\";}i:6;a:12:{s:7:\"user_id\";s:2:\"90\";s:9:\"user_name\";s:14:\"wx_15032984554\";s:3:\"sex\";s:1:\"0\";s:8:\"birthday\";s:10:\"0000-00-00\";s:12:\"mobile_phone\";s:0:\"\";s:5:\"email\";s:29:\"wx_15032984554@disanqiche.com\";s:12:\"is_validated\";s:1:\"0\";s:10:\"user_money\";s:4:\"0.00\";s:12:\"frozen_money\";s:4:\"0.00\";s:11:\"rank_points\";s:1:\"2\";s:10:\"pay_points\";s:1:\"0\";s:8:\"reg_time\";s:10:\"2017-08-21\";}i:7;a:12:{s:7:\"user_id\";s:2:\"89\";s:9:\"user_name\";s:14:\"wx_15030226528\";s:3:\"sex\";s:1:\"0\";s:8:\"birthday\";s:10:\"0000-00-00\";s:12:\"mobile_phone\";s:0:\"\";s:5:\"email\";s:29:\"wx_15030226528@disanqiche.com\";s:12:\"is_validated\";s:1:\"0\";s:10:\"user_money\";s:4:\"0.00\";s:12:\"frozen_money\";s:4:\"0.00\";s:11:\"rank_points\";s:1:\"0\";s:10:\"pay_points\";s:1:\"0\";s:8:\"reg_time\";s:10:\"2017-08-18\";}i:8;a:12:{s:7:\"user_id\";s:2:\"88\";s:9:\"user_name\";s:15:\"wx_150295515081\";s:3:\"sex\";s:1:\"0\";s:8:\"birthday\";s:10:\"0000-00-00\";s:12:\"mobile_phone\";s:0:\"\";s:5:\"email\";s:30:\"wx_150295515081@disanqiche.com\";s:12:\"is_validated\";s:1:\"0\";s:10:\"user_money\";s:4:\"0.00\";s:12:\"frozen_money\";s:4:\"0.00\";s:11:\"rank_points\";s:1:\"0\";s:10:\"pay_points\";s:1:\"0\";s:8:\"reg_time\";s:10:\"2017-08-17\";}i:9;a:12:{s:7:\"user_id\";s:2:\"87\";s:9:\"user_name\";s:15:\"wx_150293710228\";s:3:\"sex\";s:1:\"0\";s:8:\"birthday\";s:10:\"0000-00-00\";s:12:\"mobile_phone\";s:0:\"\";s:5:\"email\";s:30:\"wx_150293710228@disanqiche.com\";s:12:\"is_validated\";s:1:\"0\";s:10:\"user_money\";s:4:\"0.00\";s:12:\"frozen_money\";s:4:\"0.00\";s:11:\"rank_points\";s:1:\"0\";s:10:\"pay_points\";s:1:\"0\";s:8:\"reg_time\";s:10:\"2017-08-17\";}i:10;a:12:{s:7:\"user_id\";s:2:\"86\";s:9:\"user_name\";s:15:\"wx_150288722917\";s:3:\"sex\";s:1:\"0\";s:8:\"birthday\";s:10:\"0000-00-00\";s:12:\"mobile_phone\";s:0:\"\";s:5:\"email\";s:30:\"wx_150288722917@disanqiche.com\";s:12:\"is_validated\";s:1:\"0\";s:10:\"user_money\";s:4:\"0.00\";s:12:\"frozen_money\";s:4:\"0.00\";s:11:\"rank_points\";s:1:\"0\";s:10:\"pay_points\";s:1:\"0\";s:8:\"reg_time\";s:10:\"2017-08-16\";}i:11;a:12:{s:7:\"user_id\";s:2:\"85\";s:9:\"user_name\";s:14:\"wx_15028805541\";s:3:\"sex\";s:1:\"0\";s:8:\"birthday\";s:10:\"0000-00-00\";s:12:\"mobile_phone\";s:0:\"\";s:5:\"email\";s:29:\"wx_15028805541@disanqiche.com\";s:12:\"is_validated\";s:1:\"0\";s:10:\"user_money\";s:4:\"0.00\";s:12:\"frozen_money\";s:4:\"0.00\";s:11:\"rank_points\";s:1:\"0\";s:10:\"pay_points\";s:1:\"0\";s:8:\"reg_time\";s:10:\"2017-08-16\";}i:12;a:12:{s:7:\"user_id\";s:2:\"84\";s:9:\"user_name\";s:15:\"wx_150287942667\";s:3:\"sex\";s:1:\"0\";s:8:\"birthday\";s:10:\"0000-00-00\";s:12:\"mobile_phone\";s:0:\"\";s:5:\"email\";s:30:\"wx_150287942667@disanqiche.com\";s:12:\"is_validated\";s:1:\"0\";s:10:\"user_money\";s:4:\"0.00\";s:12:\"frozen_money\";s:4:\"0.00\";s:11:\"rank_points\";s:1:\"0\";s:10:\"pay_points\";s:1:\"0\";s:8:\"reg_time\";s:10:\"2017-08-16\";}i:13;a:12:{s:7:\"user_id\";s:2:\"83\";s:9:\"user_name\";s:15:\"wx_150287824494\";s:3:\"sex\";s:1:\"0\";s:8:\"birthday\";s:10:\"0000-00-00\";s:12:\"mobile_phone\";s:0:\"\";s:5:\"email\";s:30:\"wx_150287824494@disanqiche.com\";s:12:\"is_validated\";s:1:\"0\";s:10:\"user_money\";s:4:\"0.00\";s:12:\"frozen_money\";s:4:\"0.00\";s:11:\"rank_points\";s:1:\"0\";s:10:\"pay_points\";s:1:\"0\";s:8:\"reg_time\";s:10:\"2017-08-16\";}i:14;a:12:{s:7:\"user_id\";s:2:\"82\";s:9:\"user_name\";s:15:\"wx_150287440113\";s:3:\"sex\";s:1:\"0\";s:8:\"birthday\";s:10:\"0000-00-00\";s:12:\"mobile_phone\";s:0:\"\";s:5:\"email\";s:30:\"wx_150287440113@disanqiche.com\";s:12:\"is_validated\";s:1:\"0\";s:10:\"user_money\";s:4:\"0.00\";s:12:\"frozen_money\";s:4:\"0.00\";s:11:\"rank_points\";s:1:\"0\";s:10:\"pay_points\";s:1:\"0\";s:8:\"reg_time\";s:10:\"2017-08-16\";}}}'

UPDATE `db_fresh_shop`.`cy_sessions` SET expiry = '1505289254', ip = '106.38.0.103', userid = '0', adminid = '1', user_name='0', user_rank='0', discount='0', email='0', data = '' WHERE sesskey = '0cdd4d5e23da84f2968fbfca49910d9b' LIMIT 1

DELETE FROM `db_fresh_shop`.`cy_sessions` WHERE expiry < 1505287454

