INSERT INTO `db_fresh_shop`.`cy_sessions` (sesskey, expiry, ip, data) VALUES ('6718f3718af0a2abdcd49b85f5e2a72f', '1518367991', '42.5.111.74', 'a:0:{}')

SELECT code, value FROM `db_fresh_shop`.`cy_shop_config` WHERE parent_id > 0

UPDATE `db_fresh_shop`.`cy_sessions` SET expiry = '1518367991', ip = '42.5.111.74', userid = '0', adminid = '0', user_name='0', user_rank='0', discount='0', email='0', data = 'a:1:{s:10:\"last_check\";i:1518339191;}' WHERE sesskey = '6718f3718af0a2abdcd49b85f5e2a72f' LIMIT 1

SELECT userid, adminid, user_name, user_rank, discount, email, data, expiry FROM `db_fresh_shop`.`cy_sessions` WHERE sesskey = '6718f3718af0a2abdcd49b85f5e2a72f'

SELECT code, value FROM `db_fresh_shop`.`cy_shop_config` WHERE parent_id > 0

SELECT COUNT(*) FROM `db_fresh_shop`.`cy_order_info` WHERE add_time >= '1518339191'

SELECT COUNT(*) FROM `db_fresh_shop`.`cy_order_info` WHERE pay_time >= 1518339191

INSERT INTO `db_fresh_shop`.`cy_sessions` (sesskey, expiry, ip, data) VALUES ('3391e5e877d3d4f5114f7e2e6bf29090', '1518391037', '42.5.111.74', 'a:0:{}')

SELECT code, value FROM `db_fresh_shop`.`cy_shop_config` WHERE parent_id > 0

SELECT user_id, user_name, password, action_list, last_login  FROM `db_fresh_shop`.`cy_admin_user` WHERE user_id = '1'

UPDATE `db_fresh_shop`.`cy_admin_user` SET last_login = '1518362237', last_ip = '42.5.111.74' WHERE user_id = '1'

UPDATE `db_fresh_shop`.`cy_sessions` SET expiry = '1518391037', ip = '42.5.111.74', userid = '0', adminid = '1', user_name='0', user_rank='0', discount='0', email='0', data = 'a:3:{s:10:\"admin_name\";s:5:\"admin\";s:11:\"action_list\";s:3:\"all\";s:10:\"last_check\";s:0:\"\";}' WHERE sesskey = '3391e5e877d3d4f5114f7e2e6bf29090' LIMIT 1

SELECT userid, adminid, user_name, user_rank, discount, email, data, expiry FROM `db_fresh_shop`.`cy_sessions` WHERE sesskey = '3391e5e877d3d4f5114f7e2e6bf29090'

SELECT code, value FROM `db_fresh_shop`.`cy_shop_config` WHERE parent_id > 0

SELECT message_id, sender_id, receiver_id, sent_time, readed, deleted, title, message, user_name FROM `db_fresh_shop`.`cy_admin_message` AS a, `db_fresh_shop`.`cy_admin_user` AS b WHERE a.sender_id = b.user_id AND a.receiver_id = '1' AND a.readed = 0 AND deleted = 0 ORDER BY a.sent_time DESC

SELECT pay_id, is_cod FROM `db_fresh_shop`.`cy_payment` WHERE enabled = 1

SELECT COUNT(*) FROM `db_fresh_shop`.`cy_order_info` WHERE 1  AND order_status  IN ('1','5')  AND shipping_status  IN ('1','2')  AND pay_status  IN ('2','1')  

SELECT pay_id FROM `db_fresh_shop`.`cy_payment` WHERE is_cod = 1

SELECT COUNT(*) FROM `db_fresh_shop`.`cy_order_info` WHERE 1  AND   order_status  IN ('1','5','6')  AND   shipping_status  IN ('0','3','5')  AND ( pay_status  IN ('2','1')  OR pay_id  IN ('2') ) 

SELECT pay_id FROM `db_fresh_shop`.`cy_payment` WHERE is_cod = 0

SELECT COUNT(*) FROM `db_fresh_shop`.`cy_order_info` WHERE 1  AND   order_status  IN ('1','5')  AND   pay_status = '0' AND ( shipping_status  IN ('1','2')  OR pay_id  IN ('1') ) 

SELECT COUNT(*) FROM `db_fresh_shop`.`cy_order_info` WHERE 1  AND order_status = '0' 

SELECT COUNT(*) FROM `db_fresh_shop`.`cy_order_info` WHERE  shipping_status=4

SELECT COUNT(*) AS oCount, IFNULL(SUM(order_amount), 0) AS oAmount FROM `db_fresh_shop`.`cy_order_info`

SELECT COUNT(*) FROM `db_fresh_shop`.`cy_goods` WHERE is_delete = 0 AND is_alone_sale = 1 AND is_real = 1

SELECT COUNT(*) FROM `db_fresh_shop`.`cy_goods` WHERE is_delete = 0 AND is_alone_sale = 1 AND is_real=0 AND extension_code='virtual_card'

SELECT COUNT(*) FROM `db_fresh_shop`.`cy_goods` WHERE is_delete = 0 AND is_new = 1 AND is_real = 1

SELECT COUNT(*) FROM `db_fresh_shop`.`cy_goods` WHERE is_delete = 0 AND is_new = 1 AND is_real=0 AND extension_code='virtual_card'

SELECT COUNT(*) FROM `db_fresh_shop`.`cy_goods` WHERE is_delete = 0 AND is_best = 1 AND is_real = 1

SELECT COUNT(*) FROM `db_fresh_shop`.`cy_goods` WHERE is_delete = 0 AND is_best = 1 AND is_real=0 AND extension_code='virtual_card'

SELECT COUNT(*) FROM `db_fresh_shop`.`cy_goods` WHERE is_delete = 0 AND is_hot = 1 AND is_real = 1

SELECT COUNT(*) FROM `db_fresh_shop`.`cy_goods` WHERE is_delete = 0 AND is_hot = 1 AND is_real=0 AND extension_code='virtual_card'

SELECT COUNT(*) FROM `db_fresh_shop`.`cy_goods` WHERE is_delete = 0 AND promote_price>0 AND promote_start_date <= '1518362238' AND promote_end_date >= '1518362238' AND is_real = 1

SELECT COUNT(*) FROM `db_fresh_shop`.`cy_goods` WHERE is_delete = 0 AND promote_price>0 AND promote_start_date <= '1518362238' AND promote_end_date >= '1518362238' AND is_real=0 AND extension_code='virtual_card'

SELECT COUNT(*) FROM `db_fresh_shop`.`cy_goods` WHERE is_delete = 0 AND goods_number <= warn_number AND is_real = 1

SELECT COUNT(*) FROM `db_fresh_shop`.`cy_goods` WHERE is_delete = 0 AND goods_number <= warn_number AND is_real=0 AND extension_code='virtual_card'

SELECT COUNT(*) FROM `db_fresh_shop`.`cy_stats` WHERE access_time > 1518336000

SELECT count(*) FROM `db_fresh_shop`.`cy_sessions`

SELECT COUNT(f.msg_id) FROM `db_fresh_shop`.`cy_feedback` AS f LEFT JOIN `db_fresh_shop`.`cy_feedback` AS r ON r.parent_id=f.msg_id WHERE f.parent_id=0 AND ISNULL(r.msg_id) 

SELECT COUNT(*) FROM `db_fresh_shop`.`cy_comment` WHERE status = 0 AND parent_id = 0

SELECT COUNT(*) FROM `db_fresh_shop`.`cy_booking_goods` WHERE is_dispose = 0

SELECT COUNT(*) FROM `db_fresh_shop`.`cy_user_account` WHERE process_type = 1 AND is_paid = 0 

DELETE FROM `db_fresh_shop`.`cy_sessions_data` WHERE expiry < 1518389238

DELETE FROM `db_fresh_shop`.`cy_sessions` WHERE expiry < 1518389238

SELECT userid, adminid, user_name, user_rank, discount, email, data, expiry FROM `db_fresh_shop`.`cy_sessions` WHERE sesskey = '3391e5e877d3d4f5114f7e2e6bf29090'

SELECT code, value FROM `db_fresh_shop`.`cy_shop_config` WHERE parent_id > 0

SELECT userid, adminid, user_name, user_rank, discount, email, data, expiry FROM `db_fresh_shop`.`cy_sessions` WHERE sesskey = '3391e5e877d3d4f5114f7e2e6bf29090'

SELECT code, value FROM `db_fresh_shop`.`cy_shop_config` WHERE parent_id > 0

SELECT COUNT(*) AS oCount, IFNULL(SUM(order_amount), 0) AS oAmount FROM `db_fresh_shop`.`cy_order_info`

SELECT COUNT(*) FROM `db_fresh_shop`.`cy_goods` WHERE is_delete = 0 AND is_alone_sale = 1 AND is_real = 1

SELECT COUNT(*) FROM `db_fresh_shop`.`cy_users`

SELECT value FROM `db_fresh_shop`.`cy_shop_config` WHERE code = 'template'

SELECT value FROM `db_fresh_shop`.`cy_shop_config` WHERE code = 'stylename'

SELECT userid, adminid, user_name, user_rank, discount, email, data, expiry FROM `db_fresh_shop`.`cy_sessions` WHERE sesskey = '3391e5e877d3d4f5114f7e2e6bf29090'

SELECT code, value FROM `db_fresh_shop`.`cy_shop_config` WHERE parent_id > 0

UPDATE `db_fresh_shop`.`cy_sessions` SET expiry = '1518391038', ip = '42.5.111.74', userid = '0', adminid = '1', user_name='0', user_rank='0', discount='0', email='0', data = 'a:3:{s:10:\"admin_name\";s:5:\"admin\";s:11:\"action_list\";s:3:\"all\";s:10:\"last_check\";i:1518362238;}' WHERE sesskey = '3391e5e877d3d4f5114f7e2e6bf29090' LIMIT 1

DELETE FROM `db_fresh_shop`.`cy_sessions_data` WHERE expiry < 1518389238

DELETE FROM `db_fresh_shop`.`cy_sessions` WHERE expiry < 1518389238

DELETE FROM `db_fresh_shop`.`cy_sessions` WHERE expiry < 1518389238

INSERT INTO `db_fresh_shop`.`cy_sessions` (sesskey, expiry, ip, data) VALUES ('ebc064859ff156f9f5b9ea0bbc7a521f', '1518391096', '120.204.17.73', 'a:0:{}')

SELECT code, value FROM `db_fresh_shop`.`cy_shop_config` WHERE parent_id > 0

UPDATE `db_fresh_shop`.`cy_sessions` SET expiry = '1518391096', ip = '120.204.17.73', userid = '0', adminid = '0', user_name='0', user_rank='0', discount='0', email='0', data = 'a:0:{}' WHERE sesskey = 'ebc064859ff156f9f5b9ea0bbc7a521f' LIMIT 1

DELETE FROM `db_fresh_shop`.`cy_sessions` WHERE expiry < 1518389296

SELECT userid, adminid, user_name, user_rank, discount, email, data, expiry FROM `db_fresh_shop`.`cy_sessions` WHERE sesskey = '3391e5e877d3d4f5114f7e2e6bf29090'

SELECT code, value FROM `db_fresh_shop`.`cy_shop_config` WHERE parent_id > 0

SELECT COUNT(*) FROM `db_fresh_shop`.`cy_order_info` WHERE add_time >= '1518362238'

SELECT COUNT(*) FROM `db_fresh_shop`.`cy_order_info` WHERE pay_time >= 1518362238

UPDATE `db_fresh_shop`.`cy_sessions` SET expiry = '1518392034', ip = '42.5.111.74', userid = '0', adminid = '1', user_name='0', user_rank='0', discount='0', email='0', data = 'a:3:{s:10:\"admin_name\";s:5:\"admin\";s:11:\"action_list\";s:3:\"all\";s:10:\"last_check\";i:1518363234;}' WHERE sesskey = '3391e5e877d3d4f5114f7e2e6bf29090' LIMIT 1

DELETE FROM `db_fresh_shop`.`cy_sessions_data` WHERE expiry < 1518390234

DELETE FROM `db_fresh_shop`.`cy_sessions` WHERE expiry < 1518390234

INSERT INTO `db_fresh_shop`.`cy_sessions` (sesskey, expiry, ip, data) VALUES ('da766eeeb8e0ea22625d6b059771602d', '1518393864', '223.104.176.12', 'a:0:{}')

SELECT code, value FROM `db_fresh_shop`.`cy_shop_config` WHERE parent_id > 0

UPDATE `db_fresh_shop`.`cy_sessions` SET expiry = '1518393864', ip = '223.104.176.12', userid = '0', adminid = '0', user_name='0', user_rank='0', discount='0', email='0', data = 'a:1:{s:10:\"last_check\";i:1518365064;}' WHERE sesskey = 'da766eeeb8e0ea22625d6b059771602d' LIMIT 1

DELETE FROM `db_fresh_shop`.`cy_sessions` WHERE expiry < 1518392064

INSERT INTO `db_fresh_shop`.`cy_sessions` (sesskey, expiry, ip, data) VALUES ('0118abf906fb8f77b0f3bd2cbe96d275', '1518394303', '175.175.74.97', 'a:0:{}')

SELECT code, value FROM `db_fresh_shop`.`cy_shop_config` WHERE parent_id > 0

UPDATE `db_fresh_shop`.`cy_sessions` SET expiry = '1518394303', ip = '175.175.74.97', userid = '0', adminid = '0', user_name='0', user_rank='0', discount='0', email='0', data = 'a:1:{s:10:\"last_check\";i:1518365503;}' WHERE sesskey = '0118abf906fb8f77b0f3bd2cbe96d275' LIMIT 1

SELECT userid, adminid, user_name, user_rank, discount, email, data, expiry FROM `db_fresh_shop`.`cy_sessions` WHERE sesskey = '0118abf906fb8f77b0f3bd2cbe96d275'

SELECT code, value FROM `db_fresh_shop`.`cy_shop_config` WHERE parent_id > 0

SELECT COUNT(*) FROM `db_fresh_shop`.`cy_order_info` WHERE add_time >= '1518365503'

SELECT COUNT(*) FROM `db_fresh_shop`.`cy_order_info` WHERE pay_time >= 1518365503

UPDATE `db_fresh_shop`.`cy_sessions` SET expiry = '1518394483', ip = '175.175.74.97', userid = '0', adminid = '0', user_name='0', user_rank='0', discount='0', email='0', data = 'a:1:{s:10:\"last_check\";i:1518365683;}' WHERE sesskey = '0118abf906fb8f77b0f3bd2cbe96d275' LIMIT 1

SELECT userid, adminid, user_name, user_rank, discount, email, data, expiry FROM `db_fresh_shop`.`cy_sessions` WHERE sesskey = '0118abf906fb8f77b0f3bd2cbe96d275'

SELECT code, value FROM `db_fresh_shop`.`cy_shop_config` WHERE parent_id > 0

SELECT COUNT(*) FROM `db_fresh_shop`.`cy_order_info` WHERE add_time >= '1518365683'

SELECT COUNT(*) FROM `db_fresh_shop`.`cy_order_info` WHERE pay_time >= 1518365683

UPDATE `db_fresh_shop`.`cy_sessions` SET expiry = '1518394745', ip = '175.175.74.97', userid = '0', adminid = '0', user_name='0', user_rank='0', discount='0', email='0', data = 'a:1:{s:10:\"last_check\";i:1518365945;}' WHERE sesskey = '0118abf906fb8f77b0f3bd2cbe96d275' LIMIT 1

SELECT userid, adminid, user_name, user_rank, discount, email, data, expiry FROM `db_fresh_shop`.`cy_sessions` WHERE sesskey = '0118abf906fb8f77b0f3bd2cbe96d275'

SELECT code, value FROM `db_fresh_shop`.`cy_shop_config` WHERE parent_id > 0

SELECT COUNT(*) FROM `db_fresh_shop`.`cy_order_info` WHERE add_time >= '1518365945'

SELECT COUNT(*) FROM `db_fresh_shop`.`cy_order_info` WHERE pay_time >= 1518365945

UPDATE `db_fresh_shop`.`cy_sessions` SET expiry = '1518396398', ip = '175.175.74.97', userid = '0', adminid = '0', user_name='0', user_rank='0', discount='0', email='0', data = 'a:1:{s:10:\"last_check\";i:1518367598;}' WHERE sesskey = '0118abf906fb8f77b0f3bd2cbe96d275' LIMIT 1

DELETE FROM `db_fresh_shop`.`cy_sessions_data` WHERE expiry < 1518394598

DELETE FROM `db_fresh_shop`.`cy_sessions` WHERE expiry < 1518394598

SELECT userid, adminid, user_name, user_rank, discount, email, data, expiry FROM `db_fresh_shop`.`cy_sessions` WHERE sesskey = '0118abf906fb8f77b0f3bd2cbe96d275'

SELECT code, value FROM `db_fresh_shop`.`cy_shop_config` WHERE parent_id > 0

SELECT COUNT(*) FROM `db_fresh_shop`.`cy_order_info` WHERE add_time >= '1518367598'

SELECT COUNT(*) FROM `db_fresh_shop`.`cy_order_info` WHERE pay_time >= 1518367598

UPDATE `db_fresh_shop`.`cy_sessions` SET expiry = '1518396595', ip = '175.175.74.97', userid = '0', adminid = '0', user_name='0', user_rank='0', discount='0', email='0', data = 'a:1:{s:10:\"last_check\";i:1518367795;}' WHERE sesskey = '0118abf906fb8f77b0f3bd2cbe96d275' LIMIT 1

DELETE FROM `db_fresh_shop`.`cy_sessions_data` WHERE expiry < 1518394795

INSERT INTO `db_fresh_shop`.`cy_sessions` (sesskey, expiry, ip, data) VALUES ('c4157ce140b5d6367194a2ea60a0fdec', '1518398196', '223.104.176.12', 'a:0:{}')

SELECT code, value FROM `db_fresh_shop`.`cy_shop_config` WHERE parent_id > 0

UPDATE `db_fresh_shop`.`cy_sessions` SET expiry = '1518398196', ip = '223.104.176.12', userid = '0', adminid = '0', user_name='0', user_rank='0', discount='0', email='0', data = 'a:1:{s:10:\"last_check\";i:1518369396;}' WHERE sesskey = 'c4157ce140b5d6367194a2ea60a0fdec' LIMIT 1

DELETE FROM `db_fresh_shop`.`cy_sessions` WHERE expiry < 1518396396

SELECT userid, adminid, user_name, user_rank, discount, email, data, expiry FROM `db_fresh_shop`.`cy_sessions` WHERE sesskey = 'c4157ce140b5d6367194a2ea60a0fdec'

SELECT code, value FROM `db_fresh_shop`.`cy_shop_config` WHERE parent_id > 0

SELECT COUNT(*) FROM `db_fresh_shop`.`cy_order_info` WHERE add_time >= '1518369396'

SELECT COUNT(*) FROM `db_fresh_shop`.`cy_order_info` WHERE pay_time >= 1518369396

UPDATE `db_fresh_shop`.`cy_sessions` SET expiry = '1518399545', ip = '223.104.176.12', userid = '0', adminid = '0', user_name='0', user_rank='0', discount='0', email='0', data = 'a:1:{s:10:\"last_check\";i:1518370745;}' WHERE sesskey = 'c4157ce140b5d6367194a2ea60a0fdec' LIMIT 1

INSERT INTO `db_fresh_shop`.`cy_sessions` (sesskey, expiry, ip, data) VALUES ('65a405cfcf0368905133817aa4d45fc9', '1518399773', '106.38.0.106', 'a:0:{}')

SELECT code, value FROM `db_fresh_shop`.`cy_shop_config` WHERE parent_id > 0

UPDATE `db_fresh_shop`.`cy_sessions` SET expiry = '1518399773', ip = '106.38.0.106', userid = '0', adminid = '0', user_name='0', user_rank='0', discount='0', email='0', data = 'a:0:{}' WHERE sesskey = '65a405cfcf0368905133817aa4d45fc9' LIMIT 1

DELETE FROM `db_fresh_shop`.`cy_sessions_data` WHERE expiry < 1518397973

INSERT INTO `db_fresh_shop`.`cy_sessions` (sesskey, expiry, ip, data) VALUES ('cdfb0b25e6b02c8da985a582e91c1f05', '1518399773', '106.38.0.106', 'a:0:{}')

SELECT code, value FROM `db_fresh_shop`.`cy_shop_config` WHERE parent_id > 0

UPDATE `db_fresh_shop`.`cy_sessions` SET expiry = '1518399773', ip = '106.38.0.106', userid = '0', adminid = '0', user_name='0', user_rank='0', discount='0', email='0', data = 'a:0:{}' WHERE sesskey = 'cdfb0b25e6b02c8da985a582e91c1f05' LIMIT 1

INSERT INTO `db_fresh_shop`.`cy_sessions` (sesskey, expiry, ip, data) VALUES ('2c8ac5257e6fcfbb418b83ff5e0c1399', '1518399773', '106.38.0.106', 'a:0:{}')

SELECT code, value FROM `db_fresh_shop`.`cy_shop_config` WHERE parent_id > 0

UPDATE `db_fresh_shop`.`cy_sessions` SET expiry = '1518399773', ip = '106.38.0.106', userid = '0', adminid = '0', user_name='0', user_rank='0', discount='0', email='0', data = 'a:0:{}' WHERE sesskey = '2c8ac5257e6fcfbb418b83ff5e0c1399' LIMIT 1

INSERT INTO `db_fresh_shop`.`cy_sessions` (sesskey, expiry, ip, data) VALUES ('6d6aa1da78381dd97049f8c98496f8d8', '1518399773', '106.38.0.106', 'a:0:{}')

SELECT code, value FROM `db_fresh_shop`.`cy_shop_config` WHERE parent_id > 0

UPDATE `db_fresh_shop`.`cy_sessions` SET expiry = '1518399773', ip = '106.38.0.106', userid = '0', adminid = '0', user_name='0', user_rank='0', discount='0', email='0', data = 'a:0:{}' WHERE sesskey = '6d6aa1da78381dd97049f8c98496f8d8' LIMIT 1

DELETE FROM `db_fresh_shop`.`cy_sessions_data` WHERE expiry < 1518397973

SELECT userid, adminid, user_name, user_rank, discount, email, data, expiry FROM `db_fresh_shop`.`cy_sessions` WHERE sesskey = 'e274b7f185c2ec9800486e3138b219e5'

INSERT INTO `db_fresh_shop`.`cy_sessions` (sesskey, expiry, ip, data) VALUES ('e274b7f185c2ec9800486e3138b219e5', '1518399775', '106.38.0.106', 'a:0:{}')

SELECT code, value FROM `db_fresh_shop`.`cy_shop_config` WHERE parent_id > 0

SELECT user_id, user_name, password, action_list, last_login  FROM `db_fresh_shop`.`cy_admin_user` WHERE user_id = '1'

UPDATE `db_fresh_shop`.`cy_admin_user` SET last_login = '1518370975', last_ip = '106.38.0.106' WHERE user_id = '1'

UPDATE `db_fresh_shop`.`cy_sessions` SET expiry = '1518399775', ip = '106.38.0.106', userid = '0', adminid = '1', user_name='0', user_rank='0', discount='0', email='0', data = 'a:3:{s:10:\"admin_name\";s:5:\"admin\";s:11:\"action_list\";s:3:\"all\";s:10:\"last_check\";s:0:\"\";}' WHERE sesskey = 'e274b7f185c2ec9800486e3138b219e5' LIMIT 1

DELETE FROM `db_fresh_shop`.`cy_sessions_data` WHERE expiry < 1518397975

SELECT userid, adminid, user_name, user_rank, discount, email, data, expiry FROM `db_fresh_shop`.`cy_sessions` WHERE sesskey = 'e274b7f185c2ec9800486e3138b219e5'

SELECT code, value FROM `db_fresh_shop`.`cy_shop_config` WHERE parent_id > 0

SELECT message_id, sender_id, receiver_id, sent_time, readed, deleted, title, message, user_name FROM `db_fresh_shop`.`cy_admin_message` AS a, `db_fresh_shop`.`cy_admin_user` AS b WHERE a.sender_id = b.user_id AND a.receiver_id = '1' AND a.readed = 0 AND deleted = 0 ORDER BY a.sent_time DESC

SELECT pay_id, is_cod FROM `db_fresh_shop`.`cy_payment` WHERE enabled = 1

SELECT COUNT(*) FROM `db_fresh_shop`.`cy_order_info` WHERE 1  AND order_status  IN ('1','5')  AND shipping_status  IN ('1','2')  AND pay_status  IN ('2','1')  

SELECT pay_id FROM `db_fresh_shop`.`cy_payment` WHERE is_cod = 1

SELECT COUNT(*) FROM `db_fresh_shop`.`cy_order_info` WHERE 1  AND   order_status  IN ('1','5','6')  AND   shipping_status  IN ('0','3','5')  AND ( pay_status  IN ('2','1')  OR pay_id  IN ('2') ) 

SELECT pay_id FROM `db_fresh_shop`.`cy_payment` WHERE is_cod = 0

SELECT COUNT(*) FROM `db_fresh_shop`.`cy_order_info` WHERE 1  AND   order_status  IN ('1','5')  AND   pay_status = '0' AND ( shipping_status  IN ('1','2')  OR pay_id  IN ('1') ) 

SELECT COUNT(*) FROM `db_fresh_shop`.`cy_order_info` WHERE 1  AND order_status = '0' 

SELECT COUNT(*) FROM `db_fresh_shop`.`cy_order_info` WHERE  shipping_status=4

SELECT COUNT(*) AS oCount, IFNULL(SUM(order_amount), 0) AS oAmount FROM `db_fresh_shop`.`cy_order_info`

SELECT COUNT(*) FROM `db_fresh_shop`.`cy_goods` WHERE is_delete = 0 AND is_alone_sale = 1 AND is_real = 1

SELECT COUNT(*) FROM `db_fresh_shop`.`cy_goods` WHERE is_delete = 0 AND is_alone_sale = 1 AND is_real=0 AND extension_code='virtual_card'

SELECT COUNT(*) FROM `db_fresh_shop`.`cy_goods` WHERE is_delete = 0 AND is_new = 1 AND is_real = 1

SELECT COUNT(*) FROM `db_fresh_shop`.`cy_goods` WHERE is_delete = 0 AND is_new = 1 AND is_real=0 AND extension_code='virtual_card'

SELECT COUNT(*) FROM `db_fresh_shop`.`cy_goods` WHERE is_delete = 0 AND is_best = 1 AND is_real = 1

SELECT COUNT(*) FROM `db_fresh_shop`.`cy_goods` WHERE is_delete = 0 AND is_best = 1 AND is_real=0 AND extension_code='virtual_card'

SELECT COUNT(*) FROM `db_fresh_shop`.`cy_goods` WHERE is_delete = 0 AND is_hot = 1 AND is_real = 1

SELECT COUNT(*) FROM `db_fresh_shop`.`cy_goods` WHERE is_delete = 0 AND is_hot = 1 AND is_real=0 AND extension_code='virtual_card'

SELECT COUNT(*) FROM `db_fresh_shop`.`cy_goods` WHERE is_delete = 0 AND promote_price>0 AND promote_start_date <= '1518370975' AND promote_end_date >= '1518370975' AND is_real = 1

SELECT COUNT(*) FROM `db_fresh_shop`.`cy_goods` WHERE is_delete = 0 AND promote_price>0 AND promote_start_date <= '1518370975' AND promote_end_date >= '1518370975' AND is_real=0 AND extension_code='virtual_card'

SELECT COUNT(*) FROM `db_fresh_shop`.`cy_goods` WHERE is_delete = 0 AND goods_number <= warn_number AND is_real = 1

SELECT COUNT(*) FROM `db_fresh_shop`.`cy_goods` WHERE is_delete = 0 AND goods_number <= warn_number AND is_real=0 AND extension_code='virtual_card'

SELECT COUNT(*) FROM `db_fresh_shop`.`cy_stats` WHERE access_time > 1518336000

SELECT count(*) FROM `db_fresh_shop`.`cy_sessions`

SELECT COUNT(f.msg_id) FROM `db_fresh_shop`.`cy_feedback` AS f LEFT JOIN `db_fresh_shop`.`cy_feedback` AS r ON r.parent_id=f.msg_id WHERE f.parent_id=0 AND ISNULL(r.msg_id) 

SELECT COUNT(*) FROM `db_fresh_shop`.`cy_comment` WHERE status = 0 AND parent_id = 0

SELECT COUNT(*) FROM `db_fresh_shop`.`cy_booking_goods` WHERE is_dispose = 0

SELECT COUNT(*) FROM `db_fresh_shop`.`cy_user_account` WHERE process_type = 1 AND is_paid = 0 

SELECT userid, adminid, user_name, user_rank, discount, email, data, expiry FROM `db_fresh_shop`.`cy_sessions` WHERE sesskey = 'e274b7f185c2ec9800486e3138b219e5'

SELECT code, value FROM `db_fresh_shop`.`cy_shop_config` WHERE parent_id > 0

SELECT userid, adminid, user_name, user_rank, discount, email, data, expiry FROM `db_fresh_shop`.`cy_sessions` WHERE sesskey = 'e274b7f185c2ec9800486e3138b219e5'

SELECT code, value FROM `db_fresh_shop`.`cy_shop_config` WHERE parent_id > 0

SELECT userid, adminid, user_name, user_rank, discount, email, data, expiry FROM `db_fresh_shop`.`cy_sessions` WHERE sesskey = 'e274b7f185c2ec9800486e3138b219e5'

SELECT code, value FROM `db_fresh_shop`.`cy_shop_config` WHERE parent_id > 0

SELECT COUNT(*) AS oCount, IFNULL(SUM(order_amount), 0) AS oAmount FROM `db_fresh_shop`.`cy_order_info`

SELECT COUNT(*) FROM `db_fresh_shop`.`cy_goods` WHERE is_delete = 0 AND is_alone_sale = 1 AND is_real = 1

SELECT COUNT(*) FROM `db_fresh_shop`.`cy_users`

SELECT value FROM `db_fresh_shop`.`cy_shop_config` WHERE code = 'template'

SELECT value FROM `db_fresh_shop`.`cy_shop_config` WHERE code = 'stylename'

UPDATE `db_fresh_shop`.`cy_sessions` SET expiry = '1518399776', ip = '106.38.0.106', userid = '0', adminid = '1', user_name='0', user_rank='0', discount='0', email='0', data = 'a:3:{s:10:\"admin_name\";s:5:\"admin\";s:11:\"action_list\";s:3:\"all\";s:10:\"last_check\";i:1518370976;}' WHERE sesskey = 'e274b7f185c2ec9800486e3138b219e5' LIMIT 1

DELETE FROM `db_fresh_shop`.`cy_sessions` WHERE expiry < 1518397976

DELETE FROM `db_fresh_shop`.`cy_sessions` WHERE expiry < 1518397976

DELETE FROM `db_fresh_shop`.`cy_sessions` WHERE expiry < 1518397976

SELECT userid, adminid, user_name, user_rank, discount, email, data, expiry FROM `db_fresh_shop`.`cy_sessions` WHERE sesskey = 'e274b7f185c2ec9800486e3138b219e5'

SELECT code, value FROM `db_fresh_shop`.`cy_shop_config` WHERE parent_id > 0

SELECT agency_id FROM `db_fresh_shop`.`cy_admin_user` WHERE user_id = '1'

SELECT COUNT(*) FROM `db_fresh_shop`.`cy_order_info` AS o WHERE 1  AND order_status  IN ('1','5')  AND shipping_status  IN ('1','2')  AND pay_status  IN ('2','1')  

SELECT o.order_id, o.order_sn, o.add_time, o.order_status, o.shipping_status, o.order_amount, o.money_paid,o.pay_status, o.consignee, o.address, o.email, o.tel, o.extension_code, o.extension_id, (   o.goods_amount + o.tax + o.shipping_fee + o.insure_fee + o.pay_fee + o.pack_fee + o.card_fee ) AS total_fee, IFNULL(u.user_name, '匿名用户') AS buyer  FROM `db_fresh_shop`.`cy_order_info` AS o  LEFT JOIN `db_fresh_shop`.`cy_users` AS u ON u.user_id=o.user_id WHERE 1  AND order_status  IN ('1','5')  AND shipping_status  IN ('1','2')  AND pay_status  IN ('2','1')   ORDER BY add_time DESC  LIMIT 0,15

DELETE FROM `db_fresh_shop`.`cy_sessions` WHERE expiry < 1518397978

SELECT userid, adminid, user_name, user_rank, discount, email, data, expiry FROM `db_fresh_shop`.`cy_sessions` WHERE sesskey = 'e274b7f185c2ec9800486e3138b219e5'

SELECT code, value FROM `db_fresh_shop`.`cy_shop_config` WHERE parent_id > 0

SELECT *,  (goods_amount - discount + tax + shipping_fee + insure_fee + pay_fee + pack_fee + card_fee) AS total_fee  FROM `db_fresh_shop`.`cy_order_info` WHERE order_id = '160'

SELECT agency_id FROM `db_fresh_shop`.`cy_admin_user` WHERE user_id = '1'

SELECT MAX(order_id) FROM `db_fresh_shop`.`cy_order_info` as o WHERE order_id < '160' AND order_status  IN ('1','5')  AND shipping_status  IN ('1','2')  AND pay_status  IN ('2','1')  

SELECT MIN(order_id) FROM `db_fresh_shop`.`cy_order_info` as o WHERE order_id > '160' AND order_status  IN ('1','5')  AND shipping_status  IN ('1','2')  AND pay_status  IN ('2','1')  

SELECT * FROM `db_fresh_shop`.`cy_users` WHERE user_id = '349'

SELECT agency_id, agency_name FROM `db_fresh_shop`.`cy_agency`

SELECT concat(IFNULL(c.region_name, ''), '  ', IFNULL(p.region_name, ''), '  ', IFNULL(t.region_name, ''), '  ', IFNULL(d.region_name, '')) AS region FROM `db_fresh_shop`.`cy_order_info` AS o LEFT JOIN `db_fresh_shop`.`cy_region` AS c ON o.country = c.region_id LEFT JOIN `db_fresh_shop`.`cy_region` AS p ON o.province = p.region_id LEFT JOIN `db_fresh_shop`.`cy_region` AS t ON o.city = t.region_id LEFT JOIN `db_fresh_shop`.`cy_region` AS d ON o.district = d.region_id WHERE o.order_id = '160'

SELECT action_note FROM `db_fresh_shop`.`cy_order_action` WHERE order_id = '160' AND shipping_status = 1 ORDER BY log_time DESC

SELECT SUM(g.goods_weight * o.goods_number) AS weight, SUM(o.goods_price * o.goods_number) AS amount ,SUM(o.goods_number) AS number FROM `db_fresh_shop`.`cy_order_goods` AS o, `db_fresh_shop`.`cy_goods` AS g WHERE o.order_id = '160' AND o.goods_id = g.goods_id

SELECT rank_name FROM `db_fresh_shop`.`cy_user_rank` WHERE min_points <= 531 ORDER BY min_points DESC 

SELECT COUNT(*) FROM `db_fresh_shop`.`cy_bonus_type` AS bt, `db_fresh_shop`.`cy_user_bonus` AS ub WHERE bt.type_id = ub.bonus_type_id AND ub.user_id = '349' AND ub.order_id = 0 AND bt.use_start_date <= '1518422399' AND bt.use_end_date >= '1518422399'

SELECT * FROM `db_fresh_shop`.`cy_user_address` WHERE user_id = '349'

SELECT o.*, IF(o.product_id > 0, p.product_number, g.goods_number) AS storage, o.goods_attr, g.suppliers_id, IFNULL(b.brand_name, '') AS brand_name, p.product_sn
            FROM `db_fresh_shop`.`cy_order_goods` AS o
                LEFT JOIN `db_fresh_shop`.`cy_products` AS p
                    ON p.product_id = o.product_id
                LEFT JOIN `db_fresh_shop`.`cy_goods` AS g
                    ON o.goods_id = g.goods_id
                LEFT JOIN `db_fresh_shop`.`cy_brand` AS b
                    ON g.brand_id = b.brand_id
            WHERE o.order_id = '160'

SELECT * FROM `db_fresh_shop`.`cy_payment` WHERE pay_id = '1' AND enabled = 1

SELECT * FROM `db_fresh_shop`.`cy_order_action` WHERE order_id = '160' ORDER BY log_time DESC,action_id DESC

SELECT COUNT(*) FROM `db_fresh_shop`.`cy_order_goods` WHERE order_id = '160' AND is_real = 1

UPDATE `db_fresh_shop`.`cy_sessions` SET expiry = '1518399788', ip = '106.38.0.106', userid = '0', adminid = '1', user_name='0', user_rank='0', discount='0', email='0', data = 'a:3:{s:10:\"admin_name\";s:5:\"admin\";s:11:\"action_list\";s:3:\"all\";s:10:\"last_check\";i:1518370976;}' WHERE sesskey = 'e274b7f185c2ec9800486e3138b219e5' LIMIT 1

DELETE FROM `db_fresh_shop`.`cy_sessions_data` WHERE expiry < 1518397988

DELETE FROM `db_fresh_shop`.`cy_sessions` WHERE expiry < 1518397988

SELECT userid, adminid, user_name, user_rank, discount, email, data, expiry FROM `db_fresh_shop`.`cy_sessions` WHERE sesskey = 'c4157ce140b5d6367194a2ea60a0fdec'

SELECT code, value FROM `db_fresh_shop`.`cy_shop_config` WHERE parent_id > 0

SELECT COUNT(*) FROM `db_fresh_shop`.`cy_order_info` WHERE add_time >= '1518370745'

SELECT COUNT(*) FROM `db_fresh_shop`.`cy_order_info` WHERE pay_time >= 1518370745

UPDATE `db_fresh_shop`.`cy_sessions` SET expiry = '1518400691', ip = '223.104.176.12', userid = '0', adminid = '0', user_name='0', user_rank='0', discount='0', email='0', data = 'a:1:{s:10:\"last_check\";i:1518371891;}' WHERE sesskey = 'c4157ce140b5d6367194a2ea60a0fdec' LIMIT 1

SELECT userid, adminid, user_name, user_rank, discount, email, data, expiry FROM `db_fresh_shop`.`cy_sessions` WHERE sesskey = 'c4157ce140b5d6367194a2ea60a0fdec'

SELECT data, expiry FROM `db_fresh_shop`.`cy_sessions_data` WHERE sesskey = 'c4157ce140b5d6367194a2ea60a0fdec'

SELECT code, value FROM `db_fresh_shop`.`cy_shop_config` WHERE parent_id > 0

UPDATE `db_fresh_shop`.`cy_sessions` SET expiry = '1518405489', ip = '223.104.176.12', userid = '0', adminid = '0', user_name='0', user_rank='0', discount='0', email='0', data = 'a:1:{s:10:\"last_check\";i:1518376689;}' WHERE sesskey = 'c4157ce140b5d6367194a2ea60a0fdec' LIMIT 1

SELECT userid, adminid, user_name, user_rank, discount, email, data, expiry FROM `db_fresh_shop`.`cy_sessions` WHERE sesskey = 'c4157ce140b5d6367194a2ea60a0fdec'

SELECT code, value FROM `db_fresh_shop`.`cy_shop_config` WHERE parent_id > 0

SELECT COUNT(*) FROM `db_fresh_shop`.`cy_order_info` WHERE add_time >= '1518376689'

SELECT COUNT(*) FROM `db_fresh_shop`.`cy_order_info` WHERE pay_time >= 1518376689

UPDATE `db_fresh_shop`.`cy_sessions` SET expiry = '1518406427', ip = '223.104.176.12', userid = '0', adminid = '0', user_name='0', user_rank='0', discount='0', email='0', data = 'a:1:{s:10:\"last_check\";i:1518377627;}' WHERE sesskey = 'c4157ce140b5d6367194a2ea60a0fdec' LIMIT 1

DELETE FROM `db_fresh_shop`.`cy_sessions_data` WHERE expiry < 1518404627

SELECT userid, adminid, user_name, user_rank, discount, email, data, expiry FROM `db_fresh_shop`.`cy_sessions` WHERE sesskey = 'c4157ce140b5d6367194a2ea60a0fdec'

SELECT data, expiry FROM `db_fresh_shop`.`cy_sessions_data` WHERE sesskey = 'c4157ce140b5d6367194a2ea60a0fdec'

SELECT code, value FROM `db_fresh_shop`.`cy_shop_config` WHERE parent_id > 0

UPDATE `db_fresh_shop`.`cy_sessions` SET expiry = '1518415960', ip = '223.104.176.12', userid = '0', adminid = '0', user_name='0', user_rank='0', discount='0', email='0', data = 'a:1:{s:10:\"last_check\";i:1518387160;}' WHERE sesskey = 'c4157ce140b5d6367194a2ea60a0fdec' LIMIT 1

DELETE FROM `db_fresh_shop`.`cy_sessions` WHERE expiry < 1518414160

SELECT userid, adminid, user_name, user_rank, discount, email, data, expiry FROM `db_fresh_shop`.`cy_sessions` WHERE sesskey = 'c4157ce140b5d6367194a2ea60a0fdec'

SELECT code, value FROM `db_fresh_shop`.`cy_shop_config` WHERE parent_id > 0

SELECT user_id, user_name, password, action_list, last_login  FROM `db_fresh_shop`.`cy_admin_user` WHERE user_id = '1'

UPDATE `db_fresh_shop`.`cy_admin_user` SET last_login = '1518387544', last_ip = '223.104.176.12' WHERE user_id = '1'

SELECT agency_id FROM `db_fresh_shop`.`cy_admin_user` WHERE user_id = '1'

SELECT COUNT(*) FROM `db_fresh_shop`.`cy_order_info` AS o WHERE 1 

SELECT o.order_id, o.order_sn, o.add_time, o.order_status, o.shipping_status, o.order_amount, o.money_paid,o.pay_status, o.consignee, o.address, o.email, o.tel, o.extension_code, o.extension_id, (   o.goods_amount + o.tax + o.shipping_fee + o.insure_fee + o.pay_fee + o.pack_fee + o.card_fee ) AS total_fee, IFNULL(u.user_name, '匿名用户') AS buyer  FROM `db_fresh_shop`.`cy_order_info` AS o  LEFT JOIN `db_fresh_shop`.`cy_users` AS u ON u.user_id=o.user_id WHERE 1  ORDER BY add_time DESC  LIMIT 0,15

UPDATE `db_fresh_shop`.`cy_sessions` SET expiry = '1518416344', ip = '223.104.176.12', userid = '0', adminid = '1', user_name='0', user_rank='0', discount='0', email='0', data = 'a:3:{s:10:\"last_check\";s:0:\"\";s:10:\"admin_name\";s:5:\"admin\";s:11:\"action_list\";s:3:\"all\";}' WHERE sesskey = 'c4157ce140b5d6367194a2ea60a0fdec' LIMIT 1

DELETE FROM `db_fresh_shop`.`cy_sessions` WHERE expiry < 1518414544

SELECT userid, adminid, user_name, user_rank, discount, email, data, expiry FROM `db_fresh_shop`.`cy_sessions` WHERE sesskey = 'c4157ce140b5d6367194a2ea60a0fdec'

SELECT code, value FROM `db_fresh_shop`.`cy_shop_config` WHERE parent_id > 0

UPDATE `db_fresh_shop`.`cy_sessions` SET expiry = '1518416344', ip = '223.104.176.12', userid = '0', adminid = '1', user_name='0', user_rank='0', discount='0', email='0', data = 'a:3:{s:10:\"last_check\";i:1518387544;s:10:\"admin_name\";s:5:\"admin\";s:11:\"action_list\";s:3:\"all\";}' WHERE sesskey = 'c4157ce140b5d6367194a2ea60a0fdec' LIMIT 1

DELETE FROM `db_fresh_shop`.`cy_sessions_data` WHERE expiry < 1518414544

DELETE FROM `db_fresh_shop`.`cy_sessions` WHERE expiry < 1518414544

SELECT userid, adminid, user_name, user_rank, discount, email, data, expiry FROM `db_fresh_shop`.`cy_sessions` WHERE sesskey = 'c4157ce140b5d6367194a2ea60a0fdec'

SELECT code, value FROM `db_fresh_shop`.`cy_shop_config` WHERE parent_id > 0

SELECT message_id, sender_id, receiver_id, sent_time, readed, deleted, title, message, user_name FROM `db_fresh_shop`.`cy_admin_message` AS a, `db_fresh_shop`.`cy_admin_user` AS b WHERE a.sender_id = b.user_id AND a.receiver_id = '1' AND a.readed = 0 AND deleted = 0 ORDER BY a.sent_time DESC

SELECT pay_id, is_cod FROM `db_fresh_shop`.`cy_payment` WHERE enabled = 1

SELECT COUNT(*) FROM `db_fresh_shop`.`cy_order_info` WHERE 1  AND order_status  IN ('1','5')  AND shipping_status  IN ('1','2')  AND pay_status  IN ('2','1')  

SELECT pay_id FROM `db_fresh_shop`.`cy_payment` WHERE is_cod = 1

SELECT COUNT(*) FROM `db_fresh_shop`.`cy_order_info` WHERE 1  AND   order_status  IN ('1','5','6')  AND   shipping_status  IN ('0','3','5')  AND ( pay_status  IN ('2','1')  OR pay_id  IN ('2') ) 

SELECT pay_id FROM `db_fresh_shop`.`cy_payment` WHERE is_cod = 0

SELECT COUNT(*) FROM `db_fresh_shop`.`cy_order_info` WHERE 1  AND   order_status  IN ('1','5')  AND   pay_status = '0' AND ( shipping_status  IN ('1','2')  OR pay_id  IN ('1') ) 

SELECT COUNT(*) FROM `db_fresh_shop`.`cy_order_info` WHERE 1  AND order_status = '0' 

SELECT COUNT(*) FROM `db_fresh_shop`.`cy_order_info` WHERE  shipping_status=4

SELECT COUNT(*) AS oCount, IFNULL(SUM(order_amount), 0) AS oAmount FROM `db_fresh_shop`.`cy_order_info`

SELECT COUNT(*) FROM `db_fresh_shop`.`cy_goods` WHERE is_delete = 0 AND is_alone_sale = 1 AND is_real = 1

SELECT COUNT(*) FROM `db_fresh_shop`.`cy_goods` WHERE is_delete = 0 AND is_alone_sale = 1 AND is_real=0 AND extension_code='virtual_card'

SELECT COUNT(*) FROM `db_fresh_shop`.`cy_goods` WHERE is_delete = 0 AND is_new = 1 AND is_real = 1

SELECT COUNT(*) FROM `db_fresh_shop`.`cy_goods` WHERE is_delete = 0 AND is_new = 1 AND is_real=0 AND extension_code='virtual_card'

SELECT COUNT(*) FROM `db_fresh_shop`.`cy_goods` WHERE is_delete = 0 AND is_best = 1 AND is_real = 1

SELECT COUNT(*) FROM `db_fresh_shop`.`cy_goods` WHERE is_delete = 0 AND is_best = 1 AND is_real=0 AND extension_code='virtual_card'

SELECT COUNT(*) FROM `db_fresh_shop`.`cy_goods` WHERE is_delete = 0 AND is_hot = 1 AND is_real = 1

SELECT COUNT(*) FROM `db_fresh_shop`.`cy_goods` WHERE is_delete = 0 AND is_hot = 1 AND is_real=0 AND extension_code='virtual_card'

SELECT COUNT(*) FROM `db_fresh_shop`.`cy_goods` WHERE is_delete = 0 AND promote_price>0 AND promote_start_date <= '1518387545' AND promote_end_date >= '1518387545' AND is_real = 1

SELECT COUNT(*) FROM `db_fresh_shop`.`cy_goods` WHERE is_delete = 0 AND promote_price>0 AND promote_start_date <= '1518387545' AND promote_end_date >= '1518387545' AND is_real=0 AND extension_code='virtual_card'

SELECT COUNT(*) FROM `db_fresh_shop`.`cy_goods` WHERE is_delete = 0 AND goods_number <= warn_number AND is_real = 1

SELECT COUNT(*) FROM `db_fresh_shop`.`cy_goods` WHERE is_delete = 0 AND goods_number <= warn_number AND is_real=0 AND extension_code='virtual_card'

SELECT COUNT(*) FROM `db_fresh_shop`.`cy_stats` WHERE access_time > 1518336000

SELECT count(*) FROM `db_fresh_shop`.`cy_sessions`

SELECT COUNT(f.msg_id) FROM `db_fresh_shop`.`cy_feedback` AS f LEFT JOIN `db_fresh_shop`.`cy_feedback` AS r ON r.parent_id=f.msg_id WHERE f.parent_id=0 AND ISNULL(r.msg_id) 

SELECT COUNT(*) FROM `db_fresh_shop`.`cy_comment` WHERE status = 0 AND parent_id = 0

SELECT COUNT(*) FROM `db_fresh_shop`.`cy_booking_goods` WHERE is_dispose = 0

SELECT COUNT(*) FROM `db_fresh_shop`.`cy_user_account` WHERE process_type = 1 AND is_paid = 0 

SELECT userid, adminid, user_name, user_rank, discount, email, data, expiry FROM `db_fresh_shop`.`cy_sessions` WHERE sesskey = 'c4157ce140b5d6367194a2ea60a0fdec'

SELECT code, value FROM `db_fresh_shop`.`cy_shop_config` WHERE parent_id > 0

SELECT userid, adminid, user_name, user_rank, discount, email, data, expiry FROM `db_fresh_shop`.`cy_sessions` WHERE sesskey = 'c4157ce140b5d6367194a2ea60a0fdec'

SELECT code, value FROM `db_fresh_shop`.`cy_shop_config` WHERE parent_id > 0

SELECT COUNT(*) AS oCount, IFNULL(SUM(order_amount), 0) AS oAmount FROM `db_fresh_shop`.`cy_order_info`

SELECT COUNT(*) FROM `db_fresh_shop`.`cy_goods` WHERE is_delete = 0 AND is_alone_sale = 1 AND is_real = 1

SELECT COUNT(*) FROM `db_fresh_shop`.`cy_users`

SELECT value FROM `db_fresh_shop`.`cy_shop_config` WHERE code = 'template'

SELECT value FROM `db_fresh_shop`.`cy_shop_config` WHERE code = 'stylename'

DELETE FROM `db_fresh_shop`.`cy_sessions` WHERE expiry < 1518414546

INSERT INTO `db_fresh_shop`.`cy_sessions` (sesskey, expiry, ip, data) VALUES ('d25450c90a054ab9860b639beac6b4d5', '1518416404', '120.204.17.73', 'a:0:{}')

SELECT code, value FROM `db_fresh_shop`.`cy_shop_config` WHERE parent_id > 0

UPDATE `db_fresh_shop`.`cy_sessions` SET expiry = '1518416404', ip = '120.204.17.73', userid = '0', adminid = '0', user_name='0', user_rank='0', discount='0', email='0', data = 'a:0:{}' WHERE sesskey = 'd25450c90a054ab9860b639beac6b4d5' LIMIT 1

DELETE FROM `db_fresh_shop`.`cy_sessions_data` WHERE expiry < 1518414604

DELETE FROM `db_fresh_shop`.`cy_sessions` WHERE expiry < 1518414604

INSERT INTO `db_fresh_shop`.`cy_sessions` (sesskey, expiry, ip, data) VALUES ('8ad1368653fed119db01d8de044a7076', '1518422056', '106.15.14.129', 'a:0:{}')

SELECT code, value FROM `db_fresh_shop`.`cy_shop_config` WHERE parent_id > 0

UPDATE `db_fresh_shop`.`cy_sessions` SET expiry = '1518422056', ip = '106.15.14.129', userid = '0', adminid = '0', user_name='0', user_rank='0', discount='0', email='0', data = 'a:0:{}' WHERE sesskey = '8ad1368653fed119db01d8de044a7076' LIMIT 1

DELETE FROM `db_fresh_shop`.`cy_sessions` WHERE expiry < 1518420256

INSERT INTO `db_fresh_shop`.`cy_sessions` (sesskey, expiry, ip, data) VALUES ('c8e91da1f718d11f651d9997c93973d4', '1518422056', '106.15.14.129', 'a:0:{}')

SELECT code, value FROM `db_fresh_shop`.`cy_shop_config` WHERE parent_id > 0

UPDATE `db_fresh_shop`.`cy_sessions` SET expiry = '1518422056', ip = '106.15.14.129', userid = '0', adminid = '0', user_name='0', user_rank='0', discount='0', email='0', data = 'a:0:{}' WHERE sesskey = 'c8e91da1f718d11f651d9997c93973d4' LIMIT 1

DELETE FROM `db_fresh_shop`.`cy_sessions` WHERE expiry < 1518420256

INSERT INTO `db_fresh_shop`.`cy_sessions` (sesskey, expiry, ip, data) VALUES ('db3590dc197661bc059edf8069885b27', '1518422531', '47.92.22.210', 'a:0:{}')

SELECT code, value FROM `db_fresh_shop`.`cy_shop_config` WHERE parent_id > 0

UPDATE `db_fresh_shop`.`cy_sessions` SET expiry = '1518422531', ip = '47.92.22.210', userid = '0', adminid = '0', user_name='0', user_rank='0', discount='0', email='0', data = 'a:0:{}' WHERE sesskey = 'db3590dc197661bc059edf8069885b27' LIMIT 1

INSERT INTO `db_fresh_shop`.`cy_sessions` (sesskey, expiry, ip, data) VALUES ('378d261fdb059e61e231bc65aae7f44f', '1518422531', '47.92.22.210', 'a:0:{}')

SELECT code, value FROM `db_fresh_shop`.`cy_shop_config` WHERE parent_id > 0

UPDATE `db_fresh_shop`.`cy_sessions` SET expiry = '1518422531', ip = '47.92.22.210', userid = '0', adminid = '0', user_name='0', user_rank='0', discount='0', email='0', data = 'a:0:{}' WHERE sesskey = '378d261fdb059e61e231bc65aae7f44f' LIMIT 1

INSERT INTO `db_fresh_shop`.`cy_sessions` (sesskey, expiry, ip, data) VALUES ('bb5e6cd58783d9843858d48cf313558f', '1518423976', '39.104.29.35', 'a:0:{}')

SELECT code, value FROM `db_fresh_shop`.`cy_shop_config` WHERE parent_id > 0

UPDATE `db_fresh_shop`.`cy_sessions` SET expiry = '1518423976', ip = '39.104.29.35', userid = '0', adminid = '0', user_name='0', user_rank='0', discount='0', email='0', data = 'a:0:{}' WHERE sesskey = 'bb5e6cd58783d9843858d48cf313558f' LIMIT 1

DELETE FROM `db_fresh_shop`.`cy_sessions` WHERE expiry < 1518422176

INSERT INTO `db_fresh_shop`.`cy_sessions` (sesskey, expiry, ip, data) VALUES ('bd0f48d900a013116639a9d1331e8433', '1518423976', '39.104.29.35', 'a:0:{}')

SELECT code, value FROM `db_fresh_shop`.`cy_shop_config` WHERE parent_id > 0

UPDATE `db_fresh_shop`.`cy_sessions` SET expiry = '1518423976', ip = '39.104.29.35', userid = '0', adminid = '0', user_name='0', user_rank='0', discount='0', email='0', data = 'a:0:{}' WHERE sesskey = 'bd0f48d900a013116639a9d1331e8433' LIMIT 1

DELETE FROM `db_fresh_shop`.`cy_sessions_data` WHERE expiry < 1518422176

DELETE FROM `db_fresh_shop`.`cy_sessions` WHERE expiry < 1518422176

SELECT userid, adminid, user_name, user_rank, discount, email, data, expiry FROM `db_fresh_shop`.`cy_sessions` WHERE sesskey = 'c4157ce140b5d6367194a2ea60a0fdec'

INSERT INTO `db_fresh_shop`.`cy_sessions` (sesskey, expiry, ip, data) VALUES ('c4157ce140b5d6367194a2ea60a0fdec', '1518428064', '223.104.176.12', 'a:0:{}')

SELECT code, value FROM `db_fresh_shop`.`cy_shop_config` WHERE parent_id > 0

UPDATE `db_fresh_shop`.`cy_sessions` SET expiry = '1518428064', ip = '223.104.176.12', userid = '0', adminid = '0', user_name='0', user_rank='0', discount='0', email='0', data = 'a:1:{s:10:\"last_check\";i:1518399264;}' WHERE sesskey = 'c4157ce140b5d6367194a2ea60a0fdec' LIMIT 1

DELETE FROM `db_fresh_shop`.`cy_sessions_data` WHERE expiry < 1518426264

DELETE FROM `db_fresh_shop`.`cy_sessions` WHERE expiry < 1518426264

SELECT userid, adminid, user_name, user_rank, discount, email, data, expiry FROM `db_fresh_shop`.`cy_sessions` WHERE sesskey = 'c4157ce140b5d6367194a2ea60a0fdec'

SELECT code, value FROM `db_fresh_shop`.`cy_shop_config` WHERE parent_id > 0

SELECT user_id, user_name, password, action_list, last_login  FROM `db_fresh_shop`.`cy_admin_user` WHERE user_id = '1'

UPDATE `db_fresh_shop`.`cy_admin_user` SET last_login = '1518399266', last_ip = '223.104.176.12' WHERE user_id = '1'

SELECT agency_id FROM `db_fresh_shop`.`cy_admin_user` WHERE user_id = '1'

SELECT COUNT(*) FROM `db_fresh_shop`.`cy_order_info` AS o WHERE 1 

SELECT o.order_id, o.order_sn, o.add_time, o.order_status, o.shipping_status, o.order_amount, o.money_paid,o.pay_status, o.consignee, o.address, o.email, o.tel, o.extension_code, o.extension_id, (   o.goods_amount + o.tax + o.shipping_fee + o.insure_fee + o.pay_fee + o.pack_fee + o.card_fee ) AS total_fee, IFNULL(u.user_name, '匿名用户') AS buyer  FROM `db_fresh_shop`.`cy_order_info` AS o  LEFT JOIN `db_fresh_shop`.`cy_users` AS u ON u.user_id=o.user_id WHERE 1  ORDER BY add_time DESC  LIMIT 0,15

UPDATE `db_fresh_shop`.`cy_sessions` SET expiry = '1518428066', ip = '223.104.176.12', userid = '0', adminid = '1', user_name='0', user_rank='0', discount='0', email='0', data = 'a:3:{s:10:\"last_check\";s:0:\"\";s:10:\"admin_name\";s:5:\"admin\";s:11:\"action_list\";s:3:\"all\";}' WHERE sesskey = 'c4157ce140b5d6367194a2ea60a0fdec' LIMIT 1

DELETE FROM `db_fresh_shop`.`cy_sessions_data` WHERE expiry < 1518426266

DELETE FROM `db_fresh_shop`.`cy_sessions` WHERE expiry < 1518426266

SELECT userid, adminid, user_name, user_rank, discount, email, data, expiry FROM `db_fresh_shop`.`cy_sessions` WHERE sesskey = 'c4157ce140b5d6367194a2ea60a0fdec'

SELECT code, value FROM `db_fresh_shop`.`cy_shop_config` WHERE parent_id > 0

SELECT message_id, sender_id, receiver_id, sent_time, readed, deleted, title, message, user_name FROM `db_fresh_shop`.`cy_admin_message` AS a, `db_fresh_shop`.`cy_admin_user` AS b WHERE a.sender_id = b.user_id AND a.receiver_id = '1' AND a.readed = 0 AND deleted = 0 ORDER BY a.sent_time DESC

SELECT pay_id, is_cod FROM `db_fresh_shop`.`cy_payment` WHERE enabled = 1

SELECT COUNT(*) FROM `db_fresh_shop`.`cy_order_info` WHERE 1  AND order_status  IN ('1','5')  AND shipping_status  IN ('1','2')  AND pay_status  IN ('2','1')  

SELECT pay_id FROM `db_fresh_shop`.`cy_payment` WHERE is_cod = 1

SELECT COUNT(*) FROM `db_fresh_shop`.`cy_order_info` WHERE 1  AND   order_status  IN ('1','5','6')  AND   shipping_status  IN ('0','3','5')  AND ( pay_status  IN ('2','1')  OR pay_id  IN ('2') ) 

SELECT pay_id FROM `db_fresh_shop`.`cy_payment` WHERE is_cod = 0

SELECT COUNT(*) FROM `db_fresh_shop`.`cy_order_info` WHERE 1  AND   order_status  IN ('1','5')  AND   pay_status = '0' AND ( shipping_status  IN ('1','2')  OR pay_id  IN ('1') ) 

SELECT COUNT(*) FROM `db_fresh_shop`.`cy_order_info` WHERE 1  AND order_status = '0' 

SELECT COUNT(*) FROM `db_fresh_shop`.`cy_order_info` WHERE  shipping_status=4

SELECT COUNT(*) AS oCount, IFNULL(SUM(order_amount), 0) AS oAmount FROM `db_fresh_shop`.`cy_order_info`

SELECT COUNT(*) FROM `db_fresh_shop`.`cy_goods` WHERE is_delete = 0 AND is_alone_sale = 1 AND is_real = 1

SELECT COUNT(*) FROM `db_fresh_shop`.`cy_goods` WHERE is_delete = 0 AND is_alone_sale = 1 AND is_real=0 AND extension_code='virtual_card'

SELECT COUNT(*) FROM `db_fresh_shop`.`cy_goods` WHERE is_delete = 0 AND is_new = 1 AND is_real = 1

SELECT COUNT(*) FROM `db_fresh_shop`.`cy_goods` WHERE is_delete = 0 AND is_new = 1 AND is_real=0 AND extension_code='virtual_card'

SELECT COUNT(*) FROM `db_fresh_shop`.`cy_goods` WHERE is_delete = 0 AND is_best = 1 AND is_real = 1

SELECT COUNT(*) FROM `db_fresh_shop`.`cy_goods` WHERE is_delete = 0 AND is_best = 1 AND is_real=0 AND extension_code='virtual_card'

SELECT COUNT(*) FROM `db_fresh_shop`.`cy_goods` WHERE is_delete = 0 AND is_hot = 1 AND is_real = 1

SELECT COUNT(*) FROM `db_fresh_shop`.`cy_goods` WHERE is_delete = 0 AND is_hot = 1 AND is_real=0 AND extension_code='virtual_card'

SELECT COUNT(*) FROM `db_fresh_shop`.`cy_goods` WHERE is_delete = 0 AND promote_price>0 AND promote_start_date <= '1518399267' AND promote_end_date >= '1518399267' AND is_real = 1

SELECT COUNT(*) FROM `db_fresh_shop`.`cy_goods` WHERE is_delete = 0 AND promote_price>0 AND promote_start_date <= '1518399267' AND promote_end_date >= '1518399267' AND is_real=0 AND extension_code='virtual_card'

SELECT COUNT(*) FROM `db_fresh_shop`.`cy_goods` WHERE is_delete = 0 AND goods_number <= warn_number AND is_real = 1

SELECT COUNT(*) FROM `db_fresh_shop`.`cy_goods` WHERE is_delete = 0 AND goods_number <= warn_number AND is_real=0 AND extension_code='virtual_card'

SELECT COUNT(*) FROM `db_fresh_shop`.`cy_stats` WHERE access_time > 1518336000

SELECT count(*) FROM `db_fresh_shop`.`cy_sessions`

SELECT COUNT(f.msg_id) FROM `db_fresh_shop`.`cy_feedback` AS f LEFT JOIN `db_fresh_shop`.`cy_feedback` AS r ON r.parent_id=f.msg_id WHERE f.parent_id=0 AND ISNULL(r.msg_id) 

SELECT COUNT(*) FROM `db_fresh_shop`.`cy_comment` WHERE status = 0 AND parent_id = 0

SELECT COUNT(*) FROM `db_fresh_shop`.`cy_booking_goods` WHERE is_dispose = 0

SELECT COUNT(*) FROM `db_fresh_shop`.`cy_user_account` WHERE process_type = 1 AND is_paid = 0 

DELETE FROM `db_fresh_shop`.`cy_sessions_data` WHERE expiry < 1518426267

SELECT userid, adminid, user_name, user_rank, discount, email, data, expiry FROM `db_fresh_shop`.`cy_sessions` WHERE sesskey = 'c4157ce140b5d6367194a2ea60a0fdec'

SELECT userid, adminid, user_name, user_rank, discount, email, data, expiry FROM `db_fresh_shop`.`cy_sessions` WHERE sesskey = 'c4157ce140b5d6367194a2ea60a0fdec'

SELECT code, value FROM `db_fresh_shop`.`cy_shop_config` WHERE parent_id > 0

SELECT code, value FROM `db_fresh_shop`.`cy_shop_config` WHERE parent_id > 0

SELECT COUNT(*) AS oCount, IFNULL(SUM(order_amount), 0) AS oAmount FROM `db_fresh_shop`.`cy_order_info`

SELECT COUNT(*) FROM `db_fresh_shop`.`cy_goods` WHERE is_delete = 0 AND is_alone_sale = 1 AND is_real = 1

SELECT COUNT(*) FROM `db_fresh_shop`.`cy_users`

SELECT value FROM `db_fresh_shop`.`cy_shop_config` WHERE code = 'template'

SELECT value FROM `db_fresh_shop`.`cy_shop_config` WHERE code = 'stylename'

DELETE FROM `db_fresh_shop`.`cy_sessions` WHERE expiry < 1518426268

SELECT userid, adminid, user_name, user_rank, discount, email, data, expiry FROM `db_fresh_shop`.`cy_sessions` WHERE sesskey = 'c4157ce140b5d6367194a2ea60a0fdec'

SELECT code, value FROM `db_fresh_shop`.`cy_shop_config` WHERE parent_id > 0

SELECT agency_id FROM `db_fresh_shop`.`cy_admin_user` WHERE user_id = '1'

SELECT COUNT(*) FROM `db_fresh_shop`.`cy_order_info` AS o WHERE 1 

SELECT o.order_id, o.order_sn, o.add_time, o.order_status, o.shipping_status, o.order_amount, o.money_paid,o.pay_status, o.consignee, o.address, o.email, o.tel, o.extension_code, o.extension_id, (   o.goods_amount + o.tax + o.shipping_fee + o.insure_fee + o.pay_fee + o.pack_fee + o.card_fee ) AS total_fee, IFNULL(u.user_name, '匿名用户') AS buyer  FROM `db_fresh_shop`.`cy_order_info` AS o  LEFT JOIN `db_fresh_shop`.`cy_users` AS u ON u.user_id=o.user_id WHERE 1  ORDER BY add_time DESC  LIMIT 0,15

DELETE FROM `db_fresh_shop`.`cy_sessions_data` WHERE expiry < 1518426272

DELETE FROM `db_fresh_shop`.`cy_sessions` WHERE expiry < 1518426272

SELECT userid, adminid, user_name, user_rank, discount, email, data, expiry FROM `db_fresh_shop`.`cy_sessions` WHERE sesskey = 'c4157ce140b5d6367194a2ea60a0fdec'

SELECT data, expiry FROM `db_fresh_shop`.`cy_sessions_data` WHERE sesskey = 'c4157ce140b5d6367194a2ea60a0fdec'

SELECT code, value FROM `db_fresh_shop`.`cy_shop_config` WHERE parent_id > 0

UPDATE `db_fresh_shop`.`cy_sessions` SET expiry = '1518431361', ip = '223.104.176.12', userid = '0', adminid = '0', user_name='0', user_rank='0', discount='0', email='0', data = 'a:1:{s:10:\"last_check\";i:1518402561;}' WHERE sesskey = 'c4157ce140b5d6367194a2ea60a0fdec' LIMIT 1

SELECT userid, adminid, user_name, user_rank, discount, email, data, expiry FROM `db_fresh_shop`.`cy_sessions` WHERE sesskey = 'c4157ce140b5d6367194a2ea60a0fdec'

SELECT code, value FROM `db_fresh_shop`.`cy_shop_config` WHERE parent_id > 0

SELECT COUNT(*) FROM `db_fresh_shop`.`cy_order_info` WHERE add_time >= '1518402561'

SELECT COUNT(*) FROM `db_fresh_shop`.`cy_order_info` WHERE pay_time >= 1518402561

DELETE FROM `db_fresh_shop`.`cy_sessions_data` WHERE expiry < 1518429561

INSERT INTO `db_fresh_shop`.`cy_sessions` (sesskey, expiry, ip, data) VALUES ('93296ba9d6a9b95a013ef552505e9195', '1518437113', '175.175.74.97', 'a:0:{}')

SELECT code, value FROM `db_fresh_shop`.`cy_shop_config` WHERE parent_id > 0

UPDATE `db_fresh_shop`.`cy_sessions` SET expiry = '1518437113', ip = '175.175.74.97', userid = '0', adminid = '0', user_name='0', user_rank='0', discount='0', email='0', data = 'a:1:{s:10:\"last_check\";i:1518408313;}' WHERE sesskey = '93296ba9d6a9b95a013ef552505e9195' LIMIT 1

INSERT INTO `db_fresh_shop`.`cy_sessions` (sesskey, expiry, ip, data) VALUES ('9f3010825edd86c42f7bc6a924a5d5fc', '1518444438', '223.104.176.12', 'a:0:{}')

SELECT code, value FROM `db_fresh_shop`.`cy_shop_config` WHERE parent_id > 0

SELECT user_id, user_name, password, action_list, last_login  FROM `db_fresh_shop`.`cy_admin_user` WHERE user_id = '1'

UPDATE `db_fresh_shop`.`cy_admin_user` SET last_login = '1518415638', last_ip = '223.104.176.12' WHERE user_id = '1'

SELECT message_id, sender_id, receiver_id, sent_time, readed, deleted, title, message, user_name FROM `db_fresh_shop`.`cy_admin_message` AS a, `db_fresh_shop`.`cy_admin_user` AS b WHERE a.sender_id = b.user_id AND a.receiver_id = '1' AND a.readed = 0 AND deleted = 0 ORDER BY a.sent_time DESC

SELECT pay_id, is_cod FROM `db_fresh_shop`.`cy_payment` WHERE enabled = 1

SELECT COUNT(*) FROM `db_fresh_shop`.`cy_order_info` WHERE 1  AND order_status  IN ('1','5')  AND shipping_status  IN ('1','2')  AND pay_status  IN ('2','1')  

SELECT pay_id FROM `db_fresh_shop`.`cy_payment` WHERE is_cod = 1

SELECT COUNT(*) FROM `db_fresh_shop`.`cy_order_info` WHERE 1  AND   order_status  IN ('1','5','6')  AND   shipping_status  IN ('0','3','5')  AND ( pay_status  IN ('2','1')  OR pay_id  IN ('2') ) 

SELECT pay_id FROM `db_fresh_shop`.`cy_payment` WHERE is_cod = 0

SELECT COUNT(*) FROM `db_fresh_shop`.`cy_order_info` WHERE 1  AND   order_status  IN ('1','5')  AND   pay_status = '0' AND ( shipping_status  IN ('1','2')  OR pay_id  IN ('1') ) 

SELECT COUNT(*) FROM `db_fresh_shop`.`cy_order_info` WHERE 1  AND order_status = '0' 

SELECT COUNT(*) FROM `db_fresh_shop`.`cy_order_info` WHERE  shipping_status=4

SELECT COUNT(*) AS oCount, IFNULL(SUM(order_amount), 0) AS oAmount FROM `db_fresh_shop`.`cy_order_info`

SELECT COUNT(*) FROM `db_fresh_shop`.`cy_goods` WHERE is_delete = 0 AND is_alone_sale = 1 AND is_real = 1

SELECT COUNT(*) FROM `db_fresh_shop`.`cy_goods` WHERE is_delete = 0 AND is_alone_sale = 1 AND is_real=0 AND extension_code='virtual_card'

SELECT COUNT(*) FROM `db_fresh_shop`.`cy_goods` WHERE is_delete = 0 AND is_new = 1 AND is_real = 1

SELECT COUNT(*) FROM `db_fresh_shop`.`cy_goods` WHERE is_delete = 0 AND is_new = 1 AND is_real=0 AND extension_code='virtual_card'

SELECT COUNT(*) FROM `db_fresh_shop`.`cy_goods` WHERE is_delete = 0 AND is_best = 1 AND is_real = 1

SELECT COUNT(*) FROM `db_fresh_shop`.`cy_goods` WHERE is_delete = 0 AND is_best = 1 AND is_real=0 AND extension_code='virtual_card'

SELECT COUNT(*) FROM `db_fresh_shop`.`cy_goods` WHERE is_delete = 0 AND is_hot = 1 AND is_real = 1

SELECT COUNT(*) FROM `db_fresh_shop`.`cy_goods` WHERE is_delete = 0 AND is_hot = 1 AND is_real=0 AND extension_code='virtual_card'

SELECT COUNT(*) FROM `db_fresh_shop`.`cy_goods` WHERE is_delete = 0 AND promote_price>0 AND promote_start_date <= '1518415638' AND promote_end_date >= '1518415638' AND is_real = 1

SELECT COUNT(*) FROM `db_fresh_shop`.`cy_goods` WHERE is_delete = 0 AND promote_price>0 AND promote_start_date <= '1518415638' AND promote_end_date >= '1518415638' AND is_real=0 AND extension_code='virtual_card'

SELECT COUNT(*) FROM `db_fresh_shop`.`cy_goods` WHERE is_delete = 0 AND goods_number <= warn_number AND is_real = 1

SELECT COUNT(*) FROM `db_fresh_shop`.`cy_goods` WHERE is_delete = 0 AND goods_number <= warn_number AND is_real=0 AND extension_code='virtual_card'

SELECT COUNT(*) FROM `db_fresh_shop`.`cy_stats` WHERE access_time > 1518336000

SELECT count(*) FROM `db_fresh_shop`.`cy_sessions`

SELECT COUNT(f.msg_id) FROM `db_fresh_shop`.`cy_feedback` AS f LEFT JOIN `db_fresh_shop`.`cy_feedback` AS r ON r.parent_id=f.msg_id WHERE f.parent_id=0 AND ISNULL(r.msg_id) 

SELECT COUNT(*) FROM `db_fresh_shop`.`cy_comment` WHERE status = 0 AND parent_id = 0

SELECT COUNT(*) FROM `db_fresh_shop`.`cy_booking_goods` WHERE is_dispose = 0

SELECT COUNT(*) FROM `db_fresh_shop`.`cy_user_account` WHERE process_type = 1 AND is_paid = 0 

UPDATE `db_fresh_shop`.`cy_sessions` SET expiry = '1518444438', ip = '223.104.176.12', userid = '0', adminid = '1', user_name='0', user_rank='0', discount='0', email='0', data = 'a:3:{s:10:\"admin_name\";s:5:\"admin\";s:11:\"action_list\";s:3:\"all\";s:10:\"last_check\";s:0:\"\";}' WHERE sesskey = '9f3010825edd86c42f7bc6a924a5d5fc' LIMIT 1

DELETE FROM `db_fresh_shop`.`cy_sessions` WHERE expiry < 1518442638

SELECT userid, adminid, user_name, user_rank, discount, email, data, expiry FROM `db_fresh_shop`.`cy_sessions` WHERE sesskey = '9f3010825edd86c42f7bc6a924a5d5fc'

SELECT code, value FROM `db_fresh_shop`.`cy_shop_config` WHERE parent_id > 0

SELECT userid, adminid, user_name, user_rank, discount, email, data, expiry FROM `db_fresh_shop`.`cy_sessions` WHERE sesskey = '9f3010825edd86c42f7bc6a924a5d5fc'

SELECT code, value FROM `db_fresh_shop`.`cy_shop_config` WHERE parent_id > 0

SELECT COUNT(*) AS oCount, IFNULL(SUM(order_amount), 0) AS oAmount FROM `db_fresh_shop`.`cy_order_info`

SELECT COUNT(*) FROM `db_fresh_shop`.`cy_goods` WHERE is_delete = 0 AND is_alone_sale = 1 AND is_real = 1

SELECT COUNT(*) FROM `db_fresh_shop`.`cy_users`

SELECT value FROM `db_fresh_shop`.`cy_shop_config` WHERE code = 'template'

SELECT value FROM `db_fresh_shop`.`cy_shop_config` WHERE code = 'stylename'

DELETE FROM `db_fresh_shop`.`cy_sessions` WHERE expiry < 1518442638

SELECT userid, adminid, user_name, user_rank, discount, email, data, expiry FROM `db_fresh_shop`.`cy_sessions` WHERE sesskey = '9f3010825edd86c42f7bc6a924a5d5fc'

SELECT code, value FROM `db_fresh_shop`.`cy_shop_config` WHERE parent_id > 0

SELECT agency_id FROM `db_fresh_shop`.`cy_admin_user` WHERE user_id = '1'

SELECT COUNT(*) FROM `db_fresh_shop`.`cy_order_info` AS o WHERE 1 

SELECT o.order_id, o.order_sn, o.add_time, o.order_status, o.shipping_status, o.order_amount, o.money_paid,o.pay_status, o.consignee, o.address, o.email, o.tel, o.extension_code, o.extension_id, (   o.goods_amount + o.tax + o.shipping_fee + o.insure_fee + o.pay_fee + o.pack_fee + o.card_fee ) AS total_fee, IFNULL(u.user_name, '匿名用户') AS buyer  FROM `db_fresh_shop`.`cy_order_info` AS o  LEFT JOIN `db_fresh_shop`.`cy_users` AS u ON u.user_id=o.user_id WHERE 1  ORDER BY add_time DESC  LIMIT 0,15

DELETE FROM `db_fresh_shop`.`cy_sessions` WHERE expiry < 1518442640

INSERT INTO `db_fresh_shop`.`cy_sessions` (sesskey, expiry, ip, data) VALUES ('a4b483a33bf75d2f2f4ecbedd15763c7', '1518451146', '42.5.111.74', 'a:0:{}')

SELECT code, value FROM `db_fresh_shop`.`cy_shop_config` WHERE parent_id > 0

UPDATE `db_fresh_shop`.`cy_sessions` SET expiry = '1518451146', ip = '42.5.111.74', userid = '0', adminid = '0', user_name='0', user_rank='0', discount='0', email='0', data = 'a:1:{s:10:\"last_check\";i:1518422346;}' WHERE sesskey = 'a4b483a33bf75d2f2f4ecbedd15763c7' LIMIT 1

DELETE FROM `db_fresh_shop`.`cy_sessions` WHERE expiry < 1518449346

SELECT userid, adminid, user_name, user_rank, discount, email, data, expiry FROM `db_fresh_shop`.`cy_sessions` WHERE sesskey = 'a4b483a33bf75d2f2f4ecbedd15763c7'

SELECT code, value FROM `db_fresh_shop`.`cy_shop_config` WHERE parent_id > 0

SELECT COUNT(*) FROM `db_fresh_shop`.`cy_order_info` WHERE add_time >= '1518422346'

SELECT COUNT(*) FROM `db_fresh_shop`.`cy_order_info` WHERE pay_time >= 1518422346

UPDATE `db_fresh_shop`.`cy_sessions` SET expiry = '1518451166', ip = '42.5.111.74', userid = '0', adminid = '0', user_name='0', user_rank='0', discount='0', email='0', data = 'a:1:{s:10:\"last_check\";i:1518422366;}' WHERE sesskey = 'a4b483a33bf75d2f2f4ecbedd15763c7' LIMIT 1

DELETE FROM `db_fresh_shop`.`cy_sessions` WHERE expiry < 1518449366

